# stats: dump at 1733865019
stats: users 9 9
stats: {load,"tsung_controller@ip-172-31-42-85"} 1 0.421875 0 0.421875 0.421875 0 0
stats: {freemem,"tsung_controller@ip-172-31-42-85"} 1 662.88671875 0 662.88671875 662.88671875 0 0
stats: {cpu,"tsung_controller@ip-172-31-42-85"} 1 6.257099354713971 0 6.257099354713971 6.257099354713971 0 0
stats: users_count 9 9
stats: finish_users_count 0 0
stats: request 16 111.3189375 145.53971118240753 396.114 7.724 0 0
stats: connect 7 2.711142857142857 2.4730448802219174 8.708 1.357 0 0
stats: page 16 111.3189375 145.53971118240753 396.114 7.724 0 0
stats: 302 4 4
stats: 200 12 12
stats: size_rcv 98598 98598
stats: newphase 1 1
stats: size_sent 6494 6494
stats: connected 7 7
# stats: dump at 1733865029
stats: users 47 47
stats: {load,"tsung_controller@ip-172-31-42-85"} 1 0.3515625 0.0 0.421875 0.3515625 0.421875 1
stats: {freemem,"tsung_controller@ip-172-31-42-85"} 1 662.6640625 0.0 662.88671875 662.6640625 662.88671875 1
stats: {cpu,"tsung_controller@ip-172-31-42-85"} 1 0.997506234413965 0.0 6.257099354713971 0.997506234413965 6.257099354713971 1
stats: users_count 38 47
stats: finish_users_count 0 0
stats: request 101 116.46633663366337 163.3777952983212 593.196 7.24 111.3189375 16
stats: connect 38 1.8984736842105263 0.8946115810151501 8.708 1.324 2.711142857142857 7
stats: page 101 116.46633663366337 163.3777952983212 593.196 7.24 111.3189375 16
stats: 302 30 34
stats: 200 71 83
stats: size_rcv 599385 697983
stats: newphase 2 3
stats: size_sent 48820 55314
stats: connected 38 45
# stats: dump at 1733865039
stats: users 234 234
stats: {load,"tsung_controller@ip-172-31-42-85"} 1 0.30078125 0.0 0.421875 0.30078125 0.38671875 2
stats: {freemem,"tsung_controller@ip-172-31-42-85"} 1 647.5234375 0.0 662.88671875 647.5234375 662.775390625 2
stats: {cpu,"tsung_controller@ip-172-31-42-85"} 1 0.501002004008016 0.0 6.257099354713971 0.501002004008016 3.627302794563968 2
stats: users_count 187 234
stats: finish_users_count 0 0
stats: request 237 605.5622151898735 1002.5154355807846 6494.326 7.24 115.76241880341881 117
stats: connect 173 2.12936994219653 0.9536991210186725 8.708 1.272 2.0248888888888885 45
stats: page 237 605.5622151898735 1002.5154355807846 6494.326 7.24 115.76241880341881 117
stats: 302 49 83
stats: 200 188 271
stats: size_rcv 1559283 2257266
stats: newphase 2 5
stats: size_sent 171336 226650
stats: connected 173 218
# stats: dump at 1733865049
stats: users 935 935
stats: {load,"tsung_controller@ip-172-31-42-85"} 1 0.25 0.0 0.421875 0.25 0.3580729166666667 3
stats: {freemem,"tsung_controller@ip-172-31-42-85"} 1 612.328125 0.0 662.88671875 612.328125 657.69140625 3
stats: {cpu,"tsung_controller@ip-172-31-42-85"} 1 1.4529058116232465 0.0 6.257099354713971 0.501002004008016 2.5852025310453173 3
stats: session 1 30049.344 0 30049.344 30049.344 0 0
stats: users_count 702 936
stats: finish_users_count 1 1
stats: request 363 5891.169115702482 1818.820447529282 11273.94 7.24 443.6792316384182 354
stats: page 363 5891.169115702482 1818.820447529282 11273.94 7.24 443.6792316384182 354
stats: connect 665 2.3169729323308257 1.5521435217302861 25.559 1.174 2.1078027522935767 218
stats: 302 80 163
stats: 200 283 554
stats: size_rcv 2105188 4362454
stats: newphase 2 7
stats: size_sent 275181 501831
stats: connected 664 882
# stats: dump at 1733865059
stats: users 3612 3612
stats: {load,"tsung_controller@ip-172-31-42-85"} 1 0.2109375 0.0 0.421875 0.2109375 0.3310546875 4
stats: {freemem,"tsung_controller@ip-172-31-42-85"} 1 534.66796875 0.0 662.88671875 534.66796875 646.3505859375 4
stats: {cpu,"tsung_controller@ip-172-31-42-85"} 1 5.58300395256917 0.0 6.257099354713971 0.501002004008016 2.3021283511897996 4
stats: session 17 3743.3424705882353 8639.67905488951 37771.407 62.624 30049.344 1
stats: users_count 2694 3630
stats: finish_users_count 17 18
stats: request 6275 462.1772417529871 2252.270962446932 16035.142 1.612 3201.6134407252453 717
stats: page 6275 462.1772417529871 2252.270962446932 16035.142 1.612 3201.6134407252453 717
stats: 302 63 226
stats: connect 6742 2.0527832987244112 1.5543181712616014 25.559 0.871 2.265331823329557 883
stats: error_send_einval 28 28
stats: 200 209 763
stats: size_rcv 1554136 5916590
stats: newphase 2 9
stats: size_sent 1158376 1660207
stats: connected 140 1022
stats: error_connection_closed 243 243
stats: error_abort_max_send_retries 16 16
# stats: dump at 1733865069
stats: users 2796 4275
stats: {load,"tsung_controller@ip-172-31-42-85"} 1 0.328125 0.0 0.421875 0.2109375 0.30703125 5
stats: {freemem,"tsung_controller@ip-172-31-42-85"} 1 380.10546875 0.0 662.88671875 380.10546875 624.0140625 5
stats: {cpu,"tsung_controller@ip-172-31-42-85"} 1 34.88607594936709 0.0 34.88607594936709 0.501002004008016 2.9583034714656735 5
stats: session 1549 6664.912040025822 6276.28602893482 55911.539 62.624 5204.787 18
stats: users_count 733 4363
stats: finish_users_count 1549 1567
stats: connect 15456 19.057607078157446 27.877008108245928 166.236 0.871 2.0773971147540955 7625
stats: page 8788 274.5124185252618 2227.843915437335 23735.452 1.612 743.0948268020587 6992
stats: request 8788 274.5124185252618 2227.843915437335 23735.452 1.612 743.0948268020587 6992
stats: 302 41 267
stats: error_send_einval 237 265
stats: 200 90 853
stats: size_rcv 701972 6618562
stats: newphase 0 9
stats: size_sent 1645898 3306105
stats: connected 0 1022
stats: error_connection_closed 4919 5162
stats: error_abort_max_send_retries 1512 1528
# stats: dump at 1733865079
stats: users 2457 4275
stats: {load,"tsung_controller@ip-172-31-42-85"} 1 0.578125 0.0 0.578125 0.2109375 0.310546875 6
stats: {freemem,"tsung_controller@ip-172-31-42-85"} 1 330.06640625 0.0 662.88671875 330.06640625 583.3626302083334 6
stats: {cpu,"tsung_controller@ip-172-31-42-85"} 1 43.4826883910387 0.0 43.4826883910387 0.501002004008016 8.279598884449243 6
stats: session 339 22214.884551622417 7264.7895046185085 61948.359 62.624 6648.139703892787 1567
stats: users_count 0 4363
stats: finish_users_count 339 1906
stats: request 7147 1141.213801315231 5309.460775333569 32048.893 1.612 482.13777965779434 15780
stats: connect 7199 1.914070704264482 1.298450887367457 166.236 0.871 13.448053723842184 23081
stats: 302 61 328
stats: page 7147 1141.213801315231 5309.460775333569 32048.893 1.612 482.13777965779434 15780
stats: error_send_einval 17 282
stats: 200 255 1108
stats: size_rcv 1867350 8485912
stats: newphase 0 9
stats: size_sent 1826852 5132957
stats: connected 1 1023
stats: error_connection_closed 30 5192
stats: error_abort_max_send_retries 5 1533
# stats: dump at 1733865089
stats: users 1878 4275
stats: {load,"tsung_controller@ip-172-31-42-85"} 1 0.6484375 0.0 0.6484375 0.2109375 0.34877232142857145 7
stats: {freemem,"tsung_controller@ip-172-31-42-85"} 1 316.36328125 0.0 662.88671875 316.36328125 547.1774553571429 7
stats: {cpu,"tsung_controller@ip-172-31-42-85"} 1 21.284501061571127 0.0 43.4826883910387 0.501002004008016 13.30861167110488 7
stats: session 579 29750.658155440422 7551.910494024974 63918.57 62.624 9416.83146852046 1906
stats: users_count 0 4363
stats: finish_users_count 579 2485
stats: connect 5162 2.0320879504068166 1.3545376299774392 166.236 0.871 10.705875924702822 30280
stats: page 5084 2083.846632966172 8369.288082390498 40161.935 1.612 687.5905788371767 22927
stats: request 5084 2083.846632966172 8369.288082390498 40161.935 1.612 687.5905788371767 22927
stats: 302 68 396
stats: error_send_einval 23 305
stats: 200 229 1337
stats: size_rcv 1656543 10142455
stats: newphase 0 9
stats: size_sent 1730947 6863904
stats: connected -1 1022
stats: error_connection_closed 56 5248
stats: error_abort_max_send_retries 1 1534
# stats: dump at 1733865099
stats: users 1531 4275
stats: {load,"tsung_controller@ip-172-31-42-85"} 1 0.62109375 0.0 0.6484375 0.2109375 0.38623046875 8
stats: {freemem,"tsung_controller@ip-172-31-42-85"} 1 305.1796875 0.0 662.88671875 305.1796875 518.32568359375 8
stats: {cpu,"tsung_controller@ip-172-31-42-85"} 1 20.488997555012226 0.0 43.4826883910387 0.501002004008016 14.305597844913159 8
stats: session 347 41151.794317002845 9142.986861149095 79061.454 62.624 14154.572173440645 2485
stats: users_count 0 4363
stats: finish_users_count 347 2832
stats: request 2996 2605.343396528703 10136.507073193487 48679.012 1.612 941.011227125057 28011
stats: connect 3014 2.0127000663570027 1.1467271756097928 166.236 0.871 9.442569860617388 35442
stats: page 2996 2605.343396528703 10136.507073193487 48679.012 1.612 941.011227125057 28011
stats: 302 109 505
stats: error_send_einval 15 320
stats: 200 77 1414
stats: size_rcv 615761 10758216
stats: newphase 0 9
stats: size_sent 1358647 8222551
stats: connected 0 1022
stats: error_connection_closed 9 5257
stats: error_abort_max_send_retries 0 1534
# stats: dump at 1733865109
stats: users 1393 4275
stats: {load,"tsung_controller@ip-172-31-42-85"} 1 0.75 0.0 0.75 0.2109375 0.4123263888888889 9
stats: {freemem,"tsung_controller@ip-172-31-42-85"} 1 304.55859375 0.0 662.88671875 304.55859375 494.6427951388889 9
stats: {cpu,"tsung_controller@ip-172-31-42-85"} 1 15.126854954523697 0.0 43.4826883910387 0.501002004008016 14.992642257146388 9
stats: session 138 53143.28057971017 8173.596535641677 79061.454 62.624 17462.4945194209 2832
stats: users_count 0 4363
stats: finish_users_count 138 2970
stats: request 1979 10233.371248105128 16632.27567250348 51283.813 0.53 1101.8245653884596 31007
stats: page 1979 10233.371248105128 16632.27567250348 51283.813 0.53 1101.8245653884596 31007
stats: 302 515 1020
stats: connect 1967 1.8417580071174355 0.9513968359238384 166.236 0.871 8.860251690243432 38456
stats: error_send_einval 1 321
stats: 200 43 1457
stats: size_rcv 668511 11426727
stats: newphase 0 9
stats: size_sent 878132 9100683
stats: connected -6 1016
stats: error_connection_closed 1 5258
stats: error_abort_max_send_retries 0 1534
# stats: dump at 1733865119
stats: users 1255 4275
stats: {load,"tsung_controller@ip-172-31-42-85"} 1 0.78125 0.0 0.78125 0.2109375 0.44609375 10
stats: {freemem,"tsung_controller@ip-172-31-42-85"} 1 317.21484375 0.0 662.88671875 304.55859375 475.634375 10
stats: {cpu,"tsung_controller@ip-172-31-42-85"} 1 11.388074291300097 0.0 43.4826883910387 0.501002004008016 15.00606352688412 10
stats: session 138 62683.458420289855 8495.1554400555 90683.853 62.624 19120.389629292928 2970
stats: users_count 0 4363
stats: finish_users_count 138 3108
stats: request 1450 11669.863834482778 10242.954766673081 51283.813 0.53 1649.6730733947738 32986
stats: connect 1420 1.877461971830985 1.0679588122255443 166.236 0.871 8.518728867229088 40423
stats: page 1450 11669.863834482778 10242.954766673081 51283.813 0.53 1649.6730733947738 32986
stats: 302 932 1952
stats: error_send_einval 2 323
stats: 200 105 1562
stats: size_rcv 1715332 13142059
stats: newphase 0 9
stats: size_sent 597629 9698312
stats: connected -21 995
stats: error_connection_closed 1 5259
stats: error_abort_max_send_retries 0 1534
# stats: dump at 1733865129
stats: users 1012 4275
stats: {load,"tsung_controller@ip-172-31-42-85"} 1 0.66015625 0.0 0.78125 0.2109375 0.4765625 11
stats: {freemem,"tsung_controller@ip-172-31-42-85"} 1 314.47265625 0.0 662.88671875 304.55859375 461.2325994318182 11
stats: {cpu,"tsung_controller@ip-172-31-42-85"} 1 9.872922776148583 0.0 43.4826883910387 0.501002004008016 14.677155414558298 11
stats: session 243 73580.14436625522 8154.991192764379 104379.038 62.624 21054.657162483913 3108
stats: users_count 0 4363
stats: finish_users_count 243 3351
stats: request 1982 6217.951019677109 2724.3639800907054 51283.813 0.53 2071.594219973285 34436
stats: 302 1653 3605
stats: error_send_einval 0 323
stats: connect 558 2.4095734767025094 1.8203940327756873 166.236 0.871 8.293348301986029 41843
stats: 200 328 1890
stats: size_rcv 4329915 17471974
stats: page 1982 6217.951019677109 2724.3639800907054 51283.813 0.53 2071.594219973285 34436
stats: newphase 0 9
stats: size_sent 674393 10372705
stats: connected -7 988
stats: error_connection_closed 0 5259
stats: error_abort_max_send_retries 0 1534
# stats: dump at 1733865139
stats: users 689 4275
stats: {load,"tsung_controller@ip-172-31-42-85"} 1 0.55859375 0.0 0.78125 0.2109375 0.4918619791666667 12
stats: {freemem,"tsung_controller@ip-172-31-42-85"} 1 303.65625 0.0 662.88671875 303.65625 449.0026041666667 12
stats: {cpu,"tsung_controller@ip-172-31-42-85"} 1 7.451564828614009 0.0 43.4826883910387 0.501002004008016 14.276802694690822 12
stats: session 323 82248.28073684208 6942.366865404994 104379.038 62.624 24863.57789973143 3351
stats: users_count 0 4363
stats: finish_users_count 323 3674
stats: page 2037 2361.774254786449 389.9955477468755 51283.813 0.53 2297.254035916307 36418
stats: 302 1697 5302
stats: error_send_einval 0 323
stats: request 2037 2361.774254786449 389.9955477468755 51283.813 0.53 2297.254035916307 36418
stats: 200 340 2230
stats: size_rcv 4512340 21984314
stats: connect 26 2.197461538461539 1.300977568267837 166.236 0.871 8.215917431192695 42401
stats: newphase 0 9
stats: size_sent 862960 11235665
stats: connected -298 690
stats: error_connection_closed 0 5259
stats: error_abort_max_send_retries 0 1534
# stats: dump at 1733865149
stats: users 305 4275
stats: {load,"tsung_controller@ip-172-31-42-85"} 1 0.46875 0.0 0.78125 0.2109375 0.4969951923076923 13
stats: {freemem,"tsung_controller@ip-172-31-42-85"} 1 284.265625 0.0 662.88671875 284.265625 437.82211538461536 13
stats: {cpu,"tsung_controller@ip-172-31-42-85"} 1 4.164550533265618 0.0 43.4826883910387 0.501002004008016 13.751784397300298 13
stats: session 384 93313.4626588542 6946.8661344099755 115931.014 62.624 29908.55857920523 3674
stats: users_count 0 4363
stats: finish_users_count 384 4058
stats: request 1752 1372.8832186073053 630.6675369662594 51283.813 0.53 2300.6717367572505 38455
stats: connect 0 0 0 166.236 0.871 8.21222921724377 42427
stats: page 1752 1372.8832186073053 630.6675369662594 51283.813 0.53 2300.6717367572505 38455
stats: 302 1380 6682
stats: error_send_einval 0 323
stats: 200 372 2602
stats: size_rcv 4661830 26646144
stats: newphase 0 9
stats: size_sent 748448 11984113
stats: connected -383 307
stats: error_connection_closed 0 5259
stats: error_abort_max_send_retries 0 1534
# stats: dump at 1733865159
stats: users 56 4275
stats: {load,"tsung_controller@ip-172-31-42-85"} 1 0.55078125 0.0 0.78125 0.2109375 0.49497767857142855 14
stats: {freemem,"tsung_controller@ip-172-31-42-85"} 1 319.4921875 0.0 662.88671875 284.265625 426.85379464285717 14
stats: {cpu,"tsung_controller@ip-172-31-42-85"} 1 4.2563845768652975 0.0 43.4826883910387 0.501002004008016 13.066981978440678 14
stats: session 249 102302.24443775095 6831.2885487114045 122818.158 62.624 35908.43121759489 4058
stats: users_count 0 4363
stats: finish_users_count 249 4307
stats: page 814 98.27768918918916 181.37283277773756 51283.813 0.53 2260.243814161715 40207
stats: 302 557 7239
stats: request 814 98.27768918918916 181.37283277773756 51283.813 0.53 2260.243814161715 40207
stats: connect 0 0 0 166.236 0.871 8.21222921724377 42427
stats: error_send_einval 0 323
stats: 200 257 2859
stats: size_rcv 3021052 29667196
stats: newphase 0 9
stats: size_sent 498153 12482266
stats: connected -251 56
stats: error_connection_closed 0 5259
stats: error_abort_max_send_retries 0 1534
# stats: dump at 1733865169
stats: users 12 4275
stats: {load,"tsung_controller@ip-172-31-42-85"} 1 0.4609375 0.0 0.78125 0.2109375 0.4986979166666667 15
stats: {freemem,"tsung_controller@ip-172-31-42-85"} 1 507.5703125 0.0 662.88671875 284.265625 419.69635416666665 15
stats: {cpu,"tsung_controller@ip-172-31-42-85"} 1 2.2488755622188905 0.0 43.4826883910387 0.501002004008016 12.479608818335652 15
stats: session 44 112348.12752272729 6408.241748283158 124651.986 62.624 39746.84763083353 4307
stats: users_count 0 4363
stats: finish_users_count 44 4351
stats: connect 0 0 0 166.236 0.871 8.21222921724377 42427
stats: page 112 18.86200892857144 18.665121556612874 51283.813 0.53 2217.3428506131027 41021
stats: 302 78 7317
stats: request 112 18.86200892857144 18.665121556612874 51283.813 0.53 2217.3428506131027 41021
stats: error_send_einval 0 323
stats: 200 34 2893
stats: size_rcv 415449 30082645
stats: newphase 0 9
stats: size_sent 76331 12558597
stats: connected -43 13
stats: error_connection_closed 0 5259
stats: error_abort_max_send_retries 0 1534
# stats: dump at 1733865179
stats: users 2 4275
stats: {load,"tsung_controller@ip-172-31-42-85"} 1 0.390625 0.0 0.78125 0.2109375 0.496337890625 16
stats: {freemem,"tsung_controller@ip-172-31-42-85"} 1 537.64453125 0.0 662.88671875 284.265625 425.1884765625 16
stats: {cpu,"tsung_controller@ip-172-31-42-85"} 1 0.4502251125562781 0.0 43.4826883910387 0.4502251125562781 11.840187989828355 16
stats: session 10 120032.36879999998 4488.303293467256 124696.49 62.624 40481.03662537348 4351
stats: users_count 0 4363
stats: finish_users_count 10 4361
stats: page 31 18.789548387096776 18.929838960920094 51283.813 0.53 2211.3566630199616 41133
stats: 302 24 7341
stats: request 31 18.789548387096776 18.929838960920094 51283.813 0.53 2211.3566630199616 41133
stats: connect 0 0 0 166.236 0.871 8.21222921724377 42427
stats: error_send_einval 0 323
stats: 200 7 2900
stats: size_rcv 91355 30174000
stats: newphase 0 9
stats: size_sent 19089 12577686
stats: connected -11 2
stats: error_connection_closed 0 5259
stats: error_abort_max_send_retries 0 1534
# stats: dump at 1733865187
stats: users 0 4275
stats: {load,"tsung_controller@ip-172-31-42-85"} 1 0.328125 0.0 0.78125 0.2109375 0.49011948529411764 17
stats: {freemem,"tsung_controller@ip-172-31-42-85"} 1 546.24609375 0.0 662.88671875 284.265625 431.80353860294116 17
stats: {cpu,"tsung_controller@ip-172-31-42-85"} 1 0.10005002501250625 0.0 43.4826883910387 0.10005002501250625 11.170190173518233 17
stats: session 2 137474.6885 680.7395000000033 138155.428 62.624 40663.451970878246 4361
stats: users_count 0 4363
stats: finish_users_count 2 4363
stats: request 5 16.041800000000002 17.244209049997046 51283.813 0.53 2209.7054731318644 41164
stats: connect 0 0 0 166.236 0.871 8.21222921724377 42427
stats: page 5 16.041800000000002 17.244209049997046 51283.813 0.53 2209.7054731318644 41164
stats: 302 4 7345
stats: error_send_einval 0 323
stats: 200 1 2901
stats: size_rcv 14185 30188185
stats: newphase 0 9
stats: size_sent 3381 12581067
stats: connected -2 0
stats: error_connection_closed 0 5259
stats: error_abort_max_send_retries 0 1534
EndMonitor:{1733,865187,685456}
