# stats: dump at 1733885602
stats: users 6 6
stats: {load,"tsung_controller@ip-172-31-12-74"} 1 0.05078125 0 0.05078125 0.05078125 0 0
stats: {freemem,"tsung_controller@ip-172-31-12-74"} 1 7460.80078125 0 7460.80078125 7460.80078125 0 0
stats: {cpu,"tsung_controller@ip-172-31-12-74"} 1 9.9070346844018 0 9.9070346844018 9.9070346844018 0 0
stats: users_count 6 6
stats: finish_users_count 0 0
stats: 302 9 9
stats: request 23 104.89469565217391 140.81500224992544 471.351 8.299 0 0
stats: 200 14 14
stats: size_rcv 126728 126728
stats: connect 6 2.2568333333333332 2.056179419592453 6.83 0.991 0 0
stats: newphase 1 1
stats: size_sent 12357 12357
stats: connected 6 6
stats: page 21 114.8997142857143 144.37584271092516 471.351 8.299 0 0
# stats: dump at 1733885612
stats: users 44 44
stats: {load,"tsung_controller@ip-172-31-12-74"} 1 0.0390625 0.0 0.05078125 0.0390625 0.05078125 1
stats: {freemem,"tsung_controller@ip-172-31-12-74"} 1 7460.44921875 0.0 7460.80078125 7460.44921875 7460.80078125 1
stats: {cpu,"tsung_controller@ip-172-31-12-74"} 1 0.3001500750375188 0.0 9.9070346844018 0.3001500750375188 9.9070346844018 1
stats: session 1 10763.088 0 10763.088 10763.088 0 0
stats: users_count 39 45
stats: finish_users_count 1 1
stats: request 142 86.69957042253522 119.80618500025558 471.351 6.692 104.89469565217391 23
stats: connect 38 1.4326578947368418 0.536558246032098 6.83 0.815 2.2568333333333332 6
stats: page 133 92.5830827067669 122.39509694231822 471.351 6.692 114.8997142857143 21
stats: 302 50 59
stats: 200 88 102
stats: 303 4 4
stats: size_rcv 780066 906794
stats: newphase 2 3
stats: size_sent 78464 90821
stats: connected 37 43
# stats: dump at 1733885622
stats: users 199 199
stats: {load,"tsung_controller@ip-172-31-12-74"} 1 0.03125 0.0 0.05078125 0.03125 0.044921875 2
stats: {freemem,"tsung_controller@ip-172-31-12-74"} 1 7444.984375 0.0 7460.80078125 7444.984375 7460.625 2
stats: {cpu,"tsung_controller@ip-172-31-12-74"} 1 0.6513026052104208 0.0 9.9070346844018 0.3001500750375188 5.103592379719659 2
stats: session 9 14683.189 3818.811440634958 20226.997 9115.428 10763.088 1
stats: users_count 164 209
stats: finish_users_count 9 10
stats: request 529 111.48934026465031 171.48065820468332 965.422 4.518 89.2358606060606 165
stats: connect 149 1.410604026845638 0.6342808835038428 6.83 0.774 1.5450454545454542 44
stats: page 506 116.56446442687748 174.08869105668452 965.422 4.518 95.62625974025973 154
stats: 302 183 242
stats: 200 336 438
stats: 303 10 14
stats: size_rcv 2953023 3859817
stats: newphase 2 5
stats: size_sent 290083 380904
stats: connected 140 183
# stats: dump at 1733885632
stats: users 891 891
stats: {load,"tsung_controller@ip-172-31-12-74"} 1 0.03125 0.0 0.05078125 0.03125 0.040364583333333336 3
stats: {freemem,"tsung_controller@ip-172-31-12-74"} 1 7374.64453125 0.0 7460.80078125 7374.64453125 7455.411458333333 3
stats: {cpu,"tsung_controller@ip-172-31-12-74"} 1 1.4646464646464648 0.0 9.9070346844018 0.3001500750375188 3.61949578821658 3
stats: session 18 18235.720055555557 3397.4759293880625 27955.82 9115.428 14291.178899999999 10
stats: users_count 710 919
stats: finish_users_count 18 28
stats: connect 676 1.5139881656804743 1.1765660883328986 18.012 0.455 1.441253886010363 193
stats: page 1012 551.943572134387 1187.3388148889971 7280.571 4.518 111.67888333333335 660
stats: 302 313 555
stats: request 1084 541.7028367158671 1156.3475503564903 7280.571 4.518 106.19852737752163 694
stats: 200 742 1180
stats: 303 29 43
stats: size_rcv 6214878 10074695
stats: newphase 2 7
stats: size_sent 826015 1206919
stats: connected 658 841
# stats: dump at 1733885642
stats: users 3766 3766
stats: {load,"tsung_controller@ip-172-31-12-74"} 1 0.01953125 0.0 0.05078125 0.01953125 0.0380859375 4
stats: {freemem,"tsung_controller@ip-172-31-12-74"} 1 7250.12890625 0.0 7460.80078125 7250.12890625 7435.2197265625 4
stats: {cpu,"tsung_controller@ip-172-31-12-74"} 1 7.306163021868787 0.0 9.9070346844018 0.3001500750375188 3.0807834573240513 4
stats: session 8 21999.715625000004 3758.653786297027 27955.82 9115.428 16826.95535714286 28
stats: users_count 2883 3802
stats: finish_users_count 8 36
stats: connect 2744 1.4563374635568496 1.1211555890139606 22.99 0.409 1.4978342922899894 869
stats: request 1559 5411.538527902498 1880.3364124994755 12021.265 4.518 371.7140905511811 1778
stats: page 1521 5479.599766600913 1927.234347992461 12021.265 4.518 378.15487918660256 1672
stats: 302 342 897
stats: 200 1204 2384
stats: 303 18 61
stats: size_rcv 9151746 19226441
stats: newphase 2 9
stats: size_sent 1165841 2372760
stats: connected 2736 3577
# stats: dump at 1733885652
stats: users 4978 4991
stats: {load,"tsung_controller@ip-172-31-12-74"} 1 0.01953125 0.0 0.05078125 0.01953125 0.034375 5
stats: {freemem,"tsung_controller@ip-172-31-12-74"} 1 6945.9453125 0.0 7460.80078125 6945.9453125 7398.2015625 5
stats: {cpu,"tsung_controller@ip-172-31-12-74"} 1 21.189405297351325 0.0 21.189405297351325 0.3001500750375188 3.925859370232999 5
stats: session 16 32201.947 4452.864059511179 40564.447 9115.428 17976.457638888893 36
stats: users_count 1228 5030
stats: finish_users_count 16 52
stats: request 4202 2424.6567867681965 4401.801334997333 15856.675 0.438 2726.2499904105466 3337
stats: connect 1417 1.4436690190543382 1.1564261398446403 22.99 0.398 1.4663182950456672 3613
stats: page 4081 2495.577711835329 4464.480689552064 17093.405 0.438 2808.2512380206667 3193
stats: 302 248 1145
stats: 200 795 3179
stats: 303 3 64
stats: size_rcv 7121845 26348286
stats: newphase 0 9
stats: 502 3157 3157
stats: size_sent 1836691 4209451
stats: connected 1401 4978
# stats: dump at 1733885662
stats: users 4922 4991
stats: {load,"tsung_controller@ip-172-31-12-74"} 1 0.01953125 0.0 0.05078125 0.01953125 0.031901041666666664 6
stats: {freemem,"tsung_controller@ip-172-31-12-74"} 1 6777.44921875 0.0 7460.80078125 6777.44921875 7322.825520833333 6
stats: {cpu,"tsung_controller@ip-172-31-12-74"} 1 12.878787878787879 0.0 21.189405297351325 0.3001500750375188 6.80311702475272 6
stats: session 56 28683.83030357142 10806.266258362351 47259.083 9115.428 22353.53128846154 52
stats: users_count 0 5030
stats: finish_users_count 56 108
stats: request 4185 4598.469875268826 7882.875589208208 23440.855 0.438 2558.151483751155 7539
stats: connect 0 0 0 22.99 0.398 1.4599377733598395 5030
stats: 302 285 1430
stats: 200 789 3968
stats: page 3836 5009.893704640263 8123.794665362854 25523.286 0.438 2632.8290960956783 7274
stats: 303 5 69
stats: size_rcv 6801039 33149325
stats: newphase 0 9
stats: 502 3106 6263
stats: size_sent 2303642 6513093
stats: connected -55 4923
# stats: dump at 1733885672
stats: users 4884 4991
stats: {load,"tsung_controller@ip-172-31-12-74"} 1 0.01171875 0.0 0.05078125 0.01171875 0.030133928571428572 7
stats: {freemem,"tsung_controller@ip-172-31-12-74"} 1 6615.58984375 0.0 7460.80078125 6615.58984375 7244.914620535715 7
stats: {cpu,"tsung_controller@ip-172-31-12-74"} 1 9.38133874239351 0.0 21.189405297351325 0.3001500750375188 7.6710700039006 7
stats: session 38 34621.5687631579 12538.518248220556 66540.826 9115.428 25635.908555555554 108
stats: users_count 0 5030
stats: finish_users_count 38 146
stats: page 3774 9398.201839427653 12462.936214083118 31797.299 0.438 3453.568955535555 11110
stats: request 4001 8865.653361409642 12291.105475473913 31797.299 0.438 3286.463703855339 11724
stats: connect 0 0 0 22.99 0.398 1.4599377733598395 5030
stats: 302 271 1701
stats: 200 1106 5074
stats: 303 2 71
stats: size_rcv 8647042 41796367
stats: newphase 0 9
stats: 502 2622 8885
stats: size_sent 2394012 8907105
stats: connected -39 4884
# stats: dump at 1733885682
stats: users 4847 4991
stats: {load,"tsung_controller@ip-172-31-12-74"} 1 0.08984375 0.0 0.08984375 0.01171875 0.02783203125 8
stats: {freemem,"tsung_controller@ip-172-31-12-74"} 1 6402.8203125 0.0 7460.80078125 6402.8203125 7166.2490234375 8
stats: {cpu,"tsung_controller@ip-172-31-12-74"} 1 8.975659229208926 0.0 21.189405297351325 0.3001500750375188 7.8848535962122135 8
stats: session 37 49349.31883783783 9313.950136265168 66540.826 9115.428 27974.64203424657 146
stats: users_count 0 5030
stats: finish_users_count 37 183
stats: connect 0 0 0 22.99 0.398 1.4599377733598395 5030
stats: page 3452 10019.786384414912 15157.390576240901 41693.688 0.438 4960.895245767265 14884
stats: 302 434 2135
stats: request 3722 9357.410531703408 14849.951127981232 39514.512 0.438 4706.008239300475 15725
stats: 200 623 5697
stats: 303 4 75
stats: size_rcv 5566742 47363109
stats: newphase 0 9
stats: 502 2659 11544
stats: size_sent 2219873 11126978
stats: connected -35 4849
stats: 404 2 2
# stats: dump at 1733885692
stats: users 4772 4991
stats: {load,"tsung_controller@ip-172-31-12-74"} 1 0.078125 0.0 0.08984375 0.01171875 0.034722222222222224 9
stats: {freemem,"tsung_controller@ip-172-31-12-74"} 1 6295.9140625 0.0 7460.80078125 6295.9140625 7081.423611111111 9
stats: {cpu,"tsung_controller@ip-172-31-12-74"} 1 10.01984126984127 0.0 21.189405297351325 0.3001500750375188 8.006054222100737 9
stats: session 75 56352.352626666674 10592.613120362854 77679.76 9115.428 32296.297999999995 183
stats: users_count 0 5030
stats: finish_users_count 75 258
stats: connect 0 0 0 22.99 0.398 1.4599377733598395 5030
stats: page 3052 14784.918967562253 17185.320330568797 51183.784 0.425 5913.299925665371 18336
stats: request 3474 13590.48984081747 16864.136814275265 46219.875 0.425 5596.2493732709445 19447
stats: 302 1051 3186
stats: 200 229 5926
stats: 303 10 85
stats: size_rcv 4279982 51643091
stats: newphase 0 9
stats: 502 2075 13619
stats: size_sent 2005406 13132384
stats: connected -76 4773
stats: 404 109 111
# stats: dump at 1733885702
stats: users 4670 4991
stats: {load,"tsung_controller@ip-172-31-12-74"} 1 0.05859375 0.0 0.08984375 0.01171875 0.0390625 10
stats: {freemem,"tsung_controller@ip-172-31-12-74"} 1 6240.8125 0.0 7460.80078125 6240.8125 7002.87265625 10
stats: {cpu,"tsung_controller@ip-172-31-12-74"} 1 8.442211055276381 0.0 21.189405297351325 0.3001500750375188 8.207432926874791 10
stats: session 102 63617.61960784313 8033.261548563707 84319.139 9115.428 39289.33713565891 258
stats: users_count 0 5030
stats: finish_users_count 102 360
stats: connect 3 3.1223333333333336 0.6052020782809289 22.99 0.398 1.4599377733598395 5030
stats: page 2767 12942.757479942215 16643.210710807813 65802.378 0.425 7179.251922853948 21388
stats: request 3136 11774.718213648008 16234.919462162556 65802.378 0.425 6807.88897818594 22921
stats: 302 834 4020
stats: 200 183 6109
stats: 303 1 86
stats: size_rcv 3664830 55307921
stats: newphase 0 9
stats: 502 2022 15641
stats: size_sent 1949700 15082084
stats: connected -102 4671
stats: 404 88 199
# stats: dump at 1733885712
stats: users 4594 4991
stats: {load,"tsung_controller@ip-172-31-12-74"} 1 0.05078125 0.0 0.08984375 0.01171875 0.040838068181818184 11
stats: {freemem,"tsung_controller@ip-172-31-12-74"} 1 6194.39453125 0.0 7460.80078125 6194.39453125 6933.594460227273 11
stats: {cpu,"tsung_controller@ip-172-31-12-74"} 1 8.567208271787297 0.0 21.189405297351325 0.3001500750375188 8.228776393093115 11
stats: session 76 72343.75086842105 8647.907332670871 97661.573 9115.428 46182.35050277777 360
stats: users_count 0 5030
stats: finish_users_count 76 436
stats: connect 3 1.228 0.2203451837458672 22.99 0.398 1.4609286707728975 5033
stats: page 2540 16123.061412598405 17296.909880344203 69194.63 0.425 7839.47216199546 24155
stats: 302 995 5015
stats: request 2865 14750.097087958122 16776.592870701155 69194.63 0.425 7405.654510764864 26057
stats: 200 202 6311
stats: 303 3 89
stats: size_rcv 3786403 59094324
stats: newphase 0 9
stats: 502 1585 17226
stats: size_sent 1778450 16860534
stats: connected -74 4597
stats: 404 78 277
# stats: dump at 1733885722
stats: users 4438 4991
stats: {load,"tsung_controller@ip-172-31-12-74"} 1 0.0390625 0.0 0.08984375 0.01171875 0.041666666666666664 12
stats: {freemem,"tsung_controller@ip-172-31-12-74"} 1 6142.69921875 0.0 7460.80078125 6142.69921875 6871.994466145833 12
stats: {cpu,"tsung_controller@ip-172-31-12-74"} 1 8.262393590385578 0.0 21.189405297351325 0.3001500750375188 8.256979049650964 12
stats: session 156 82526.41956410253 8699.812816236095 106081.103 9115.428 50742.594603211 436
stats: users_count 0 5030
stats: finish_users_count 156 592
stats: request 4000 16944.110323250068 13101.507959198461 69194.63 0.425 8133.191609985481 28922
stats: connect 0 0 0 22.99 0.398 1.4607899126290693 5036
stats: page 3438 19135.28116608495 14290.234663306037 72812.579 0.425 8627.646602772065 26695
stats: 302 1987 7002
stats: 200 553 6864
stats: 303 19 108
stats: size_rcv 9649674 68743998
stats: newphase 0 9
stats: 502 967 18193
stats: size_sent 2345836 19206370
stats: connected -158 4439
stats: 404 473 750
# stats: dump at 1733885732
stats: users 4300 4991
stats: {load,"tsung_controller@ip-172-31-12-74"} 1 0.0390625 0.0 0.08984375 0.01171875 0.04146634615384615 13
stats: {freemem,"tsung_controller@ip-172-31-12-74"} 1 6077.69921875 0.0 7460.80078125 6077.69921875 6815.8948317307695 13
stats: {cpu,"tsung_controller@ip-172-31-12-74"} 1 11.149825783972126 0.0 21.189405297351325 0.3001500750375188 8.257395552784395 13
stats: session 138 91384.89818840583 7493.200093869708 112983.158 9115.428 59118.061991554045 592
stats: users_count 0 5030
stats: finish_users_count 138 730
stats: page 2544 17575.972811320727 13834.439175709924 74567.87 0.425 9826.506577838261 30133
stats: request 2974 15319.214571284472 12149.032143569071 69194.63 0.425 9203.712078154436 32922
stats: connect 0 0 0 22.99 0.398 1.4607899126290693 5036
stats: 302 1493 8495
stats: 200 609 7473
stats: 303 13 121
stats: size_rcv 9227227 77971225
stats: newphase 0 9
stats: 502 473 18666
stats: size_sent 1870861 21077231
stats: connected -139 4300
stats: 404 385 1135
# stats: dump at 1733885742
stats: users 4137 4991
stats: {load,"tsung_controller@ip-172-31-12-74"} 1 0.03125 0.0 0.08984375 0.01171875 0.041294642857142856 14
stats: {freemem,"tsung_controller@ip-172-31-12-74"} 1 6034.0546875 0.0 7460.80078125 6034.0546875 6763.166573660715 14
stats: {cpu,"tsung_controller@ip-172-31-12-74"} 1 8.291457286432161 0.0 21.189405297351325 0.3001500750375188 8.463997712154947 14
stats: session 163 101101.43853987724 7194.268704798024 128995.835 9115.428 65217.820067123284 730
stats: users_count 0 5030
stats: finish_users_count 163 893
stats: connect 0 0 0 22.99 0.398 1.4607899126290693 5036
stats: page 2686 16079.160515264342 9080.036222450823 74567.87 0.425 10429.82518413564 32677
stats: request 3145 13846.494299205087 5802.359225928818 69194.63 0.425 9710.384253733018 35896
stats: 302 1660 10155
stats: 200 713 8186
stats: 303 34 155
stats: size_rcv 10867825 88839050
stats: newphase 0 9
stats: 502 239 18905
stats: size_sent 1817205 22894436
stats: connected -159 4141
stats: 404 499 1634
# stats: dump at 1733885752
stats: users 3867 4991
stats: {load,"tsung_controller@ip-172-31-12-74"} 1 0.1015625 0.0 0.1015625 0.01171875 0.040625 15
stats: {freemem,"tsung_controller@ip-172-31-12-74"} 1 5980.6875 0.0 7460.80078125 5980.6875 6714.559114583333 15
stats: {cpu,"tsung_controller@ip-172-31-12-74"} 1 8.89894419306184 0.0 21.189405297351325 0.3001500750375188 8.452495017106761 15
stats: session 270 111612.76011481481 6950.409307325049 134402.174 9115.428 71767.68547704366 893
stats: users_count 0 5030
stats: finish_users_count 270 1163
stats: request 3771 11748.368027313685 3485.6583480603995 69194.63 0.425 10043.574133423846 39041
stats: connect 0 0 0 22.99 0.398 1.4607899126290693 5036
stats: page 3285 14068.30806179604 7204.202055415543 74567.87 0.425 10858.920981986832 35363
stats: 302 2079 12234
stats: 200 845 9031
stats: 303 76 231
stats: size_rcv 13276555 102115605
stats: newphase 0 9
stats: 502 13 18918
stats: size_sent 2173115 25067551
stats: connected -269 3872
stats: 404 758 2392
# stats: dump at 1733885762
stats: users 3543 4991
stats: {load,"tsung_controller@ip-172-31-12-74"} 1 0.078125 0.0 0.1015625 0.01171875 0.04443359375 16
stats: {freemem,"tsung_controller@ip-172-31-12-74"} 1 5935.296875 0.0 7460.80078125 5935.296875 6668.692138671875 16
stats: {cpu,"tsung_controller@ip-172-31-12-74"} 1 12.370625924100542 0.0 21.189405297351325 0.3001500750375188 8.480398090603954 16
stats: session 324 120966.51753395055 7168.436217682499 144542.305 9115.428 81018.04674290627 1163
stats: users_count 0 5030
stats: finish_users_count 324 1487
stats: connect 0 0 0 22.99 0.398 1.4607899126290693 5036
stats: page 3302 10542.392008176832 5536.6548453284795 74567.87 0.425 11131.712240452296 38648
stats: request 3650 8783.254844931516 2029.5375448426391 69194.63 0.425 10193.737119826224 42812
stats: 302 1983 14217
stats: 200 737 9768
stats: 303 151 382
stats: size_rcv 12848391 114963996
stats: newphase 0 9
stats: 502 0 18918
stats: size_sent 2205694 27273245
stats: connected -328 3544
stats: 404 779 3171
# stats: dump at 1733885772
stats: users 3125 4991
stats: {load,"tsung_controller@ip-172-31-12-74"} 1 0.0703125 0.0 0.1015625 0.01171875 0.04641544117647059 17
stats: {freemem,"tsung_controller@ip-172-31-12-74"} 1 5918.16796875 0.0 7460.80078125 5918.16796875 6625.551240808823 17
stats: {cpu,"tsung_controller@ip-172-31-12-74"} 1 10.115172759138707 0.0 21.189405297351325 0.3001500750375188 8.709235021986107 17
stats: session 418 129723.29128468898 6918.059712628059 154007.097 9115.428 89722.35376126427 1487
stats: users_count 0 5030
stats: finish_users_count 418 1905
stats: request 3188 8981.566143350057 1815.4143882051383 69194.63 0.425 10082.931293487158 46462
stats: connect 0 0 0 22.99 0.398 1.4607899126290693 5036
stats: 302 1673 15890
stats: 200 653 10421
stats: 303 181 563
stats: size_rcv 11569341 126533337
stats: newphase 0 9
stats: 502 0 18918
stats: size_sent 1853342 29126587
stats: connected -417 3127
stats: 404 681 3852
stats: page 2942 9985.55566349422 4131.3006229939765 74567.87 0.425 11085.325222407633 41950
# stats: dump at 1733885782
stats: users 2446 4991
stats: {load,"tsung_controller@ip-172-31-12-74"} 1 0.05859375 0.0 0.1015625 0.01171875 0.04774305555555555 18
stats: {freemem,"tsung_controller@ip-172-31-12-74"} 1 5949.72265625 0.0 7460.80078125 5918.16796875 6586.252170138889 18
stats: {cpu,"tsung_controller@ip-172-31-12-74"} 1 9.15492957746479 0.0 21.189405297351325 0.3001500750375188 8.78734267405014 18
stats: session 679 139726.57707805609 6234.0241500553 159837.892 9115.428 98499.4623622047 1905
stats: users_count 0 5030
stats: finish_users_count 679 2584
stats: request 3628 8239.428905733233 2604.7712013179453 69194.63 0.425 10012.213225035253 49650
stats: connect 0 0 0 22.99 0.398 1.4607899126290693 5036
stats: page 3422 9082.856448568107 4333.075890474992 74567.87 0.425 11013.251756259473 44892
stats: 302 1812 17702
stats: 200 766 11187
stats: 303 305 868
stats: size_rcv 13007482 139540819
stats: newphase 0 9
stats: 502 0 18918
stats: size_sent 1877357 31003944
stats: connected -677 2450
stats: 404 745 4597
# stats: dump at 1733885792
stats: users 1591 4991
stats: {load,"tsung_controller@ip-172-31-12-74"} 1 0.19921875 0.0 0.19921875 0.01171875 0.048314144736842105 19
stats: {freemem,"tsung_controller@ip-172-31-12-74"} 1 6011.45703125 0.0 7460.80078125 5918.16796875 6552.750616776316 19
stats: {cpu,"tsung_controller@ip-172-31-12-74"} 1 10.513203786746388 0.0 21.189405297351325 0.3001500750375188 8.806689353177228 19
stats: session 855 149004.2205590643 5506.374060701867 168593.59 9115.428 109332.74831114552 2584
stats: users_count 0 5030
stats: finish_users_count 855 3439
stats: request 3272 6091.027653117362 2697.3661250158048 69194.63 0.425 9891.494325856836 53278
stats: connect 0 0 0 22.99 0.398 1.4607899126290693 5036
stats: page 3212 6635.87401463265 3830.1808979322714 74567.87 0.425 10876.525077803542 48314
stats: 302 1879 19581
stats: 200 731 11918
stats: 303 393 1261
stats: size_rcv 10393636 149934455
stats: newphase 0 9
stats: 502 0 18918
stats: size_sent 1714790 32718734
stats: connected -858 1592
stats: 404 269 4866
# stats: dump at 1733885802
stats: users 858 4991
stats: {load,"tsung_controller@ip-172-31-12-74"} 1 0.30859375 0.0 0.30859375 0.01171875 0.055859375 20
stats: {freemem,"tsung_controller@ip-172-31-12-74"} 1 6167.40234375 0.0 7460.80078125 5918.16796875 6525.6859375 20
stats: {cpu,"tsung_controller@ip-172-31-12-74"} 1 9.827160493827162 0.0 21.189405297351325 0.3001500750375188 8.892015074855687 20
stats: session 733 158293.20668622086 5559.62230686384 175701.025 9115.428 119195.82152195406 3439
stats: users_count 0 5030
stats: finish_users_count 733 4172
stats: request 2067 5454.00634687953 2445.745615769844 69194.63 0.425 9671.59818167994 56550
stats: connect 0 0 0 22.99 0.398 1.4607899126290693 5036
stats: page 2061 5531.4967821445925 2627.7213072759596 74567.87 0.425 10612.173658813033 51526
stats: 302 1154 20735
stats: 200 493 12411
stats: 303 399 1660
stats: size_rcv 7098062 157032517
stats: newphase 0 9
stats: 502 0 18918
stats: size_sent 1051576 33770310
stats: connected -734 858
stats: 404 21 4887
# stats: dump at 1733885812
stats: users 298 4991
stats: {load,"tsung_controller@ip-172-31-12-74"} 1 0.26953125 0.0 0.30859375 0.01171875 0.06789434523809523 21
stats: {freemem,"tsung_controller@ip-172-31-12-74"} 1 6666.9609375 0.0 7460.80078125 5918.16796875 6508.624813988095 21
stats: {cpu,"tsung_controller@ip-172-31-12-74"} 1 6.443556443556443 0.0 21.189405297351325 0.3001500750375188 8.936545809092424 21
stats: session 560 167749.3906232143 4064.1103810703926 182649.467 9115.428 126065.04091922336 4172
stats: users_count 0 5030
stats: finish_users_count 560 4732
stats: page 1217 5231.496536565326 3575.2866443736725 74567.87 0.425 10416.766656315905 53587
stats: connect 0 0 0 22.99 0.398 1.4607899126290693 5036
stats: 302 616 21351
stats: 200 430 12841
stats: 303 171 1831
stats: size_rcv 5991588 163024105
stats: newphase 0 9
stats: 502 0 18918
stats: size_sent 534277 34304587
stats: connected -560 298
stats: 404 0 4887
stats: request 1217 5231.496536565326 3575.2866443736725 69194.63 0.425 9522.874051776798 58617
# stats: dump at 1733885822
stats: users 3 4991
stats: {load,"tsung_controller@ip-172-31-12-74"} 1 0.21875 0.0 0.30859375 0.01171875 0.07705965909090909 22
stats: {freemem,"tsung_controller@ip-172-31-12-74"} 1 7131.6328125 0.0 7460.80078125 5918.16796875 6515.821910511364 22
stats: {cpu,"tsung_controller@ip-172-31-12-74"} 1 4.927824788451966 0.0 21.189405297351325 0.3001500750375188 8.82322811065897 22
stats: session 295 173188.0500338982 2852.316249265865 183711.5 9115.428 130998.10005579033 4732
stats: users_count 0 5030
stats: finish_users_count 295 5027
stats: request 522 2646.430582375478 3574.4152300429337 69194.63 0.425 9435.589122873293 59834
stats: connect 0 0 0 22.99 0.398 1.4607899126290693 5036
stats: page 522 2646.430582375478 3574.4152300429337 74567.87 0.425 10301.620430935705 54804
stats: 302 298 21649
stats: 200 211 13052
stats: 303 13 1844
stats: size_rcv 2888351 165912456
stats: newphase 0 9
stats: 502 0 18918
stats: size_sent 224397 34528984
stats: connected -295 3
stats: 404 0 4887
# stats: dump at 1733885830
stats: users 0 4991
stats: {load,"tsung_controller@ip-172-31-12-74"} 1 0.19140625 0.0 0.30859375 0.01171875 0.08322010869565218 23
stats: {freemem,"tsung_controller@ip-172-31-12-74"} 1 7345.140625 0.0 7460.80078125 5918.16796875 6542.596297554348 23
stats: {cpu,"tsung_controller@ip-172-31-12-74"} 1 1.6008004002001 0.0 21.189405297351325 0.3001500750375188 8.653862748823883 23
stats: session 3 182002.51233333335 343.2161751057519 183711.5 9115.428 133473.93758185793 5027
stats: users_count 0 5030
stats: finish_users_count 3 5030
stats: request 4 39.41775 58.01475016913802 69194.63 0.425 9376.871832825247 60356
stats: page 4 39.41775 58.01475016913802 74567.87 0.425 10229.393826790305 55326
stats: connect 0 0 0 22.99 0.398 1.4607899126290693 5036
stats: 302 3 21652
stats: 200 1 13053
stats: 303 0 1844
stats: size_rcv 15254 165927710
stats: newphase 0 9
stats: 502 0 18918
stats: size_sent 2915 34531899
stats: connected -3 0
stats: 404 0 4887
EndMonitor:{1733,885830,30963}
