# stats: dump at 1733630854
stats: users 14 14
stats: {freemem,"tsung_controller@ip-172-31-42-158"} 1 688.140625 0 688.140625 688.140625 0 0
stats: {load,"tsung_controller@ip-172-31-42-158"} 1 0.01171875 0 0.01171875 0.01171875 0 0
stats: {cpu,"tsung_controller@ip-172-31-42-158"} 1 8.922514353789897 0 8.922514353789897 8.922514353789897 0 0
stats: users_count 14 14
stats: finish_users_count 0 0
stats: 302 17 17
stats: request 47 93.14314893617023 128.36743696223903 438.361 9.196 0 0
stats: page 43 101.82430232558141 131.89833511626856 438.361 9.196 0 0
stats: connect 13 2.5735384615384613 1.9379157564997354 8.106 1.335 0 0
stats: 200 30 30
stats: size_rcv 255672 255672
stats: newphase 1 1
stats: size_sent 24647 24647
stats: connected 13 13
# stats: dump at 1733630864
stats: users 65 65
stats: {freemem,"tsung_controller@ip-172-31-42-158"} 1 684.55078125 0.0 688.140625 684.55078125 688.140625 1
stats: {load,"tsung_controller@ip-172-31-42-158"} 1 0.01171875 0.0 0.01171875 0.01171875 0.01171875 1
stats: {cpu,"tsung_controller@ip-172-31-42-158"} 1 0.30045067601402103 0.0 8.922514353789897 0.30045067601402103 8.922514353789897 1
stats: session 3 11840.585 2310.446898966663 15048.178 9697.569 0 0
stats: users_count 54 68
stats: finish_users_count 3 3
stats: request 214 136.50899065420558 241.3019767628979 1150.681 5.394 93.14314893617023 47
stats: connect 48 1.840020833333333 0.8147761320751274 8.106 1.26 2.5735384615384613 13
stats: page 200 146.08385499999994 247.38410224249253 1150.681 5.394 101.82430232558141 43
stats: 302 78 95
stats: 200 130 160
stats: 303 6 6
stats: size_rcv 1103208 1358880
stats: newphase 2 3
stats: size_sent 123719 148366
stats: connected 45 58
# stats: dump at 1733630874
stats: users 276 276
stats: {freemem,"tsung_controller@ip-172-31-42-158"} 1 663.171875 0.0 688.140625 663.171875 686.345703125 2
stats: {load,"tsung_controller@ip-172-31-42-158"} 1 0.0 0.0 0.01171875 0.0 0.01171875 2
stats: {cpu,"tsung_controller@ip-172-31-42-158"} 1 0.8028098344204716 0.0 8.922514353789897 0.30045067601402103 4.611482514901959 2
stats: session 8 15768.1875 2748.6964987667784 19722.573 9697.569 11840.585 3
stats: users_count 219 287
stats: finish_users_count 8 11
stats: connect 215 1.7316744186046502 1.0869418486601978 14.535 1.024 1.9963442622950818 61
stats: request 308 616.9260779220781 1081.6815608478526 6496.235 5.364 128.699816091954 261
stats: page 291 627.5607938144327 1098.8898398055192 6496.235 5.364 138.25191769547322 243
stats: 302 86 181
stats: 200 210 370
stats: 303 12 18
stats: size_rcv 1716355 3075235
stats: newphase 2 5
stats: size_sent 232341 380707
stats: connected 207 265
# stats: dump at 1733630884
stats: users 1098 1098
stats: {freemem,"tsung_controller@ip-172-31-42-158"} 1 631.34375 0.0 688.140625 631.34375 678.62109375 3
stats: {load,"tsung_controller@ip-172-31-42-158"} 1 0.0 0.0 0.01171875 0.0 0.0078125 3
stats: {cpu,"tsung_controller@ip-172-31-42-158"} 1 2.0080321285140563 0.0 8.922514353789897 0.30045067601402103 3.3419249547414633 3
stats: session 2 29065.2655 1852.6985000000013 30917.964 9697.569 14697.023181818182 11
stats: users_count 824 1111
stats: finish_users_count 2 13
stats: request 347 6282.35988760807 1580.7580577795607 11930.136 2.214 392.976949033392 569
stats: page 341 6317.299266862168 1612.8378886113887 11930.136 2.214 404.89776591760284 534
stats: connect 796 1.8448643216080398 1.4018029459161916 22.63 0.949 1.7901702898550715 276
stats: 302 85 266
stats: 200 254 624
stats: 303 7 25
stats: size_rcv 1920741 4995976
stats: newphase 2 7
stats: size_sent 283893 664600
stats: connected 709 974
# stats: dump at 1733630894
stats: users 4183 4185
stats: {freemem,"tsung_controller@ip-172-31-42-158"} 1 551.94921875 0.0 688.140625 551.94921875 666.8017578125 4
stats: {load,"tsung_controller@ip-172-31-42-158"} 1 0.078125 0.0 0.078125 0.0 0.005859375 4
stats: {cpu,"tsung_controller@ip-172-31-42-158"} 1 6.950000000000001 0.0 8.922514353789897 0.30045067601402103 3.0084517481846116 4
stats: session 41 13677.081195121951 12787.336309193548 37804.052 81.264 16907.522 13
stats: users_count 3126 4237
stats: finish_users_count 41 54
stats: connect 9100 1.82883912087913 1.5823055868453038 22.63 0.744 1.830782649253731 1072
stats: request 8749 417.78181895073726 2109.602024573217 16192.905 1.433 2623.998651746725 916
stats: page 8531 426.6470451295296 2132.7867540972206 16192.905 1.433 2709.045093714285 875
stats: 302 74 340
stats: error_send_einval 44 44
stats: 200 270 894
stats: 303 0 25
stats: size_rcv 2046018 7041994
stats: newphase 2 9
stats: size_sent 1687544 2352144
stats: connected 48 1022
stats: error_connection_closed 253 253
stats: error_abort_max_send_retries 11 11
# stats: dump at 1733630904
stats: users 3115 4205
stats: {freemem,"tsung_controller@ip-172-31-42-158"} 1 377.16015625 0.0 688.140625 377.16015625 643.83125 5
stats: {load,"tsung_controller@ip-172-31-42-158"} 1 0.140625 0.0 0.140625 0.0 0.0203125 5
stats: {cpu,"tsung_controller@ip-172-31-42-158"} 1 40.401301518438174 0.0 40.401301518438174 0.30045067601402103 3.7967613985476896 5
stats: session 1185 8029.527271729947 7636.530102208659 43266.577 81.264 14454.779907407406 54
stats: users_count 117 4354
stats: finish_users_count 1185 1239
stats: request 10849 690.6903410452593 3519.7151824464217 23054.552 0.588 626.8759336782203 9665
stats: connect 15296 6.005210970188262 8.373476407321622 56.171 0.744 1.8290439441604482 10172
stats: page 9657 773.7771203272214 3726.8020592293788 25599.726 1.433 638.968785775039 9406
stats: 302 73 413
stats: error_send_einval 126 170
stats: 200 330 1224
stats: 303 1 26
stats: size_rcv 2363213 9405207
stats: newphase 0 9
stats: size_sent 2459881 4812025
stats: connected 0 1022
stats: error_connection_closed 3369 3622
stats: error_abort_max_send_retries 959 970
# stats: dump at 1733630914
stats: users 2174 4205
stats: {freemem,"tsung_controller@ip-172-31-42-158"} 1 319.265625 0.0 688.140625 319.265625 599.3860677083334 6
stats: {load,"tsung_controller@ip-172-31-42-158"} 1 0.26953125 0.0 0.26953125 0.0 0.040364583333333336 6
stats: {cpu,"tsung_controller@ip-172-31-42-158"} 1 37.528344671201815 0.0 40.401301518438174 0.30045067601402103 9.897518085196104 6
stats: session 941 21634.656493092436 7230.332283083029 57399.796 81.264 8309.562495560926 1239
stats: users_count 0 4354
stats: finish_users_count 941 2180
stats: connect 9193 1.8553564668769642 1.5280970379057712 56.171 0.744 4.337236610648647 25468
stats: request 8910 986.2079169472487 4899.357391264985 30556.963 0.588 660.624715267623 20514
stats: page 8025 1096.0821638629227 5157.029367036198 35391.116 1.428 707.2604548077423 19063
stats: 302 77 490
stats: error_send_einval 53 223
stats: 200 271 1495
stats: 303 0 26
stats: size_rcv 1961128 11366335
stats: newphase 0 9
stats: size_sent 2730103 7542128
stats: connected 0 1022
stats: error_connection_closed 210 3832
stats: error_abort_max_send_retries 21 991
# stats: dump at 1733630924
stats: users 1597 4205
stats: {freemem,"tsung_controller@ip-172-31-42-158"} 1 290.03125 0.0 688.140625 290.03125 559.3688616071429 7
stats: {load,"tsung_controller@ip-172-31-42-158"} 1 0.390625 0.0 0.390625 0.0 0.07310267857142858 7
stats: {cpu,"tsung_controller@ip-172-31-42-158"} 1 26.338102808691044 0.0 40.401301518438174 0.30045067601402103 13.844779026054065 7
stats: session 577 31670.20889428074 8275.029673635763 69347.768 81.264 14061.35765688072 2180
stats: users_count 0 4354
stats: finish_users_count 577 2757
stats: page 4137 2226.365907420836 7848.534341396226 43261.648 1.428 822.4514698390411 27088
stats: request 4551 2070.4290228521163 7544.482988053365 36214.733 0.147 759.2158764613921 29424
stats: connect 4639 1.9601761155421447 1.4215082890076765 56.171 0.744 3.678977352067155 34661
stats: 302 241 731
stats: error_send_einval 48 271
stats: 200 73 1568
stats: 303 0 26
stats: size_rcv 716457 12082792
stats: newphase 0 9
stats: size_sent 1888187 9430315
stats: connected -1 1021
stats: error_connection_closed 61 3893
stats: error_abort_max_send_retries 0 991
stats: 404 6 6
# stats: dump at 1733630934
stats: users 1355 4205
stats: {freemem,"tsung_controller@ip-172-31-42-158"} 1 289.10546875 0.0 688.140625 289.10546875 525.70166015625 8
stats: {load,"tsung_controller@ip-172-31-42-158"} 1 0.41015625 0.0 0.41015625 0.0 0.11279296875 8
stats: {cpu,"tsung_controller@ip-172-31-42-158"} 1 15.376782077393075 0.0 40.401301518438174 0.30045067601402103 15.406444498883687 8
stats: session 242 43603.005466942166 7880.327848349522 70348.87 81.264 17746.63410373593 2757
stats: users_count 0 4354
stats: finish_users_count 242 2999
stats: request 2613 8072.071538078857 10395.936157201566 37801.948 0.1 934.8547588520966 33975
stats: page 2316 8546.867294905027 10904.249208836362 43261.648 1.428 1008.4560824339453 31225
stats: connect 2501 1.7541447421031606 1.0753638863408623 56.171 0.744 3.4760888295165313 39300
stats: 302 862 1593
stats: error_send_einval 10 281
stats: 200 49 1617
stats: 303 0 26
stats: size_rcv 2301421 14384213
stats: newphase 0 9
stats: size_sent 1022930 10453245
stats: connected -9 1012
stats: error_connection_closed 15 3908
stats: error_abort_max_send_retries 1 992
stats: 404 248 254
# stats: dump at 1733630944
stats: users 911 4205
stats: {freemem,"tsung_controller@ip-172-31-42-158"} 1 290.56640625 0.0 688.140625 289.10546875 499.41319444444446 9
stats: {load,"tsung_controller@ip-172-31-42-158"} 1 0.4296875 0.0 0.4296875 0.0 0.14583333333333334 9
stats: {cpu,"tsung_controller@ip-172-31-42-158"} 1 13.054187192118228 0.0 40.401301518438174 0.30045067601402103 15.403148674273618 9
stats: session 444 54027.13620495494 7399.139869887619 80568.07 81.264 19833.076874624865 2999
stats: users_count 0 4354
stats: finish_users_count 444 3443
stats: connect 786 1.9429541984732839 1.2334520118702224 56.171 0.744 3.373063012846575 41801
stats: page 2770 4482.447699277975 4641.5095199826965 43261.648 1.428 1528.9820169046832 33541
stats: 302 1944 3537
stats: request 3035 3598.493560790763 2655.1420571098315 37801.948 0.1 1444.5723559910361 36588
stats: error_send_einval 1 282
stats: 200 273 1890
stats: 303 6 32
stats: size_rcv 7719957 22104170
stats: newphase 0 9
stats: size_sent 1019836 11473081
stats: connected -103 909
stats: error_connection_closed 1 3909
stats: error_abort_max_send_retries 0 992
stats: 404 770 1024
# stats: dump at 1733630954
stats: users 392 4205
stats: {freemem,"tsung_controller@ip-172-31-42-158"} 1 275.83203125 0.0 688.140625 275.83203125 478.528515625 10
stats: {load,"tsung_controller@ip-172-31-42-158"} 1 0.359375 0.0 0.4296875 0.0 0.17421875 10
stats: {cpu,"tsung_controller@ip-172-31-42-158"} 1 11.051344743276283 0.0 40.401301518438174 0.30045067601402103 15.16825252605808 10
stats: session 519 63168.63818689784 7088.607377432063 91611.566 81.264 24242.650601800742 3443
stats: users_count 0 4354
stats: finish_users_count 519 3962
stats: request 2450 1616.6527632653108 493.6054153896918 37801.948 0.1 1609.5560991848167 39623
stats: 302 1485 5022
stats: connect 16 1.8195625000000002 0.7647715319582379 56.171 0.744 3.3466684434216942 42587
stats: error_send_einval 0 282
stats: 200 258 2148
stats: page 2308 1745.9818214904753 751.8012690325882 43261.648 1.428 1754.2883962435617 36311
stats: 303 53 85
stats: size_rcv 6785670 28889840
stats: newphase 0 9
stats: size_sent 919482 12392563
stats: connected -491 418
stats: error_connection_closed 0 3909
stats: error_abort_max_send_retries 0 992
stats: 404 654 1678
# stats: dump at 1733630964
stats: users 41 4205
stats: {freemem,"tsung_controller@ip-172-31-42-158"} 1 350.16015625 0.0 688.140625 275.83203125 460.1015625 11
stats: {load,"tsung_controller@ip-172-31-42-158"} 1 0.30078125 0.0 0.4296875 0.0 0.19105113636363635 11
stats: {cpu,"tsung_controller@ip-172-31-42-158"} 1 6.433915211970074 0.0 40.401301518438174 0.30045067601402103 14.793988182168825 11
stats: session 351 71246.8579458691 6363.334193766935 91611.566 81.264 29341.738829126687 3962
stats: users_count 0 4354
stats: finish_users_count 351 4313
stats: request 1075 140.2343302325573 196.26762740569782 37801.948 0.1 1609.9693529817225 42073
stats: connect 0 0 0 56.171 0.744 3.346094922892747 42603
stats: 302 672 5694
stats: error_send_einval 0 282
stats: 200 175 2323
stats: 303 99 184
stats: size_rcv 3029682 31919522
stats: newphase 0 9
stats: size_sent 530209 12922772
stats: connected -375 43
stats: error_connection_closed 0 3909
stats: error_abort_max_send_retries 0 992
stats: 404 129 1807
stats: page 1056 150.8367386363633 245.05353803250821 43261.648 1.428 1753.7919676843 38619
# stats: dump at 1733630974
stats: users 2 4205
stats: {freemem,"tsung_controller@ip-172-31-42-158"} 1 503.0625 0.0 688.140625 275.83203125 450.9397786458333 12
stats: {load,"tsung_controller@ip-172-31-42-158"} 1 0.26171875 0.0 0.4296875 0.0 0.2001953125 12
stats: {cpu,"tsung_controller@ip-172-31-42-158"} 1 2.224469160768453 0.0 40.401301518438174 0.30045067601402103 14.097315434652264 12
stats: session 39 79923.22635897435 6261.127388013001 100337.783 81.264 32752.05573382796 4313
stats: users_count 0 4354
stats: finish_users_count 39 4352
stats: connect 0 0 0 56.171 0.744 3.346094922892747 42603
stats: 302 56 5750
stats: request 97 24.569896907216492 28.7444632486552 37801.948 0.1 1573.3520092008903 43148
stats: page 96 24.827270833333326 29.15173149605896 43261.648 1.428 1711.1272992060487 39675
stats: error_send_einval 0 282
stats: 200 23 2346
stats: 303 13 197
stats: size_rcv 344658 32264180
stats: newphase 0 9
stats: size_sent 63400 12986172
stats: connected -41 2
stats: error_connection_closed 0 3909
stats: error_abort_max_send_retries 0 992
stats: 404 5 1812
# stats: dump at 1733630976
stats: users 0 4205
stats: {freemem,"tsung_controller@ip-172-31-42-158"} 1 566.9609375 0.0 688.140625 275.83203125 454.94921875 13
stats: {load,"tsung_controller@ip-172-31-42-158"} 1 0.21875 0.0 0.4296875 0.0 0.2049278846153846 13
stats: {cpu,"tsung_controller@ip-172-31-42-158"} 1 0.25075225677031093 0.0 40.401301518438174 0.25075225677031093 13.184019567430433 13
stats: session 2 84755.1325 4461.863499999996 100337.783 81.264 33174.775323529415 4352
stats: users_count 0 4354
stats: finish_users_count 2 4354
stats: request 2 5.608499999999999 1.3164999999999998 37801.948 0.1 1569.8780384553131 43245
stats: connect 0 0 0 56.171 0.744 3.346094922892747 42603
stats: page 2 5.608499999999999 1.3164999999999998 43261.648 1.428 1707.0568759648986 39771
stats: 302 2 5752
stats: error_send_einval 0 282
stats: 200 0 2346
stats: 303 0 197
stats: size_rcv 2126 32266306
stats: newphase 0 9
stats: size_sent 1514 12987686
stats: connected -2 0
stats: error_connection_closed 0 3909
stats: error_abort_max_send_retries 0 992
stats: 404 0 1812
EndMonitor:{1733,630976,391584}
