# stats: dump at 1733508995
stats: users 14 14
stats: {freemem,"tsung_controller@ip-172-31-43-86"} 1 691.12890625 0 691.12890625 691.12890625 0 0
stats: {cpu,"tsung_controller@ip-172-31-43-86"} 1 4.232995982210768 0 4.232995982210768 4.232995982210768 0 0
stats: {load,"tsung_controller@ip-172-31-43-86"} 1 0.0 0 0.0 0.0 0 0
stats: users_count 14 14
stats: finish_users_count 0 0
stats: request 26 92.78096153846155 144.9681102419215 513.7 7.903 0 0
stats: page 26 92.78096153846155 144.9681102419215 513.7 7.903 0 0
stats: connect 14 2.3712142857142853 3.291756222065996 14.232 1.167 0 0
stats: 302 6 6
stats: 200 20 20
stats: size_rcv 145764 145764
stats: newphase 1 1
stats: size_sent 10712 10712
stats: connected 14 14
# stats: dump at 1733509005
stats: users 62 62
stats: {freemem,"tsung_controller@ip-172-31-43-86"} 1 688.73828125 0.0 691.12890625 688.73828125 691.12890625 1
stats: {cpu,"tsung_controller@ip-172-31-43-86"} 1 0.7466401194624191 0.0 4.232995982210768 0.7466401194624191 4.232995982210768 1
stats: {load,"tsung_controller@ip-172-31-43-86"} 1 0.0 0.0 0.0 0.0 0.0 1
stats: session 1 11566.293 0 11566.293 11566.293 0 0
stats: users_count 49 63
stats: finish_users_count 1 1
stats: request 165 129.06911515151515 215.23759413643634 1233.775 7.316 92.78096153846155 26
stats: connect 47 1.7328936170212765 0.8748744890905126 14.232 1.162 2.3712142857142853 14
stats: page 165 129.06911515151515 215.23759413643634 1233.775 7.316 92.78096153846155 26
stats: 302 51 57
stats: 200 111 131
stats: size_rcv 894432 1040196
stats: newphase 2 3
stats: size_sent 93331 104043
stats: connected 47 61
stats: 204 3 3
# stats: dump at 1733509015
stats: users 257 257
stats: {freemem,"tsung_controller@ip-172-31-43-86"} 1 663.6171875 0.0 691.12890625 663.6171875 689.93359375 2
stats: {cpu,"tsung_controller@ip-172-31-43-86"} 1 3.5148514851485153 0.0 4.232995982210768 0.7466401194624191 2.4898180508365932 2
stats: {load,"tsung_controller@ip-172-31-43-86"} 1 0.0 0.0 0.0 0.0 0.0 2
stats: session 5 19117.764799999997 4007.2187905517426 24507.837 11566.293 11566.293 1
stats: users_count 200 263
stats: finish_users_count 5 6
stats: request 224 1004.0255446428566 1585.7115082657742 7932.322 7.316 124.12936649214659 191
stats: connect 188 1.761739361702127 1.4983698167006676 18.171 1.053 1.8793934426229508 61
stats: page 224 1004.0255446428566 1585.7115082657742 7932.322 7.316 124.12936649214659 191
stats: 302 54 111
stats: 200 167 298
stats: size_rcv 1318082 2358278
stats: newphase 2 5
stats: size_sent 174571 278614
stats: connected 182 243
stats: 204 3 6
# stats: dump at 1733509025
stats: users 1028 1028
stats: {freemem,"tsung_controller@ip-172-31-43-86"} 1 638.4765625 0.0 691.12890625 638.4765625 681.1614583333334 3
stats: {cpu,"tsung_controller@ip-172-31-43-86"} 1 3.3596837944664033 0.0 4.232995982210768 0.7466401194624191 2.8314958622739006 3
stats: {load,"tsung_controller@ip-172-31-43-86"} 1 0.0 0.0 0.0 0.0 0.0 3
stats: session 0 0 0 24507.837 11566.293 17859.186166666666 6
stats: users_count 771 1034
stats: finish_users_count 0 6
stats: request 388 6071.340451030928 1892.2746428433854 11979.593 7.316 599.0612795180721 415
stats: connect 740 1.7480662162162188 1.0742833297796444 18.171 0.809 1.7905622489959836 249
stats: page 388 6071.340451030928 1892.2746428433854 11979.593 7.316 599.0612795180721 415
stats: 302 82 193
stats: 200 304 602
stats: size_rcv 2264596 4622874
stats: newphase 2 7
stats: size_sent 298125 576739
stats: connected 740 983
stats: 204 2 8
# stats: dump at 1733509035
stats: users 3228 3344
stats: {freemem,"tsung_controller@ip-172-31-43-86"} 1 561.42578125 0.0 691.12890625 561.42578125 670.490234375 4
stats: {cpu,"tsung_controller@ip-172-31-43-86"} 1 11.158594491927825 0.0 11.158594491927825 0.7466401194624191 2.963542845322026 4
stats: {load,"tsung_controller@ip-172-31-43-86"} 1 0.0703125 0.0 0.0703125 0.0 0.0 4
stats: session 425 5336.556487058818 6990.005165970528 40499.395 65.457 17859.186166666666 6
stats: users_count 2625 3659
stats: finish_users_count 425 431
stats: connect 8458 3.846449751714361 12.030906350400222 1018.756 0.666 1.7587654196157754 989
stats: page 6726 509.4074269997021 2306.9478809209013 15392.632 1.21 3243.2011531755916 803
stats: 302 67 260
stats: error_send_einval 116 116
stats: 200 256 858
stats: size_rcv 1948196 6571070
stats: newphase 2 9
stats: size_sent 1324339 1901078
stats: connected 40 1023
stats: 204 5 13
stats: error_connection_closed 1285 1285
stats: error_abort_max_send_retries 222 222
stats: request 6726 509.4074269997021 2306.9478809209013 15392.632 1.21 3243.2011531755916 803
# stats: dump at 1733509045
stats: users 2617 3430
stats: {freemem,"tsung_controller@ip-172-31-43-86"} 1 413.23046875 0.0 691.12890625 413.23046875 648.67734375 5
stats: {cpu,"tsung_controller@ip-172-31-43-86"} 1 43.486073674752916 0.0 43.486073674752916 0.7466401194624191 4.602553174643186 5
stats: {load,"tsung_controller@ip-172-31-43-86"} 1 0.30078125 0.0 0.30078125 0.0 0.0140625 5
stats: session 893 7268.915932810751 7769.755912905228 47269.981 65.457 5510.885438515075 431
stats: users_count 282 3941
stats: finish_users_count 893 1324
stats: request 7007 842.6492634508331 3811.90294536153 22470.509 1.21 800.9782016204007 7529
stats: connect 11567 6.964874729834784 8.890734514817927 1018.756 0.666 3.6278914999470806 9447
stats: page 7007 842.6492634508331 3811.90294536153 22470.509 1.21 800.9782016204007 7529
stats: 302 66 326
stats: error_send_einval 185 301
stats: 200 264 1122
stats: size_rcv 1918839 8489909
stats: newphase 0 9
stats: size_sent 1692945 3594023
stats: connected -1 1022
stats: 204 1 14
stats: error_connection_closed 3356 4641
stats: error_abort_max_send_retries 1022 1244
# stats: dump at 1733509055
stats: users 2077 3430
stats: {freemem,"tsung_controller@ip-172-31-43-86"} 1 343.98046875 0.0 691.12890625 343.98046875 609.4361979166666 6
stats: {cpu,"tsung_controller@ip-172-31-43-86"} 1 38.60953213817228 0.0 43.486073674752916 0.7466401194624191 11.083139924661474 6
stats: {load,"tsung_controller@ip-172-31-43-86"} 1 0.55859375 0.0 0.55859375 0.0 0.061848958333333336 6
stats: session 540 22537.481494444455 7214.961792811278 51760.265 65.457 6696.62654984894 1324
stats: users_count 0 3941
stats: finish_users_count 540 1864
stats: connect 6616 1.8777463724304706 1.5824280707874128 1018.756 0.655 5.46470909869606 21014
stats: page 6432 1034.7712008706437 5109.257435026992 31191.661 1.21 821.0655110759483 14536
stats: request 6432 1034.7712008706437 5109.257435026992 31191.661 1.21 821.0655110759483 14536
stats: 302 66 392
stats: error_send_einval 51 352
stats: 200 189 1311
stats: size_rcv 1378202 9868111
stats: newphase 0 9
stats: size_sent 1958373 5552396
stats: connected -1 1021
stats: 204 0 14
stats: error_connection_closed 127 4768
stats: error_abort_max_send_retries 11 1255
# stats: dump at 1733509065
stats: users 1602 3430
stats: {freemem,"tsung_controller@ip-172-31-43-86"} 1 312.1640625 0.0 691.12890625 312.1640625 571.5139508928571 7
stats: {cpu,"tsung_controller@ip-172-31-43-86"} 1 33.0 0.0 43.486073674752916 0.7466401194624191 15.01548166944873 7
stats: {load,"tsung_controller@ip-172-31-43-86"} 1 0.55078125 0.0 0.55859375 0.0 0.1328125 7
stats: session 475 31538.099181052617 8399.972673654505 67387.251 65.457 11285.715428648069 1864
stats: users_count 0 3941
stats: finish_users_count 475 2339
stats: page 4073 2241.5830935428385 8261.415697011962 39161.334 1.21 886.6204040919479 20968
stats: request 4073 2241.5830935428385 8261.415697011962 39161.334 1.21 886.6204040919479 20968
stats: connect 4175 1.8121729341317385 1.3522824249838243 1018.756 0.655 4.605811328266341 27630
stats: 302 106 498
stats: error_send_einval 43 395
stats: 200 172 1483
stats: size_rcv 1284281 11152392
stats: newphase 0 9
stats: size_sent 1685084 7237480
stats: connected 1 1022
stats: 204 1 15
stats: error_connection_closed 54 4822
stats: error_abort_max_send_retries 5 1260
stats: 404 1 1
# stats: dump at 1733509075
stats: users 1411 3430
stats: {freemem,"tsung_controller@ip-172-31-43-86"} 1 304.65234375 0.0 691.12890625 304.65234375 539.09521484375 8
stats: {cpu,"tsung_controller@ip-172-31-43-86"} 1 24.721106648817493 0.0 43.486073674752916 0.7466401194624191 17.26354646076764 8
stats: {load,"tsung_controller@ip-172-31-43-86"} 1 0.62109375 0.0 0.62109375 0.0 0.18505859375 8
stats: session 191 44378.72812041884 8648.748020068937 72672.387 65.457 15398.533847798202 2339
stats: users_count 0 3941
stats: finish_users_count 191 2530
stats: request 2166 4217.365885964913 11658.19812270797 41952.296 1.21 1107.0094873607263 25041
stats: connect 2270 2.3828837004405266 21.34152154083922 1018.756 0.655 4.239094136142085 31805
stats: page 2166 4217.365885964913 11658.19812270797 41952.296 1.21 1107.0094873607263 25041
stats: 302 221 719
stats: error_send_einval 64 459
stats: 200 29 1512
stats: size_rcv 373432 11525824
stats: newphase 0 9
stats: size_sent 1086000 8323480
stats: connected -1 1021
stats: 204 0 15
stats: error_connection_closed 44 4866
stats: error_abort_max_send_retries 0 1260
stats: 404 2 3
# stats: dump at 1733509085
stats: users 1269 3430
stats: {freemem,"tsung_controller@ip-172-31-43-86"} 1 307.0234375 0.0 691.12890625 304.65234375 513.0460069444445 9
stats: {cpu,"tsung_controller@ip-172-31-43-86"} 1 17.611241217798597 0.0 43.486073674752916 0.7466401194624191 18.092164259439844 9
stats: {load,"tsung_controller@ip-172-31-43-86"} 1 0.6015625 0.0 0.62109375 0.0 0.23350694444444445 9
stats: session 142 53815.936169014094 7341.9227727068555 82409.853 65.457 17586.36669604743 2530
stats: users_count 0 3941
stats: finish_users_count 142 2672
stats: request 1628 14958.036475430012 13947.68095894864 44055.412 1.21 1354.6307598044602 27207
stats: connect 1639 2.033330689444783 1.4474522172254582 1018.756 0.655 4.115437564196596 34075
stats: page 1628 14958.036475430012 13947.68095894864 44055.412 1.21 1354.6307598044602 27207
stats: 302 810 1529
stats: error_send_einval 17 476
stats: 200 68 1580
stats: size_rcv 1674235 13200059
stats: newphase 0 9
stats: size_sent 645657 8969137
stats: connected -4 1017
stats: 204 0 15
stats: error_connection_closed 6 4872
stats: error_abort_max_send_retries 3 1263
stats: 404 103 106
# stats: dump at 1733509095
stats: users 989 3430
stats: {freemem,"tsung_controller@ip-172-31-43-86"} 1 301.90234375 0.0 691.12890625 301.90234375 492.44375 10
stats: {cpu,"tsung_controller@ip-172-31-43-86"} 1 14.927468413664016 0.0 43.486073674752916 0.7466401194624191 18.04407195527572 10
stats: {load,"tsung_controller@ip-172-31-43-86"} 1 0.66015625 0.0 0.66015625 0.0 0.2703125 10
stats: session 280 64400.60042142852 7133.487569531729 95333.182 65.457 19511.740522829343 2672
stats: users_count 0 3941
stats: finish_users_count 280 2952
stats: request 2389 5322.399472582671 4000.320588849233 44055.412 1.21 2122.6676769204096 28835
stats: 302 1688 3217
stats: error_send_einval 0 476
stats: connect 611 1.9766301145662841 1.3260004865584865 1018.756 0.655 4.0198847510779805 35714
stats: 200 370 1950
stats: size_rcv 5972625 19172684
stats: page 2389 5322.399472582671 4000.320588849233 44055.412 1.21 2122.6676769204096 28835
stats: newphase 0 9
stats: size_sent 838978 9808115
stats: connected -29 988
stats: 204 19 34
stats: error_connection_closed 0 4872
stats: error_abort_max_send_retries 0 1263
stats: 404 302 408
# stats: dump at 1733509105
stats: users 367 3430
stats: {freemem,"tsung_controller@ip-172-31-43-86"} 1 275.43359375 0.0 691.12890625 275.43359375 475.12180397727275 11
stats: {cpu,"tsung_controller@ip-172-31-43-86"} 1 16.005535055350553 0.0 43.486073674752916 0.7466401194624191 17.760744360583747 11
stats: {load,"tsung_controller@ip-172-31-43-86"} 1 0.55859375 0.0 0.66015625 0.0 0.3057528409090909 11
stats: session 622 73907.46252090027 7042.038276099696 98773.186 65.457 23769.491461720863 2952
stats: users_count 0 3941
stats: finish_users_count 622 3574
stats: request 3047 983.8043964555275 650.6643057412593 44055.412 1.21 2367.484460799385 31224
stats: connect 11 2.3008181818181823 2.0654233472355696 1018.756 0.655 3.9855164487267443 36325
stats: page 3047 983.8043964555275 650.6643057412593 44055.412 1.21 2367.484460799385 31224
stats: 302 2021 5238
stats: error_send_einval 0 476
stats: 200 526 2476
stats: size_rcv 7860146 27032830
stats: newphase 0 9
stats: size_sent 1172704 10980819
stats: connected -610 378
stats: 204 106 140
stats: error_connection_closed 0 4872
stats: error_abort_max_send_retries 0 1263
stats: 404 394 802
# stats: dump at 1733509115
stats: users 59 3430
stats: {freemem,"tsung_controller@ip-172-31-43-86"} 1 334.19921875 0.0 691.12890625 275.43359375 458.4811197916667 12
stats: {cpu,"tsung_controller@ip-172-31-43-86"} 1 16.62849289967934 0.0 43.486073674752916 0.7466401194624191 17.614476918480978 12
stats: {load,"tsung_controller@ip-172-31-43-86"} 1 0.5390625 0.0 0.66015625 0.0 0.32682291666666663 12
stats: session 308 81632.05989610385 7000.813176310018 103869.406 65.457 32495.237963905973 3574
stats: users_count 0 3941
stats: finish_users_count 308 3882
stats: request 1081 23.507997224791854 32.91780130357156 44055.412 1.21 2244.4628636456478 34271
stats: connect 1 3.192 0.0 1018.756 0.655 3.985006439894292 36336
stats: page 1081 23.507997224791854 32.91780130357156 44055.412 1.21 2244.4628636456478 34271
stats: 302 588 5826
stats: error_send_einval 0 476
stats: 200 292 2768
stats: size_rcv 3531531 30564361
stats: newphase 0 9
stats: size_sent 623807 11604626
stats: connected -318 60
stats: 204 123 263
stats: error_connection_closed 0 4872
stats: error_abort_max_send_retries 0 1263
stats: 404 78 880
# stats: dump at 1733509125
stats: users 4 3430
stats: {freemem,"tsung_controller@ip-172-31-43-86"} 1 498.80859375 0.0 691.12890625 275.43359375 448.9209735576923 13
stats: {cpu,"tsung_controller@ip-172-31-43-86"} 1 6.048780487804878 0.0 43.486073674752916 0.7466401194624191 17.538631993957775 13
stats: {load,"tsung_controller@ip-172-31-43-86"} 1 0.4609375 0.0 0.66015625 0.0 0.34314903846153844 13
stats: session 55 90263.77720000003 6177.191113243679 106108.463 65.457 36393.78025012878 3882
stats: users_count 0 3941
stats: finish_users_count 55 3937
stats: connect 0 0 0 1018.756 0.655 3.9849846162313622 36337
stats: 302 68 5894
stats: request 135 26.247444444444472 30.019288163807758 44055.412 1.21 2176.550094619823 35352
stats: error_send_einval 0 476
stats: 200 47 2815
stats: page 135 26.247444444444472 30.019288163807758 44055.412 1.21 2176.550094619823 35352
stats: size_rcv 559169 31123530
stats: newphase 0 9
stats: size_sent 91045 11695671
stats: connected -56 4
stats: 204 19 282
stats: error_connection_closed 0 4872
stats: error_abort_max_send_retries 0 1263
stats: 404 1 881
# stats: dump at 1733509133
stats: users 0 3430
stats: {freemem,"tsung_controller@ip-172-31-43-86"} 1 582.67578125 0.0 691.12890625 275.43359375 452.484375 14
stats: {cpu,"tsung_controller@ip-172-31-43-86"} 1 1.1448481831757094 0.0 43.486073674752916 0.7466401194624191 16.717928314946853 14
stats: {load,"tsung_controller@ip-172-31-43-86"} 1 0.390625 0.0 0.66015625 0.0 0.3515625 14
stats: session 4 102900.958 6415.732329188033 107736.73 65.457 37146.34561264921 3937
stats: users_count 0 3941
stats: finish_users_count 4 3941
stats: connect 0 0 0 1018.756 0.655 3.9849846162313622 36337
stats: page 9 18.608777777777775 22.02596711347655 44055.412 1.21 2168.3698917913603 35487
stats: 302 5 5899
stats: request 9 18.608777777777775 22.02596711347655 44055.412 1.21 2168.3698917913603 35487
stats: error_send_einval 0 476
stats: 200 3 2818
stats: size_rcv 34320 31157850
stats: newphase 0 9
stats: size_sent 6687 11702358
stats: connected -4 0
stats: 204 1 283
stats: error_connection_closed 0 4872
stats: error_abort_max_send_retries 0 1263
stats: 404 0 881
EndMonitor:{1733,509133,34095}
