# stats: dump at 1733369349
stats: users 5 5
stats: {load,"tsung_controller@ip-172-31-42-147"} 1 0.0 0 0.0 0.0 0 0
stats: {cpu,"tsung_controller@ip-172-31-42-147"} 1 4.578128805539125 0 4.578128805539125 4.578128805539125 0 0
stats: {freemem,"tsung_controller@ip-172-31-42-147"} 1 681.82421875 0 681.82421875 681.82421875 0 0
stats: users_count 5 5
stats: finish_users_count 0 0
stats: request 8 174.13275 150.73945622642233 392.4 10.159 0 0
stats: connect 5 3.1266000000000003 2.606273861281658 8.335 1.697 0 0
stats: page 8 174.13275 150.73945622642233 392.4 10.159 0 0
stats: 302 3 3
stats: 200 5 5
stats: size_rcv 24581 24581
stats: size_sent 2296 2296
stats: connected 5 5
# stats: dump at 1733369359
stats: users 30 30
stats: {load,"tsung_controller@ip-172-31-42-147"} 1 0.0 0.0 0.0 0.0 0.0 1
stats: {cpu,"tsung_controller@ip-172-31-42-147"} 1 0.25012506253126565 0.0 4.578128805539125 0.25012506253126565 4.578128805539125 1
stats: {freemem,"tsung_controller@ip-172-31-42-147"} 1 681.8671875 0.0 681.8671875 681.82421875 681.82421875 1
stats: session 2 9977.843499999999 1713.2954999999988 11691.139 8264.548 0 0
stats: users_count 27 32
stats: finish_users_count 2 2
stats: request 94 79.90582978723404 132.70545741520783 426.954 5.178 174.13275 8
stats: page 94 79.90582978723404 132.70545741520783 426.954 5.178 174.13275 8
stats: 302 22 25
stats: 200 47 52
stats: size_rcv 347756 372337
stats: newphase 2 2
stats: size_sent 49850 52146
stats: connected 24 29
stats: 404 25 25
stats: connect 25 2.19792 1.2993015945499335 8.335 1.425 3.1266000000000003 5
# stats: dump at 1733369369
stats: users 126 128
stats: {load,"tsung_controller@ip-172-31-42-147"} 1 0.0 0.0 0.0 0.0 0.0 2
stats: {cpu,"tsung_controller@ip-172-31-42-147"} 1 2.144638403990025 0.0 4.578128805539125 0.25012506253126565 2.4141269340351954 2
stats: {freemem,"tsung_controller@ip-172-31-42-147"} 1 671.296875 0.0 681.8671875 671.296875 681.845703125 2
stats: session 14 11945.016428571427 3464.6999293111066 16738.05 5606.253 9977.843499999999 2
stats: users_count 110 142
stats: finish_users_count 14 16
stats: request 300 160.50933666666666 383.6053649438748 3422.965 4.775 87.29617647058822 102
stats: connect 112 1.8871071428571426 0.9546518751912251 8.335 1.262 2.3526999999999996 30
stats: page 300 160.50933666666666 383.6053649438748 3422.965 4.775 87.29617647058822 102
stats: 302 64 89
stats: 200 173 225
stats: size_rcv 1117014 1489351
stats: newphase 2 4
stats: size_sent 171255 223401
stats: connected 98 127
stats: 404 63 88
# stats: dump at 1733369379
stats: users 559 559
stats: {load,"tsung_controller@ip-172-31-42-147"} 1 0.0 0.0 0.0 0.0 0.0 3
stats: {cpu,"tsung_controller@ip-172-31-42-147"} 1 1.1976047904191618 0.0 4.578128805539125 0.25012506253126565 2.3242974240201386 3
stats: {freemem,"tsung_controller@ip-172-31-42-147"} 1 651.703125 0.0 681.8671875 651.703125 678.3294270833334 3
stats: session 5 21151.9636 8234.488653117582 33547.465 5606.253 11699.1198125 16
stats: users_count 438 580
stats: finish_users_count 5 21
stats: request 204 4544.002004901959 2829.82963773805 11075.012 4.775 141.9328631840796 402
stats: connect 420 1.932321428571428 1.4562031334025114 19.571 1.087 1.9854718309859152 142
stats: page 204 4544.002004901959 2829.82963773805 11075.012 4.775 141.9328631840796 402
stats: 302 54 143
stats: 200 134 359
stats: size_rcv 706991 2196342
stats: newphase 2 6
stats: size_sent 188605 412006
stats: connected 414 541
stats: 404 16 104
# stats: dump at 1733369389
stats: users 2384 2384
stats: {load,"tsung_controller@ip-172-31-42-147"} 1 0.0 0.0 0.0 0.0 0.0 4
stats: {cpu,"tsung_controller@ip-172-31-42-147"} 1 3.087649402390438 0.0 4.578128805539125 0.25012506253126565 2.0426242656198945 4
stats: {freemem,"tsung_controller@ip-172-31-42-147"} 1 621.390625 0.0 681.8671875 621.390625 671.6728515625 4
stats: session 12 18850.642916666668 9715.839733266434 33547.465 3528.199 13949.796904761904 21
stats: users_count 1837 2417
stats: finish_users_count 12 33
stats: page 3065 952.2962962479617 2762.846438371211 15780.839 1.51 1623.8175247524744 606
stats: 302 67 210
stats: error_send_einval 7 7
stats: 200 282 641
stats: request 3065 952.2962962479617 2762.846438371211 15780.839 1.51 1623.8175247524744 606
stats: size_rcv 1295476 3491818
stats: newphase 2 8
stats: connect 3451 1.770684439292955 1.1214720687952584 20.549 0.818 1.9457508896797149 562
stats: size_sent 696601 1108607
stats: connected 481 1022
stats: error_connection_closed 7 7
stats: 404 5 109
# stats: dump at 1733369399
stats: users 3780 4345
stats: {load,"tsung_controller@ip-172-31-42-147"} 1 0.16015625 0.0 0.16015625 0.0 0.0 5
stats: {cpu,"tsung_controller@ip-172-31-42-147"} 1 19.715447154471544 0.0 19.715447154471544 0.25012506253126565 2.251629292974003 5
stats: {freemem,"tsung_controller@ip-172-31-42-147"} 1 503.640625 0.0 681.8671875 503.640625 661.61640625 5
stats: session 850 10015.870980000003 7271.227854365109 52028.131 69.147 15731.922727272728 33
stats: users_count 2246 4663
stats: finish_users_count 850 883
stats: request 14720 345.96411046195743 2275.038224336114 20626.11 1.434 1063.1494328520844 3671
stats: connect 16998 2.8948209201082458 8.398020877032254 1033.806 0.789 1.795201594816842 4013
stats: page 14720 345.96411046195743 2275.038224336114 20626.11 1.434 1063.1494328520844 3671
stats: 302 65 275
stats: error_send_einval 229 236
stats: 200 263 904
stats: size_rcv 1217601 4709419
stats: newphase 1 9
stats: size_sent 2765515 3874122
stats: connected 4 1026
stats: error_connection_closed 1784 1791
stats: error_abort_max_send_retries 261 261
stats: 404 6 115
# stats: dump at 1733369409
stats: users 1930 4345
stats: {load,"tsung_controller@ip-172-31-42-147"} 1 0.51953125 0.0 0.51953125 0.0 0.026692708333333332 6
stats: {cpu,"tsung_controller@ip-172-31-42-147"} 1 49.01315789473684 0.0 49.01315789473684 0.25012506253126565 5.162265603223593 6
stats: {freemem,"tsung_controller@ip-172-31-42-147"} 1 372.96875 0.0 681.8671875 372.96875 635.287109375 6
stats: session 1850 15348.330636216235 6448.419731670034 53302.568 69.147 10229.494657984147 883
stats: users_count 0 4663
stats: finish_users_count 1850 2733
stats: connect 9838 9.0223904248831 15.98708466645125 1033.806 0.789 2.6847989148541216 21011
stats: page 7433 815.7011224270201 4247.5555820634745 28383.47 1.434 489.1203998695022 18391
stats: 302 55 330
stats: error_send_einval 111 347
stats: 200 209 1113
stats: size_rcv 953022 5662441
stats: request 7433 815.7011224270201 4247.5555820634745 28383.47 1.434 489.1203998695022 18391
stats: newphase 0 9
stats: size_sent 1937392 5811514
stats: connected -4 1022
stats: error_connection_closed 1773 3564
stats: error_abort_max_send_retries 525 786
stats: 404 1 116
# stats: dump at 1733369419
stats: users 1384 4345
stats: {load,"tsung_controller@ip-172-31-42-147"} 1 0.51171875 0.0 0.51953125 0.0 0.09709821428571429 7
stats: {cpu,"tsung_controller@ip-172-31-42-147"} 1 24.72670484122853 0.0 49.01315789473684 0.25012506253126565 11.426678787725487 7
stats: {freemem,"tsung_controller@ip-172-31-42-147"} 1 389.7734375 0.0 681.8671875 372.96875 597.8130580357143 7
stats: session 546 25377.460553113557 7749.183966736331 62576.723 69.147 13694.495228686439 2733
stats: users_count 0 4663
stats: finish_users_count 546 3279
stats: connect 2667 1.8697090363704572 1.1061037724305782 1033.806 0.789 4.7059090083957305 30849
stats: 302 69 399
stats: request 2654 3539.1546269781416 9784.50586318522 36508.654 1.434 583.1211166744135 25824
stats: error_send_einval 11 358
stats: 200 233 1346
stats: page 2654 3539.1546269781416 9784.50586318522 36508.654 1.434 583.1211166744135 25824
stats: size_rcv 1090087 6752528
stats: newphase 0 9
stats: size_sent 1123857 6935371
stats: connected -1 1021
stats: error_connection_closed 6 3570
stats: error_abort_max_send_retries 0 786
stats: 404 6 122
# stats: dump at 1733369429
stats: users 1209 4345
stats: {load,"tsung_controller@ip-172-31-42-147"} 1 0.4296875 0.0 0.51953125 0.0 0.14892578125 8
stats: {cpu,"tsung_controller@ip-172-31-42-147"} 1 11.657648794884407 0.0 49.01315789473684 0.25012506253126565 13.089182044413366 8
stats: {freemem,"tsung_controller@ip-172-31-42-147"} 1 391.83203125 0.0 681.8671875 372.96875 571.80810546875 8
stats: session 175 39640.714291428565 7360.432140264872 62576.723 69.147 15639.874633119865 3279
stats: users_count 0 4663
stats: finish_users_count 175 3454
stats: request 1248 6685.110653044875 13843.248875496834 42494.638 1.434 858.6079112648375 28478
stats: 302 164 563
stats: connect 1242 2.0304347826086944 1.2299671759027646 1033.806 0.789 4.480221416636827 33516
stats: error_send_einval 3 361
stats: 200 71 1417
stats: page 1248 6685.110653044875 13843.248875496834 42494.638 1.434 858.6079112648375 28478
stats: size_rcv 439146 7191674
stats: newphase 0 9
stats: size_sent 633285 7568656
stats: connected -2 1019
stats: error_connection_closed 3 3573
stats: error_abort_max_send_retries 0 786
stats: 404 3 125
# stats: dump at 1733369439
stats: users 1043 4345
stats: {load,"tsung_controller@ip-172-31-42-147"} 1 0.37109375 0.0 0.51953125 0.0 0.1801215277777778 9
stats: {cpu,"tsung_controller@ip-172-31-42-147"} 1 8.317214700193423 0.0 49.01315789473684 0.25012506253126565 12.930122794465705 9
stats: {freemem,"tsung_controller@ip-172-31-42-147"} 1 399.64453125 0.0 681.8671875 372.96875 551.8107638888889 9
stats: session 166 48336.490765060225 7261.098238339486 73962.506 69.147 16855.898645917787 3454
stats: users_count 0 4663
stats: finish_users_count 166 3620
stats: page 887 23338.11554227734 13864.055081390889 44562.125 1.434 1103.2245909977812 29726
stats: 302 647 1210
stats: request 887 23338.11554227734 13864.055081390889 44562.125 1.434 1103.2245909977812 29726
stats: connect 694 1.9687896253602317 1.1899909047707191 1033.806 0.789 4.392683727487193 34758
stats: error_send_einval 2 363
stats: 200 16 1433
stats: size_rcv 563917 7755591
stats: newphase 0 9
stats: size_sent 307748 7876404
stats: connected -33 986
stats: error_connection_closed 0 3573
stats: error_abort_max_send_retries 1 787
stats: 404 15 140
# stats: dump at 1733369449
stats: users 895 4345
stats: {load,"tsung_controller@ip-172-31-42-147"} 1 0.30859375 0.0 0.51953125 0.0 0.19921875 10
stats: {cpu,"tsung_controller@ip-172-31-42-147"} 1 5.645557191948945 0.0 49.01315789473684 0.25012506253126565 12.468831985038475 10
stats: {freemem,"tsung_controller@ip-172-31-42-147"} 1 405.328125 0.0 681.8671875 372.96875 536.594140625 10
stats: session 148 60354.298013513515 6599.586696638788 80960.4 69.147 18299.483809392277 3620
stats: users_count 0 4663
stats: finish_users_count 148 3768
stats: request 735 17480.37979047619 6525.734892929644 45404.327 1.434 1747.4720765034479 30613
stats: connect 149 1.999080536912751 1.164095250356717 1033.806 0.789 4.345234147579823 35452
stats: page 735 17480.37979047619 6525.734892929644 45404.327 1.434 1747.4720765034479 30613
stats: 302 620 1830
stats: error_send_einval 0 363
stats: 200 76 1509
stats: size_rcv 974575 8730166
stats: newphase 0 9
stats: size_sent 251353 8127757
stats: connected -77 909
stats: error_connection_closed 0 3573
stats: error_abort_max_send_retries 0 787
stats: 404 39 179
# stats: dump at 1733369459
stats: users 226 4345
stats: {load,"tsung_controller@ip-172-31-42-147"} 1 0.26171875 0.0 0.51953125 0.0 0.20916193181818182 11
stats: {cpu,"tsung_controller@ip-172-31-42-147"} 1 3.338315894369706 0.0 49.01315789473684 0.25012506253126565 11.848534276575792 11
stats: {freemem,"tsung_controller@ip-172-31-42-147"} 1 410.37890625 0.0 681.8671875 372.96875 524.6608664772727 11
stats: session 669 68326.74741106122 7119.146696540215 89981.938 69.147 19951.318337579632 3768
stats: users_count 0 4663
stats: finish_users_count 669 4437
stats: request 2340 2906.31377863247 4460.5605815744675 45404.327 1.434 2116.353254561696 31348
stats: 302 1711 3541
stats: connect 10 2.3229999999999995 2.022700175507977 1033.806 0.789 4.335414847897527 35601
stats: page 2340 2906.31377863247 4460.5605815744675 45404.327 1.434 2116.353254561696 31348
stats: error_send_einval 0 363
stats: 200 273 1782
stats: size_rcv 4311223 13041389
stats: newphase 0 9
stats: size_sent 895902 9023659
stats: connected -673 236
stats: error_connection_closed 0 3573
stats: error_abort_max_send_retries 0 787
stats: 404 356 535
# stats: dump at 1733369469
stats: users 30 4345
stats: {load,"tsung_controller@ip-172-31-42-147"} 1 0.2890625 0.0 0.51953125 0.0 0.21354166666666666 12
stats: {cpu,"tsung_controller@ip-172-31-42-147"} 1 5.2737317930688095 0.0 49.01315789473684 0.25012506253126565 11.139349411391953 12
stats: {freemem,"tsung_controller@ip-172-31-42-147"} 1 452.90625 0.0 681.8671875 372.96875 515.1373697916666 12
stats: session 196 77495.16437755105 6484.961503904183 95492.292 69.147 27245.24712959207 4437
stats: users_count 0 4663
stats: finish_users_count 196 4633
stats: request 459 20.21659041394334 28.52246879732033 45404.327 1.434 2171.224651686061 33688
stats: connect 0 0 0 1033.806 0.789 4.334849737440675 35611
stats: page 459 20.21659041394334 28.52246879732033 45404.327 1.434 2171.224651686061 33688
stats: 302 386 3927
stats: error_send_einval 0 363
stats: 200 55 1837
stats: size_rcv 700502 13741891
stats: newphase 0 9
stats: size_sent 298183 9321842
stats: connected -205 31
stats: error_connection_closed 0 3573
stats: error_abort_max_send_retries 0 787
stats: 404 18 553
# stats: dump at 1733369479
stats: users 1 4345
stats: {load,"tsung_controller@ip-172-31-42-147"} 1 0.25 0.0 0.51953125 0.0 0.21935096153846154 13
stats: {cpu,"tsung_controller@ip-172-31-42-147"} 1 1.0542168674698795 0.0 49.01315789473684 0.25012506253126565 10.688148056136326 13
stats: {freemem,"tsung_controller@ip-172-31-42-147"} 1 558.609375 0.0 681.8671875 372.96875 510.3503605769231 13
stats: session 29 86658.15262068964 5074.106698486338 95492.292 69.147 29371.08001985755 4633
stats: users_count 0 4663
stats: finish_users_count 29 4662
stats: 302 52 3979
stats: request 52 9.212346153846157 4.664670467727083 45404.327 1.434 2142.3110516590045 34147
stats: error_send_einval 0 363
stats: 200 0 1837
stats: connect 0 0 0 1033.806 0.789 4.334849737440675 35611
stats: size_rcv 51509 13793400
stats: newphase 0 9
stats: page 52 9.212346153846157 4.664670467727083 45404.327 1.434 2142.3110516590045 34147
stats: size_sent 35149 9356991
stats: connected -30 1
stats: error_connection_closed 0 3573
stats: error_abort_max_send_retries 0 787
stats: 404 0 553
# stats: dump at 1733369484
stats: users 0 4345
stats: {load,"tsung_controller@ip-172-31-42-147"} 1 0.2109375 0.0 0.51953125 0.0 0.22154017857142858 14
stats: {cpu,"tsung_controller@ip-172-31-42-147"} 1 0.29985007496251875 0.0 49.01315789473684 0.25012506253126565 10.000010114088722 14
stats: {freemem,"tsung_controller@ip-172-31-42-147"} 1 570.58203125 0.0 681.8671875 372.96875 513.7974330357143 14
stats: session 1 96838.475 0.0 96838.475 69.147 29727.434611325618 4662
stats: users_count 0 4663
stats: finish_users_count 1 4663
stats: request 2 4.9825 0.2705000000000002 45404.327 1.434 2139.067648849382 34199
stats: connect 0 0 0 1033.806 0.789 4.334849737440675 35611
stats: page 2 4.9825 0.2705000000000002 45404.327 1.434 2139.067648849382 34199
stats: 302 2 3981
stats: error_send_einval 0 363
stats: 200 0 1837
stats: size_rcv 1860 13795260
stats: newphase 0 9
stats: size_sent 1227 9358218
stats: connected -1 0
stats: error_connection_closed 0 3573
stats: error_abort_max_send_retries 0 787
stats: 404 0 553
EndMonitor:{1733,369484,731070}
