# stats: dump at 1733870754
stats: users 10 10
stats: {freemem,"tsung_controller@ip-172-31-32-209"} 1 678.19140625 0 678.19140625 678.19140625 0 0
stats: {load,"tsung_controller@ip-172-31-32-209"} 1 0.08984375 0 0.08984375 0.08984375 0 0
stats: {cpu,"tsung_controller@ip-172-31-32-209"} 1 6.779483766696773 0 6.779483766696773 6.779483766696773 0 0
stats: users_count 10 10
stats: finish_users_count 0 0
stats: request 18 91.21511111111111 122.32728239889401 317.404 7.87 0 0
stats: connect 9 2.548222222222222 2.888118640906328 10.623 1.24 0 0
stats: page 18 91.21511111111111 122.32728239889401 317.404 7.87 0 0
stats: 302 5 5
stats: 200 13 13
stats: size_rcv 96066 96066
stats: newphase 1 1
stats: size_sent 7346 7346
stats: connected 9 9
# stats: dump at 1733870764
stats: users 45 45
stats: {freemem,"tsung_controller@ip-172-31-32-209"} 1 676.5234375 0.0 678.19140625 676.5234375 678.19140625 1
stats: {load,"tsung_controller@ip-172-31-32-209"} 1 0.078125 0.0 0.08984375 0.078125 0.08984375 1
stats: {cpu,"tsung_controller@ip-172-31-32-209"} 1 1.045816733067729 0.0 6.779483766696773 1.045816733067729 6.779483766696773 1
stats: users_count 35 45
stats: finish_users_count 0 0
stats: request 103 121.40356310679614 209.70924850853143 857.084 6.549 91.21511111111111 18
stats: connect 34 2.4763823529411764 4.24616209420658 25.525 1.238 2.548222222222222 9
stats: page 103 121.40356310679614 209.70924850853143 857.084 6.549 91.21511111111111 18
stats: 302 30 35
stats: 200 73 86
stats: size_rcv 588384 684450
stats: newphase 2 3
stats: size_sent 50118 57464
stats: connected 34 43
# stats: dump at 1733870774
stats: users 230 230
stats: {freemem,"tsung_controller@ip-172-31-32-209"} 1 663.859375 0.0 678.19140625 663.859375 677.357421875 2
stats: {load,"tsung_controller@ip-172-31-32-209"} 1 0.0703125 0.0 0.08984375 0.0703125 0.083984375 2
stats: {cpu,"tsung_controller@ip-172-31-32-209"} 1 0.4511278195488722 0.0 6.779483766696773 0.4511278195488722 3.912650249882251 2
stats: session 2 12430.4915 3480.1494999999995 15910.641 8950.342 0 0
stats: users_count 187 232
stats: finish_users_count 2 2
stats: request 306 463.7715196078433 984.4269277840486 5809.616 6.549 116.91271900826447 121
stats: connect 175 1.5596914285714294 0.5539837095961931 25.525 1.031 2.491418604651163 43
stats: page 306 463.7715196078433 984.4269277840486 5809.616 6.549 116.91271900826447 121
stats: 302 71 106
stats: 200 227 313
stats: size_rcv 1734932 2419382
stats: newphase 2 5
stats: size_sent 220178 277642
stats: connected 173 216
stats: 204 8 8
# stats: dump at 1733870784
stats: users 949 949
stats: {freemem,"tsung_controller@ip-172-31-32-209"} 1 623.4375 0.0 678.19140625 623.4375 672.8580729166666 3
stats: {load,"tsung_controller@ip-172-31-32-209"} 1 0.05859375 0.0 0.08984375 0.05859375 0.07942708333333333 3
stats: {cpu,"tsung_controller@ip-172-31-32-209"} 1 1.6016016016016015 0.0 6.779483766696773 0.4511278195488722 2.758809439771125 3
stats: session 2 25686.444499999998 370.1964999999991 26056.641 8950.342 12430.4915 2
stats: users_count 721 953
stats: finish_users_count 2 4
stats: connect 688 1.7285828488372097 1.530539039638323 25.525 0.852 1.7434724770642207 218
stats: request 382 5299.827219895282 1689.2089013883444 10977.412 6.549 365.4813208430915 427
stats: page 382 5299.827219895282 1689.2089013883444 10977.412 6.549 365.4813208430915 427
stats: 302 89 195
stats: 200 289 602
stats: size_rcv 2178082 4597464
stats: newphase 2 7
stats: size_sent 294283 571925
stats: connected 686 902
stats: 204 4 12
# stats: dump at 1733870794
stats: users 3828 3828
stats: {freemem,"tsung_controller@ip-172-31-32-209"} 1 547.47265625 0.0 678.19140625 547.47265625 660.5029296875 4
stats: {load,"tsung_controller@ip-172-31-32-209"} 1 0.05078125 0.0 0.08984375 0.05078125 0.07421875 4
stats: {cpu,"tsung_controller@ip-172-31-32-209"} 1 5.9760956175298805 0.0 6.779483766696773 0.4511278195488722 2.469507480228744 4
stats: session 15 25005.50886666666 14067.88986658069 44740.523 69.669 19058.468 4
stats: users_count 2894 3847
stats: finish_users_count 15 19
stats: request 6762 438.0748812481522 2031.993910711406 15052.871 1.197 2695.4196810877597 809
stats: 302 66 261
stats: connect 7046 1.6758299744535872 1.5681058074919034 25.525 0.666 1.7321655629139079 906
stats: page 6762 438.0748812481522 2031.993910711406 15052.871 1.197 2695.4196810877597 809
stats: error_send_einval 30 30
stats: 200 250 852
stats: size_rcv 1907899 6505363
stats: newphase 2 9
stats: size_sent 1387435 1959360
stats: connected 120 1022
stats: 204 2 14
stats: error_connection_closed 94 94
stats: error_abort_max_send_retries 3 3
# stats: dump at 1733870804
stats: users 2858 4246
stats: {freemem,"tsung_controller@ip-172-31-32-209"} 1 377.31640625 0.0 678.19140625 377.31640625 637.896875 5
stats: {load,"tsung_controller@ip-172-31-32-209"} 1 0.3515625 0.0 0.3515625 0.05078125 0.06953125 5
stats: {cpu,"tsung_controller@ip-172-31-32-209"} 1 40.43253408556652 0.0 40.43253408556652 0.4511278195488722 3.1708251076889713 5
stats: session 1459 6354.775219328303 6576.371653807902 47619.603 63.597 23753.50026315789 19
stats: users_count 489 4336
stats: finish_users_count 1459 1478
stats: request 8589 650.2565355687525 3380.47198577495 22542.662 1.197 679.2836968696345 7571
stats: connect 14727 11.462617912677404 15.577138821917842 86.505 0.649 1.682248490945671 7952
stats: page 8589 650.2565355687525 3380.47198577495 22542.662 1.197 679.2836968696345 7571
stats: 302 71 332
stats: error_send_einval 99 129
stats: 200 237 1089
stats: size_rcv 1700261 8205624
stats: newphase 0 9
stats: size_sent 1870899 3830259
stats: connected 2 1024
stats: 204 0 14
stats: error_connection_closed 4650 4744
stats: error_abort_max_send_retries 1390 1393
# stats: dump at 1733870814
stats: users 2286 4246
stats: {freemem,"tsung_controller@ip-172-31-32-209"} 1 356.8828125 0.0 678.19140625 356.8828125 594.466796875 6
stats: {load,"tsung_controller@ip-172-31-32-209"} 1 0.30078125 0.0 0.3515625 0.05078125 0.11653645833333333 6
stats: {cpu,"tsung_controller@ip-172-31-32-209"} 1 45.2544704264099 0.0 45.2544704264099 0.4511278195488722 9.38110993733523 6
stats: session 572 21317.39327272729 6486.681205812314 60437.798 63.597 6578.439479025706 1478
stats: users_count 0 4336
stats: finish_users_count 572 2050
stats: connect 7649 1.6841473395215052 1.3875639589657582 86.505 0.647 8.033300145509065 22679
stats: page 7508 1095.0011224027755 5194.627779511874 30611.782 1.197 663.8558324876249 16160
stats: 302 70 402
stats: error_send_einval 38 167
stats: 200 251 1340
stats: size_rcv 1798387 10004011
stats: request 7508 1095.0011224027755 5194.627779511874 30611.782 1.197 663.8558324876249 16160
stats: newphase 0 9
stats: size_sent 2203908 6034167
stats: connected -1 1023
stats: 204 0 14
stats: error_connection_closed 101 4845
stats: error_abort_max_send_retries 2 1395
# stats: dump at 1733870824
stats: users 1668 4246
stats: {freemem,"tsung_controller@ip-172-31-32-209"} 1 319.0390625 0.0 678.19140625 319.0390625 560.5262276785714 7
stats: {load,"tsung_controller@ip-172-31-32-209"} 1 0.328125 0.0 0.3515625 0.05078125 0.14285714285714285 7
stats: {cpu,"tsung_controller@ip-172-31-32-209"} 1 32.45002324500233 0.0 45.2544704264099 0.4511278195488722 14.505875721488755 7
stats: session 618 30360.18086893203 7960.593538909713 66725.42 63.597 10690.967074146343 2050
stats: users_count 0 4336
stats: finish_users_count 618 2668
stats: request 4633 1942.4939330887144 7766.952710259455 38573.729 1.197 800.6244160892368 23668
stats: connect 4908 2.268110839445805 2.7898477119456304 86.505 0.647 6.431985524927463 30328
stats: page 4633 1942.4939330887144 7766.952710259455 38573.729 1.197 800.6244160892368 23668
stats: 302 97 499
stats: error_send_einval 65 232
stats: 200 176 1516
stats: size_rcv 1291458 11295469
stats: newphase 0 9
stats: size_sent 1825383 7859550
stats: connected -3 1020
stats: 204 0 14
stats: error_connection_closed 186 5031
stats: error_abort_max_send_retries 28 1423
# stats: dump at 1733870834
stats: users 1446 4246
stats: {freemem,"tsung_controller@ip-172-31-32-209"} 1 309.71875 0.0 678.19140625 309.71875 530.34033203125 8
stats: {load,"tsung_controller@ip-172-31-32-209"} 1 0.4296875 0.0 0.4296875 0.05078125 0.166015625 8
stats: {cpu,"tsung_controller@ip-172-31-32-209"} 1 21.611721611721613 0.0 45.2544704264099 0.4511278195488722 16.74889416192795 8
stats: session 222 43311.202842342354 7261.766890253416 67533.886 63.597 15247.029339955023 2668
stats: users_count 0 4336
stats: finish_users_count 222 2890
stats: connect 2511 1.7976658701712513 1.2925227855634667 86.505 0.647 5.85200207174481 35236
stats: page 2508 6385.924832137165 12909.314506478622 42282.243 1.197 987.5535518886284 28301
stats: request 2508 6385.924832137165 12909.314506478622 42282.243 1.197 987.5535518886284 28301
stats: 302 437 936
stats: error_send_einval 21 253
stats: 200 40 1556
stats: size_rcv 704209 11999678
stats: newphase 0 9
stats: size_sent 1198754 9058304
stats: connected -16 1004
stats: 204 0 14
stats: error_connection_closed 15 5046
stats: error_abort_max_send_retries 0 1423
stats: 404 24 24
# stats: dump at 1733870844
stats: users 1232 4246
stats: {freemem,"tsung_controller@ip-172-31-32-209"} 1 307.515625 0.0 678.19140625 307.515625 505.8268229166667 9
stats: {load,"tsung_controller@ip-172-31-32-209"} 1 0.51171875 0.0 0.51171875 0.05078125 0.1953125 9
stats: {cpu,"tsung_controller@ip-172-31-32-209"} 1 15.106888361045131 0.0 45.2544704264099 0.4511278195488722 17.289208323016133 9
stats: session 214 52540.626813084054 8396.512511362744 91175.026 63.597 17402.823982698963 2890
stats: users_count 0 4336
stats: finish_users_count 214 3104
stats: connect 1663 1.6581990378833453 1.1193232017684225 86.505 0.647 5.582300156303815 37747
stats: page 2006 9833.656514955137 8033.654559335063 42282.243 1.197 1427.0068016164134 30809
stats: 302 1298 2234
stats: error_send_einval 0 253
stats: 200 157 1713
stats: size_rcv 3442624 15442302
stats: newphase 0 9
stats: request 2006 9833.656514955137 8033.654559335063 42282.243 1.197 1427.0068016164134 30809
stats: size_sent 706512 9764816
stats: connected 51 1055
stats: 204 0 14
stats: error_connection_closed 0 5046
stats: error_abort_max_send_retries 0 1423
stats: 404 222 246
# stats: dump at 1733870854
stats: users 665 4246
stats: {freemem,"tsung_controller@ip-172-31-32-209"} 1 302.37890625 0.0 678.19140625 302.37890625 485.995703125 10
stats: {load,"tsung_controller@ip-172-31-32-209"} 1 0.4296875 0.0 0.51171875 0.05078125 0.226953125 10
stats: {cpu,"tsung_controller@ip-172-31-32-209"} 1 12.211538461538462 0.0 45.2544704264099 0.4511278195488722 17.070976326819032 10
stats: session 567 62790.601361551984 7039.603961528049 91175.026 63.597 19825.340028350514 3104
stats: users_count 0 4336
stats: finish_users_count 567 3671
stats: request 3596 1555.2984249165725 1032.5542781976287 42282.243 1.197 1940.9101788816117 32815
stats: connect 182 1.7968516483516483 1.483274720196567 86.505 0.647 5.416713245369198 39410
stats: page 3596 1555.2984249165725 1032.5542781976287 42282.243 1.197 1940.9101788816117 32815
stats: 302 2553 4787
stats: error_send_einval 0 253
stats: 200 529 2242
stats: size_rcv 8487866 23930168
stats: newphase 0 9
stats: size_sent 1308336 11073152
stats: connected -378 677
stats: 204 63 77
stats: error_connection_closed 0 5046
stats: error_abort_max_send_retries 0 1423
stats: 404 451 697
# stats: dump at 1733870864
stats: users 142 4246
stats: {freemem,"tsung_controller@ip-172-31-32-209"} 1 314.87109375 0.0 678.19140625 302.37890625 469.30326704545456 11
stats: {load,"tsung_controller@ip-172-31-32-209"} 1 0.44140625 0.0 0.51171875 0.05078125 0.24538352272727273 11
stats: {cpu,"tsung_controller@ip-172-31-32-209"} 1 10.887690044139283 0.0 45.2544704264099 0.4511278195488722 16.629209248157164 11
stats: session 523 71565.85469980894 6953.173402783012 92767.07 63.597 26461.489081994 3671
stats: users_count 0 4336
stats: finish_users_count 523 4194
stats: request 2049 130.21194875549085 181.30276929037302 42282.243 1.197 1902.8266363461612 36411
stats: page 2049 130.21194875549085 181.30276929037302 42282.243 1.197 1902.8266363461612 36411
stats: 302 1281 6068
stats: error_send_einval 0 253
stats: 200 397 2639
stats: size_rcv 5578230 29508398
stats: newphase 0 9
stats: size_sent 959054 12032206
stats: connected -531 146
stats: 204 131 208
stats: error_connection_closed 0 5046
stats: error_abort_max_send_retries 0 1423
stats: 404 240 937
stats: connect 6 1.67 0.4619054737353376 86.505 0.647 5.400073146090122 39592
# stats: dump at 1733870874
stats: users 12 4246
stats: {freemem,"tsung_controller@ip-172-31-32-209"} 1 445.5859375 0.0 678.19140625 302.37890625 456.4339192708333 12
stats: {load,"tsung_controller@ip-172-31-32-209"} 1 0.37109375 0.0 0.51171875 0.05078125 0.26171875 12
stats: {cpu,"tsung_controller@ip-172-31-32-209"} 1 6.216348507097406 0.0 45.2544704264099 0.4511278195488722 16.15074931448901 12
stats: session 130 80160.6145076923 5559.372806774127 92767.07 63.597 32086.091661421087 4194
stats: users_count 0 4336
stats: finish_users_count 130 4324
stats: connect 0 0 0 86.505 0.647 5.3995079549472225 39598
stats: 302 214 6282
stats: request 381 15.238748031496067 17.277703199572628 42282.243 1.197 1808.3885839573604 38460
stats: error_send_einval 0 253
stats: 200 101 2740
stats: page 381 15.238748031496067 17.277703199572628 42282.243 1.197 1808.3885839573604 38460
stats: size_rcv 1219943 30728341
stats: newphase 0 9
stats: size_sent 221776 12253982
stats: connected -132 14
stats: 204 43 251
stats: error_connection_closed 0 5046
stats: error_abort_max_send_retries 0 1423
stats: 404 23 960
# stats: dump at 1733870884
stats: users 1 4246
stats: {freemem,"tsung_controller@ip-172-31-32-209"} 1 565.25390625 0.0 678.19140625 302.37890625 455.59945913461536 13
stats: {load,"tsung_controller@ip-172-31-32-209"} 1 0.30859375 0.0 0.51171875 0.05078125 0.27013221153846156 13
stats: {cpu,"tsung_controller@ip-172-31-32-209"} 1 1.3506753376688343 0.0 45.2544704264099 0.4511278195488722 15.386564636997347 13
stats: session 11 89167.57272727274 4515.119206763567 96206.711 63.597 33531.440405642934 4324
stats: users_count 0 4336
stats: finish_users_count 11 4335
stats: request 30 12.225866666666667 13.624807780254697 42282.243 1.197 1790.7991787544113 38841
stats: connect 0 0 0 86.505 0.647 5.3995079549472225 39598
stats: page 30 12.225866666666667 13.624807780254697 42282.243 1.197 1790.7991787544113 38841
stats: 302 15 6297
stats: error_send_einval 0 253
stats: 200 8 2748
stats: size_rcv 112732 30841073
stats: newphase 0 9
stats: size_sent 17567 12271549
stats: connected -13 1
stats: 204 4 255
stats: error_connection_closed 0 5046
stats: error_abort_max_send_retries 0 1423
stats: 404 3 963
# stats: dump at 1733870892
stats: users 0 4246
stats: {freemem,"tsung_controller@ip-172-31-32-209"} 1 578.9375 0.0 678.19140625 302.37890625 463.43191964285717 14
stats: {load,"tsung_controller@ip-172-31-32-209"} 1 0.26953125 0.0 0.51171875 0.05078125 0.2728794642857143 14
stats: {cpu,"tsung_controller@ip-172-31-32-209"} 1 0.2 0.0 45.2544704264099 0.2 14.384001115616739 14
stats: session 1 100537.541 0.0 100537.541 63.597 33672.61628927337 4335
stats: users_count 0 4336
stats: finish_users_count 1 4336
stats: request 2 4.23 0.20399999999999996 42282.243 1.197 1789.4265050551846 38871
stats: connect 0 0 0 86.505 0.647 5.3995079549472225 39598
stats: page 2 4.23 0.20399999999999996 42282.243 1.197 1789.4265050551846 38871
stats: 302 2 6299
stats: error_send_einval 0 253
stats: 200 0 2748
stats: size_rcv 1900 30842973
stats: newphase 0 9
stats: size_sent 1069 12272618
stats: connected -1 0
stats: 204 0 255
stats: error_connection_closed 0 5046
stats: error_abort_max_send_retries 0 1423
stats: 404 0 963
EndMonitor:{1733,870892,414243}
