# stats: dump at 1733630244
stats: users 10 10
stats: {freemem,"tsung_controller@ip-172-31-42-158"} 1 687.64453125 0 687.64453125 687.64453125 0 0
stats: {load,"tsung_controller@ip-172-31-42-158"} 1 0.0390625 0 0.0390625 0.0390625 0 0
stats: {cpu,"tsung_controller@ip-172-31-42-158"} 1 8.881806608166649 0 8.881806608166649 8.881806608166649 0 0
stats: users_count 10 10
stats: finish_users_count 0 0
stats: request 29 154.47899999999998 177.13886761229315 544.468 8.026 0 0
stats: connect 10 3.739699999999999 4.747724972026075 17.754 1.59 0 0
stats: page 29 154.47899999999998 177.13886761229315 544.468 8.026 0 0
stats: 302 9 9
stats: 200 20 20
stats: size_rcv 173206 173206
stats: newphase 1 1
stats: size_sent 13440 13440
stats: connected 10 10
# stats: dump at 1733630254
stats: users 50 50
stats: {freemem,"tsung_controller@ip-172-31-42-158"} 1 685.87890625 0.0 687.64453125 685.87890625 687.64453125 1
stats: {load,"tsung_controller@ip-172-31-42-158"} 1 0.03125 0.0 0.0390625 0.03125 0.0390625 1
stats: {cpu,"tsung_controller@ip-172-31-42-158"} 1 0.5491762356465303 0.0 8.881806608166649 0.5491762356465303 8.881806608166649 1
stats: session 1 8876.281 0 8876.281 8876.281 0 0
stats: users_count 41 51
stats: finish_users_count 1 1
stats: request 124 97.49310483870967 132.82161047415698 635.584 5.194 154.47899999999998 29
stats: connect 39 1.8065128205128202 0.48757399816006214 17.754 1.239 3.739699999999999 10
stats: page 124 97.49310483870967 132.82161047415698 635.584 5.194 154.47899999999998 29
stats: 302 38 47
stats: 200 86 106
stats: size_rcv 746236 919442
stats: newphase 2 3
stats: size_sent 66355 79795
stats: connected 38 48
# stats: dump at 1733630264
stats: users 218 218
stats: {freemem,"tsung_controller@ip-172-31-42-158"} 1 667.4140625 0.0 687.64453125 667.4140625 686.76171875 2
stats: {load,"tsung_controller@ip-172-31-42-158"} 1 0.03125 0.0 0.0390625 0.03125 0.03515625 2
stats: {cpu,"tsung_controller@ip-172-31-42-158"} 1 0.999000999000999 0.0 8.881806608166649 0.5491762356465303 4.71549142190659 2
stats: session 3 20061.660333333333 1912.7615319030815 21551.814 8876.281 8876.281 1
stats: users_count 171 222
stats: finish_users_count 3 4
stats: request 240 806.7581083333333 1286.1089701253368 6703.717 5.194 108.29435294117647 153
stats: connect 164 1.9740182926829282 1.0744172241809036 17.754 1.151 2.2010408163265303 49
stats: page 240 806.7581083333333 1286.1089701253368 6703.717 5.194 108.29435294117647 153
stats: 302 59 106
stats: 200 181 287
stats: size_rcv 1508144 2427586
stats: newphase 2 5
stats: size_sent 174268 254063
stats: connected 162 210
# stats: dump at 1733630274
stats: users 890 890
stats: {freemem,"tsung_controller@ip-172-31-42-158"} 1 633.5859375 0.0 687.64453125 633.5859375 680.3125 3
stats: {load,"tsung_controller@ip-172-31-42-158"} 1 0.01953125 0.0 0.0390625 0.01953125 0.033854166666666664 3
stats: {cpu,"tsung_controller@ip-172-31-42-158"} 1 1.7500000000000002 0.0 8.881806608166649 0.5491762356465303 3.47666128093806 3
stats: session 1 28296.424 0.0 28296.424 8876.281 17265.3155 4
stats: users_count 673 895
stats: finish_users_count 1 5
stats: request 322 6233.554860248444 2015.192727381398 11543.931 5.194 534.8371043256997 393
stats: page 322 6233.554860248444 2015.192727381398 11543.931 5.194 534.8371043256997 393
stats: 302 79 185
stats: 200 243 530
stats: connect 623 1.9045698234349902 1.6806009696300541 23.304 0.882 2.0262441314554 213
stats: size_rcv 1848827 4276413
stats: newphase 2 7
stats: size_sent 248852 502915
stats: connected 621 831
# stats: dump at 1733630284
stats: users 3622 3622
stats: {freemem,"tsung_controller@ip-172-31-42-158"} 1 567.24609375 0.0 687.64453125 567.24609375 668.630859375 4
stats: {load,"tsung_controller@ip-172-31-42-158"} 1 0.26171875 0.0 0.26171875 0.01953125 0.0302734375 4
stats: {cpu,"tsung_controller@ip-172-31-42-158"} 1 5.684626791893228 0.0 8.881806608166649 0.5491762356465303 3.044995960703545 4
stats: session 2 31288.182999999997 2309.6010000000015 33597.784 8876.281 19471.5372 5
stats: users_count 2734 3629
stats: finish_users_count 2 7
stats: request 6117 451.569421775383 2129.2125798424267 16261.988 1.471 3101.2526531468516 715
stats: page 6117 451.569421775383 2129.2125798424267 16261.988 1.471 3101.2526531468516 715
stats: 302 54 239
stats: connect 6411 2.0562275776009935 12.682770712297893 1009.667 0.791 1.9355705741626783 836
stats: error_send_einval 27 27
stats: 200 228 758
stats: size_rcv 1702828 5979241
stats: newphase 2 9
stats: size_sent 1160178 1663093
stats: connected 197 1028
stats: error_connection_closed 53 53
# stats: dump at 1733630294
stats: users 3615 4354
stats: {freemem,"tsung_controller@ip-172-31-42-158"} 1 412.8203125 0.0 687.64453125 412.8203125 648.35390625 5
stats: {load,"tsung_controller@ip-172-31-42-158"} 1 0.2890625 0.0 0.2890625 0.01953125 0.0765625 5
stats: {cpu,"tsung_controller@ip-172-31-42-158"} 1 39.398084815321475 0.0 39.398084815321475 0.5491762356465303 3.5729221269414815 5
stats: session 897 6203.928091415827 7389.774494274388 57720.748 81.775 22847.721714285708 7
stats: users_count 890 4519
stats: finish_users_count 897 904
stats: connect 16217 5.573895048405998 7.57887598086549 1009.667 0.781 2.0423088174416955 7247
stats: page 12071 346.8740210421673 2464.662506881525 22618.72 1.471 728.870872365342 6832
stats: request 12071 346.8740210421673 2464.662506881525 22618.72 1.471 728.870872365342 6832
stats: 302 45 284
stats: error_send_einval 134 161
stats: 200 190 948
stats: size_rcv 1396375 7375616
stats: newphase 0 9
stats: size_sent 2259895 3922988
stats: connected -2 1026
stats: error_connection_closed 3176 3229
stats: error_abort_max_send_retries 836 836
# stats: dump at 1733630304
stats: users 3033 4354
stats: {freemem,"tsung_controller@ip-172-31-42-158"} 1 307.53515625 0.0 687.64453125 307.53515625 609.0983072916666 6
stats: {load,"tsung_controller@ip-172-31-42-158"} 1 0.55859375 0.0 0.55859375 0.01953125 0.11197916666666667 6
stats: {cpu,"tsung_controller@ip-172-31-42-158"} 1 53.075170842824605 0.0 53.075170842824605 0.5491762356465303 9.543782575004814 6
stats: session 582 20951.820529209617 7259.09715826855 59700.168 81.775 6332.80702433628 904
stats: users_count 0 4519
stats: finish_users_count 582 1486
stats: connect 10746 2.030744556113899 1.9157263318494846 1009.667 0.781 4.483143027616776 23464
stats: request 10223 753.2348203071493 4314.573469900685 30983.088 1.45 484.9368940379843 18903
stats: page 10223 753.2348203071493 4314.573469900685 30983.088 1.45 484.9368940379843 18903
stats: 302 55 339
stats: error_send_einval 90 251
stats: 200 248 1196
stats: size_rcv 1769853 9145469
stats: newphase 0 9
stats: size_sent 2506041 6429029
stats: connected -3 1023
stats: error_connection_closed 391 3620
stats: error_abort_max_send_retries 45 881
# stats: dump at 1733630314
stats: users 2129 4354
stats: {freemem,"tsung_controller@ip-172-31-42-158"} 1 277.5390625 0.0 687.64453125 277.5390625 566.0178571428571 7
stats: {load,"tsung_controller@ip-172-31-42-158"} 1 0.78125 0.0 0.78125 0.01953125 0.17578125 7
stats: {cpu,"tsung_controller@ip-172-31-42-158"} 1 41.83406113537118 0.0 53.075170842824605 0.5491762356465303 15.762552327550498 7
stats: session 904 28870.962829646 6775.430398343497 59700.168 81.775 12058.4233499327 1486
stats: users_count 0 4519
stats: finish_users_count 904 2390
stats: request 6991 1354.556574452871 6609.97783625508 38882.475 1.441 579.107384330152 29126
stats: 302 65 404
stats: connect 7103 1.7689766295931286 1.2867796612786286 1009.667 0.781 3.712798859982461 34210
stats: error_send_einval 28 279
stats: 200 217 1413
stats: page 6991 1354.556574452871 6609.97783625508 38882.475 1.441 579.107384330152 29126
stats: size_rcv 1557560 10703029
stats: newphase 0 9
stats: size_sent 2176996 8606025
stats: connected 0 1023
stats: error_connection_closed 85 3705
stats: error_abort_max_send_retries 2 883
# stats: dump at 1733630324
stats: users 1660 4354
stats: {freemem,"tsung_controller@ip-172-31-42-158"} 1 273.75 0.0 687.64453125 273.75 529.9580078125 8
stats: {load,"tsung_controller@ip-172-31-42-158"} 1 0.73828125 0.0 0.78125 0.01953125 0.25146484375 8
stats: {cpu,"tsung_controller@ip-172-31-42-158"} 1 33.11316600616468 0.0 53.075170842824605 0.5491762356465303 19.021490928528085 8
stats: session 469 39451.26027718549 8399.329806935371 82680.143 81.775 18417.643303765683 2390
stats: users_count 0 4519
stats: finish_users_count 469 2859
stats: request 3795 2596.4402226613915 9599.601431477271 45675.248 1.441 729.2074836780471 36117
stats: 302 196 600
stats: connect 3884 1.974727342945419 1.3257583458613613 1009.667 0.781 3.3785948732844377 41313
stats: page 3795 2596.4402226613915 9599.601431477271 45675.248 1.441 729.2074836780471 36117
stats: error_send_einval 46 325
stats: 200 64 1477
stats: size_rcv 587909 11290938
stats: newphase 0 9
stats: size_sent 1611396 10217421
stats: connected 0 1023
stats: error_connection_closed 43 3748
stats: error_abort_max_send_retries 2 885
# stats: dump at 1733630334
stats: users 1425 4354
stats: {freemem,"tsung_controller@ip-172-31-42-158"} 1 275.546875 0.0 687.64453125 273.75 501.4904513888889 9
stats: {load,"tsung_controller@ip-172-31-42-158"} 1 0.62109375 0.0 0.78125 0.01953125 0.3055555555555556 9
stats: {cpu,"tsung_controller@ip-172-31-42-158"} 1 21.930222020842773 0.0 53.075170842824605 0.5491762356465303 20.58723260382104 9
stats: session 235 51982.08977021275 7451.301954966129 82680.143 81.775 21868.068753410276 2859
stats: users_count 0 4519
stats: finish_users_count 235 3094
stats: request 2410 10294.135974688785 12982.163369398982 47070.203 1.441 906.7517872569655 39912
stats: 302 1048 1648
stats: error_send_einval 11 336
stats: connect 2414 1.8849444904722428 1.3878707760581828 1009.667 0.781 3.2579536473659756 45197
stats: 200 58 1535
stats: size_rcv 1255158 12546096
stats: page 2410 10294.135974688785 12982.163369398982 47070.203 1.441 906.7517872569655 39912
stats: newphase 0 9
stats: size_sent 916855 11134276
stats: connected -8 1015
stats: error_connection_closed 12 3760
stats: error_abort_max_send_retries 0 885
# stats: dump at 1733630344
stats: users 1176 4354
stats: {freemem,"tsung_controller@ip-172-31-42-158"} 1 284.1875 0.0 687.64453125 273.75 478.89609375 10
stats: {load,"tsung_controller@ip-172-31-42-158"} 1 0.53125 0.0 0.78125 0.01953125 0.337109375 10
stats: {cpu,"tsung_controller@ip-172-31-42-158"} 1 17.307692307692307 0.0 53.075170842824605 0.5491762356465303 20.721531545523213 10
stats: session 249 61941.06361445785 7896.834445198742 90281.375 81.775 24155.33279314802 3094
stats: users_count 0 4519
stats: finish_users_count 249 3343
stats: request 1989 5637.074902966305 2298.2639820188087 47070.203 0.643 1441.3105484617925 42322
stats: 302 1665 3313
stats: connect 1168 1.860394691780823 1.0248346053691944 1009.667 0.781 3.1883385562160003 47611
stats: page 1989 5637.074902966305 2298.2639820188087 47070.203 0.643 1441.3105484617925 42322
stats: error_send_einval 0 336
stats: 200 238 1773
stats: size_rcv 3446538 15992634
stats: newphase 0 9
stats: size_sent 733630 11867906
stats: connected 15 1030
stats: error_connection_closed 0 3760
stats: error_abort_max_send_retries 0 885
# stats: dump at 1733630354
stats: users 861 4354
stats: {freemem,"tsung_controller@ip-172-31-42-158"} 1 290.203125 0.0 687.64453125 273.75 461.1953125 11
stats: {load,"tsung_controller@ip-172-31-42-158"} 1 0.44921875 0.0 0.78125 0.01953125 0.3547585227272727 11
stats: {cpu,"tsung_controller@ip-172-31-42-158"} 1 11.370262390670554 0.0 53.075170842824605 0.5491762356465303 20.411182523902223 11
stats: session 315 71384.42119682535 7333.497524772972 102638.328 81.775 26969.76503200717 3343
stats: users_count 0 4519
stats: finish_users_count 315 3658
stats: page 2060 4061.5408733009735 829.3614172466795 47070.203 0.643 1629.6469728509844 44311
stats: 302 1812 5125
stats: request 2060 4061.5408733009735 829.3614172466795 47070.203 0.643 1629.6469728509844 44311
stats: error_send_einval 0 336
stats: 200 248 2021
stats: connect 151 2.022105960264898 1.2011615633857102 1009.667 0.781 3.1565412985096044 48779
stats: size_rcv 3649627 19642261
stats: newphase 0 9
stats: size_sent 711298 12579204
stats: connected -172 858
stats: error_connection_closed 0 3760
stats: error_abort_max_send_retries 0 885
# stats: dump at 1733630364
stats: users 482 4354
stats: {freemem,"tsung_controller@ip-172-31-42-158"} 1 283.74609375 0.0 687.64453125 273.75 446.9459635416667 12
stats: {load,"tsung_controller@ip-172-31-42-158"} 1 0.37890625 0.0 0.78125 0.01953125 0.3626302083333333 12
stats: {cpu,"tsung_controller@ip-172-31-42-158"} 1 7.058242843040475 0.0 53.075170842824605 0.5491762356465303 19.657772512799585 12
stats: session 379 81858.04701583109 7126.723234853284 105503.271 81.775 30794.427878348815 3658
stats: users_count 0 4519
stats: finish_users_count 379 4037
stats: page 1792 2312.0289229910695 569.6179835547077 47070.203 0.643 1737.6821982057745 46371
stats: request 1792 2312.0289229910695 569.6179835547077 47070.203 0.643 1737.6821982057745 46371
stats: connect 6 1.7361666666666664 0.5236036722135889 1009.667 0.781 3.1530403842223578 48930
stats: 302 1535 6660
stats: error_send_einval 0 336
stats: 200 257 2278
stats: size_rcv 3591885 23234146
stats: newphase 0 9
stats: size_sent 673483 13252687
stats: connected -373 485
stats: error_connection_closed 0 3760
stats: error_abort_max_send_retries 0 885
# stats: dump at 1733630374
stats: users 116 4354
stats: {freemem,"tsung_controller@ip-172-31-42-158"} 1 367.08203125 0.0 687.64453125 273.75 434.39212740384613 13
stats: {load,"tsung_controller@ip-172-31-42-158"} 1 0.390625 0.0 0.78125 0.01953125 0.36388221153846156 13
stats: {cpu,"tsung_controller@ip-172-31-42-158"} 1 6.332842415316642 0.0 53.075170842824605 0.5491762356465303 18.68857792281812 13
stats: session 366 91215.79659562832 7062.853189593949 120156.37 81.775 35588.36190190734 4037
stats: users_count 0 4519
stats: finish_users_count 366 4403
stats: request 1256 642.3788678343947 816.6209291210348 47070.203 0.643 1759.0519079583905 48163
stats: connect 1 4.755 0.0 1009.667 0.781 3.152866662579695 48936
stats: page 1256 642.3788678343947 816.6209291210348 47070.203 0.643 1759.0519079583905 48163
stats: 302 970 7630
stats: error_send_einval 0 336
stats: 200 286 2564
stats: size_rcv 3556881 26791027
stats: newphase 0 9
stats: size_sent 565934 13818621
stats: connected -368 117
stats: error_connection_closed 0 3760
stats: error_abort_max_send_retries 0 885
# stats: dump at 1733630384
stats: users 14 4354
stats: {freemem,"tsung_controller@ip-172-31-42-158"} 1 478.66015625 0.0 687.64453125 273.75 429.58426339285717 14
stats: {load,"tsung_controller@ip-172-31-42-158"} 1 0.48828125 0.0 0.78125 0.01953125 0.3657924107142857 14
stats: {cpu,"tsung_controller@ip-172-31-42-158"} 1 5.190989226248776 0.0 53.075170842824605 0.5491762356465303 17.806025386568013 14
stats: session 102 100721.5956568627 6619.0046831478385 120156.37 81.775 40212.40030706334 4403
stats: users_count 0 4519
stats: finish_users_count 102 4505
stats: connect 0 0 0 1009.667 0.781 3.1528994012710214 48937
stats: page 277 30.82068592057761 35.227389791500194 47070.203 0.643 1730.67129850867 49419
stats: request 277 30.82068592057761 35.227389791500194 47070.203 0.643 1730.67129850867 49419
stats: 302 197 7827
stats: error_send_einval 0 336
stats: 200 80 2644
stats: size_rcv 980268 27771295
stats: newphase 0 9
stats: size_sent 179224 13997845
stats: connected -103 14
stats: error_connection_closed 0 3760
stats: error_abort_max_send_retries 0 885
# stats: dump at 1733630394
stats: users 0 4354
stats: {freemem,"tsung_controller@ip-172-31-42-158"} 1 599.2421875 0.0 687.64453125 273.75 432.8559895833333 15
stats: {load,"tsung_controller@ip-172-31-42-158"} 1 0.41015625 0.0 0.78125 0.01953125 0.37395833333333334 15
stats: {cpu,"tsung_controller@ip-172-31-42-158"} 1 0.8995502248875562 0.0 53.075170842824605 0.5491762356465303 16.965022975880064 15
stats: session 14 112368.3055 8628.375504451678 124623.093 81.775 41582.41982441729 4505
stats: users_count 0 4519
stats: finish_users_count 14 4519
stats: request 29 23.20403448275862 25.087386804009366 47070.203 0.643 1721.1965194583058 49696
stats: connect 0 0 0 1009.667 0.781 3.1528994012710214 48937
stats: page 29 23.20403448275862 25.087386804009366 47070.203 0.643 1721.1965194583058 49696
stats: 302 22 7849
stats: error_send_einval 0 336
stats: 200 7 2651
stats: size_rcv 94229 27865524
stats: newphase 0 9
stats: size_sent 20794 14018639
stats: connected -14 0
stats: error_connection_closed 0 3760
stats: error_abort_max_send_retries 0 885
# stats: dump at 1733630404
stats: users 0 4354
stats: {freemem,"tsung_controller@ip-172-31-42-158"} 1 622.41015625 0.0 687.64453125 273.75 443.255126953125 16
stats: {load,"tsung_controller@ip-172-31-42-158"} 1 0.3515625 0.0 0.78125 0.01953125 0.376220703125 16
stats: {cpu,"tsung_controller@ip-172-31-42-158"} 1 0.1500750375187594 0.0 53.075170842824605 0.1500750375187594 15.960930928943032 16
stats: session 0 0 0 124623.093 81.775 41801.716659880476 4519
stats: users_count 0 4519
stats: finish_users_count 0 4519
stats: request 0 0 0 47070.203 0.643 1720.2062372649564 49725
stats: connect 0 0 0 1009.667 0.781 3.1528994012710214 48937
stats: page 0 0 0 47070.203 0.643 1720.2062372649564 49725
stats: 302 0 7849
stats: error_send_einval 0 336
stats: 200 0 2651
stats: size_rcv 0 27865524
stats: newphase 0 9
stats: size_sent 0 14018639
stats: connected 0 0
stats: error_connection_closed 0 3760
stats: error_abort_max_send_retries 0 885
# stats: dump at 1733630407
stats: users 0 4354
stats: {freemem,"tsung_controller@ip-172-31-42-158"} 1 672.55859375 0.0 687.64453125 273.75 453.7936580882353 17
stats: {load,"tsung_controller@ip-172-31-42-158"} 1 0.2890625 0.0 0.78125 0.01953125 0.3747702205882353 17
stats: {cpu,"tsung_controller@ip-172-31-42-158"} 1 0.24987506246876562 0.0 53.075170842824605 0.1500750375187594 15.030880582388662 17
stats: session 0 0 0 124623.093 81.775 41801.716659880476 4519
stats: users_count 0 4519
stats: finish_users_count 0 4519
stats: request 0 0 0 47070.203 0.643 1720.2062372649564 49725
stats: 302 0 7849
stats: connect 0 0 0 1009.667 0.781 3.1528994012710214 48937
stats: page 0 0 0 47070.203 0.643 1720.2062372649564 49725
stats: error_send_einval 0 336
stats: 200 0 2651
stats: size_rcv 0 27865524
stats: newphase 0 9
stats: size_sent 0 14018639
stats: connected 0 0
stats: error_connection_closed 0 3760
stats: error_abort_max_send_retries 0 885
EndMonitor:{1733,630407,663834}
