# stats: dump at 1733629784
stats: users 8 8
stats: {freemem,"tsung_controller@ip-172-31-42-158"} 1 678.22265625 0 678.22265625 678.22265625 0 0
stats: {load,"tsung_controller@ip-172-31-42-158"} 1 0.44140625 0 0.44140625 0.44140625 0 0
stats: {cpu,"tsung_controller@ip-172-31-42-158"} 1 26.494910941475823 0 26.494910941475823 26.494910941475823 0 0
stats: users_count 8 8
stats: finish_users_count 0 0
stats: 302 4 4
stats: request 13 113.90299999999999 141.10913607613733 353.945 7.864 0 0
stats: page 13 113.90299999999999 141.10913607613733 353.945 7.864 0 0
stats: connect 7 3.730714285714285 4.801445071591489 15.427 1.343 0 0
stats: 200 9 9
stats: size_rcv 66356 66356
stats: newphase 1 1
stats: size_sent 5056 5056
stats: connected 7 7
# stats: dump at 1733629794
stats: users 58 58
stats: {freemem,"tsung_controller@ip-172-31-42-158"} 1 677.19140625 0.0 678.22265625 677.19140625 678.22265625 1
stats: {load,"tsung_controller@ip-172-31-42-158"} 1 0.37109375 0.0 0.44140625 0.37109375 0.44140625 1
stats: {cpu,"tsung_controller@ip-172-31-42-158"} 1 0.2502502502502503 0.0 26.494910941475823 0.2502502502502503 26.494910941475823 1
stats: users_count 50 58
stats: finish_users_count 0 0
stats: request 130 134.54270000000005 226.5678076089992 1394.8 7.49 113.90299999999999 13
stats: connect 46 1.8719999999999999 0.7723087071439986 15.427 1.251 3.730714285714285 7
stats: page 130 134.54270000000005 226.5678076089992 1394.8 7.49 113.90299999999999 13
stats: 302 35 39
stats: 200 95 104
stats: size_rcv 723726 790082
stats: newphase 2 3
stats: size_sent 66312 71368
stats: connected 46 53
# stats: dump at 1733629804
stats: users 247 247
stats: {freemem,"tsung_controller@ip-172-31-42-158"} 1 657.33984375 0.0 678.22265625 657.33984375 677.70703125 2
stats: {load,"tsung_controller@ip-172-31-42-158"} 1 0.3203125 0.0 0.44140625 0.3203125 0.40625 2
stats: {cpu,"tsung_controller@ip-172-31-42-158"} 1 0.7003501750875438 0.0 26.494910941475823 0.2502502502502503 13.372580595863036 2
stats: session 4 16506.641499999998 2946.873995318981 20545.107 12459.212 0 0
stats: users_count 193 251
stats: finish_users_count 4 4
stats: request 262 860.3720610687027 1477.0460166414691 7339.67 7.49 132.66636363636368 143
stats: connect 184 2.400152173913043 2.2902188662012133 25.228 1.251 2.1174905660377354 53
stats: page 262 860.3720610687027 1477.0460166414691 7339.67 7.49 132.66636363636368 143
stats: 302 61 100
stats: 200 194 298
stats: size_rcv 1477891 2267973
stats: newphase 2 5
stats: size_sent 198396 269764
stats: connected 180 233
stats: 204 7 7
# stats: dump at 1733629814
stats: users 1045 1045
stats: {freemem,"tsung_controller@ip-172-31-42-158"} 1 629.23046875 0.0 678.22265625 629.23046875 670.91796875 3
stats: {load,"tsung_controller@ip-172-31-42-158"} 1 0.26953125 0.0 0.44140625 0.26953125 0.3776041666666667 3
stats: {cpu,"tsung_controller@ip-172-31-42-158"} 1 2.2954091816367264 0.0 26.494910941475823 0.2502502502502503 9.148503788937871 3
stats: session 1 16435.039 0.0 20545.107 12459.212 16506.641499999998 4
stats: users_count 799 1050
stats: finish_users_count 1 5
stats: connect 770 2.344529870129873 1.888495627429956 25.228 0.828 2.3369409282700415 237
stats: 302 81 181
stats: request 303 6741.301019801975 1875.0665325821778 12064.345 7.49 603.4290617283954 405
stats: page 303 6741.301019801975 1875.0665325821778 12064.345 7.49 603.4290617283954 405
stats: 200 219 517
stats: size_rcv 1630741 3898714
stats: newphase 2 7
stats: size_sent 245956 515720
stats: connected 753 986
stats: 204 3 10
# stats: dump at 1733629824
stats: users 3866 4035
stats: {freemem,"tsung_controller@ip-172-31-42-158"} 1 559.98828125 0.0 678.22265625 559.98828125 660.49609375 4
stats: {load,"tsung_controller@ip-172-31-42-158"} 1 0.30859375 0.0 0.44140625 0.26953125 0.3505859375 4
stats: {cpu,"tsung_controller@ip-172-31-42-158"} 1 6.722689075630252 0.0 26.494910941475823 0.2502502502502503 7.435230137112585 4
stats: session 191 6411.289486910994 8133.526266245372 46112.797 98.285 16492.321 5
stats: users_count 3012 4062
stats: finish_users_count 191 196
stats: 302 58 239
stats: request 8277 503.21159502235224 2300.008332704217 17054.309 1.423 3230.2301963276814 708
stats: page 8277 503.21159502235224 2300.008332704217 17054.309 1.423 3230.2301963276814 708
stats: error_send_einval 77 77
stats: 200 333 850
stats: size_rcv 2412880 6311594
stats: connect 10109 4.677859234345614 7.694299071833295 58.224 0.776 2.3427437934458806 1007
stats: newphase 2 9
stats: size_sent 1578105 2093825
stats: connected 35 1021
stats: 204 2 12
stats: error_connection_closed 1384 1384
stats: error_abort_max_send_retries 281 281
# stats: dump at 1733629834
stats: users 3447 4035
stats: {freemem,"tsung_controller@ip-172-31-42-158"} 1 389.1640625 0.0 678.22265625 389.1640625 640.39453125 5
stats: {load,"tsung_controller@ip-172-31-42-158"} 1 0.421875 0.0 0.44140625 0.26953125 0.3421875 5
stats: {cpu,"tsung_controller@ip-172-31-42-158"} 1 42.14249621020718 0.0 42.14249621020718 0.2502502502502503 7.292721924816118 5
stats: session 942 8351.25962208067 7749.6144587923145 48651.497 98.285 6668.458658163265 196
stats: users_count 523 4585
stats: finish_users_count 942 1138
stats: 302 56 295
stats: error_send_einval 113 190
stats: request 10832 590.6937264586417 3179.5416910808967 22424.691 1.423 718.0951976627721 8985
stats: 200 308 1158
stats: size_rcv 2182867 8494461
stats: connect 13916 4.3485171026157445 10.506131298413774 1019.589 0.776 4.46632079884849 11116
stats: newphase 0 9
stats: size_sent 2380152 4473977
stats: page 10832 590.6937264586417 3179.5416910808967 22424.691 1.423 718.0951976627721 8985
stats: connected 2 1023
stats: 204 0 12
stats: error_connection_closed 2265 3649
stats: error_abort_max_send_retries 704 985
# stats: dump at 1733629844
stats: users 2559 4035
stats: {freemem,"tsung_controller@ip-172-31-42-158"} 1 297.96484375 0.0 678.22265625 297.96484375 598.5227864583334 6
stats: {load,"tsung_controller@ip-172-31-42-158"} 1 0.578125 0.0 0.578125 0.26953125 0.35546875 6
stats: {cpu,"tsung_controller@ip-172-31-42-158"} 1 39.967637540453076 0.0 42.14249621020718 0.2502502502502503 13.101017639047962 6
stats: session 888 21819.72452027028 7100.787088660427 54045.033 98.285 8061.427470123015 1138
stats: users_count 0 4585
stats: finish_users_count 888 2026
stats: request 9857 633.426478746075 3939.5432936111793 30413.366 1.412 648.4573747792307 19817
stats: connect 10285 2.0136659212445385 2.0493029980561785 1019.589 0.776 4.40083037711731 25032
stats: 302 46 341
stats: page 9857 633.426478746075 3939.5432936111793 30413.366 1.412 648.4573747792307 19817
stats: error_send_einval 74 264
stats: 200 202 1360
stats: size_rcv 1441533 9935994
stats: newphase 0 9
stats: size_sent 2724056 7198033
stats: connected 0 1023
stats: 204 1 13
stats: error_connection_closed 328 3977
stats: error_abort_max_send_retries 26 1011
# stats: dump at 1733629854
stats: users 1703 4035
stats: {freemem,"tsung_controller@ip-172-31-42-158"} 1 263.31640625 0.0 678.22265625 263.31640625 555.5859375 7
stats: {load,"tsung_controller@ip-172-31-42-158"} 1 0.48828125 0.0 0.578125 0.26953125 0.3872767857142857 7
stats: {cpu,"tsung_controller@ip-172-31-42-158"} 1 30.075593952483803 0.0 42.14249621020718 0.2502502502502503 16.93910619639155 7
stats: session 856 30124.45053154208 7643.075324180227 63849.746 98.285 14091.717588845015 2026
stats: users_count 0 4585
stats: finish_users_count 856 2882
stats: request 5678 1272.458683163092 6241.271801196835 38454.568 1.174 643.4644671092565 29674
stats: page 5678 1272.458683163092 6241.271801196835 38454.568 1.174 643.4644671092565 29674
stats: connect 5774 1.8436158642189062 1.3628647658267155 1019.589 0.776 3.7056414757765546 35317
stats: 302 110 451
stats: error_send_einval 44 308
stats: 200 114 1474
stats: size_rcv 897859 10833853
stats: newphase 0 9
stats: size_sent 1978392 9176425
stats: connected -2 1021
stats: 204 2 15
stats: error_connection_closed 57 4034
stats: error_abort_max_send_retries 1 1012
stats: 404 1 1
# stats: dump at 1733629864
stats: users 1429 4035
stats: {freemem,"tsung_controller@ip-172-31-42-158"} 1 264.3515625 0.0 678.22265625 263.31640625 519.05224609375 8
stats: {load,"tsung_controller@ip-172-31-42-158"} 1 0.55859375 0.0 0.578125 0.26953125 0.39990234375 8
stats: {cpu,"tsung_controller@ip-172-31-42-158"} 1 20.621608288110508 0.0 42.14249621020718 0.2502502502502503 18.581167165903082 8
stats: session 274 41358.7773321168 8149.971747342975 70090.975 98.285 18853.69517349064 2882
stats: users_count 0 4585
stats: finish_users_count 274 3156
stats: connect 2621 2.033417779473487 1.8581155281932098 1019.589 0.776 3.4439945000121814 41091
stats: request 2580 5847.797876356592 12818.738866633379 42634.736 1.174 744.489279248702 35352
stats: page 2580 5847.797876356592 12818.738866633379 42634.736 1.174 744.489279248702 35352
stats: 302 380 831
stats: error_send_einval 20 328
stats: 200 59 1533
stats: size_rcv 691839 11525692
stats: newphase 0 9
stats: size_sent 1089120 10265545
stats: connected -4 1017
stats: 204 0 15
stats: error_connection_closed 28 4062
stats: error_abort_max_send_retries 1 1013
stats: 404 8 9
# stats: dump at 1733629874
stats: users 1219 4035
stats: {freemem,"tsung_controller@ip-172-31-42-158"} 1 264.96875 0.0 678.22265625 263.31640625 490.7521701388889 9
stats: {load,"tsung_controller@ip-172-31-42-158"} 1 0.46875 0.0 0.578125 0.26953125 0.4175347222222222 9
stats: {cpu,"tsung_controller@ip-172-31-42-158"} 1 13.452266152362585 0.0 42.14249621020718 0.2502502502502503 18.807882846148352 9
stats: session 210 51908.387861904725 7356.74807578122 76635.932 98.285 20807.55845342206 3156
stats: users_count 0 4585
stats: finish_users_count 210 3366
stats: connect 1654 1.9640586457073739 1.654754328696013 1019.589 0.776 3.3594154008052834 43712
stats: page 1961 11719.357218765937 10075.53596674419 43447.817 1.174 1091.5982157808744 37932
stats: 302 1384 2215
stats: error_send_einval 4 332
stats: 200 136 1669
stats: size_rcv 3146939 14672631
stats: newphase 0 9
stats: size_sent 652453 10917998
stats: connected 10 1027
stats: 204 0 15
stats: error_connection_closed 4 4066
stats: error_abort_max_send_retries 1 1014
stats: 404 207 216
stats: request 1961 11719.357218765937 10075.53596674419 43447.817 1.174 1091.5982157808744 37932
# stats: dump at 1733629884
stats: users 739 4035
stats: {freemem,"tsung_controller@ip-172-31-42-158"} 1 266.19140625 0.0 678.22265625 263.31640625 468.173828125 10
stats: {load,"tsung_controller@ip-172-31-42-158"} 1 0.3984375 0.0 0.578125 0.26953125 0.42265625 10
stats: {cpu,"tsung_controller@ip-172-31-42-158"} 1 12.664393570384803 0.0 42.14249621020718 0.2502502502502503 18.272321176769776 10
stats: session 480 63150.338570833315 7441.298896960685 95437.313 98.285 22747.89540404041 3366
stats: users_count 0 4585
stats: finish_users_count 480 3846
stats: connect 201 1.9012537313432845 0.8877972911356337 1019.589 0.776 3.3085420579288574 45366
stats: page 3270 2030.5140235473987 1245.403094164114 43447.817 1.174 1614.0215834106266 39893
stats: request 3270 2030.5140235473987 1245.403094164114 43447.817 1.174 1614.0215834106266 39893
stats: 302 2352 4567
stats: error_send_einval 0 332
stats: 200 428 2097
stats: size_rcv 7292113 21964744
stats: newphase 0 9
stats: size_sent 1096634 12014632
stats: connected -280 747
stats: 204 41 56
stats: error_connection_closed 0 4066
stats: error_abort_max_send_retries 0 1014
stats: 404 449 665
# stats: dump at 1733629894
stats: users 179 4035
stats: {freemem,"tsung_controller@ip-172-31-42-158"} 1 286.01171875 0.0 678.22265625 263.31640625 449.81178977272725 11
stats: {load,"tsung_controller@ip-172-31-42-158"} 1 0.48828125 0.0 0.578125 0.26953125 0.42045454545454547 11
stats: {cpu,"tsung_controller@ip-172-31-42-158"} 1 9.931170108161258 0.0 42.14249621020718 0.2502502502502503 17.762509576189323 11
stats: session 560 71776.96965714308 7062.196062059806 95437.313 98.285 27790.322008320334 3846
stats: users_count 0 4585
stats: finish_users_count 560 4406
stats: request 2246 694.269812555653 471.65045195528666 43447.817 1.174 1645.5747720038023 43163
stats: connect 4 1.8875000000000002 0.662868576717889 1019.589 0.776 3.3023343867272485 45567
stats: page 2246 694.269812555653 471.65045195528666 43447.817 1.174 1645.5747720038023 43163
stats: 302 1457 6024
stats: error_send_einval 0 332
stats: 200 379 2476
stats: size_rcv 5563667 27528411
stats: newphase 0 9
stats: size_sent 878634 12893266
stats: connected -561 186
stats: 204 124 180
stats: error_connection_closed 0 4066
stats: error_abort_max_send_retries 0 1014
stats: 404 286 951
# stats: dump at 1733629904
stats: users 21 4035
stats: {freemem,"tsung_controller@ip-172-31-42-158"} 1 392.1640625 0.0 678.22265625 263.31640625 436.1617838541667 12
stats: {load,"tsung_controller@ip-172-31-42-158"} 1 0.41015625 0.0 0.578125 0.26953125 0.4261067708333333 12
stats: {cpu,"tsung_controller@ip-172-31-42-158"} 1 5.566700100300903 0.0 42.14249621020718 0.2502502502502503 17.10989795385365 12
stats: session 158 78628.72777215196 6594.441924818926 105451.68 98.285 33380.99896777125 4406
stats: users_count 0 4585
stats: finish_users_count 158 4564
stats: connect 1 1.545 0.0 1019.589 0.776 3.302210199468972 45571
stats: 302 259 6283
stats: request 429 31.082125874125857 48.886171360776025 43447.817 1.174 1598.5217442137048 45409
stats: error_send_einval 0 332
stats: 200 108 2584
stats: size_rcv 1322509 28850920
stats: page 429 31.082125874125857 48.886171360776025 43447.817 1.174 1598.5217442137048 45409
stats: newphase 0 9
stats: size_sent 242342 13135608
stats: connected -164 22
stats: 204 40 220
stats: error_connection_closed 0 4066
stats: error_abort_max_send_retries 0 1014
stats: 404 22 973
# stats: dump at 1733629914
stats: users 1 4035
stats: {freemem,"tsung_controller@ip-172-31-42-158"} 1 507.85546875 0.0 678.22265625 263.31640625 432.77734375 13
stats: {load,"tsung_controller@ip-172-31-42-158"} 1 0.3515625 0.0 0.578125 0.26953125 0.4248798076923077 13
stats: {cpu,"tsung_controller@ip-172-31-42-158"} 1 0.6036217303822937 0.0 42.14249621020718 0.2502502502502503 16.221959657426517 13
stats: session 20 89139.10675 5855.847718729424 105451.68 98.285 34947.419027169184 4564
stats: users_count 0 4585
stats: finish_users_count 20 4584
stats: connect 0 0 0 1019.589 0.776 3.302171640481009 45572
stats: 302 24 6307
stats: request 53 24.291886792452836 27.978704316541663 43447.817 1.174 1583.852003032421 45838
stats: error_send_einval 0 332
stats: 200 21 2605
stats: size_rcv 222442 29073362
stats: page 53 24.291886792452836 27.978704316541663 43447.817 1.174 1583.852003032421 45838
stats: newphase 0 9
stats: size_sent 36670 13172278
stats: connected -21 1
stats: 204 8 228
stats: error_connection_closed 0 4066
stats: error_abort_max_send_retries 0 1014
stats: 404 0 973
# stats: dump at 1733629924
stats: users 1 4035
stats: {freemem,"tsung_controller@ip-172-31-42-158"} 1 524.76953125 0.0 678.22265625 263.31640625 438.1400669642857 14
stats: {load,"tsung_controller@ip-172-31-42-158"} 1 0.2890625 0.0 0.578125 0.26953125 0.41964285714285715 14
stats: {cpu,"tsung_controller@ip-172-31-42-158"} 1 0.15037593984962408 0.0 42.14249621020718 0.15037593984962408 15.106364091209072 14
stats: session 0 0 0 105451.68 98.285 35183.85745527926 4584
stats: users_count 0 4585
stats: finish_users_count 0 4584
stats: request 2 40.018499999999996 28.8585 43447.817 1.174 1582.0508506025171 45891
stats: connect 0 0 0 1019.589 0.776 3.302171640481009 45572
stats: page 2 40.018499999999996 28.8585 43447.817 1.174 1582.0508506025171 45891
stats: 302 1 6308
stats: error_send_einval 0 332
stats: 200 1 2606
stats: size_rcv 11210 29084572
stats: newphase 0 9
stats: size_sent 2192 13174470
stats: connected 0 1
stats: 204 0 228
stats: error_connection_closed 0 4066
stats: error_abort_max_send_retries 0 1014
stats: 404 0 973
# stats: dump at 1733629934
stats: users 0 4035
stats: {freemem,"tsung_controller@ip-172-31-42-158"} 1 528.6796875 0.0 678.22265625 263.31640625 443.9153645833333 15
stats: {load,"tsung_controller@ip-172-31-42-158"} 1 0.25 0.0 0.578125 0.25 0.4109375 15
stats: {cpu,"tsung_controller@ip-172-31-42-158"} 1 0.10005002501250625 0.0 42.14249621020718 0.10005002501250625 14.109298214451774 15
stats: session 1 113080.681 0.0 113080.681 98.285 35183.85745527926 4584
stats: users_count 0 4585
stats: finish_users_count 1 4585
stats: request 6 20.450666666666667 16.225823889371192 43447.817 1.174 1581.983649401872 45893
stats: connect 0 0 0 1019.589 0.776 3.302171640481009 45572
stats: page 6 20.450666666666667 16.225823889371192 43447.817 1.174 1581.983649401872 45893
stats: 302 2 6310
stats: error_send_einval 0 332
stats: 200 3 2609
stats: size_rcv 24737 29109309
stats: newphase 0 9
stats: size_sent 3721 13178191
stats: connected -1 0
stats: 204 1 229
stats: error_connection_closed 0 4066
stats: error_abort_max_send_retries 0 1014
stats: 404 0 973
# stats: dump at 1733629936
stats: users 0 4035
stats: {freemem,"tsung_controller@ip-172-31-42-158"} 1 529.046875 0.0 678.22265625 263.31640625 449.213134765625 16
stats: {load,"tsung_controller@ip-172-31-42-158"} 1 0.2109375 0.0 0.578125 0.2109375 0.40087890625 16
stats: {cpu,"tsung_controller@ip-172-31-42-158"} 1 0.0 0.0 42.14249621020718 0.0 13.23372020261182 16
stats: session 0 0 0 113080.681 98.285 35200.84694787353 4585
stats: users_count 0 4585
stats: finish_users_count 0 4585
stats: request 0 0 0 43447.817 1.174 1581.7795229961462 45899
stats: connect 0 0 0 1019.589 0.776 3.302171640481009 45572
stats: page 0 0 0 43447.817 1.174 1581.7795229961462 45899
stats: 302 0 6310
stats: error_send_einval 0 332
stats: 200 0 2609
stats: size_rcv 0 29109309
stats: newphase 0 9
stats: size_sent 0 13178191
stats: connected 0 0
stats: 204 0 229
stats: error_connection_closed 0 4066
stats: error_abort_max_send_retries 0 1014
stats: 404 0 973
EndMonitor:{1733,629936,240131}
