# stats: dump at 1733507987
stats: users 5 5
stats: {freemem,"tsung_controller@ip-172-31-43-86"} 1 679.80859375 0 679.80859375 679.80859375 0 0
stats: {cpu,"tsung_controller@ip-172-31-43-86"} 1 28.074309016764836 0 28.074309016764836 28.074309016764836 0 0
stats: {load,"tsung_controller@ip-172-31-43-86"} 1 0.37890625 0 0.37890625 0.37890625 0 0
stats: users_count 5 5
stats: finish_users_count 0 0
stats: connect 5 3.8801999999999994 4.137349557385742 12.087 1.366 0 0
stats: page 19 100.07600000000001 135.082630074687 410.094 7.728 0 0
stats: request 19 100.07600000000001 135.082630074687 410.094 7.728 0 0
stats: 302 6 6
stats: 200 13 13
stats: size_rcv 92887 92887
stats: newphase 1 1
stats: size_sent 9787 9787
stats: connected 5 5
# stats: dump at 1733507997
stats: users 50 50
stats: {freemem,"tsung_controller@ip-172-31-43-86"} 1 679.171875 0.0 679.80859375 679.171875 679.80859375 1
stats: {cpu,"tsung_controller@ip-172-31-43-86"} 1 0.29985007496251875 0.0 28.074309016764836 0.29985007496251875 28.074309016764836 1
stats: {load,"tsung_controller@ip-172-31-43-86"} 1 0.3203125 0.0 0.37890625 0.3203125 0.37890625 1
stats: users_count 45 50
stats: finish_users_count 0 0
stats: request 130 104.21346153846159 170.67005749101685 756.002 6.248 100.07600000000001 19
stats: connect 45 2.8611999999999997 7.720367808163892 53.677 1.147 3.8801999999999994 5
stats: page 123 110.15296747967483 173.90903211236358 756.002 6.248 100.07600000000001 19
stats: 302 43 49
stats: 200 86 99
stats: 303 1 1
stats: size_rcv 640434 733321
stats: newphase 2 3
stats: size_sent 68160 77947
stats: connected 45 50
# stats: dump at 1733508007
stats: users 235 235
stats: {freemem,"tsung_controller@ip-172-31-43-86"} 1 658.484375 0.0 679.80859375 658.484375 679.490234375 2
stats: {cpu,"tsung_controller@ip-172-31-43-86"} 1 1.0526315789473684 0.0 28.074309016764836 0.29985007496251875 14.187079545863677 2
stats: {load,"tsung_controller@ip-172-31-43-86"} 1 0.26953125 0.0 0.37890625 0.26953125 0.349609375 2
stats: session 3 13660.500999999998 4447.673950218697 19517.76 8746.401 0 0
stats: users_count 188 238
stats: finish_users_count 3 3
stats: request 245 697.9561510204084 1244.5031523917066 7848.049 6.248 103.68586577181212 149
stats: connect 177 2.2234293785310726 2.051513220430271 53.677 0.983 2.9630999999999994 50
stats: page 230 727.4151956521733 1289.609844685331 7848.049 6.248 108.80464084507045 142
stats: 302 66 115
stats: 200 174 273
stats: 303 5 6
stats: size_rcv 1276620 2009941
stats: newphase 2 5
stats: size_sent 184226 262173
stats: connected 174 224
# stats: dump at 1733508017
stats: users 988 988
stats: {freemem,"tsung_controller@ip-172-31-43-86"} 1 629.5546875 0.0 679.80859375 629.5546875 672.48828125 3
stats: {cpu,"tsung_controller@ip-172-31-43-86"} 1 1.4077425842131726 0.0 28.074309016764836 0.29985007496251875 9.80893022355824 3
stats: {load,"tsung_controller@ip-172-31-43-86"} 1 0.23046875 0.0 0.37890625 0.23046875 0.3229166666666667 3
stats: session 2 27674.626 4563.887999999999 32238.514 8746.401 13660.500999999998 3
stats: users_count 755 993
stats: finish_users_count 2 5
stats: request 219 8466.278616438354 2694.874973865466 14541.801 6.248 473.21941878172606 394
stats: connect 704 2.324159090909094 2.5931390808963366 53.677 0.851 2.386352422907488 227
stats: page 213 8513.485046948354 2697.762928666131 14541.801 6.248 491.2789086021502 372
stats: 302 64 179
stats: 200 154 427
stats: 303 1 7
stats: size_rcv 1120109 3130050
stats: newphase 2 7
stats: size_sent 194216 456389
stats: connected 702 926
# stats: dump at 1733508027
stats: users 3378 3378
stats: {freemem,"tsung_controller@ip-172-31-43-86"} 1 579.265625 0.0 679.80859375 579.265625 661.7548828125 4
stats: {cpu,"tsung_controller@ip-172-31-43-86"} 1 4.675716440422323 0.0 28.074309016764836 0.29985007496251875 7.708633313721973 4
stats: {load,"tsung_controller@ip-172-31-43-86"} 1 0.19921875 0.0 0.37890625 0.19921875 0.2998046875 4
stats: session 48 8123.906020833335 10767.30025608486 35201.102 99.38 19266.151 5
stats: users_count 2438 3431
stats: finish_users_count 48 53
stats: connect 6659 2.7853886469439897 2.948007213634094 53.677 0.662 2.3393233082706786 931
stats: 302 56 235
stats: error_send_einval 72 72
stats: request 6059 753.0368394124467 2746.7896813717525 18267.919 1.221 3328.8147928221856 613
stats: 200 380 807
stats: 303 4 11
stats: page 5941 767.7911550244085 2785.6953598873 20020.247 1.221 3412.184733333332 585
stats: size_rcv 2643281 5773331
stats: newphase 2 9
stats: size_sent 1346178 1802567
stats: connected 98 1024
stats: error_connection_closed 350 350
stats: error_abort_max_send_retries 39 39
# stats: dump at 1733508037
stats: users 3283 3620
stats: {freemem,"tsung_controller@ip-172-31-43-86"} 1 409.00390625 0.0 679.80859375 409.00390625 645.25703125 5
stats: {cpu,"tsung_controller@ip-172-31-43-86"} 1 26.75222112537019 0.0 28.074309016764836 0.29985007496251875 7.102049939062043 5
stats: {load,"tsung_controller@ip-172-31-43-86"} 1 0.48046875 0.0 0.48046875 0.19921875 0.2796875 5
stats: session 804 8841.05067786069 8655.679732672854 55572.628 69.72 9175.06120754717 53
stats: users_count 709 4140
stats: finish_users_count 804 857
stats: request 11829 613.6279956885638 3128.903128996232 22267.001 1.193 989.6902994604338 6672
stats: connect 15226 5.701090503086789 9.403564004148603 66.481 0.652 2.730673649538871 7590
stats: page 10790 673.4802650602405 3281.06313436848 28516.134 1.193 1004.8383881397502 6526
stats: 302 55 290
stats: error_send_einval 209 281
stats: 200 385 1192
stats: 303 3 14
stats: size_rcv 2686535 8459866
stats: newphase 0 9
stats: size_sent 2770392 4572959
stats: connected 0 1024
stats: error_connection_closed 2571 2921
stats: error_abort_max_send_retries 618 657
# stats: dump at 1733508047
stats: users 2380 3620
stats: {freemem,"tsung_controller@ip-172-31-43-86"} 1 285.79296875 0.0 679.80859375 285.79296875 605.8815104166666 6
stats: {cpu,"tsung_controller@ip-172-31-43-86"} 1 41.17336152219873 0.0 41.17336152219873 0.29985007496251875 10.377078470113402 6
stats: {load,"tsung_controller@ip-172-31-43-86"} 1 0.55078125 0.0 0.55078125 0.19921875 0.3131510416666667 6
stats: session 903 20965.60071982279 7142.637503269752 55572.628 69.72 8861.707105017498 857
stats: users_count 0 4140
stats: finish_users_count 903 1760
stats: connect 10204 1.8258761270090134 1.3887402213282445 66.481 0.652 4.712947799789598 22816
stats: 302 59 349
stats: request 9980 582.9733152304623 3636.2039598268248 29596.87 1.193 749.247026593159 18501
stats: page 8826 658.9932975300261 3869.145200133114 32873.423 1.193 798.3614796142299 17316
stats: error_send_einval 66 347
stats: 200 191 1383
stats: 303 0 14
stats: size_rcv 1377735 9837601
stats: newphase 0 9
stats: size_sent 3038548 7611507
stats: connected -1 1023
stats: error_connection_closed 150 3071
stats: error_abort_max_send_retries 10 667
# stats: dump at 1733508057
stats: users 1542 3620
stats: {freemem,"tsung_controller@ip-172-31-43-86"} 1 237.16796875 0.0 679.80859375 237.16796875 560.1545758928571 7
stats: {cpu,"tsung_controller@ip-172-31-43-86"} 1 27.887617065556714 0.0 41.17336152219873 0.29985007496251875 14.776547477554162 7
stats: {load,"tsung_controller@ip-172-31-43-86"} 1 0.5390625 0.0 0.55078125 0.19921875 0.3470982142857143 7
stats: session 838 29876.3537541766 8186.468759118164 64916.974 69.72 15071.82979488635 1760
stats: users_count 0 4140
stats: finish_users_count 838 2598
stats: connect 5254 2.1569113056718714 1.7384302157109806 66.481 0.652 3.820770956995743 33020
stats: 302 115 464
stats: request 5070 1015.5715856015798 5537.96855170447 36424.53 1.193 690.9832142480969 28481
stats: error_send_einval 80 427
stats: 200 50 1433
stats: page 4687 1079.5617147429068 5705.928303160277 36424.53 1.193 751.3083247264944 26142
stats: 303 0 14
stats: size_rcv 442962 10280563
stats: newphase 0 9
stats: size_sent 1926990 9538497
stats: connected -1 1022
stats: error_connection_closed 100 3171
stats: error_abort_max_send_retries 9 676
# stats: dump at 1733508067
stats: users 1263 3620
stats: {freemem,"tsung_controller@ip-172-31-43-86"} 1 305.69140625 0.0 679.80859375 237.16796875 519.78125 8
stats: {cpu,"tsung_controller@ip-172-31-43-86"} 1 16.773874319643742 0.0 41.17336152219873 0.29985007496251875 16.415431176054483 8
stats: {load,"tsung_controller@ip-172-31-43-86"} 1 0.53125 0.0 0.55078125 0.19921875 0.37109375 8
stats: session 279 41689.140659498175 8210.301992053439 65117.692 69.72 19847.115044264803 2598
stats: users_count 0 4140
stats: finish_users_count 279 2877
stats: connect 2147 2.575089892873781 2.949804150158112 66.481 0.652 3.592367377331856 38274
stats: page 1903 3402.6031623751965 10642.58311904758 43226.309 0.813 801.2134023808758 30829
stats: request 2096 3191.052343988546 10333.863483471227 43226.309 0.564 740.0328116598629 33551
stats: 302 130 594
stats: error_send_einval 31 458
stats: 200 49 1482
stats: 303 1 15
stats: size_rcv 449317 10729880
stats: newphase 0 9
stats: size_sent 1000970 10539467
stats: connected -1 1021
stats: error_connection_closed 32 3203
stats: error_abort_max_send_retries 0 676
stats: 404 3 3
# stats: dump at 1733508077
stats: users 1196 3620
stats: {freemem,"tsung_controller@ip-172-31-43-86"} 1 369.671875 0.0 679.80859375 237.16796875 495.9934895833333 9
stats: {cpu,"tsung_controller@ip-172-31-43-86"} 1 9.05905905905906 0.0 41.17336152219873 0.29985007496251875 16.455258192008845 9
stats: {load,"tsung_controller@ip-172-31-43-86"} 1 0.44921875 0.0 0.55078125 0.19921875 0.3888888888888889 9
stats: session 67 53099.5329552239 5707.811216645924 73450.108 69.72 21965.267684741033 2877
stats: users_count 0 4140
stats: finish_users_count 67 2944
stats: connect 1135 2.0951242290748944 1.7264853354842093 66.481 0.652 3.538333712674091 40421
stats: 302 481 1075
stats: request 1218 18744.771607553368 19740.138794753762 47894.74 0.437 884.1497623081901 35647
stats: page 1076 18663.425200743503 19866.12139916383 58620.179 0.813 952.4551448124166 32732
stats: error_send_einval 16 474
stats: 200 20 1502
stats: 303 0 15
stats: size_rcv 864888 11594768
stats: newphase 0 9
stats: size_sent 488896 11028363
stats: connected -36 985
stats: error_connection_closed 15 3218
stats: error_abort_max_send_retries 2 678
stats: 404 80 83
# stats: dump at 1733508087
stats: users 1001 3620
stats: {freemem,"tsung_controller@ip-172-31-43-86"} 1 388.1796875 0.0 679.80859375 237.16796875 483.361328125 10
stats: {cpu,"tsung_controller@ip-172-31-43-86"} 1 7.688467299051423 0.0 41.17336152219873 0.29985007496251875 15.715638278713865 10
stats: {load,"tsung_controller@ip-172-31-43-86"} 1 0.4609375 0.0 0.55078125 0.19921875 0.394921875 10
stats: session 195 62954.16432307695 8195.255948617572 102560.333 69.72 22673.82603158966 2944
stats: users_count 0 4140
stats: finish_users_count 195 3139
stats: connect 652 2.4457162576687153 1.720217199203367 66.481 0.652 3.4989159928770683 41556
stats: page 1601 14332.30179512804 12665.796457364291 58620.179 0.813 1516.1384085423576 33808
stats: request 1805 11277.949086980605 9606.754696235837 50380.213 0.437 1474.2552121253236 36865
stats: 302 1194 2269
stats: error_send_einval 1 475
stats: 200 182 1684
stats: 303 0 15
stats: size_rcv 4381606 15976374
stats: newphase 0 9
stats: size_sent 553882 11582245
stats: connected -2 983
stats: error_connection_closed 0 3218
stats: error_abort_max_send_retries 0 678
stats: 404 424 507
# stats: dump at 1733508097
stats: users 489 3620
stats: {freemem,"tsung_controller@ip-172-31-43-86"} 1 365.55078125 0.0 679.80859375 237.16796875 474.70845170454544 11
stats: {cpu,"tsung_controller@ip-172-31-43-86"} 1 8.579881656804734 0.0 41.17336152219873 0.29985007496251875 14.985895462380915 11
stats: {load,"tsung_controller@ip-172-31-43-86"} 1 0.390625 0.0 0.55078125 0.19921875 0.40092329545454547 11
stats: session 512 72385.18716992185 7359.74544246307 104165.987 69.72 25176.10891366676 3139
stats: users_count 0 4140
stats: finish_users_count 512 3651
stats: connect 24 3.563166666666666 4.0916775152605664 66.481 0.652 3.482646891584521 42208
stats: page 2926 1464.938299384818 1286.444514185807 58620.179 0.813 2095.6147445564693 35409
stats: 302 1887 4156
stats: request 3148 1202.8559196315084 498.0321118805875 50380.213 0.437 1931.8623350659436 38670
stats: error_send_einval 0 475
stats: 200 404 2088
stats: 303 65 80
stats: size_rcv 8293442 24269816
stats: newphase 0 9
stats: size_sent 1149940 12732185
stats: connected -481 502
stats: error_connection_closed 0 3218
stats: error_abort_max_send_retries 0 678
stats: 404 792 1299
# stats: dump at 1733508107
stats: users 78 3620
stats: {freemem,"tsung_controller@ip-172-31-43-86"} 1 363.93359375 0.0 679.80859375 237.16796875 465.6119791666667 12
stats: {cpu,"tsung_controller@ip-172-31-43-86"} 1 8.75 0.0 41.17336152219873 0.29985007496251875 14.4520609785829 12
stats: {load,"tsung_controller@ip-172-31-43-86"} 1 0.328125 0.0 0.55078125 0.19921875 0.4000651041666667 12
stats: session 411 78740.78506326037 6895.319251217423 104165.987 69.72 31796.50005779237 3651
stats: users_count 0 4140
stats: finish_users_count 411 4062
stats: request 1407 70.34878962331199 94.5994673718262 50380.213 0.437 1876.9837613467892 41818
stats: connect 1 1.291 0.0 66.481 0.652 3.4826926501231164 42232
stats: page 1364 75.21137243401763 116.41070904579425 58620.179 0.813 2047.477030233468 38335
stats: 302 842 4998
stats: error_send_einval 0 475
stats: 200 247 2335
stats: 303 107 187
stats: size_rcv 3714795 27984611
stats: newphase 0 9
stats: size_sent 678604 13410789
stats: connected -421 81
stats: error_connection_closed 0 3218
stats: error_abort_max_send_retries 0 678
stats: 404 211 1510
# stats: dump at 1733508117
stats: users 7 3620
stats: {freemem,"tsung_controller@ip-172-31-43-86"} 1 517.87109375 0.0 679.80859375 237.16796875 457.79056490384613 13
stats: {cpu,"tsung_controller@ip-172-31-43-86"} 1 2.9903699949315765 0.0 41.17336152219873 0.29985007496251875 14.013440903307291 13
stats: {load,"tsung_controller@ip-172-31-43-86"} 1 0.28125 0.0 0.55078125 0.19921875 0.39453125 13
stats: session 71 86357.58525352116 5871.894956466537 104165.987 69.72 36546.40186410634 4062
stats: users_count 0 4140
stats: finish_users_count 71 4133
stats: request 209 14.355100478468898 13.351384165092224 50380.213 0.437 1818.1766958704459 43225
stats: connect 1 4.118 0.0 66.481 0.652 3.4826407548599305 42233
stats: page 204 14.710862745098035 13.756677974457562 58620.179 0.813 1979.712845814756 39699
stats: 302 120 5118
stats: error_send_einval 0 475
stats: 200 48 2383
stats: 303 28 215
stats: size_rcv 582242 28566853
stats: newphase 0 9
stats: size_sent 123659 13534448
stats: connected -73 8
stats: error_connection_closed 0 3218
stats: error_abort_max_send_retries 0 678
stats: 404 13 1523
# stats: dump at 1733508127
stats: users 0 3620
stats: {freemem,"tsung_controller@ip-172-31-43-86"} 1 598.9296875 0.0 679.80859375 237.16796875 462.08203125 14
stats: {cpu,"tsung_controller@ip-172-31-43-86"} 1 0.6509764646970456 0.0 41.17336152219873 0.29985007496251875 13.22607869556617 14
stats: {load,"tsung_controller@ip-172-31-43-86"} 1 0.23828125 0.0 0.55078125 0.19921875 0.38643973214285715 14
stats: session 7 96961.19957142857 6289.754871168871 108452.501 69.72 37402.098457536886 4133
stats: users_count 0 4140
stats: finish_users_count 7 4140
stats: request 19 14.069473684210527 15.062697079272992 50380.213 0.437 1809.4968894184285 43434
stats: connect 0 0 0 66.481 0.652 3.4826557986456277 42234
stats: page 19 14.069473684210527 15.062697079272992 58620.179 0.813 1969.666974463073 39903
stats: 302 11 5129
stats: error_send_einval 0 475
stats: 200 4 2387
stats: 303 2 217
stats: size_rcv 56025 28622878
stats: newphase 0 9
stats: size_sent 11366 13545814
stats: connected -8 0
stats: error_connection_closed 0 3218
stats: error_abort_max_send_retries 0 678
stats: 404 2 1525
# stats: dump at 1733508129
stats: users 0 3620
stats: {freemem,"tsung_controller@ip-172-31-43-86"} 1 609.63671875 0.0 679.80859375 237.16796875 471.20520833333336 15
stats: {cpu,"tsung_controller@ip-172-31-43-86"} 1 0.050050050050050046 0.0 41.17336152219873 0.050050050050050046 12.38773854684156 15
stats: {load,"tsung_controller@ip-172-31-43-86"} 1 0.19921875 0.0 0.55078125 0.19921875 0.3765625 15
stats: session 0 0 0 108452.501 69.72 37502.80225169082 4140
stats: users_count 0 4140
stats: finish_users_count 0 4140
stats: request 0 0 0 50380.213 0.437 1808.711831519113 43453
stats: connect 0 0 0 66.481 0.652 3.4826557986456277 42234
stats: page 0 0 0 58620.179 0.813 1968.736250738941 39922
stats: 302 0 5129
stats: error_send_einval 0 475
stats: 200 0 2387
stats: 303 0 217
stats: size_rcv 0 28622878
stats: newphase 0 9
stats: size_sent 0 13545814
stats: connected 0 0
stats: error_connection_closed 0 3218
stats: error_abort_max_send_retries 0 678
stats: 404 0 1525
EndMonitor:{1733,508129,868817}
