# stats: dump at 1733337112
stats: users 4 4
stats: {freemem,"tsung_controller@ip-172-31-32-26"} 1 678.8515625 0 678.8515625 678.8515625 0 0
stats: {cpu,"tsung_controller@ip-172-31-32-26"} 1 1.552749695186517 0 1.552749695186517 1.552749695186517 0 0
stats: {load,"tsung_controller@ip-172-31-32-26"} 1 0.0 0 0.0 0.0 0 0
stats: users_count 4 4
stats: finish_users_count 0 0
stats: 302 8 8
stats: request 12 133.22691666666665 176.72270159841676 414.187 3.852 0 0
stats: 200 4 4
stats: size_rcv 23466 23466
stats: connect 4 2.3527500000000003 2.3266801859086694 6.378 0.917 0 0
stats: page 12 133.22691666666665 176.72270159841676 414.187 3.852 0 0
stats: newphase 1 1
stats: size_sent 4213 4213
stats: connected 4 4
# stats: dump at 1733337122
stats: users 35 35
stats: {freemem,"tsung_controller@ip-172-31-32-26"} 1 678.1875 0.0 678.8515625 678.1875 678.8515625 1
stats: {cpu,"tsung_controller@ip-172-31-32-26"} 1 1.5484515484515484 0.0 1.552749695186517 1.5484515484515484 1.552749695186517 1
stats: {load,"tsung_controller@ip-172-31-32-26"} 1 0.0 0.0 0.0 0.0 0.0 1
stats: session 2 12910.422999999999 262.88200000000097 13173.305 12647.541 0 0
stats: users_count 33 37
stats: finish_users_count 2 2
stats: request 92 266.00583695652176 391.62170049782793 1328.011 3.436 133.22691666666665 12
stats: connect 27 1.1080740740740738 0.4803543388055611 6.378 0.737 2.3527500000000003 4
stats: 302 55 63
stats: page 88 278.10067045454554 398.99250001719446 1328.011 3.436 133.22691666666665 12
stats: 200 37 41
stats: size_rcv 380189 403655
stats: newphase 1 2
stats: size_sent 36931 41144
stats: connected 25 29
# stats: dump at 1733337132
stats: users 156 156
stats: {freemem,"tsung_controller@ip-172-31-32-26"} 1 670.4140625 0.0 678.8515625 670.4140625 678.51953125 2
stats: {cpu,"tsung_controller@ip-172-31-32-26"} 1 0.3010536879076769 0.0 1.552749695186517 0.3010536879076769 1.5506006218190327 2
stats: {load,"tsung_controller@ip-172-31-32-26"} 1 0.0 0.0 0.0 0.0 0.0 2
stats: session 1 12106.792 0.0 13173.305 12106.792 12910.422999999999 2
stats: users_count 122 159
stats: finish_users_count 1 3
stats: connect 119 1.1446974789915971 0.7602213029700252 7.01 0.638 1.2686774193548385 31
stats: 302 130 193
stats: request 218 518.2567339449539 1151.099318420448 6570.521 3.436 250.68519230769232 104
stats: page 217 520.6453456221197 1159.3635488754323 6570.521 3.436 260.7158200000001 100
stats: 200 88 129
stats: size_rcv 523115 926770
stats: newphase 2 4
stats: size_sent 93372 134516
stats: connected 118 147
# stats: dump at 1733337142
stats: users 652 652
stats: {freemem,"tsung_controller@ip-172-31-32-26"} 1 654.94140625 0.0 678.8515625 654.94140625 675.8177083333334 3
stats: {cpu,"tsung_controller@ip-172-31-32-26"} 1 0.9523809523809524 0.0 1.552749695186517 0.3010536879076769 1.1340849771819141 3
stats: {load,"tsung_controller@ip-172-31-32-26"} 1 0.0 0.0 0.0 0.0 0.0 3
stats: session 0 0 0 13173.305 12106.792 12642.546 3
stats: users_count 496 655
stats: finish_users_count 0 3
stats: connect 452 1.3974292035398244 1.5692301482772353 20.953 0.545 1.1703200000000005 150
stats: page 278 5213.363028776977 2519.872840363024 16762.225 3.436 438.6486498422713 317
stats: request 287 5255.66217421603 2516.775123151584 16075.078 3.436 431.83611180124205 322
stats: 302 215 408
stats: 200 72 201
stats: size_rcv 734128 1660898
stats: newphase 2 6
stats: size_sent 135836 270352
stats: connected 452 599
# stats: dump at 1733337152
stats: users 2527 2527
stats: {freemem,"tsung_controller@ip-172-31-32-26"} 1 625.75 0.0 678.8515625 625.75 670.5986328125 4
stats: {cpu,"tsung_controller@ip-172-31-32-26"} 1 3.406813627254509 0.0 3.406813627254509 0.3010536879076769 1.0886589709816736 4
stats: {load,"tsung_controller@ip-172-31-32-26"} 1 0.0 0.0 0.0 0.0 0.0 4
stats: session 95 5401.693884210525 8282.494548244586 43959.965 49.909 12642.546 3
stats: users_count 1970 2625
stats: finish_users_count 95 98
stats: request 3499 1126.1022709345523 3161.882590459582 20296.934 0.469 2705.133451559935 609
stats: page 3453 1133.151874891395 3176.127833152516 24328.254 0.469 2669.523603361344 595
stats: 302 321 729
stats: error_send_einval 94 94
stats: 200 104 305
stats: size_rcv 754960 2415858
stats: connect 4434 1.3025949481280965 1.5202128186874644 24.225 0.277 1.3408405315614629 602
stats: newphase 2 8
stats: size_sent 600080 870432
stats: connected 426 1025
stats: error_connection_closed 408 408
stats: error_abort_max_send_retries 64 64
# stats: dump at 1733337162
stats: users 2372 2786
stats: {freemem,"tsung_controller@ip-172-31-32-26"} 1 523.2109375 0.0 678.8515625 523.2109375 661.62890625 5
stats: {cpu,"tsung_controller@ip-172-31-32-26"} 1 27.752176139272915 0.0 27.752176139272915 0.3010536879076769 1.5522899022362406 5
stats: {load,"tsung_controller@ip-172-31-32-26"} 1 0.078125 0.0 0.078125 0.0 0.0 5
stats: session 1894 5653.904712777203 6868.8311802347835 47978.811 40.042 5623.352622448978 98
stats: users_count 1739 4364
stats: finish_users_count 1894 1992
stats: request 8076 1282.8809782070357 3898.773943017644 23568.649 0.462 1360.1894152872442 4108
stats: connect 16925 2.3193338847858436 2.9722515418680344 54.44 0.251 1.3071667990468587 5036
stats: page 7653 1362.4961532732336 4034.281019075158 30858.1 0.462 1358.9772648221312 4048
stats: 302 651 1380
stats: error_send_einval 631 725
stats: 200 150 455
stats: size_rcv 1052767 3468625
stats: newphase 1 9
stats: size_sent 1368142 2238574
stats: connected -3 1022
stats: error_connection_closed 6428 6836
stats: error_abort_max_send_retries 1792 1856
# stats: dump at 1733337172
stats: users 1557 2786
stats: {freemem,"tsung_controller@ip-172-31-32-26"} 1 490.6171875 0.0 678.8515625 490.6171875 638.5592447916666 6
stats: {cpu,"tsung_controller@ip-172-31-32-26"} 1 52.8672032193159 0.0 52.8672032193159 0.3010536879076769 5.91893760840902 6
stats: {load,"tsung_controller@ip-172-31-32-26"} 1 0.37890625 0.0 0.37890625 0.0 0.013020833333333334 6
stats: session 815 19787.276233128843 8429.996557637478 57148.068 40.042 5652.401648092381 1992
stats: users_count 0 4364
stats: finish_users_count 815 2807
stats: request 5856 541.1166815232239 3102.1696483512806 27384.946 0.448 1308.946560899542 12184
stats: page 4902 627.0190654834746 3342.6950886368777 36145.882 0.461 1361.2787820699123 11701
stats: 302 122 1502
stats: error_send_einval 146 871
stats: 200 58 513
stats: size_rcv 511147 3979772
stats: newphase 0 9
stats: connect 6363 1.2731868615432982 1.4946036144399537 54.44 0.251 2.0872281772232766 21961
stats: size_sent 1159064 3397638
stats: connected 0 1022
stats: error_connection_closed 309 7145
stats: error_abort_max_send_retries 63 1919
# stats: dump at 1733337182
stats: users 1177 2786
stats: {freemem,"tsung_controller@ip-172-31-32-26"} 1 486.87890625 0.0 678.8515625 486.87890625 617.4246651785714 7
stats: {cpu,"tsung_controller@ip-172-31-32-26"} 1 21.66100048567266 0.0 52.8672032193159 0.3010536879076769 12.62583269568143 7
stats: {load,"tsung_controller@ip-172-31-32-26"} 1 0.5390625 0.0 0.5390625 0.0 0.06529017857142858 7
stats: session 380 27997.031878947375 7823.726429279224 57148.068 40.042 9756.399790879954 2807
stats: users_count 0 4364
stats: finish_users_count 380 3187
stats: connect 1826 1.18411938663746 1.0528664394435436 54.44 0.251 1.9043534105352489 28324
stats: page 1540 3100.269972727269 8159.069615233896 36145.882 0.461 1144.4901817743803 16603
stats: 302 151 1653
stats: error_send_einval 28 899
stats: 200 53 566
stats: size_rcv 421062 4400834
stats: newphase 0 9
stats: size_sent 461260 3858898
stats: connected 0 1022
stats: error_connection_closed 19 7164
stats: error_abort_max_send_retries 1 1920
stats: request 1787 2784.7808875209826 7798.060554697419 31044.469 0.448 1059.6997885254998 18040
# stats: dump at 1733337192
stats: users 1123 2786
stats: {freemem,"tsung_controller@ip-172-31-32-26"} 1 492.89453125 0.0 678.8515625 486.87890625 601.1064453125 8
stats: {cpu,"tsung_controller@ip-172-31-32-26"} 1 6.9156991418475515 0.0 52.8672032193159 0.3010536879076769 13.755228669430334 8
stats: {load,"tsung_controller@ip-172-31-32-26"} 1 0.44921875 0.0 0.5390625 0.0 0.12451171875 8
stats: session 54 37790.283111111115 6936.873329774466 58316.127 40.042 11931.31042579229 3187
stats: users_count 0 4364
stats: finish_users_count 54 3241
stats: request 657 10150.238934550984 14866.2260188848 36915.157 0.21 1215.1806945579267 19827
stats: page 601 10828.951381031598 15111.529373089297 36915.157 0.461 1310.4991592349681 18143
stats: 302 144 1797
stats: error_send_einval 24 923
stats: 200 66 632
stats: size_rcv 415045 4815879
stats: newphase 0 9
stats: size_sent 259417 4118315
stats: connected -4 1018
stats: error_connection_closed 8 7172
stats: error_abort_max_send_retries 8 1928
stats: connect 681 1.5481938325991191 1.6742799940289048 54.44 0.251 1.8607332669983547 30150
# stats: dump at 1733337202
stats: users 1081 2786
stats: {freemem,"tsung_controller@ip-172-31-32-26"} 1 492.76171875 0.0 678.8515625 486.87890625 589.0828993055555 9
stats: {cpu,"tsung_controller@ip-172-31-32-26"} 1 4.326205867727499 0.0 52.8672032193159 0.3010536879076769 12.995280944143358 9
stats: {load,"tsung_controller@ip-172-31-32-26"} 1 0.46875 0.0 0.5390625 0.0 0.1605902777777778 9
stats: session 42 48647.10297619047 8251.185573087285 71737.948 40.042 12362.160325516825 3241
stats: users_count 0 4364
stats: finish_users_count 42 3283
stats: connect 474 1.1509240506329117 0.9156160330455612 54.44 0.251 1.8538298465829974 30831
stats: page 416 11036.066139423077 18008.65664094729 44491.7 0.461 1615.6949437686735 18744
stats: request 480 10568.876647916659 17759.504458559182 44491.7 0.21 1501.7620880199183 20484
stats: 302 94 1891
stats: error_send_einval 5 928
stats: 200 32 664
stats: size_rcv 216690 5032569
stats: newphase 0 9
stats: size_sent 218112 4336427
stats: connected 4 1022
stats: error_connection_closed 0 7172
stats: error_abort_max_send_retries 0 1928
# stats: dump at 1733337212
stats: users 1058 2786
stats: {freemem,"tsung_controller@ip-172-31-32-26"} 1 499.58984375 0.0 678.8515625 486.87890625 579.45078125 10
stats: {cpu,"tsung_controller@ip-172-31-32-26"} 1 2.3976023976023977 0.0 52.8672032193159 0.3010536879076769 12.128373436501771 10
stats: {load,"tsung_controller@ip-172-31-32-26"} 1 0.390625 0.0 0.5390625 0.0 0.19140625 10
stats: session 23 55363.813130434784 5824.925359359671 71737.948 40.042 12826.360018275978 3283
stats: users_count 0 4364
stats: finish_users_count 23 3306
stats: page 266 20920.82672932329 24041.42366599438 52901.749 0.461 1820.2290991649277 19160
stats: 302 105 1996
stats: request 309 20404.02708090614 24007.26395048021 52901.749 0.21 1709.366313775997 20964
stats: error_send_einval 0 928
stats: connect 287 1.1216759581881526 0.7946204161725884 54.44 0.251 1.8431869030506434 31305
stats: 200 25 689
stats: size_rcv 221606 5254175
stats: newphase 0 9
stats: size_sent 153869 4490296
stats: connected -1 1021
stats: error_connection_closed 1 7173
stats: error_abort_max_send_retries 1 1929
# stats: dump at 1733337222
stats: users 1038 2786
stats: {freemem,"tsung_controller@ip-172-31-32-26"} 1 500.08984375 0.0 678.8515625 486.87890625 572.1906960227273 11
stats: {cpu,"tsung_controller@ip-172-31-32-26"} 1 1.7999999999999998 0.0 52.8672032193159 0.3010536879076769 11.24375788751092 11
stats: {load,"tsung_controller@ip-172-31-32-26"} 1 0.328125 0.0 0.5390625 0.0 0.20951704545454544 11
stats: session 20 67546.39035 4220.6613005390545 81309.835 40.042 13122.295112522697 3306
stats: users_count 0 4364
stats: finish_users_count 20 3326
stats: request 302 45034.640231788086 22747.47902242745 60011.022 0.21 1980.9147637850795 21273
stats: connect 223 1.0465291479820626 0.5534265765282638 54.44 0.251 1.8366322803241453 31592
stats: page 260 45783.474730769216 22465.855580046384 69804.286 0.461 2081.7733681663753 19426
stats: 302 169 2165
stats: error_send_einval 0 928
stats: 504 44 44
stats: 200 28 717
stats: size_rcv 308522 5562697
stats: newphase 0 9
stats: size_sent 110738 4601034
stats: connected -38 983
stats: error_connection_closed 0 7173
stats: error_abort_max_send_retries 0 1929
# stats: dump at 1733337232
stats: users 965 2786
stats: {freemem,"tsung_controller@ip-172-31-32-26"} 1 501.04296875 0.0 678.8515625 486.87890625 566.1822916666666 12
stats: {cpu,"tsung_controller@ip-172-31-32-26"} 1 1.9930244145490783 0.0 52.8672032193159 0.3010536879076769 10.456778063551676 12
stats: {load,"tsung_controller@ip-172-31-32-26"} 1 0.28125 0.0 0.5390625 0.0 0.21940104166666666 12
stats: session 73 78239.30998630138 7369.687016012082 98679.816 40.042 13449.559665965133 3326
stats: users_count 0 4364
stats: finish_users_count 73 3399
stats: 302 223 2388
stats: request 294 51954.38359523803 5003.071788446502 60011.022 0.21 2583.5671434530705 21575
stats: error_send_einval 0 928
stats: 504 43 87
stats: connect 151 1.0483907284768201 0.5476710108020867 54.44 0.251 1.8310942322803831 31815
stats: 200 27 744
stats: size_rcv 278522 5841219
stats: page 249 53223.139060240894 7320.650662183215 81706.243 0.461 2658.957273189069 19686
stats: newphase 0 9
stats: size_sent 77731 4678765
stats: connected -23 960
stats: error_connection_closed 0 7173
stats: error_abort_max_send_retries 0 1929
# stats: dump at 1733337242
stats: users 945 2786
stats: {freemem,"tsung_controller@ip-172-31-32-26"} 1 500.90234375 0.0 678.8515625 486.87890625 561.1715745192307 13
stats: {cpu,"tsung_controller@ip-172-31-32-26"} 1 1.053687907676869 0.0 52.8672032193159 0.3010536879076769 9.805720090551477 13
stats: {load,"tsung_controller@ip-172-31-32-26"} 1 0.23828125 0.0 0.5390625 0.0 0.22415865384615385 13
stats: session 20 90126.22959999999 8964.352785277226 118907.851 40.042 14841.042976757879 3399
stats: users_count 0 4364
stats: finish_users_count 20 3419
stats: connect 7 0.9831428571428571 0.15268962783692802 54.44 0.251 1.8273969217293498 31966
stats: 302 153 2541
stats: request 193 51210.1336373057 4315.722852703448 60011.022 0.21 3247.292967076683 21869
stats: error_send_einval 0 928
stats: 504 6 93
stats: page 168 52989.24717261903 7461.440421771964 84395.531 0.461 3290.5339606721845 19935
stats: 200 34 778
stats: size_rcv 321470 6162689
stats: newphase 0 9
stats: size_sent 80962 4759727
stats: connected -15 945
stats: error_connection_closed 0 7173
stats: error_abort_max_send_retries 0 1929
# stats: dump at 1733337252
stats: users 925 2786
stats: {freemem,"tsung_controller@ip-172-31-32-26"} 1 502.00390625 0.0 678.8515625 486.87890625 556.8666294642857 14
stats: {cpu,"tsung_controller@ip-172-31-32-26"} 1 0.6513026052104208 0.0 52.8672032193159 0.3010536879076769 9.180574934631862 14
stats: {load,"tsung_controller@ip-172-31-32-26"} 1 0.19921875 0.0 0.5390625 0.0 0.22516741071428573 14
stats: session 20 97367.5924 7124.463072820481 118907.851 40.042 15281.435995905245 3419
stats: users_count 0 4364
stats: finish_users_count 20 3439
stats: connect 0 0 0 54.44 0.251 1.8272120851968972 31973
stats: 302 169 2710
stats: request 198 49334.27069191917 5851.608847712681 60011.022 0.21 3666.8754278397237 22062
stats: error_send_einval 0 928
stats: 504 11 104
stats: page 162 55229.7127222222 13914.290813907233 94895.212 0.461 3705.864200915286 20103
stats: 200 18 796
stats: size_rcv 250565 6413254
stats: newphase 0 9
stats: size_sent 94217 4853944
stats: connected -20 925
stats: error_connection_closed 0 7173
stats: error_abort_max_send_retries 0 1929
# stats: dump at 1733337262
stats: users 908 2786
stats: {freemem,"tsung_controller@ip-172-31-32-26"} 1 501.80078125 0.0 678.8515625 486.87890625 553.2091145833333 15
stats: {cpu,"tsung_controller@ip-172-31-32-26"} 1 0.7507507507507507 0.0 52.8672032193159 0.3010536879076769 8.611956779337099 15
stats: {load,"tsung_controller@ip-172-31-32-26"} 1 0.171875 0.0 0.5390625 0.0 0.2234375 15
stats: session 17 111026.45605882352 9969.719293077324 139889.328 40.042 15758.81986565863 3439
stats: users_count 0 4364
stats: finish_users_count 17 3456
stats: request 183 45861.83365027323 5498.993647749954 60011.022 0.21 4073.0813695417783 22260
stats: connect 0 0 0 54.44 0.251 1.8272120851968972 31973
stats: page 151 57519.25203311257 20449.03084904588 101206.45 0.461 4117.7498885763625 20265
stats: 302 156 2866
stats: error_send_einval 0 928
stats: 504 2 106
stats: 200 25 821
stats: size_rcv 344866 6758120
stats: newphase 0 9
stats: size_sent 80905 4934849
stats: connected -15 910
stats: error_connection_closed 0 7173
stats: error_abort_max_send_retries 0 1929
# stats: dump at 1733337272
stats: users 849 2786
stats: {freemem,"tsung_controller@ip-172-31-32-26"} 1 501.609375 0.0 678.8515625 486.87890625 549.99609375 16
stats: {cpu,"tsung_controller@ip-172-31-32-26"} 1 0.750375187593797 0.0 52.8672032193159 0.3010536879076769 8.120631402550451 16
stats: {load,"tsung_controller@ip-172-31-32-26"} 1 0.140625 0.0 0.5390625 0.0 0.22021484375 16
stats: session 59 119816.62232203389 7093.330969635027 139987.752 40.042 16227.439603877323 3456
stats: users_count 0 4364
stats: finish_users_count 59 3515
stats: connect 0 0 0 54.44 0.251 1.8272120851968972 31973
stats: page 252 54651.49065476188 20164.48926398736 102416.694 0.461 4512.715935981582 20416
stats: request 302 44450.12236092711 4064.6985330469224 60011.022 0.21 4413.826442275988 22443
stats: 302 281 3147
stats: error_send_einval 0 928
stats: 504 0 106
stats: 200 21 842
stats: size_rcv 695448 7453568
stats: newphase 0 9
stats: size_sent 86224 5021073
stats: connected -61 849
stats: error_connection_closed 0 7173
stats: error_abort_max_send_retries 0 1929
# stats: dump at 1733337282
stats: users 825 2786
stats: {freemem,"tsung_controller@ip-172-31-32-26"} 1 500.94140625 0.0 678.8515625 486.87890625 547.1498161764706 17
stats: {cpu,"tsung_controller@ip-172-31-32-26"} 1 1.0505252626313157 0.0 52.8672032193159 0.3010536879076769 7.687086919317706 17
stats: {load,"tsung_controller@ip-172-31-32-26"} 1 0.12109375 0.0 0.5390625 0.0 0.21553308823529413 17
stats: session 24 127105.27829166666 5644.0262757889095 141032.436 40.042 17966.205401991472 3515
stats: users_count 0 4364
stats: finish_users_count 24 3539
stats: request 195 42779.71924102568 5408.969662980603 60011.022 0.21 4945.414104066826 22745
stats: connect 0 0 0 54.44 0.251 1.8272120851968972 31973
stats: page 164 51664.53437804877 17086.56924758884 102416.694 0.461 5124.046070930906 20668
stats: 302 160 3307
stats: error_send_einval 0 928
stats: 504 0 106
stats: 200 35 877
stats: size_rcv 440152 7893720
stats: newphase 0 9
stats: size_sent 95371 5116444
stats: connected -24 825
stats: error_connection_closed 0 7173
stats: error_abort_max_send_retries 0 1929
# stats: dump at 1733337292
stats: users 804 2786
stats: {freemem,"tsung_controller@ip-172-31-32-26"} 1 499.4921875 0.0 678.8515625 486.87890625 544.5826822916666 18
stats: {cpu,"tsung_controller@ip-172-31-32-26"} 1 0.7007007007007007 0.0 52.8672032193159 0.3010536879076769 7.318389049501795 18
stats: {load,"tsung_controller@ip-172-31-32-26"} 1 0.1015625 0.0 0.5390625 0.0 0.21028645833333334 18
stats: session 21 140051.50976190477 8503.202488554658 159256.581 40.042 18706.340397569944 3539
stats: users_count 0 4364
stats: finish_users_count 21 3560
stats: connect 0 0 0 54.44 0.251 1.8272120851968972 31973
stats: page 248 48741.49724193549 19117.408229691373 102416.694 0.461 5490.436243855605 20832
stats: 302 213 3520
stats: error_send_einval 0 928
stats: 504 0 106
stats: 200 85 962
stats: size_rcv 963436 8857156
stats: newphase 0 9
stats: size_sent 133772 5250216
stats: connected -21 804
stats: error_connection_closed 0 7173
stats: error_abort_max_send_retries 0 1929
stats: request 298 37835.23777516778 5786.225534072277 60011.022 0.21 5267.0221904533555 22940
# stats: dump at 1733337302
stats: users 753 2786
stats: {freemem,"tsung_controller@ip-172-31-32-26"} 1 484.2578125 0.0 678.8515625 484.2578125 542.2094983552631 19
stats: {cpu,"tsung_controller@ip-172-31-32-26"} 1 0.7533902561526872 0.0 52.8672032193159 0.3010536879076769 6.970089662722791 19
stats: {load,"tsung_controller@ip-172-31-32-26"} 1 0.078125 0.0 0.5390625 0.0 0.20456414473684212 19
stats: session 51 149885.62805882344 7646.040521194471 172431.482 40.042 19422.140553932593 3560
stats: users_count 0 4364
stats: finish_users_count 51 3611
stats: connect 0 0 0 54.44 0.251 1.8272120851968972 31973
stats: page 291 40311.18618213055 18916.74624026866 102416.694 0.461 5999.272255597722 21080
stats: request 356 30550.60077247191 6317.20831300013 60011.022 0.21 5684.671224115671 23238
stats: 302 263 3783
stats: error_send_einval 0 928
stats: 504 0 106
stats: 200 93 1055
stats: size_rcv 1147588 10004744
stats: newphase 0 9
stats: size_sent 131162 5381378
stats: connected -50 754
stats: error_connection_closed 0 7173
stats: error_abort_max_send_retries 0 1929
# stats: dump at 1733337312
stats: users 736 2786
stats: {freemem,"tsung_controller@ip-172-31-32-26"} 1 469.8515625 0.0 678.8515625 469.8515625 539.3119140625 20
stats: {cpu,"tsung_controller@ip-172-31-32-26"} 1 1.2018027040560841 0.0 52.8672032193159 0.3010536879076769 6.659254692394287 20
stats: {load,"tsung_controller@ip-172-31-32-26"} 1 0.0703125 0.0 0.5390625 0.0 0.19824218750000003 20
stats: session 17 161809.2687647059 10489.217961468003 193242.548 40.042 21264.743119080595 3611
stats: users_count 0 4364
stats: finish_users_count 17 3628
stats: connect 0 0 0 54.44 0.251 1.8272120851968972 31973
stats: page 160 37238.27050625 17561.27820309378 102416.694 0.461 6466.483287024471 21371
stats: request 190 29829.14587368422 9181.86749147107 60011.022 0.21 6059.862837204372 23594
stats: 302 122 3905
stats: error_send_einval 0 928
stats: 504 0 106
stats: 200 68 1123
stats: size_rcv 1288562 11293306
stats: newphase 0 9
stats: size_sent 114272 5495650
stats: connected -18 736
stats: error_connection_closed 0 7173
stats: error_abort_max_send_retries 0 1929
# stats: dump at 1733337322
stats: users 713 2786
stats: {freemem,"tsung_controller@ip-172-31-32-26"} 1 460.03125 0.0 678.8515625 460.03125 536.0042782738095 21
stats: {cpu,"tsung_controller@ip-172-31-32-26"} 1 0.6015037593984963 0.0 52.8672032193159 0.3010536879076769 6.399376026282944 21
stats: {load,"tsung_controller@ip-172-31-32-26"} 1 0.05859375 0.0 0.5390625 0.0 0.19215029761904762 21
stats: session 23 176084.62008695654 10364.42308029171 203840.716 40.042 21923.30346527013 3628
stats: users_count 0 4364
stats: finish_users_count 23 3651
stats: request 141 32369.373872340453 5823.76573869944 60011.022 0.21 6249.745269803227 23784
stats: connect 0 0 0 54.44 0.251 1.8272120851968972 31973
stats: page 115 36180.891547826104 14829.624078213461 102416.694 0.461 6695.152924062977 21531
stats: 302 83 3988
stats: error_send_einval 0 928
stats: 504 0 106
stats: 200 58 1181
stats: size_rcv 1166814 12460120
stats: newphase 0 9
stats: size_sent 74359 5570009
stats: connected -23 713
stats: error_connection_closed 0 7173
stats: error_abort_max_send_retries 0 1929
# stats: dump at 1733337332
stats: users 697 2786
stats: {freemem,"tsung_controller@ip-172-31-32-26"} 1 449.88671875 0.0 678.8515625 449.88671875 532.5509588068181 22
stats: {cpu,"tsung_controller@ip-172-31-32-26"} 1 1.99700449326011 0.0 52.8672032193159 0.3010536879076769 6.135836377788196 22
stats: {load,"tsung_controller@ip-172-31-32-26"} 1 0.05078125 0.0 0.5390625 0.0 0.18607954545454544 22
stats: session 16 176936.51687500003 4646.121087901069 203840.716 40.042 22894.46486825528 3651
stats: users_count 0 4364
stats: finish_users_count 16 3667
stats: request 106 36599.56634905659 4596.856790080163 60011.022 0.21 6403.679131159872 23925
stats: connect 0 0 0 54.44 0.251 1.8272120851968972 31973
stats: 302 49 4037
stats: error_send_einval 0 928
stats: 504 0 106
stats: 200 57 1238
stats: size_rcv 1234754 13694874
stats: newphase 0 9
stats: size_sent 56572 5626581
stats: connected -16 697
stats: error_connection_closed 0 7173
stats: error_abort_max_send_retries 0 1929
stats: page 78 40665.15291025641 13669.852929385297 102416.694 0.461 6851.803572761709 21646
# stats: dump at 1733337342
stats: users 658 2786
stats: {freemem,"tsung_controller@ip-172-31-32-26"} 1 440.7421875 0.0 678.8515625 440.7421875 528.9568614130434 23
stats: {cpu,"tsung_controller@ip-172-31-32-26"} 1 0.35052578868302453 0.0 52.8672032193159 0.3010536879076769 5.955887165417409 23
stats: {load,"tsung_controller@ip-172-31-32-26"} 1 0.0390625 0.0 0.5390625 0.0 0.18019701086956522 23
stats: session 39 189452.8567692308 6276.337266803554 203840.716 40.042 23566.587265884926 3667
stats: users_count 0 4364
stats: finish_users_count 39 3706
stats: request 162 41598.34174074071 3776.8114611171904 60011.022 0.21 6536.872258582661 24031
stats: connect 0 0 0 54.44 0.251 1.8272120851968972 31973
stats: 302 105 4142
stats: page 130 51384.82102307694 17500.982819211207 102416.694 0.461 6973.21036931504 21724
stats: error_send_einval 0 928
stats: 504 0 106
stats: 200 57 1295
stats: size_rcv 1289348 14984222
stats: newphase 0 9
stats: size_sent 51394 5677975
stats: connected -39 658
stats: error_connection_closed 0 7173
stats: error_abort_max_send_retries 0 1929
# stats: dump at 1733337352
stats: users 637 2786
stats: {freemem,"tsung_controller@ip-172-31-32-26"} 1 430.04296875 0.0 678.8515625 430.04296875 525.2812499999999 24
stats: {cpu,"tsung_controller@ip-172-31-32-26"} 1 0.6513026052104208 0.0 52.8672032193159 0.3010536879076769 5.72233044138681 24
stats: {load,"tsung_controller@ip-172-31-32-26"} 1 0.0390625 0.0 0.5390625 0.0 0.17431640625 24
stats: session 21 197126.227 6487.421378437464 210452.797 40.042 25312.28734970319 3706
stats: users_count 0 4364
stats: finish_users_count 21 3727
stats: request 85 46622.49356470587 5022.285026141194 60011.022 0.21 6771.649179845406 24193
stats: connect 0 0 0 54.44 0.251 1.8272120851968972 31973
stats: page 62 51001.781338709676 16159.31629643668 102416.694 0.461 7237.39584497117 21854
stats: 302 40 4182
stats: error_send_einval 0 928
stats: 504 0 106
stats: 200 45 1340
stats: size_rcv 1053196 16037418
stats: newphase 0 9
stats: size_sent 47471 5725446
stats: connected -21 637
stats: error_connection_closed 0 7173
stats: error_abort_max_send_retries 0 1929
# stats: dump at 1733337362
stats: users 609 2786
stats: {freemem,"tsung_controller@ip-172-31-32-26"} 1 423.7265625 0.0 678.8515625 423.7265625 521.4717187499998 25
stats: {cpu,"tsung_controller@ip-172-31-32-26"} 1 0.4495504495504496 0.0 52.8672032193159 0.3010536879076769 5.5194893279397546 25
stats: {load,"tsung_controller@ip-172-31-32-26"} 1 0.03125 0.0 0.5390625 0.0 0.16890625 25
stats: session 28 209371.85646428572 8807.932348337004 233987.591 40.042 26280.383065468213 3727
stats: users_count 0 4364
stats: finish_users_count 28 3755
stats: connect 0 0 0 54.44 0.251 1.8272120851968972 31973
stats: 302 55 4237
stats: request 132 52555.013121212134 4105.563873867136 60011.022 0.21 6911.171454032455 24278
stats: error_send_einval 0 928
stats: 504 16 122
stats: page 101 61167.000217821806 20598.608272488444 103232.422 0.461 7361.204564655956 21916
stats: 200 61 1401
stats: size_rcv 897232 16934650
stats: newphase 0 9
stats: size_sent 64307 5789753
stats: connected -28 609
stats: error_connection_closed 0 7173
stats: error_abort_max_send_retries 0 1929
# stats: dump at 1733337372
stats: users 576 2786
stats: {freemem,"tsung_controller@ip-172-31-32-26"} 1 420.50390625 0.0 678.8515625 420.50390625 517.7122896634613 26
stats: {cpu,"tsung_controller@ip-172-31-32-26"} 1 0.5007511266900351 0.0 52.8672032193159 0.3010536879076769 5.3244916787709355 26
stats: {load,"tsung_controller@ip-172-31-32-26"} 1 0.01953125 0.0 0.5390625 0.0 0.16361177884615385 26
stats: session 33 221978.0831818182 9808.628910037898 244435.915 40.042 27645.645716644485 3755
stats: users_count 0 4364
stats: finish_users_count 33 3788
stats: request 177 54144.34508474575 4113.042444572115 60011.022 0.21 7157.995997255221 24410
stats: connect 0 0 0 54.44 0.251 1.8272120851968972 31973
stats: page 124 63023.65324999996 19168.19860621874 103232.422 0.461 7608.031351274013 22017
stats: 302 61 4298
stats: error_send_einval 0 928
stats: 504 56 178
stats: 200 60 1461
stats: size_rcv 355225 17289875
stats: newphase 0 9
stats: size_sent 84239 5873992
stats: connected -30 579
stats: error_connection_closed 0 7173
stats: error_abort_max_send_retries 0 1929
# stats: dump at 1733337382
stats: users 549 2786
stats: {freemem,"tsung_controller@ip-172-31-32-26"} 1 419.90234375 0.0 678.8515625 419.90234375 514.1119791666665 27
stats: {cpu,"tsung_controller@ip-172-31-32-26"} 1 2.1 0.0 52.8672032193159 0.3010536879076769 5.145834621286458 27
stats: {load,"tsung_controller@ip-172-31-32-26"} 1 0.08984375 0.0 0.5390625 0.0 0.15827546296296297 27
stats: session 27 229614.0265925926 7106.772933667817 244435.915 40.042 29338.615736800435 3788
stats: users_count 0 4364
stats: finish_users_count 27 3815
stats: request 87 53016.17294252877 4583.295777949663 60011.022 0.21 7496.247259649404 24587
stats: connect 0 0 0 54.44 0.251 1.8272120851968972 31973
stats: page 66 66365.01936363637 20351.199247631197 103232.422 0.461 7918.384863556295 22141
stats: 302 35 4333
stats: error_send_einval 0 928
stats: 504 26 204
stats: 200 26 1487
stats: size_rcv 142184 17432059
stats: newphase 0 9
stats: size_sent 53038 5927030
stats: connected -27 552
stats: error_connection_closed 0 7173
stats: error_abort_max_send_retries 0 1929
# stats: dump at 1733337392
stats: users 498 2786
stats: {freemem,"tsung_controller@ip-172-31-32-26"} 1 416.5 0.0 678.8515625 416.5 510.747349330357 28
stats: {cpu,"tsung_controller@ip-172-31-32-26"} 1 0.30045067601402103 0.0 52.8672032193159 0.30045067601402103 5.03705481338337 28
stats: {load,"tsung_controller@ip-172-31-32-26"} 1 0.078125 0.0 0.5390625 0.0 0.15583147321428573 28
stats: session 51 238540.740745098 6493.332388726627 255859.718 40.042 30756.030177981662 3815
stats: users_count 0 4364
stats: finish_users_count 51 3866
stats: connect 0 0 0 54.44 0.251 1.8272120851968972 31973
stats: 302 93 4426
stats: request 170 49568.929123529444 5314.265170574698 60011.022 0.21 7656.749550903782 24674
stats: error_send_einval 0 928
stats: 504 33 237
stats: page 142 62640.92516197184 22594.477549962427 103232.422 0.461 8092.090356284051 22207
stats: 200 44 1531
stats: size_rcv 254459 17686518
stats: newphase 0 9
stats: size_sent 59576 5986606
stats: connected -52 500
stats: error_connection_closed 0 7173
stats: error_abort_max_send_retries 0 1929
# stats: dump at 1733337402
stats: users 469 2786
stats: {freemem,"tsung_controller@ip-172-31-32-26"} 1 415.671875 0.0 678.8515625 415.671875 507.4974407327585 29
stats: {cpu,"tsung_controller@ip-172-31-32-26"} 1 0.5505505505505506 0.0 52.8672032193159 0.30045067601402103 4.873723636232702 29
stats: {load,"tsung_controller@ip-172-31-32-26"} 1 0.0703125 0.0 0.5390625 0.0 0.1531519396551724 29
stats: session 29 248699.64762068962 7625.490237958357 273988.733 40.042 33497.111460682885 3866
stats: users_count 0 4364
stats: finish_users_count 29 3895
stats: connect 0 0 0 54.44 0.251 1.8272120851968972 31973
stats: 302 34 4460
stats: request 94 46089.1655 7559.391778872501 60011.022 0.21 7943.541956609239 24844
stats: error_send_einval 0 928
stats: 504 21 258
stats: page 79 71483.4492278481 27685.979467261626 103232.422 0.461 8438.680116112575 22349
stats: 200 39 1570
stats: size_rcv 194623 17881141
stats: newphase 0 9
stats: size_sent 42574 6029180
stats: connected -31 469
stats: error_connection_closed 0 7173
stats: error_abort_max_send_retries 0 1929
# stats: dump at 1733337412
stats: users 437 2786
stats: {freemem,"tsung_controller@ip-172-31-32-26"} 1 416.04296875 0.0 678.8515625 415.671875 504.43658854166654 30
stats: {cpu,"tsung_controller@ip-172-31-32-26"} 1 0.44999999999999996 0.0 52.8672032193159 0.30045067601402103 4.7296178667099635 30
stats: {load,"tsung_controller@ip-172-31-32-26"} 1 0.05859375 0.0 0.5390625 0.0 0.150390625 30
stats: session 32 256512.56374999997 5666.885418119402 273988.733 40.042 35099.38965032093 3895
stats: users_count 0 4364
stats: finish_users_count 32 3927
stats: connect 0 0 0 54.44 0.251 1.8272120851968972 31973
stats: 302 31 4491
stats: request 105 46649.32301904762 6511.35363064664 60011.022 0.21 8087.326085772714 24938
stats: error_send_einval 0 928
stats: 504 20 278
stats: 200 54 1624
stats: page 95 79349.98657894738 28273.878281662026 104553.214 0.461 8660.747922418403 22428
stats: size_rcv 253564 18134705
stats: newphase 0 9
stats: size_sent 52630 6081810
stats: connected -31 438
stats: error_connection_closed 0 7173
stats: error_abort_max_send_retries 0 1929
# stats: dump at 1733337422
stats: users 430 2786
stats: {freemem,"tsung_controller@ip-172-31-32-26"} 1 415.15234375 0.0 678.8515625 415.15234375 501.5851814516128 31
stats: {cpu,"tsung_controller@ip-172-31-32-26"} 1 0.35052578868302453 0.0 52.8672032193159 0.30045067601402103 4.591565677461255 31
stats: {load,"tsung_controller@ip-172-31-32-26"} 1 0.05078125 0.0 0.5390625 0.0 0.14742943548387097 31
stats: session 7 264859.3054285714 5724.312954096441 277568.166 40.042 36903.62228877006 3927
stats: users_count 0 4364
stats: finish_users_count 7 3934
stats: request 51 55404.19192156861 6484.04833767272 60011.022 0.21 8249.008379347519 25043
stats: connect 0 0 0 54.44 0.251 1.8272120851968972 31973
stats: page 32 66025.80178124999 21933.435010912286 109704.071 0.461 8958.908810060822 22523
stats: 302 8 4499
stats: error_send_einval 0 928
stats: 504 20 298
stats: 200 23 1647
stats: size_rcv 563724 18698429
stats: newphase 0 9
stats: size_sent 32874 6114684
stats: connected -8 430
stats: error_connection_closed 0 7173
stats: error_abort_max_send_retries 0 1929
# stats: dump at 1733337432
stats: users 415 2786
stats: {freemem,"tsung_controller@ip-172-31-32-26"} 1 412.90234375 0.0 678.8515625 412.90234375 498.8841552734374 32
stats: {cpu,"tsung_controller@ip-172-31-32-26"} 1 0.1002004008016032 0.0 52.8672032193159 0.1002004008016032 4.4590331809369355 32
stats: {load,"tsung_controller@ip-172-31-32-26"} 1 0.0390625 0.0 0.5390625 0.0 0.1444091796875 32
stats: session 15 279413.5645333334 5199.075697027947 287236.368 40.042 37309.237383324864 3934
stats: users_count 0 4364
stats: finish_users_count 15 3949
stats: connect 0 0 0 54.44 0.251 1.8272120851968972 31973
stats: 302 15 4514
stats: request 82 56775.79528048778 4177.601441445254 60011.022 0.21 8344.844609548096 25094
stats: error_send_einval 0 928
stats: 504 51 349
stats: page 59 71789.7811355932 24378.7162785817 113322.664 0.461 9039.872701662598 22555
stats: 200 16 1663
stats: size_rcv 94843 18793272
stats: newphase 0 9
stats: size_sent 44912 6159596
stats: connected -15 415
stats: error_connection_closed 0 7173
stats: error_abort_max_send_retries 0 1929
# stats: dump at 1733337442
stats: users 387 2786
stats: {freemem,"tsung_controller@ip-172-31-32-26"} 1 412.296875 0.0 678.8515625 412.296875 496.2786458333332 33
stats: {cpu,"tsung_controller@ip-172-31-32-26"} 1 0.15037593984962408 0.0 52.8672032193159 0.1002004008016032 4.326947339114653 33
stats: {load,"tsung_controller@ip-172-31-32-26"} 1 0.03125 0.0 0.5390625 0.0 0.14121685606060605 33
stats: session 28 291328.62957142846 7651.0150523039765 313039.748 40.042 38228.85371840973 3949
stats: users_count 0 4364
stats: finish_users_count 28 3977
stats: page 75 72909.6508933334 25653.335127405502 114352.798 0.461 9203.587418103825 22614
stats: connect 0 0 0 54.44 0.251 1.8272120851968972 31973
stats: 302 23 4537
stats: error_send_einval 0 928
stats: 504 39 388
stats: 200 22 1685
stats: size_rcv 117307 18910579
stats: newphase 0 9
stats: size_sent 45319 6204915
stats: connected -23 392
stats: error_connection_closed 0 7173
stats: error_abort_max_send_retries 0 1929
stats: request 84 55812.059297619046 3991.743135174941 60011.022 0.21 8502.587616976482 25176
# stats: dump at 1733337452
stats: users 363 2786
stats: {freemem,"tsung_controller@ip-172-31-32-26"} 1 412.04296875 0.0 678.8515625 412.04296875 493.8085937499999 34
stats: {cpu,"tsung_controller@ip-172-31-32-26"} 1 0.35000000000000003 0.0 52.8672032193159 0.1002004008016032 4.204107003842153 34
stats: {load,"tsung_controller@ip-172-31-32-26"} 1 0.03125 0.0 0.5390625 0.0 0.13798253676470587 34
stats: session 24 299325.5983333333 7931.913639510034 318344.382 40.042 40010.7983309027 3977
stats: users_count 0 4364
stats: finish_users_count 24 4001
stats: request 84 56429.443726190475 3265.8519731451934 60011.022 0.21 8659.911275771969 25260
stats: connect 0 0 0 54.44 0.251 1.8272120851968972 31973
stats: page 84 68572.5069404762 22788.581326971078 114579.872 0.461 9414.172052095726 22689
stats: 302 29 4566
stats: error_send_einval 0 928
stats: 504 38 426
stats: 200 17 1702
stats: size_rcv 101776 19012355
stats: newphase 0 9
stats: size_sent 41561 6246476
stats: connected -29 363
stats: error_connection_closed 0 7173
stats: error_abort_max_send_retries 0 1929
# stats: dump at 1733337462
stats: users 349 2786
stats: {freemem,"tsung_controller@ip-172-31-32-26"} 1 412.4375 0.0 678.8515625 412.04296875 491.4724330357142 35
stats: {cpu,"tsung_controller@ip-172-31-32-26"} 1 0.2004008016032064 0.0 52.8672032193159 0.1002004008016032 4.093989660875234 35
stats: {load,"tsung_controller@ip-172-31-32-26"} 1 0.01953125 0.0 0.5390625 0.0 0.13493303571428572 35
stats: session 14 309783.3176428572 4362.5767129431415 319451.213 40.042 41566.298255936024 4001
stats: users_count 0 4364
stats: finish_users_count 14 4015
stats: connect 0 0 0 54.44 0.251 1.8272120851968972 31973
stats: request 67 57381.969253731346 3033.0088469411216 60011.022 0.21 8818.238324613318 25344
stats: page 67 70814.96776119401 23282.75255657441 114805.451 0.461 9632.382218987395 22773
stats: 302 14 4580
stats: error_send_einval 0 928
stats: 504 38 464
stats: 200 15 1717
stats: size_rcv 87318 19099673
stats: newphase 0 9
stats: size_sent 40968 6287444
stats: connected -14 349
stats: error_connection_closed 0 7173
stats: error_abort_max_send_retries 0 1929
# stats: dump at 1733337472
stats: users 345 2786
stats: {freemem,"tsung_controller@ip-172-31-32-26"} 1 413.29296875 0.0 678.8515625 412.04296875 489.2770182291666 36
stats: {cpu,"tsung_controller@ip-172-31-32-26"} 1 0.15037593984962408 0.0 52.8672032193159 0.1002004008016032 3.9858344147843443 36
stats: {load,"tsung_controller@ip-172-31-32-26"} 1 0.01953125 0.0 0.5390625 0.0 0.13172743055555555 36
stats: session 4 323148.18425000005 8397.743402498603 335334.158 40.042 42501.550627397264 4015
stats: users_count 0 4364
stats: finish_users_count 4 4019
stats: connect 0 0 0 54.44 0.251 1.8272120851968972 31973
stats: page 61 63615.64163934427 14233.338887100284 119563.404 0.461 9811.858279903676 22840
stats: 302 4 4584
stats: request 61 59681.14375409837 1022.7636285842586 60011.022 0.21 8946.284051749239 25411
stats: error_send_einval 0 928
stats: 504 53 517
stats: 200 4 1721
stats: size_rcv 37168 19136841
stats: newphase 0 9
stats: size_sent 32294 6319738
stats: connected -4 345
stats: error_connection_closed 0 7173
stats: error_abort_max_send_retries 0 1929
# stats: dump at 1733337482
stats: users 295 2786
stats: {freemem,"tsung_controller@ip-172-31-32-26"} 1 414.39453125 0.0 678.8515625 412.04296875 487.22339527027015 37
stats: {cpu,"tsung_controller@ip-172-31-32-26"} 1 0.15030060120240482 0.0 52.8672032193159 0.1002004008016032 3.8821733749212437 37
stats: {load,"tsung_controller@ip-172-31-32-26"} 1 0.01953125 0.0 0.5390625 0.0 0.12869510135135134 37
stats: session 50 329718.5535799999 6237.369520701563 342178.448 40.042 42780.870491664595 4019
stats: users_count 0 4364
stats: finish_users_count 50 4069
stats: request 113 53178.33443362831 4330.158866506375 60011.022 0.21 9067.783205402007 25472
stats: connect 0 0 0 54.44 0.251 1.8272120851968972 31973
stats: 302 50 4634
stats: error_send_einval 0 928
stats: 504 16 533
stats: 200 47 1768
stats: size_rcv 248718 19385559
stats: newphase 0 9
stats: size_sent 47919 6367657
stats: connected -50 295
stats: error_connection_closed 0 7173
stats: error_abort_max_send_retries 0 1929
stats: page 113 78070.66325663713 29377.52380833609 119563.404 0.461 9955.172143268852 22901
# stats: dump at 1733337492
stats: users 224 2786
stats: {freemem,"tsung_controller@ip-172-31-32-26"} 1 432.06640625 0.0 678.8515625 412.04296875 485.30684621710515 38
stats: {cpu,"tsung_controller@ip-172-31-32-26"} 1 0.35035035035035034 0.0 52.8672032193159 0.1002004008016032 3.783966196665485 38
stats: {load,"tsung_controller@ip-172-31-32-26"} 1 0.01171875 0.0 0.5390625 0.0 0.12582236842105263 38
stats: session 71 337501.6167464789 5744.418498001029 354190.09 40.042 46306.7697677562 4069
stats: users_count 0 4364
stats: finish_users_count 71 4140
stats: request 83 45812.52859036145 6652.874118920418 60011.022 0.21 9262.60408829392 25585
stats: connect 0 0 0 54.44 0.251 1.8272120851968972 31973
stats: page 83 47981.250289156626 13164.867424457962 119563.404 0.461 10289.622933909794 23014
stats: 302 67 4701
stats: error_send_einval 0 928
stats: 504 13 546
stats: 200 3 1771
stats: size_rcv 87014 19472573
stats: newphase 0 9
stats: size_sent 18528 6386185
stats: connected -67 228
stats: error_connection_closed 0 7173
stats: error_abort_max_send_retries 0 1929
# stats: dump at 1733337502
stats: users 132 2786
stats: {freemem,"tsung_controller@ip-172-31-32-26"} 1 482.57421875 0.0 678.8515625 412.04296875 483.9417067307691 39
stats: {cpu,"tsung_controller@ip-172-31-32-26"} 1 0.5 0.0 52.8672032193159 0.1002004008016032 3.6959247647086864 39
stats: {load,"tsung_controller@ip-172-31-32-26"} 1 0.01171875 0.0 0.5390625 0.0 0.12289663461538461 39
stats: session 92 347118.12360869575 6576.209403928194 362886.291 40.042 51300.69105652174 4140
stats: users_count 0 4364
stats: finish_users_count 92 4232
stats: connect 0 0 0 54.44 0.251 1.8272120851968972 31973
stats: 302 96 4797
stats: page 118 35785.04893220338 12362.983105932668 119563.404 0.461 10425.069315279039 23097
stats: error_send_einval 0 928
stats: 504 22 568
stats: 200 0 1771
stats: size_rcv 108374 19580947
stats: newphase 0 9
stats: size_sent 15816 6402001
stats: connected -96 132
stats: error_connection_closed 0 7173
stats: error_abort_max_send_retries 0 1929
stats: request 118 35785.04893220338 12362.983105932668 60011.312 0.21 9380.791860370888 25668
# stats: dump at 1733337512
stats: users 67 2786
stats: {freemem,"tsung_controller@ip-172-31-32-26"} 1 534.5390625 0.0 678.8515625 412.04296875 483.90751953124993 40
stats: {cpu,"tsung_controller@ip-172-31-32-26"} 1 0.3003003003003003 0.0 52.8672032193159 0.1002004008016032 3.6160266455909693 40
stats: {load,"tsung_controller@ip-172-31-32-26"} 1 0.01171875 0.0 0.5390625 0.0 0.1201171875 40
stats: session 65 358285.31141538464 4268.716036307473 369103.998 40.042 57731.50480765596 4232
stats: users_count 0 4364
stats: finish_users_count 65 4297
stats: 302 65 4862
stats: request 93 25908.589086021486 22322.42476866038 60011.312 0.21 9501.621082990767 25786
stats: error_send_einval 0 928
stats: 504 15 583
stats: connect 0 0 0 54.44 0.251 1.8272120851968972 31973
stats: 200 13 1784
stats: page 93 25908.589086021486 22322.42476866038 119563.404 0.461 10553.972076200731 23215
stats: size_rcv 496854 20077801
stats: newphase 0 9
stats: size_sent 21929 6423930
stats: connected -65 67
stats: error_connection_closed 0 7173
stats: error_abort_max_send_retries 0 1929
# stats: dump at 1733337522
stats: users 19 2786
stats: {freemem,"tsung_controller@ip-172-31-32-26"} 1 633.25 0.0 678.8515625 412.04296875 485.14243521341456 41
stats: {cpu,"tsung_controller@ip-172-31-32-26"} 1 1.3506753376688343 0.0 52.8672032193159 0.1002004008016032 3.5351552713155874 41
stats: {load,"tsung_controller@ip-172-31-32-26"} 1 0.01171875 0.0 0.5390625 0.0 0.11747332317073171 41
stats: session 48 367872.5216458333 4541.594552665437 375697.446 40.042 62277.93194973238 4297
stats: users_count 0 4364
stats: finish_users_count 48 4345
stats: connect 0 0 0 54.44 0.251 1.8272120851968972 31973
stats: 302 44 4906
stats: request 106 24411.97521698113 20959.668750713758 60011.312 0.21 9560.581940221797 25879
stats: error_send_einval 0 928
stats: 504 0 583
stats: 200 62 1846
stats: page 106 24411.97521698113 20959.668750713758 119563.404 0.461 10615.237709541787 23308
stats: size_rcv 2066081 22143882
stats: newphase 0 9
stats: size_sent 33348 6457278
stats: connected -44 23
stats: error_connection_closed 0 7173
stats: error_abort_max_send_retries 0 1929
# stats: dump at 1733337532
stats: users 0 2786
stats: {freemem,"tsung_controller@ip-172-31-32-26"} 1 647.96875 0.0 678.8515625 412.04296875 488.66880580357133 42
stats: {cpu,"tsung_controller@ip-172-31-32-26"} 1 2.2011005502751377 0.0 52.8672032193159 0.1002004008016032 3.483143844323998 42
stats: {load,"tsung_controller@ip-172-31-32-26"} 1 0.0 0.0 0.5390625 0.0 0.11495535714285714 42
stats: session 19 370285.4732631579 3692.7598831528007 379488.628 40.042 65653.89059309552 4345
stats: users_count 0 4364
stats: finish_users_count 19 4364
stats: request 23 5.458130434782609 2.2359656858288672 60011.312 0.21 9621.16487989224 25985
stats: page 23 5.458130434782609 2.2359656858288672 119563.404 0.461 10677.698381609292 23414
stats: connect 0 0 0 54.44 0.251 1.8272120851968972 31973
stats: 302 23 4929
stats: error_send_einval 0 928
stats: 504 0 583
stats: 200 0 1846
stats: size_rcv 24290 22168172
stats: newphase 0 9
stats: size_sent 17399 6474677
stats: connected -23 0
stats: error_connection_closed 0 7173
stats: error_abort_max_send_retries 0 1929
# stats: dump at 1733337533
stats: users 0 2786
stats: {freemem,"tsung_controller@ip-172-31-32-26"} 0 0 0 678.8515625 412.04296875 492.37345566860455 43
stats: {cpu,"tsung_controller@ip-172-31-32-26"} 0 0 0 52.8672032193159 0.1002004008016032 3.4533288839972798 43
stats: {load,"tsung_controller@ip-172-31-32-26"} 0 0 0 0.5390625 0.0 0.11228197674418605 43
stats: session 0 0 0 379488.628 40.042 66980.1967504583 4364
stats: users_count 0 4364
stats: finish_users_count 0 4364
stats: request 0 0 0 60011.312 0.21 9612.661294255608 26008
stats: connect 0 0 0 54.44 0.251 1.8272120851968972 31973
stats: page 0 0 0 119563.404 0.461 10667.225133080172 23437
stats: 302 0 4929
stats: error_send_einval 0 928
stats: 504 0 583
stats: 200 0 1846
stats: size_rcv 0 22168172
stats: newphase 0 9
stats: size_sent 0 6474677
stats: connected 0 0
stats: error_connection_closed 0 7173
stats: error_abort_max_send_retries 0 1929
EndMonitor:{1733,337533,2763}
