# stats: dump at 1733509256
stats: users 12 12
stats: {freemem,"tsung_controller@ip-172-31-43-86"} 1 686.20703125 0 686.20703125 686.20703125 0 0
stats: {cpu,"tsung_controller@ip-172-31-43-86"} 1 5.291985269211644 0 5.291985269211644 5.291985269211644 0 0
stats: {load,"tsung_controller@ip-172-31-43-86"} 1 0.05078125 0 0.05078125 0.05078125 0 0
stats: users_count 12 12
stats: finish_users_count 0 0
stats: request 25 130.36236 149.00973489994 402.416 8.183 0 0
stats: connect 9 2.1359999999999997 1.918417229558436 7.552 1.271 0 0
stats: page 25 130.36236 149.00973489994 402.416 8.183 0 0
stats: 302 8 8
stats: 200 18 18
stats: size_rcv 147338 147338
stats: newphase 1 1
stats: size_sent 12960 12960
stats: connected 9 9
# stats: dump at 1733509266
stats: users 56 56
stats: {freemem,"tsung_controller@ip-172-31-43-86"} 1 684.296875 0.0 686.20703125 684.296875 686.20703125 1
stats: {cpu,"tsung_controller@ip-172-31-43-86"} 1 0.7003501750875438 0.0 5.291985269211644 0.7003501750875438 5.291985269211644 1
stats: {load,"tsung_controller@ip-172-31-43-86"} 1 0.0390625 0.0 0.05078125 0.0390625 0.05078125 1
stats: session 2 12199.4895 1544.4514999999997 13743.941 10655.038 0 0
stats: users_count 46 58
stats: finish_users_count 2 2
stats: request 150 164.92271999999997 266.946186267248 1503.257 7.7 130.36236 25
stats: connect 44 2.150636363636363 2.945458747191167 20.738 1.182 2.1359999999999997 9
stats: page 150 164.92271999999997 266.946186267248 1503.257 7.7 130.36236 25
stats: 302 45 53
stats: 200 104 122
stats: size_rcv 960269 1107607
stats: newphase 2 3
stats: size_sent 80853 93813
stats: connected 42 51
# stats: dump at 1733509276
stats: users 227 227
stats: {freemem,"tsung_controller@ip-172-31-43-86"} 1 664.328125 0.0 686.20703125 664.328125 685.251953125 2
stats: {cpu,"tsung_controller@ip-172-31-43-86"} 1 0.603318250377074 0.0 5.291985269211644 0.603318250377074 2.9961677221495937 2
stats: {load,"tsung_controller@ip-172-31-43-86"} 1 0.0390625 0.0 0.05078125 0.0390625 0.044921875 2
stats: session 2 18642.3995 3789.4234999999994 22431.823 10655.038 12199.4895 2
stats: users_count 173 231
stats: finish_users_count 2 4
stats: request 226 802.4313008849557 1291.5943785526078 7195.027 7.7 159.9855257142857 175
stats: connect 170 2.062411764705882 1.734339147199489 20.738 1.098 2.1481509433962254 53
stats: page 226 802.4313008849557 1291.5943785526078 7195.027 7.7 159.9855257142857 175
stats: 302 50 103
stats: 200 176 298
stats: size_rcv 1488263 2595870
stats: newphase 2 5
stats: size_sent 176524 270337
stats: connected 168 219
# stats: dump at 1733509286
stats: users 975 975
stats: {freemem,"tsung_controller@ip-172-31-43-86"} 1 641.9609375 0.0 686.20703125 641.9609375 678.27734375 3
stats: {cpu,"tsung_controller@ip-172-31-43-86"} 1 1.7508754377188593 0.0 5.291985269211644 0.603318250377074 2.198551231558754 3
stats: {load,"tsung_controller@ip-172-31-43-86"} 1 0.03125 0.0 0.05078125 0.03125 0.04296875 3
stats: session 0 0 0 22431.823 10655.038 15420.9445 4
stats: users_count 748 979
stats: finish_users_count 0 4
stats: connect 698 1.7340702005730648 1.1096198783554247 20.738 0.895 2.0827892376681607 223
stats: request 355 6207.010338028172 1793.2778478666173 12296.866 7.7 522.0621970074812 401
stats: page 355 6207.010338028172 1793.2778478666173 12296.866 7.7 522.0621970074812 401
stats: 302 79 182
stats: 200 276 574
stats: size_rcv 2085796 4681666
stats: newphase 2 7
stats: size_sent 266871 537208
stats: connected 698 917
# stats: dump at 1733509296
stats: users 3778 3778
stats: {freemem,"tsung_controller@ip-172-31-43-86"} 1 565.69921875 0.0 686.20703125 565.69921875 669.1982421875 4
stats: {cpu,"tsung_controller@ip-172-31-43-86"} 1 5.952976488244122 0.0 5.952976488244122 0.603318250377074 2.0866322830987802 4
stats: {load,"tsung_controller@ip-172-31-43-86"} 1 0.01953125 0.0 0.05078125 0.01953125 0.0400390625 4
stats: session 5 38141.6146 2873.5044417994973 41202.41 10655.038 15420.9445 4
stats: users_count 2808 3787
stats: finish_users_count 5 9
stats: connect 7050 1.5391051063829873 1.2042147078364693 26.496 0.665 1.8185048859934843 921
stats: 302 58 240
stats: request 6818 443.1874859196231 2090.775625982101 15370.749 1.221 3191.5814960317475 756
stats: page 6818 443.1874859196231 2090.775625982101 15370.749 1.221 3191.5814960317475 756
stats: error_send_einval 20 20
stats: 200 253 827
stats: size_rcv 1946953 6628619
stats: newphase 2 9
stats: size_sent 1355416 1892624
stats: connected 106 1023
stats: error_connection_closed 52 52
# stats: dump at 1733509306
stats: users 4190 4334
stats: {freemem,"tsung_controller@ip-172-31-43-86"} 1 393.21484375 0.0 686.20703125 393.21484375 648.4984375 5
stats: {cpu,"tsung_controller@ip-172-31-43-86"} 1 34.57502623294859 0.0 34.57502623294859 0.603318250377074 2.8599011241278487 5
stats: {load,"tsung_controller@ip-172-31-43-86"} 1 0.01953125 0.0 0.05078125 0.01953125 0.0359375 5
stats: session 502 8029.465519920318 8534.255604069902 47260.643 80.927 28043.539 9
stats: users_count 914 4701
stats: finish_users_count 502 511
stats: request 14647 241.82388058988244 2076.4779850947316 22114.645 1.208 717.5188658568776 7574
stats: connect 17018 2.5157989775531684 2.808400178259324 26.496 0.661 1.5713880316146105 7971
stats: page 14647 241.82388058988244 2076.4779850947316 22114.645 1.208 717.5188658568776 7574
stats: 302 52 292
stats: error_send_einval 168 188
stats: 200 144 971
stats: size_rcv 1072023 7700642
stats: newphase 0 9
stats: size_sent 2831364 4723988
stats: connected 0 1023
stats: error_connection_closed 1824 1876
stats: error_abort_max_send_retries 379 379
# stats: dump at 1733509316
stats: users 3349 4334
stats: {freemem,"tsung_controller@ip-172-31-43-86"} 1 280.51171875 0.0 686.20703125 280.51171875 605.951171875 6
stats: {cpu,"tsung_controller@ip-172-31-43-86"} 1 49.03495044340115 0.0 49.03495044340115 0.603318250377074 8.145755308931305 6
stats: {load,"tsung_controller@ip-172-31-43-86"} 1 0.3203125 0.0 0.3203125 0.01953125 0.033203125 6
stats: session 841 21488.01454221167 7355.4498299409815 62815.573 80.927 8381.963878669274 511
stats: users_count 0 4701
stats: finish_users_count 841 1352
stats: request 12323 609.8425711271607 3968.6874548979486 31380.807 1.208 403.9639201206066 22221
stats: 302 60 352
stats: connect 13108 1.8078388007323694 1.7356516816525562 26.496 0.653 2.2145504421945605 24989
stats: page 12323 609.8425711271607 3968.6874548979486 31380.807 1.208 403.9639201206066 22221
stats: error_send_einval 106 294
stats: 200 225 1196
stats: size_rcv 1629330 9329972
stats: newphase 0 9
stats: size_sent 2875148 7599136
stats: connected -1 1022
stats: error_connection_closed 610 2486
stats: error_abort_max_send_retries 70 449
# stats: dump at 1733509326
stats: users 2270 4334
stats: {freemem,"tsung_controller@ip-172-31-43-86"} 1 266.52734375 0.0 686.20703125 266.52734375 559.4598214285714 7
stats: {cpu,"tsung_controller@ip-172-31-43-86"} 1 36.45161290322581 0.0 49.03495044340115 0.603318250377074 13.987068899569854 7
stats: {load,"tsung_controller@ip-172-31-43-86"} 1 0.51171875 0.0 0.51171875 0.01953125 0.07421875 7
stats: session 1079 28796.16899721964 7043.95096178058 69746.145 80.927 16534.47024556214 1352
stats: users_count 0 4701
stats: finish_users_count 1079 2431
stats: request 7953 1183.9752010562052 6261.154199210681 39887.395 1.208 477.40771980662345 34544
stats: connect 8088 1.6255841988130535 1.273523747032523 26.496 0.65 2.0746135391238094 38097
stats: 302 62 414
stats: page 7953 1183.9752010562052 6261.154199210681 39887.395 1.208 477.40771980662345 34544
stats: error_send_einval 39 333
stats: 200 213 1409
stats: size_rcv 1549563 10879535
stats: newphase 0 9
stats: size_sent 2359106 9958242
stats: connected 0 1022
stats: error_connection_closed 97 2583
stats: error_abort_max_send_retries 1 450
# stats: dump at 1733509336
stats: users 1693 4334
stats: {freemem,"tsung_controller@ip-172-31-43-86"} 1 261.98828125 0.0 686.20703125 261.98828125 522.84326171875 8
stats: {cpu,"tsung_controller@ip-172-31-43-86"} 1 27.558662006989515 0.0 49.03495044340115 0.603318250377074 16.795136900026847 8
stats: {load,"tsung_controller@ip-172-31-43-86"} 1 0.5 0.0 0.51171875 0.01953125 0.12890625 8
stats: session 577 38862.82736048524 7931.85540598164 75980.953 80.927 21976.8285150144 2431
stats: users_count 0 4701
stats: finish_users_count 577 3008
stats: connect 4242 1.8965226308345116 1.574901934961285 26.496 0.65 1.9959787160333384 46185
stats: page 4139 2031.0064133848737 8750.436623464097 47104.653 1.208 609.636610748994 42497
stats: request 4139 2031.0064133848737 8750.436623464097 47104.653 1.208 609.636610748994 42497
stats: 302 115 529
stats: error_send_einval 38 371
stats: 200 97 1506
stats: size_rcv 767298 11646833
stats: newphase 0 9
stats: size_sent 1649342 11607584
stats: connected 0 1022
stats: error_connection_closed 62 2645
stats: error_abort_max_send_retries 2 452
# stats: dump at 1733509346
stats: users 1438 4334
stats: {freemem,"tsung_controller@ip-172-31-43-86"} 1 265.32421875 0.0 686.20703125 261.98828125 493.859375 9
stats: {cpu,"tsung_controller@ip-172-31-43-86"} 1 18.5562015503876 0.0 49.03495044340115 0.603318250377074 17.99108413413381 9
stats: {load,"tsung_controller@ip-172-31-43-86"} 1 0.5 0.0 0.51171875 0.01953125 0.1701388888888889 9
stats: session 255 50129.18023921565 6833.849222969117 82248.023 80.927 25215.931352061165 3008
stats: users_count 0 4701
stats: finish_users_count 255 3263
stats: connect 2486 1.8265736122284812 1.3676689413293028 27.191 0.65 1.987612310865206 50427
stats: page 2483 10054.426768828038 14946.750294607069 50003.71 1.208 735.7848570203275 46636
stats: 302 787 1316
stats: error_send_einval 12 383
stats: 200 35 1541
stats: size_rcv 829802 12476635
stats: newphase 0 9
stats: size_sent 1000532 12608116
stats: connected -10 1012
stats: error_connection_closed 10 2655
stats: error_abort_max_send_retries 0 452
stats: request 2483 10054.426768828038 14946.750294607069 50003.71 1.208 735.7848570203275 46636
# stats: dump at 1733509356
stats: users 1205 4334
stats: {freemem,"tsung_controller@ip-172-31-43-86"} 1 267.54296875 0.0 686.20703125 261.98828125 471.005859375 10
stats: {cpu,"tsung_controller@ip-172-31-43-86"} 1 14.911417322834646 0.0 49.03495044340115 0.603318250377074 18.047595875759193 10
stats: {load,"tsung_controller@ip-172-31-43-86"} 1 0.5 0.0 0.51171875 0.01953125 0.203125 10
stats: session 233 61309.05535193128 8273.952818066342 96857.301 80.927 27162.875411584424 3263
stats: users_count 0 4701
stats: finish_users_count 233 3496
stats: request 1885 7577.513328381978 5434.820259005006 50003.71 1.208 1206.8487603371407 49119
stats: connect 1342 1.7723166915052164 1.1682503656515966 27.191 0.65 1.9800462646230557 52913
stats: page 1885 7577.513328381978 5434.820259005006 50003.71 1.208 1206.8487603371407 49119
stats: 302 1538 2854
stats: error_send_einval 1 384
stats: 200 202 1743
stats: size_rcv 3172891 15649526
stats: newphase 0 9
stats: size_sent 677417 13285533
stats: connected 48 1060
stats: error_connection_closed 1 2656
stats: error_abort_max_send_retries 0 452
# stats: dump at 1733509366
stats: users 881 4334
stats: {freemem,"tsung_controller@ip-172-31-43-86"} 1 284.0 0.0 686.20703125 261.98828125 452.50923295454544 11
stats: {cpu,"tsung_controller@ip-172-31-43-86"} 1 11.27450980392157 0.0 49.03495044340115 0.603318250377074 17.76248873458423 11
stats: {load,"tsung_controller@ip-172-31-43-86"} 1 0.4296875 0.0 0.51171875 0.01953125 0.23011363636363635 11
stats: session 324 71143.06553086426 7288.131519306696 99707.738 80.927 29438.63626001143 3496
stats: users_count 0 4701
stats: finish_users_count 324 3820
stats: request 2119 3687.137378008492 641.6939307866495 50003.71 1.208 1442.2950529958443 51004
stats: 302 1822 4676
stats: connect 154 2.3200000000000007 2.4624729835685897 27.191 0.65 1.9749080637729197 54255
stats: page 2119 3687.137378008492 641.6939307866495 50003.71 1.208 1442.2950529958443 51004
stats: error_send_einval 0 384
stats: 200 297 2040
stats: size_rcv 4285857 19935383
stats: newphase 0 9
stats: size_sent 783863 14069396
stats: connected -185 875
stats: error_connection_closed 0 2656
stats: error_abort_max_send_retries 0 452
# stats: dump at 1733509376
stats: users 521 4334
stats: {freemem,"tsung_controller@ip-172-31-43-86"} 1 295.9921875 0.0 686.20703125 261.98828125 438.466796875 12
stats: {cpu,"tsung_controller@ip-172-31-43-86"} 1 6.680060271220492 0.0 49.03495044340115 0.603318250377074 17.221823823695676 12
stats: {load,"tsung_controller@ip-172-31-43-86"} 1 0.359375 0.0 0.51171875 0.01953125 0.24674479166666666 12
stats: session 360 82023.86726666671 7620.270017488526 116996.071 80.927 32975.87057513089 3820
stats: users_count 0 4701
stats: finish_users_count 360 4180
stats: connect 10 2.9413 2.034275549182067 27.191 0.65 1.975884816850149 54409
stats: page 1838 2434.7113808487497 511.6861337008784 50003.71 1.208 1531.838581913673 53123
stats: 302 1572 6248
stats: error_send_einval 0 384
stats: 200 266 2306
stats: size_rcv 3872674 23808057
stats: newphase 0 9
stats: size_sent 722027 14791423
stats: connected -347 528
stats: error_connection_closed 0 2656
stats: error_abort_max_send_retries 0 452
stats: request 1838 2434.7113808487497 511.6861337008784 50003.71 1.208 1531.838581913673 53123
# stats: dump at 1733509386
stats: users 153 4334
stats: {freemem,"tsung_controller@ip-172-31-43-86"} 1 377.55859375 0.0 686.20703125 261.98828125 427.50721153846155 13
stats: {cpu,"tsung_controller@ip-172-31-43-86"} 1 5.1645569620253164 0.0 49.03495044340115 0.603318250377074 16.41091893504374 13
stats: {load,"tsung_controller@ip-172-31-43-86"} 1 0.37890625 0.0 0.51171875 0.01953125 0.25540865384615385 13
stats: session 368 92019.36306793484 7275.352593595462 116996.071 80.927 37200.099955263155 4180
stats: users_count 0 4701
stats: finish_users_count 368 4548
stats: request 1328 867.2036378012016 899.9529669021721 50003.71 1.208 1562.032359400303 54961
stats: page 1328 867.2036378012016 899.9529669021721 50003.71 1.208 1562.032359400303 54961
stats: connect 0 0 0 27.191 0.65 1.9760622209154846 54419
stats: 302 1040 7288
stats: error_send_einval 0 384
stats: 200 288 2594
stats: size_rcv 3789576 27597633
stats: newphase 0 9
stats: size_sent 592167 15383590
stats: connected -372 156
stats: error_connection_closed 0 2656
stats: error_abort_max_send_retries 0 452
# stats: dump at 1733509396
stats: users 28 4334
stats: {freemem,"tsung_controller@ip-172-31-43-86"} 1 450.6796875 0.0 686.20703125 261.98828125 423.939453125 14
stats: {cpu,"tsung_controller@ip-172-31-43-86"} 1 3.5407182599898834 0.0 49.03495044340115 0.603318250377074 15.607607365542425 14
stats: {load,"tsung_controller@ip-172-31-43-86"} 1 0.3203125 0.0 0.51171875 0.01953125 0.2642299107142857 14
stats: session 125 100753.88020800002 6378.732799775362 116996.071 80.927 41635.78351407212 4548
stats: users_count 0 4701
stats: finish_users_count 125 4673
stats: request 356 33.57235393258433 42.0142404299164 50003.71 1.208 1545.639590968041 56289
stats: page 356 33.57235393258433 42.0142404299164 50003.71 1.208 1545.639590968041 56289
stats: connect 0 0 0 27.191 0.65 1.9760622209154846 54419
stats: 302 249 7537
stats: error_send_einval 0 384
stats: 200 107 2701
stats: size_rcv 1375544 28973177
stats: newphase 0 9
stats: size_sent 232937 15616527
stats: connected -128 28
stats: error_connection_closed 0 2656
stats: error_abort_max_send_retries 0 452
# stats: dump at 1733509406
stats: users 5 4334
stats: {freemem,"tsung_controller@ip-172-31-43-86"} 1 530.671875 0.0 686.20703125 261.98828125 425.7221354166667 15
stats: {cpu,"tsung_controller@ip-172-31-43-86"} 1 1.1038635223281485 0.0 49.03495044340115 0.603318250377074 14.803148091838922 15
stats: {load,"tsung_controller@ip-172-31-43-86"} 1 0.26953125 0.0 0.51171875 0.01953125 0.26796875 15
stats: session 23 109979.62891304347 6044.803037873402 120092.564 80.927 43217.157810400175 4673
stats: users_count 0 4701
stats: finish_users_count 23 4696
stats: connect 0 0 0 27.191 0.65 1.9760622209154846 54419
stats: page 66 29.844424242424253 28.29031620969021 50003.71 1.208 1536.13661742431 56645
stats: 302 41 7578
stats: request 66 29.844424242424253 28.29031620969021 50003.71 1.208 1536.13661742431 56645
stats: error_send_einval 0 384
stats: 200 25 2726
stats: size_rcv 311313 29284490
stats: newphase 0 9
stats: size_sent 48915 15665442
stats: connected -23 5
stats: error_connection_closed 0 2656
stats: error_abort_max_send_retries 0 452
# stats: dump at 1733509416
stats: users 0 4334
stats: {freemem,"tsung_controller@ip-172-31-43-86"} 1 541.84375 0.0 686.20703125 261.98828125 432.281494140625 16
stats: {cpu,"tsung_controller@ip-172-31-43-86"} 1 0.35000000000000003 0.0 49.03495044340115 0.35000000000000003 13.946942806244499 16
stats: {load,"tsung_controller@ip-172-31-43-86"} 1 0.23046875 0.0 0.51171875 0.01953125 0.26806640625 16
stats: session 5 117634.69740000002 5474.839241335384 127411.436 80.927 43544.146063245316 4696
stats: users_count 0 4701
stats: finish_users_count 5 4701
stats: request 11 22.595636363636363 25.519218751481215 50003.71 1.208 1534.3836015235147 56711
stats: page 11 22.595636363636363 25.519218751481215 50003.71 1.208 1534.3836015235147 56711
stats: connect 0 0 0 27.191 0.65 1.9760622209154846 54419
stats: 302 8 7586
stats: error_send_einval 0 384
stats: 200 3 2729
stats: size_rcv 41800 29326290
stats: newphase 0 9
stats: size_sent 8045 15673487
stats: connected -5 0
stats: error_connection_closed 0 2656
stats: error_abort_max_send_retries 0 452
# stats: dump at 1733509419
stats: users 0 4334
stats: {freemem,"tsung_controller@ip-172-31-43-86"} 1 548.5390625 0.0 686.20703125 261.98828125 438.72633272058823 17
stats: {cpu,"tsung_controller@ip-172-31-43-86"} 1 0.1500750375187594 0.0 49.03495044340115 0.1500750375187594 13.147122641171293 17
stats: {load,"tsung_controller@ip-172-31-43-86"} 1 0.19140625 0.0 0.51171875 0.01953125 0.2658547794117647 17
stats: session 0 0 0 127411.436 80.927 43622.94903212083 4701
stats: users_count 0 4701
stats: finish_users_count 0 4701
stats: request 0 0 0 50003.71 1.208 1534.0904230809922 56722
stats: connect 0 0 0 27.191 0.65 1.9760622209154846 54419
stats: page 0 0 0 50003.71 1.208 1534.0904230809922 56722
stats: 302 0 7586
stats: error_send_einval 0 384
stats: 200 0 2729
stats: size_rcv 0 29326290
stats: newphase 0 9
stats: size_sent 0 15673487
stats: connected 0 0
stats: error_connection_closed 0 2656
stats: error_abort_max_send_retries 0 452
EndMonitor:{1733,509419,536291}
