# stats: dump at 1733631230
stats: users 7 7
stats: {freemem,"tsung_controller@ip-172-31-42-158"} 1 666.90625 0 666.90625 666.90625 0 0
stats: {load,"tsung_controller@ip-172-31-42-158"} 1 0.44921875 0 0.44921875 0.44921875 0 0
stats: {cpu,"tsung_controller@ip-172-31-42-158"} 1 8.348021656590161 0 8.348021656590161 8.348021656590161 0 0
stats: users_count 7 7
stats: finish_users_count 0 0
stats: request 22 95.66459090909092 114.99733887737621 318.188 7.8 0 0
stats: connect 7 3.2671428571428573 3.1753702789065823 10.915 1.574 0 0
stats: page 22 95.66459090909092 114.99733887737621 318.188 7.8 0 0
stats: 302 8 8
stats: 200 14 14
stats: size_rcv 126715 126715
stats: newphase 1 1
stats: size_sent 10751 10751
stats: connected 7 7
# stats: dump at 1733631240
stats: users 41 41
stats: {freemem,"tsung_controller@ip-172-31-42-158"} 1 665.3828125 0.0 666.90625 665.3828125 666.90625 1
stats: {load,"tsung_controller@ip-172-31-42-158"} 1 0.37890625 0.0 0.44921875 0.37890625 0.44921875 1
stats: {cpu,"tsung_controller@ip-172-31-42-158"} 1 0.20020020020020018 0.0 8.348021656590161 0.20020020020020018 8.348021656590161 1
stats: session 3 10054.634333333333 2835.572805078288 14058.157 7853.965 0 0
stats: users_count 37 44
stats: finish_users_count 3 3
stats: request 106 148.74146226415093 253.77249573228374 1269.174 4.748 95.66459090909092 22
stats: connect 33 1.7176060606060606 0.4196479721973284 10.915 1.347 3.2671428571428573 7
stats: page 106 148.74146226415093 253.77249573228374 1269.174 4.748 95.66459090909092 22
stats: 302 36 44
stats: 200 70 84
stats: size_rcv 647924 774639
stats: newphase 2 3
stats: size_sent 57222 67973
stats: connected 30 37
# stats: dump at 1733631250
stats: users 167 167
stats: {freemem,"tsung_controller@ip-172-31-42-158"} 1 647.16015625 0.0 666.90625 647.16015625 666.14453125 2
stats: {load,"tsung_controller@ip-172-31-42-158"} 1 0.3203125 0.0 0.44921875 0.3203125 0.4140625 2
stats: {cpu,"tsung_controller@ip-172-31-42-158"} 1 0.6513026052104208 0.0 8.348021656590161 0.20020020020020018 4.274110928395181 2
stats: session 10 14489.2782 5940.779602237147 26272.253 6828.827 10054.634333333333 3
stats: users_count 136 180
stats: finish_users_count 10 13
stats: connect 128 2.0017109375 1.1188656584931769 10.915 1.028 1.988775 40
stats: 302 75 119
stats: page 267 482.9831161048686 873.6465030027288 5729.842 4.748 139.61887499999997 128
stats: 200 192 276
stats: size_rcv 1718208 2492847
stats: newphase 2 5
stats: size_sent 178616 246589
stats: connected 119 156
stats: request 267 482.9831161048686 873.6465030027288 5729.842 4.748 139.61887499999997 128
# stats: dump at 1733631260
stats: users 798 798
stats: {freemem,"tsung_controller@ip-172-31-42-158"} 1 620.390625 0.0 666.90625 620.390625 659.81640625 3
stats: {load,"tsung_controller@ip-172-31-42-158"} 1 0.26953125 0.0 0.44921875 0.26953125 0.3828125 3
stats: {cpu,"tsung_controller@ip-172-31-42-158"} 1 1.7605633802816902 0.0 8.348021656590161 0.20020020020020018 3.0665081540002608 3
stats: session 2 23432.95 191.75 26272.253 6828.827 13465.898846153847 13
stats: users_count 633 813
stats: finish_users_count 2 15
stats: request 262 5274.842908396949 2494.814863378558 10771.94 4.748 371.71571645569594 395
stats: connect 586 1.828407849829351 1.5635359896709753 21.485 0.907 1.9986309523809522 168
stats: page 262 5274.842908396949 2494.814863378558 10771.94 4.748 371.71571645569594 395
stats: 302 76 195
stats: 200 186 462
stats: size_rcv 1446657 3939504
stats: newphase 2 7
stats: size_sent 209531 456120
stats: connected 583 739
# stats: dump at 1733631270
stats: users 3196 3196
stats: {freemem,"tsung_controller@ip-172-31-42-158"} 1 565.24609375 0.0 666.90625 565.24609375 649.9599609375 4
stats: {load,"tsung_controller@ip-172-31-42-158"} 1 0.30859375 0.0 0.44921875 0.26953125 0.3544921875 4
stats: {cpu,"tsung_controller@ip-172-31-42-158"} 1 4.861111111111112 0.0 8.348021656590161 0.20020020020020018 2.740021960570618 4
stats: session 24 19101.92495833333 10705.384467398711 33881.375 4098.715 14794.839 15
stats: users_count 2422 3235
stats: finish_users_count 24 39
stats: request 5030 764.2273337972142 2684.7570120520077 15180.67 1.434 2326.9962709284637 657
stats: connect 5414 1.7961200591060238 1.344119795670375 21.485 0.785 1.8663355437665778 754
stats: page 5030 764.2273337972142 2684.7570120520077 15180.67 1.434 2326.9962709284637 657
stats: 302 70 265
stats: error_send_einval 39 39
stats: 200 325 787
stats: size_rcv 2406796 6346300
stats: newphase 2 9
stats: size_sent 1054903 1511023
stats: connected 285 1024
stats: error_connection_closed 78 78
stats: error_abort_max_send_retries 1 1
# stats: dump at 1733631280
stats: users 3212 3754
stats: {freemem,"tsung_controller@ip-172-31-42-158"} 1 412.84375 0.0 666.90625 412.84375 633.0171875 5
stats: {load,"tsung_controller@ip-172-31-42-158"} 1 0.33984375 0.0 0.44921875 0.26953125 0.3453125 5
stats: {cpu,"tsung_controller@ip-172-31-42-158"} 1 29.22279792746114 0.0 29.22279792746114 0.20020020020020018 3.1642397906787165 5
stats: session 1170 8559.973417094025 7383.641483077178 44749.815 70.196 17445.353435897432 39
stats: users_count 1186 4421
stats: finish_users_count 1170 1209
stats: request 12561 484.4958953904969 2768.2891740902965 20985.384 1.408 944.7687777387001 5687
stats: connect 16255 3.481402952937578 4.001148298454244 34.127 0.766 1.8047034695201056 6168
stats: page 12561 484.4958953904969 2768.2891740902965 20985.384 1.408 944.7687777387001 5687
stats: 302 61 326
stats: error_send_einval 151 190
stats: 200 315 1102
stats: size_rcv 2297480 8643780
stats: newphase 0 9
stats: size_sent 2604655 4115678
stats: connected -2 1022
stats: error_connection_closed 2869 2947
stats: error_abort_max_send_retries 680 681
# stats: dump at 1733631290
stats: users 1975 3754
stats: {freemem,"tsung_controller@ip-172-31-42-158"} 1 318.57421875 0.0 666.90625 318.57421875 596.3216145833334 6
stats: {load,"tsung_controller@ip-172-31-42-158"} 1 0.51953125 0.0 0.51953125 0.26953125 0.3444010416666667 6
stats: {cpu,"tsung_controller@ip-172-31-42-158"} 1 42.29050279329609 0.0 42.29050279329609 0.20020020020020018 7.507332813475787 6
stats: session 1237 18142.230991915912 7138.924255515945 54508.898 70.196 8846.59857899091 1209
stats: users_count 0 4421
stats: finish_users_count 1237 2446
stats: request 7866 1105.060965802186 4968.201595399302 28620.006 1.408 627.9402115848322 18248
stats: page 7866 1105.060965802186 4968.201595399302 28620.006 1.408 627.9402115848322 18248
stats: 302 68 394
stats: connect 7971 1.6235195082172913 1.3622766558523358 34.127 0.766 3.0201853454042875 22423
stats: error_send_einval 27 217
stats: 200 304 1406
stats: size_rcv 2216888 10860668
stats: newphase 0 9
stats: size_sent 2297401 6413079
stats: connected 0 1022
stats: error_connection_closed 79 3026
stats: error_abort_max_send_retries 1 682
# stats: dump at 1733631300
stats: users 1386 3754
stats: {freemem,"tsung_controller@ip-172-31-42-158"} 1 313.390625 0.0 666.90625 313.390625 556.6434151785714 7
stats: {load,"tsung_controller@ip-172-31-42-158"} 1 0.51953125 0.0 0.51953125 0.26953125 0.36941964285714285 7
stats: {cpu,"tsung_controller@ip-172-31-42-158"} 1 19.173553719008265 0.0 42.29050279329609 0.20020020020020018 12.476357096307257 7
stats: session 589 29289.462263157897 8472.040998633114 59223.534 70.196 13547.619549877347 2446
stats: users_count 0 4421
stats: finish_users_count 589 3035
stats: request 3113 2136.3164336652744 7671.925894406441 34491.9 1.408 771.657445737919 26114
stats: 302 137 531
stats: connect 3150 1.7649533333333354 1.1957504745994303 34.127 0.766 2.6539017569257215 30394
stats: page 3113 2136.3164336652744 7671.925894406441 34491.9 1.408 771.657445737919 26114
stats: error_send_einval 22 239
stats: 200 88 1494
stats: size_rcv 734743 11595411
stats: newphase 0 9
stats: size_sent 1344804 7757883
stats: connected 0 1022
stats: error_connection_closed 18 3044
stats: error_abort_max_send_retries 0 682
# stats: dump at 1733631310
stats: users 1228 3754
stats: {freemem,"tsung_controller@ip-172-31-42-158"} 1 341.859375 0.0 666.90625 313.390625 526.23681640625 8
stats: {load,"tsung_controller@ip-172-31-42-158"} 1 0.44140625 0.0 0.51953125 0.26953125 0.38818359375 8
stats: {cpu,"tsung_controller@ip-172-31-42-158"} 1 11.105577689243027 0.0 42.29050279329609 0.20020020020020018 13.313506674144884 8
stats: session 158 41332.374373417726 6688.594729673775 63062.075 70.196 16602.62625766062 3035
stats: users_count 0 4421
stats: finish_users_count 158 3193
stats: request 1454 9735.35325722146 14283.369395000418 38418.869 1.408 917.0087794162937 29227
stats: connect 1473 2.1112104548540387 1.5230099309153124 34.127 0.766 2.570423712139291 33544
stats: page 1454 9735.35325722146 14283.369395000418 38418.869 1.408 917.0087794162937 29227
stats: 302 438 969
stats: error_send_einval 16 255
stats: 200 27 1521
stats: size_rcv 490801 12086212
stats: newphase 0 9
stats: size_sent 623973 8381856
stats: connected -4 1018
stats: error_connection_closed 17 3061
stats: error_abort_max_send_retries 0 682
# stats: dump at 1733631320
stats: users 1064 3754
stats: {freemem,"tsung_controller@ip-172-31-42-158"} 1 370.87109375 0.0 666.90625 313.390625 505.75043402777777 9
stats: {load,"tsung_controller@ip-172-31-42-158"} 1 0.37109375 0.0 0.51953125 0.26953125 0.3940972222222222 9
stats: {cpu,"tsung_controller@ip-172-31-42-158"} 1 8.480392156862745 0.0 42.29050279329609 0.20020020020020018 13.068181231378011 9
stats: session 164 48596.7090304878 7074.532781572108 65324.091 70.196 17826.334432508607 3193
stats: users_count 0 4421
stats: finish_users_count 164 3357
stats: request 998 18167.63929058115 8511.552315237768 39302.434 1.408 1334.9180024119169 30681
stats: 302 851 1820
stats: connect 769 2.21846163849155 1.922671606251437 34.127 0.766 2.5511067767084668 35017
stats: page 998 18167.63929058115 8511.552315237768 39302.434 1.408 1334.9180024119169 30681
stats: error_send_einval 1 256
stats: 200 81 1602
stats: size_rcv 1478378 13564590
stats: newphase 0 9
stats: size_sent 336723 8718579
stats: connected -28 990
stats: error_connection_closed 0 3061
stats: error_abort_max_send_retries 0 682
# stats: dump at 1733631330
stats: users 449 3754
stats: {freemem,"tsung_controller@ip-172-31-42-158"} 1 371.609375 0.0 666.90625 313.390625 492.2625 10
stats: {load,"tsung_controller@ip-172-31-42-158"} 1 0.30859375 0.0 0.51953125 0.26953125 0.391796875 10
stats: {cpu,"tsung_controller@ip-172-31-42-158"} 1 7.54992693619094 0.0 42.29050279329609 0.20020020020020018 12.609402323926485 10
stats: session 615 60807.94718211388 7297.3402388573095 86855.551 70.196 19329.563933273752 3357
stats: users_count 0 4421
stats: finish_users_count 615 3972
stats: request 2245 4643.679823608003 3418.897590121856 39302.434 1.408 1865.2079688121473 31679
stats: connect 80 2.7178250000000004 2.138134851775023 34.127 0.766 2.543958615100888 35786
stats: page 2245 4643.679823608003 3418.897590121856 39302.434 1.408 1865.2079688121473 31679
stats: 302 1909 3729
stats: error_send_einval 0 256
stats: 200 336 1938
stats: size_rcv 4887019 18451609
stats: newphase 0 9
stats: size_sent 654173 9372752
stats: connected -518 472
stats: error_connection_closed 0 3061
stats: error_abort_max_send_retries 0 682
# stats: dump at 1733631340
stats: users 80 3754
stats: {freemem,"tsung_controller@ip-172-31-42-158"} 1 359.54296875 0.0 666.90625 313.390625 481.29403409090907 11
stats: {load,"tsung_controller@ip-172-31-42-158"} 1 0.26953125 0.0 0.51953125 0.26953125 0.38423295454545453 11
stats: {cpu,"tsung_controller@ip-172-31-42-158"} 1 8.074839980305267 0.0 42.29050279329609 0.20020020020020018 12.149450015950526 11
stats: session 369 69051.80234959346 7006.461904543709 98058.384 70.196 25751.821158358514 3972
stats: users_count 0 4421
stats: finish_users_count 369 4341
stats: request 1232 388.3912094155844 560.5794144856875 39302.434 1.408 2049.079838698266 33924
stats: page 1232 388.3912094155844 560.5794144856875 39302.434 1.408 2049.079838698266 33924
stats: connect 1 1.585 0.0 34.127 0.766 2.544346428372285 35866
stats: 302 918 4647
stats: error_send_einval 0 256
stats: 200 314 2252
stats: size_rcv 4324488 22776097
stats: newphase 0 9
stats: size_sent 631396 10004148
stats: connected -389 83
stats: error_connection_closed 0 3061
stats: error_abort_max_send_retries 0 682
# stats: dump at 1733631350
stats: users 12 3754
stats: {freemem,"tsung_controller@ip-172-31-42-158"} 1 604.05859375 0.0 666.90625 313.390625 471.1481119791667 12
stats: {load,"tsung_controller@ip-172-31-42-158"} 1 0.21875 0.0 0.51953125 0.21875 0.3746744791666667 12
stats: {cpu,"tsung_controller@ip-172-31-42-158"} 1 3.2532532532532534 0.0 42.29050279329609 0.20020020020020018 11.809899179646754 12
stats: session 68 77606.18633823532 5987.922184778443 98058.384 70.196 29432.46917945174 4341
stats: users_count 0 4421
stats: finish_users_count 68 4409
stats: request 181 22.15420994475139 25.164600601131877 39302.434 1.408 1990.8829906132662 35156
stats: connect 1 1.497 0.0 34.127 0.766 2.5443196810438673 35867
stats: 302 137 4784
stats: page 181 22.15420994475139 25.164600601131877 39302.434 1.408 1990.8829906132662 35156
stats: error_send_einval 0 256
stats: 200 44 2296
stats: size_rcv 643400 23419497
stats: newphase 0 9
stats: size_sent 122718 10126866
stats: connected -71 12
stats: error_connection_closed 0 3061
stats: error_abort_max_send_retries 0 682
# stats: dump at 1733631360
stats: users 2 3754
stats: {freemem,"tsung_controller@ip-172-31-42-158"} 1 635.96484375 0.0 666.90625 313.390625 481.3719951923077 13
stats: {load,"tsung_controller@ip-172-31-42-158"} 1 0.19140625 0.0 0.51953125 0.19140625 0.36268028846153844 13
stats: {cpu,"tsung_controller@ip-172-31-42-158"} 1 0.6006006006006006 0.0 42.29050279329609 0.20020020020020018 11.151695646847255 13
stats: session 10 86237.80960000001 6140.26490950653 98614.301 70.196 30175.452342708097 4409
stats: users_count 0 4421
stats: finish_users_count 10 4419
stats: 302 17 4801
stats: request 22 19.46045454545455 23.335057373222167 39302.434 1.408 1980.798945298129 35337
stats: error_send_einval 0 256
stats: 200 5 2301
stats: connect 0 0 0 34.127 0.766 2.544290481766488 35868
stats: size_rcv 74710 23494207
stats: page 22 19.46045454545455 23.335057373222167 39302.434 1.408 1980.798945298129 35337
stats: newphase 0 9
stats: size_sent 14819 10141685
stats: connected -10 2
stats: error_connection_closed 0 3061
stats: error_abort_max_send_retries 0 682
# stats: dump at 1733631364
stats: users 0 3754
stats: {freemem,"tsung_controller@ip-172-31-42-158"} 1 641.0703125 0.0 666.90625 313.390625 492.41434151785717 14
stats: {load,"tsung_controller@ip-172-31-42-158"} 1 0.16015625 0.0 0.51953125 0.16015625 0.35044642857142855 14
stats: {cpu,"tsung_controller@ip-172-31-42-158"} 1 0.15 0.0 42.29050279329609 0.15 10.39804600068678 14
stats: session 2 91456.14300000001 3970.6609999999964 98614.301 70.196 30302.31895790903 4419
stats: users_count 0 4421
stats: finish_users_count 2 4421
stats: connect 0 0 0 34.127 0.766 2.544290481766488 35868
stats: 302 2 4803
stats: request 2 5.1685 1.3765 39302.434 1.408 1979.5786210017245 35359
stats: page 2 5.1685 1.3765 39302.434 1.408 1979.5786210017245 35359
stats: error_send_einval 0 256
stats: 200 0 2301
stats: size_rcv 1566 23495773
stats: newphase 0 9
stats: size_sent 949 10142634
stats: connected -2 0
stats: error_connection_closed 0 3061
stats: error_abort_max_send_retries 0 682
EndMonitor:{1733,631364,512321}
