# stats: dump at 1733509942
stats: users 3 3
stats: {freemem,"tsung_controller@ip-172-31-43-86"} 1 691.40625 0 691.40625 691.40625 0 0
stats: {cpu,"tsung_controller@ip-172-31-43-86"} 1 4.6215120208554605 0 4.6215120208554605 4.6215120208554605 0 0
stats: {load,"tsung_controller@ip-172-31-43-86"} 1 0.0 0 0.0 0.0 0 0
stats: users_count 3 3
stats: finish_users_count 0 0
stats: connect 3 3.8729999999999998 3.4680831401029972 8.777 1.354 0 0
stats: request 7 97.58128571428573 218.66922993658991 633.176 5.049 0 0
stats: page 7 97.58128571428573 218.66922993658991 633.176 5.049 0 0
stats: 302 4 4
stats: 200 3 3
stats: size_rcv 22926 22926
stats: size_sent 1242 1242
stats: connected 3 3
# stats: dump at 1733509952
stats: users 33 33
stats: {freemem,"tsung_controller@ip-172-31-43-86"} 1 692.37890625 0.0 692.37890625 691.40625 691.40625 1
stats: {cpu,"tsung_controller@ip-172-31-43-86"} 1 0.34965034965034963 0.0 4.6215120208554605 0.34965034965034963 4.6215120208554605 1
stats: {load,"tsung_controller@ip-172-31-43-86"} 1 0.0 0.0 0.0 0.0 0.0 1
stats: users_count 30 33
stats: finish_users_count 0 0
stats: request 85 108.13555294117648 154.62573314429878 633.176 4.701 97.58128571428573 7
stats: connect 28 1.7288928571428577 1.3129828183862695 8.777 1.15 3.8729999999999998 3
stats: page 84 109.42421428571429 155.179372700178 633.176 4.701 97.58128571428573 7
stats: 302 51 55
stats: 200 34 37
stats: size_rcv 288313 311239
stats: newphase 2 2
stats: size_sent 33556 34798
stats: connected 28 31
# stats: dump at 1733509962
stats: users 136 136
stats: {freemem,"tsung_controller@ip-172-31-43-86"} 1 685.0 0.0 692.37890625 685.0 691.892578125 2
stats: {cpu,"tsung_controller@ip-172-31-43-86"} 1 1.1425732737208147 0.0 4.6215120208554605 0.34965034965034963 2.4855811852529053 2
stats: {load,"tsung_controller@ip-172-31-43-86"} 1 0.0 0.0 0.0 0.0 0.0 2
stats: users_count 103 136
stats: finish_users_count 0 0
stats: request 278 317.00952517985604 748.868242830846 5246.867 4.701 107.33251086956523 92
stats: connect 100 1.4937699999999996 0.44688452322719807 8.777 0.967 1.936387096774194 31
stats: page 271 325.1998597785977 764.435639209377 5246.867 4.701 108.51321978021977 91
stats: 302 144 199
stats: 200 134 171
stats: size_rcv 1113945 1425184
stats: newphase 2 4
stats: size_sent 130933 165731
stats: connected 100 131
# stats: dump at 1733509972
stats: users 558 558
stats: {freemem,"tsung_controller@ip-172-31-43-86"} 1 659.0546875 0.0 692.37890625 659.0546875 689.5950520833334 3
stats: {cpu,"tsung_controller@ip-172-31-43-86"} 1 2.725470763131814 0.0 4.6215120208554605 0.34965034965034963 2.037911881408875 3
stats: {load,"tsung_controller@ip-172-31-43-86"} 1 0.078125 0.0 0.078125 0.0 0.0 3
stats: session 1 32354.28 0 32354.28 32354.28 0 0
stats: users_count 423 559
stats: finish_users_count 1 1
stats: connect 395 1.815944303797467 1.9351971834079558 20.794 0.967 1.598511450381679 131
stats: request 273 4353.189417582415 2533.9219979423196 10383.79 4.701 264.8736189189189 370
stats: page 267 4432.214123595503 2512.0257592744597 10383.79 4.701 270.72890883977897 362
stats: 302 194 393
stats: 200 79 250
stats: size_rcv 722978 2148162
stats: newphase 2 6
stats: size_sent 147573 313304
stats: connected 394 525
# stats: dump at 1733509982
stats: users 2210 2210
stats: {freemem,"tsung_controller@ip-172-31-43-86"} 1 628.70703125 0.0 692.37890625 628.70703125 681.9599609375 4
stats: {cpu,"tsung_controller@ip-172-31-43-86"} 1 5.985401459854015 0.0 5.985401459854015 0.34965034965034963 2.20980160183961 4
stats: {load,"tsung_controller@ip-172-31-43-86"} 1 0.140625 0.0 0.140625 0.0 0.01953125 4
stats: session 0 0 0 32354.28 32354.28 32354.28 1
stats: users_count 1652 2211
stats: finish_users_count 0 1
stats: connect 3011 1.6937455994686126 1.3489878283805838 20.794 0.673 1.7617927756653982 526
stats: page 2643 1289.8875168369307 2905.273627138791 15354.5 1.237 2037.2099141494425 629
stats: 302 376 769
stats: request 2645 1292.6879172022732 2905.1340218866517 15354.5 1.237 2000.6593312597192 643
stats: error_send_einval 28 28
stats: 200 121 371
stats: size_rcv 1092445 3240607
stats: newphase 2 8
stats: size_sent 522241 835545
stats: connected 497 1022
stats: error_connection_closed 34 34
# stats: dump at 1733509992
stats: users 3459 4103
stats: {freemem,"tsung_controller@ip-172-31-43-86"} 1 526.93359375 0.0 692.37890625 526.93359375 671.309375 5
stats: {cpu,"tsung_controller@ip-172-31-43-86"} 1 26.39709223080418 0.0 26.39709223080418 0.34965034965034963 2.9649215734424907 5
stats: {load,"tsung_controller@ip-172-31-43-86"} 1 0.19921875 0.0 0.19921875 0.0 0.04375 5
stats: session 1054 6139.927189753331 7002.6255234127075 54256.848 61.801 32354.28 1
stats: users_count 2303 4514
stats: finish_users_count 1054 1055
stats: request 12703 603.9007850114161 2779.6008110639023 18977.798 1.206 1431.1385313260378 3288
stats: connect 17857 3.2941196729573945 11.192878517058725 1024.394 0.638 1.7038651399491072 3537
stats: page 12521 613.2015968373125 2800.9677352119456 18977.798 1.206 1433.5506549511024 3272
stats: 302 456 1225
stats: error_send_einval 177 205
stats: 200 132 503
stats: size_rcv 1177212 4417819
stats: newphase 1 9
stats: size_sent 2181814 3017359
stats: connected 2 1024
stats: error_connection_closed 3932 3966
stats: error_abort_max_send_retries 1049 1049
# stats: dump at 1733510002
stats: users 3335 4103
stats: {freemem,"tsung_controller@ip-172-31-43-86"} 1 379.671875 0.0 692.37890625 379.671875 647.2467447916666 6
stats: {cpu,"tsung_controller@ip-172-31-43-86"} 1 63.107241063244736 0.0 63.107241063244736 0.34965034965034963 6.870283349669439 6
stats: {load,"tsung_controller@ip-172-31-43-86"} 1 0.640625 0.0 0.640625 0.0 0.06966145833333333 6
stats: session 124 23151.438427419358 10190.491318881563 56616.404 61.801 6164.774917535556 1055
stats: users_count 0 4514
stats: finish_users_count 124 1179
stats: request 13092 554.7047188359279 3015.5692523227335 25551.006 1.167 773.993819210808 15991
stats: page 11996 606.1180676892244 3149.673848332413 25551.006 1.167 783.1618398657631 15793
stats: connect 13432 1.4693497617629525 1.3740981680264615 1024.394 0.638 3.0312080957277825 21394
stats: 302 304 1529
stats: error_send_einval 56 261
stats: 200 129 632
stats: size_rcv 1074292 5492111
stats: newphase 0 9
stats: size_sent 2470022 5487381
stats: connected 0 1024
stats: error_connection_closed 262 4228
stats: error_abort_max_send_retries 23 1072
# stats: dump at 1733510012
stats: users 2708 4103
stats: {freemem,"tsung_controller@ip-172-31-43-86"} 1 304.98046875 0.0 692.37890625 304.98046875 609.0217633928571 7
stats: {cpu,"tsung_controller@ip-172-31-43-86"} 1 49.84506418769367 0.0 63.107241063244736 0.34965034965034963 14.904134451608767 7
stats: {load,"tsung_controller@ip-172-31-43-86"} 1 0.921875 0.0 0.921875 0.0 0.15122767857142858 7
stats: session 627 28306.947047846887 7677.2779818072395 65960.416 61.801 7951.328162001707 1179
stats: users_count 0 4514
stats: finish_users_count 627 1806
stats: connect 11602 1.4442166867781392 9.524205050941193 1024.394 0.622 2.4288167461092334 34826
stats: 302 160 1689
stats: error_send_einval 19 280
stats: 200 44 676
stats: request 11532 401.7312773152966 2996.722741812641 28546.435 1.167 675.278662517622 29083
stats: size_rcv 419460 5911571
stats: newphase 0 9
stats: page 10567 438.4249937541372 3127.996497548085 28546.435 1.167 706.7353009104297 27789
stats: size_sent 2388347 7875728
stats: connected -1 1023
stats: error_connection_closed 53 4281
stats: error_abort_max_send_retries 2 1074
# stats: dump at 1733510022
stats: users 1862 4103
stats: {freemem,"tsung_controller@ip-172-31-43-86"} 1 298.65234375 0.0 692.37890625 298.65234375 571.0166015625 8
stats: {cpu,"tsung_controller@ip-172-31-43-86"} 1 44.48367166813769 0.0 63.107241063244736 0.34965034965034963 19.27175066861938 8
stats: {load,"tsung_controller@ip-172-31-43-86"} 1 0.9296875 0.0 0.9296875 0.0 0.24755859375 8
stats: session 846 36925.31317375882 7632.906637607188 67462.365 61.801 15018.312127353272 1806
stats: users_count 0 4514
stats: finish_users_count 846 2652
stats: request 6708 982.8624989564657 5219.327338047473 35071.717 1.156 597.6091205712175 40615
stats: 302 179 1868
stats: connect 6717 1.2448237308322103 0.7628663226584568 1024.394 0.622 2.182772766434051 46428
stats: page 6343 1018.3740219139197 5313.265922690058 35071.717 1.167 632.8163569193842 38356
stats: error_send_einval 8 288
stats: 200 52 728
stats: size_rcv 499889 6411460
stats: newphase 0 9
stats: size_sent 1724404 9600132
stats: connected -2 1021
stats: error_connection_closed 9 4290
stats: error_abort_max_send_retries 0 1074
# stats: dump at 1733510032
stats: users 1478 4103
stats: {freemem,"tsung_controller@ip-172-31-43-86"} 1 357.25 0.0 692.37890625 298.65234375 540.75390625 9
stats: {cpu,"tsung_controller@ip-172-31-43-86"} 1 33.31860362350862 0.0 63.107241063244736 0.34965034965034963 22.073075224121414 9
stats: {load,"tsung_controller@ip-172-31-43-86"} 1 1.1015625 0.0 1.1015625 0.0 0.3233506944444444 9
stats: session 384 46730.63887760416 7364.280435209962 72666.4 61.801 22006.744587858208 2652
stats: users_count 0 4514
stats: finish_users_count 384 3036
stats: request 3485 2957.009965566715 9784.04705564126 40554.786 0.401 652.2184999894338 47323
stats: connect 3484 1.2802040757749729 0.74032226977021 1024.394 0.622 2.064225326935743 53145
stats: page 3249 3039.886004001235 9903.797189136698 40554.786 1.167 687.5288173560907 44699
stats: 302 262 2130
stats: error_send_einval 12 300
stats: 200 31 759
stats: size_rcv 396570 6808030
stats: newphase 0 9
stats: size_sent 1115152 10715284
stats: connected -3 1018
stats: error_connection_closed 6 4296
stats: error_abort_max_send_retries 0 1074
# stats: dump at 1733510042
stats: users 1305 4103
stats: {freemem,"tsung_controller@ip-172-31-43-86"} 1 390.0390625 0.0 692.37890625 298.65234375 522.403515625 10
stats: {cpu,"tsung_controller@ip-172-31-43-86"} 1 18.071161048689138 0.0 63.107241063244736 0.34965034965034963 23.197628064060137 10
stats: {load,"tsung_controller@ip-172-31-43-86"} 1 1.171875 0.0 1.171875 0.0 0.401171875 10
stats: session 173 58735.078173410395 8192.302948468281 94244.416 61.801 25133.877462450582 3036
stats: users_count 0 4514
stats: finish_users_count 173 3209
stats: request 2094 10964.59332282714 16640.879987732762 47452.61 0.401 810.3077429735471 50808
stats: connect 2012 1.2434522862823028 0.6319805886443054 1024.394 0.622 2.0159897932154913 56629
stats: page 1942 11185.318416065911 16826.188598430916 54569.218 1.167 846.9266754400583 47948
stats: 302 630 2760
stats: error_send_einval 1 301
stats: 200 24 783
stats: size_rcv 564022 7372052
stats: newphase 0 9
stats: size_sent 683565 11398849
stats: connected -43 975
stats: error_connection_closed 5 4301
stats: error_abort_max_send_retries 0 1074
# stats: dump at 1733510052
stats: users 1151 4103
stats: {freemem,"tsung_controller@ip-172-31-43-86"} 1 430.34765625 0.0 692.37890625 298.65234375 510.37038352272725 11
stats: {cpu,"tsung_controller@ip-172-31-43-86"} 1 10.376447876447877 0.0 63.107241063244736 0.34965034965034963 22.731585608117317 11
stats: {load,"tsung_controller@ip-172-31-43-86"} 1 0.98828125 0.0 1.171875 0.0 0.47123579545454547 11
stats: session 154 66488.62615584419 6862.386191714481 100768.889 61.801 26945.347616079765 3209
stats: users_count 0 4514
stats: finish_users_count 154 3363
stats: page 1370 11594.560960583936 9878.214805828942 54569.218 1.167 1249.3551532972522 49890
stats: 302 1324 4084
stats: error_send_einval 0 301
stats: connect 1308 1.3769885321100896 0.7322224604038472 1024.394 0.622 1.9894836718337008 58641
stats: 200 114 897
stats: size_rcv 1846967 9219019
stats: newphase 0 9
stats: size_sent 464286 11863135
stats: connected -5 970
stats: error_connection_closed 0 4301
stats: error_abort_max_send_retries 0 1074
stats: request 1483 9836.093362778149 7094.3250491908775 48311.575 0.218 1212.2410158973196 52902
# stats: dump at 1733510062
stats: users 937 4103
stats: {freemem,"tsung_controller@ip-172-31-43-86"} 1 426.79296875 0.0 692.37890625 298.65234375 503.7018229166667 12
stats: {cpu,"tsung_controller@ip-172-31-43-86"} 1 11.895734597156398 0.0 63.107241063244736 0.34965034965034963 21.701990797144862 12
stats: {load,"tsung_controller@ip-172-31-43-86"} 1 0.83984375 0.0 1.171875 0.0 0.5143229166666666 12
stats: session 214 78178.24392990654 7020.193082313168 100768.889 61.801 28756.131111507573 3363
stats: users_count 0 4514
stats: finish_users_count 214 3577
stats: connect 282 1.4385390070921995 0.587361403814732 1024.394 0.622 1.9761199185974752 59949
stats: page 2035 5266.24451105651 2499.8421460216528 54569.218 0.291 1525.8462175965647 51260
stats: request 2198 4705.913448134663 1780.9352751568028 48311.575 0.218 1447.4009502620206 54385
stats: 302 1927 6011
stats: error_send_einval 0 301
stats: 200 270 1167
stats: size_rcv 3588138 12807157
stats: newphase 0 9
stats: size_sent 619460 12482595
stats: connected -33 937
stats: error_connection_closed 0 4301
stats: error_abort_max_send_retries 0 1074
# stats: dump at 1733510072
stats: users 631 4103
stats: {freemem,"tsung_controller@ip-172-31-43-86"} 1 405.046875 0.0 692.37890625 298.65234375 497.78575721153845 13
stats: {cpu,"tsung_controller@ip-172-31-43-86"} 1 11.011342155009451 0.0 63.107241063244736 0.34965034965034963 20.94766339714575 13
stats: {load,"tsung_controller@ip-172-31-43-86"} 1 0.9296875 0.0 1.171875 0.0 0.5393629807692307 13
stats: session 306 87224.06982352945 7177.876645637226 118070.141 61.801 31712.89156527816 3577
stats: users_count 0 4514
stats: finish_users_count 306 3883
stats: request 2281 1990.051179307319 394.58925544896016 48311.575 0.218 1573.9797896718092 56583
stats: connect 3 1.3173333333333332 0.15520380865887987 1024.394 0.622 1.97360297853265 60231
stats: page 2172 2141.627503222837 753.4329423487949 54569.218 0.291 1668.6684434562324 53295
stats: 302 1941 7952
stats: error_send_einval 0 301
stats: 200 340 1507
stats: size_rcv 4442315 17249472
stats: newphase 0 9
stats: size_sent 761507 13244102
stats: connected -303 634
stats: error_connection_closed 0 4301
stats: error_abort_max_send_retries 0 1074
# stats: dump at 1733510082
stats: users 313 4103
stats: {freemem,"tsung_controller@ip-172-31-43-86"} 1 401.1484375 0.0 692.37890625 298.65234375 491.1615513392857 14
stats: {cpu,"tsung_controller@ip-172-31-43-86"} 1 10.623229461756374 0.0 63.107241063244736 0.34965034965034963 20.237926165564584 14
stats: {load,"tsung_controller@ip-172-31-43-86"} 1 0.78125 0.0 1.171875 0.0 0.5672433035714285 14
stats: session 318 97127.2100031446 7166.269603589001 125542.397 61.801 36087.45261267062 3883
stats: users_count 0 4514
stats: finish_users_count 318 4201
stats: request 1610 1222.788642236025 715.0198333422644 48311.575 0.218 1590.1026973871972 58864
stats: connect 0 0 0 1024.394 0.622 1.973570292525817 60234
stats: page 1549 1277.3245242091666 877.3783910336912 54569.218 0.291 1687.1887722609824 55467
stats: 302 1305 9257
stats: error_send_einval 0 301
stats: 200 305 1812
stats: size_rcv 3669383 20918855
stats: newphase 0 9
stats: size_sent 617615 13861717
stats: connected -316 318
stats: error_connection_closed 0 4301
stats: error_abort_max_send_retries 0 1074
# stats: dump at 1733510092
stats: users 77 4103
stats: {freemem,"tsung_controller@ip-172-31-43-86"} 1 449.2265625 0.0 692.37890625 298.65234375 485.1606770833333 15
stats: {cpu,"tsung_controller@ip-172-31-43-86"} 1 7.898516036381044 0.0 63.107241063244736 0.34965034965034963 19.596946385310705 15
stats: {load,"tsung_controller@ip-172-31-43-86"} 1 0.66015625 0.0 1.171875 0.0 0.5815104166666667 15
stats: session 236 106096.73993220343 7484.85007711041 133302.856 61.801 40707.934129016896 4201
stats: users_count 0 4514
stats: finish_users_count 236 4437
stats: request 918 205.64159368191713 562.5752607966311 48311.575 0.218 1580.3236910573135 60474
stats: connect 0 0 0 1024.394 0.622 1.973570292525817 60234
stats: page 909 215.61724092409267 597.038090558242 54569.218 0.291 1676.0536572014855 57016
stats: 302 607 9864
stats: error_send_einval 0 301
stats: 200 311 2123
stats: size_rcv 3383998 24302853
stats: newphase 0 9
stats: size_sent 498247 14359964
stats: connected -240 78
stats: error_connection_closed 0 4301
stats: error_abort_max_send_retries 0 1074
# stats: dump at 1733510102
stats: users 10 4103
stats: {freemem,"tsung_controller@ip-172-31-43-86"} 1 553.34375 0.0 692.37890625 298.65234375 482.914794921875 16
stats: {cpu,"tsung_controller@ip-172-31-43-86"} 1 4.69437652811736 0.0 63.107241063244736 0.34965034965034963 18.8657944885026 16
stats: {load,"tsung_controller@ip-172-31-43-86"} 1 0.55859375 0.0 1.171875 0.0 0.58642578125 16
stats: session 67 115714.92159701492 6751.628505470579 133302.856 61.801 44185.90531890917 4437
stats: users_count 0 4514
stats: finish_users_count 67 4504
stats: request 169 32.57982248520709 36.3238530150916 48311.575 0.218 1559.7679482017197 61392
stats: connect 0 0 0 1024.394 0.622 1.973570292525817 60234
stats: page 169 32.57982248520709 36.3238530150916 54569.218 0.291 1653.1354577643488 57925
stats: 302 107 9971
stats: error_send_einval 0 301
stats: 200 62 2185
stats: size_rcv 730918 25033771
stats: newphase 0 9
stats: size_sent 117666 14477630
stats: connected -68 10
stats: error_connection_closed 0 4301
stats: error_abort_max_send_retries 0 1074
# stats: dump at 1733510112
stats: users 0 4103
stats: {freemem,"tsung_controller@ip-172-31-43-86"} 1 602.875 0.0 692.37890625 298.65234375 487.0576746323529 17
stats: {cpu,"tsung_controller@ip-172-31-43-86"} 1 1.3909587680079483 0.0 63.107241063244736 0.34965034965034963 18.03218166730347 17
stats: {load,"tsung_controller@ip-172-31-43-86"} 1 0.46875 0.0 1.171875 0.0 0.5847886029411765 17
stats: session 10 123821.33949999997 5222.3441122370505 133302.856 61.801 45249.94707970693 4504
stats: users_count 0 4514
stats: finish_users_count 10 4514
stats: request 16 27.02218750000001 31.195152971292575 48311.575 0.218 1555.5754433163847 61561
stats: connect 0 0 0 1024.394 0.622 1.973570292525817 60234
stats: page 16 27.02218750000001 31.195152971292575 54569.218 0.291 1648.421134385649 58094
stats: 302 11 9982
stats: error_send_einval 0 301
stats: 200 5 2190
stats: size_rcv 67207 25100978
stats: newphase 0 9
stats: size_sent 11877 14489507
stats: connected -10 0
stats: error_connection_closed 0 4301
stats: error_abort_max_send_retries 0 1074
# stats: dump at 1733510113
stats: users 0 4103
stats: {freemem,"tsung_controller@ip-172-31-43-86"} 1 620.46484375 0.0 692.37890625 298.65234375 493.4919704861111 18
stats: {cpu,"tsung_controller@ip-172-31-43-86"} 1 0.34930139720558884 0.0 63.107241063244736 0.34930139720558884 17.107669284009276 18
stats: {load,"tsung_controller@ip-172-31-43-86"} 1 0.3984375 0.0 1.171875 0.0 0.5783420138888888 18
stats: session 0 0 0 133302.856 61.801 45424.008649091724 4514
stats: users_count 0 4514
stats: finish_users_count 0 4514
stats: request 0 0 0 48311.575 0.218 1555.1782682007888 61577
stats: connect 0 0 0 1024.394 0.622 1.973570292525817 60234
stats: page 0 0 0 54569.218 0.291 1647.9746986060902 58110
stats: 302 0 9982
stats: error_send_einval 0 301
stats: 200 0 2190
stats: size_rcv 0 25100978
stats: newphase 0 9
stats: size_sent 0 14489507
stats: connected 0 0
stats: error_connection_closed 0 4301
stats: error_abort_max_send_retries 0 1074
EndMonitor:{1733,510113,850389}
