# stats: dump at 1733373794
stats: users 5 5
stats: {load,"tsung_controller@ip-172-31-42-147"} 1 0.0 0 0.0 0.0 0 0
stats: {cpu,"tsung_controller@ip-172-31-42-147"} 1 2.4159107294347915 0 2.4159107294347915 2.4159107294347915 0 0
stats: {freemem,"tsung_controller@ip-172-31-42-147"} 1 664.87890625 0 664.87890625 664.87890625 0 0
stats: users_count 5 5
stats: finish_users_count 0 0
stats: page 14 169.08814285714286 216.46549551466202 544.415 5.386 0 0
stats: 302 8 8
stats: request 14 169.08814285714286 216.46549551466202 544.415 5.386 0 0
stats: connect 4 5.186750000000001 6.0647675707730135 15.688 1.481 0 0
stats: 200 6 6
stats: size_rcv 50376 50376
stats: newphase 1 1
stats: size_sent 4971 4971
stats: connected 4 4
# stats: dump at 1733373804
stats: users 43 43
stats: {load,"tsung_controller@ip-172-31-42-147"} 1 0.0 0.0 0.0 0.0 0.0 1
stats: {cpu,"tsung_controller@ip-172-31-42-147"} 1 0.4987531172069825 0.0 2.4159107294347915 0.4987531172069825 2.4159107294347915 1
stats: {freemem,"tsung_controller@ip-172-31-42-147"} 1 667.17578125 0.0 667.17578125 664.87890625 664.87890625 1
stats: users_count 38 43
stats: finish_users_count 0 0
stats: request 102 233.0202843137256 391.64904410592635 1592.759 5.2 169.08814285714286 14
stats: connect 34 1.9765588235294118 0.6374381719118967 15.688 1.365 5.186750000000001 4
stats: page 101 235.32853465346543 393.188410057388 1592.759 5.2 169.08814285714286 14
stats: 302 59 67
stats: 200 43 49
stats: size_rcv 346592 396968
stats: newphase 2 3
stats: size_sent 43041 48012
stats: connected 34 38
# stats: dump at 1733373814
stats: users 210 210
stats: {load,"tsung_controller@ip-172-31-42-147"} 1 0.0 0.0 0.0 0.0 0.0 2
stats: {cpu,"tsung_controller@ip-172-31-42-147"} 1 1.4392059553349876 0.0 2.4159107294347915 0.4987531172069825 1.457331923320887 2
stats: {freemem,"tsung_controller@ip-172-31-42-147"} 1 656.328125 0.0 667.17578125 656.328125 666.02734375 2
stats: users_count 167 210
stats: finish_users_count 0 0
stats: request 240 665.5848791666666 1338.6956782207035 6565.051 5.2 225.30433620689664 116
stats: connect 160 1.8087499999999994 0.8515168964853254 15.688 1.222 2.3144736842105265 38
stats: page 239 668.3700251046027 1341.1373610795886 6565.051 5.2 227.2644869565218 115
stats: 302 142 209
stats: 200 98 147
stats: size_rcv 668452 1065420
stats: newphase 2 5
stats: size_sent 110369 158381
stats: connected 160 198
# stats: dump at 1733373824
stats: users 833 833
stats: {load,"tsung_controller@ip-172-31-42-147"} 1 0.078125 0.0 0.078125 0.0 0.0 3
stats: {cpu,"tsung_controller@ip-172-31-42-147"} 1 2.8515240904621435 0.0 2.8515240904621435 0.4987531172069825 1.451289933992254 3
stats: {freemem,"tsung_controller@ip-172-31-42-147"} 1 640.2265625 0.0 667.17578125 640.2265625 662.7942708333334 3
stats: users_count 623 833
stats: finish_users_count 0 0
stats: request 429 5374.734261072264 1952.9290250265292 11382.127 5.2 522.1226797752809 356
stats: connect 579 1.8537720207253872 1.2166350150188168 16.672 0.983 1.9058080808080804 198
stats: page 427 5399.9089437939165 2028.472634792213 14532.046 5.2 525.0730282485877 354
stats: 302 348 557
stats: 200 81 228
stats: size_rcv 730549 1795969
stats: newphase 2 7
stats: size_sent 165689 324070
stats: connected 579 777
# stats: dump at 1733373834
stats: users 3169 3169
stats: {load,"tsung_controller@ip-172-31-42-147"} 1 0.0703125 0.0 0.078125 0.0 0.01953125 4
stats: {cpu,"tsung_controller@ip-172-31-42-147"} 1 7.125777140124343 0.0 7.125777140124343 0.4987531172069825 1.8013484731097265 4
stats: {freemem,"tsung_controller@ip-172-31-42-147"} 1 605.2421875 0.0 667.17578125 605.2421875 657.15234375 4
stats: session 1 44468.658 0 44468.658 44468.658 0 0
stats: users_count 2337 3170
stats: finish_users_count 1 1
stats: connect 5384 1.752618870728076 1.1721789279220134 19.001 0.788 1.867032175032174 777
stats: request 5097 860.7630657249357 2695.4721977508457 14575.463 1.441 3174.059454777072 785
stats: page 5083 855.0401152862471 2680.7543134314697 14575.463 1.441 3190.3162240717056 781
stats: 302 358 915
stats: error_send_einval 14 14
stats: 200 154 382
stats: size_rcv 974386 2770355
stats: newphase 2 9
stats: size_sent 870826 1194896
stats: connected 245 1022
stats: error_connection_closed 34 34
# stats: dump at 1733373844
stats: users 3030 4367
stats: {load,"tsung_controller@ip-172-31-42-147"} 1 0.28125 0.0 0.28125 0.0 0.0296875 5
stats: {cpu,"tsung_controller@ip-172-31-42-147"} 1 36.77742375967228 0.0 36.77742375967228 0.4987531172069825 2.8662342065126496 5
stats: {freemem,"tsung_controller@ip-172-31-42-147"} 1 467.1171875 0.0 667.17578125 467.1171875 646.7703125 5
stats: session 1443 8032.284771309771 6874.0026835233675 54052.01 121.181 44468.658 1
stats: users_count 1304 4474
stats: finish_users_count 1443 1444
stats: request 12626 722.6056534927887 3118.9062861005123 19795.75 0.722 1169.4909925195511 5882
stats: connect 19425 8.279703629343553 13.04948119913502 1034.936 0.788 1.767048206459984 6161
stats: page 12332 739.524546140118 3157.822003459132 29691.857 0.722 1166.0651222714864 5864
stats: 302 472 1387
stats: error_send_einval 108 122
stats: 200 178 560
stats: size_rcv 1172596 3942951
stats: newphase 0 9
stats: size_sent 2227608 3422504
stats: connected 1 1023
stats: error_connection_closed 5260 5294
stats: error_abort_max_send_retries 1439 1439
# stats: dump at 1733373854
stats: users 2874 4367
stats: {load,"tsung_controller@ip-172-31-42-147"} 1 0.48046875 0.0 0.48046875 0.0 0.07161458333333333 6
stats: {cpu,"tsung_controller@ip-172-31-42-147"} 1 58.90725436179982 0.0 58.90725436179982 0.4987531172069825 8.518099132039255 6
stats: {freemem,"tsung_controller@ip-172-31-42-147"} 1 385.390625 0.0 667.17578125 385.390625 616.828125 6
stats: session 156 24713.0915576923 9015.05850463683 54052.01 121.181 8057.517716759002 1444
stats: users_count 0 4474
stats: finish_users_count 156 1600
stats: request 11006 403.92107741232144 2805.6143114080937 26237.356 0.722 864.629619569913 18508
stats: 302 153 1540
stats: error_send_einval 26 148
stats: 200 73 633
stats: page 9947 449.6916878455817 2970.7425026012015 34345.344 0.722 876.985193449106 18196
stats: size_rcv 533574 4476525
stats: newphase 0 9
stats: size_sent 2119500 5542004
stats: connected 2 1025
stats: error_connection_closed 75 5369
stats: error_abort_max_send_retries 8 1447
stats: connect 11119 1.8935549959528695 9.724400168231561 1034.936 0.788 6.711483897443855 25586
# stats: dump at 1733373864
stats: users 2284 4367
stats: {load,"tsung_controller@ip-172-31-42-147"} 1 0.640625 0.0 0.640625 0.0 0.13002232142857142 7
stats: {cpu,"tsung_controller@ip-172-31-42-147"} 1 41.95680916703394 0.0 58.90725436179982 0.4987531172069825 15.716549879147907 7
stats: {freemem,"tsung_controller@ip-172-31-42-147"} 1 373.5390625 0.0 667.17578125 373.5390625 583.765625 7
stats: session 590 30694.915837288125 7968.926888046595 69541.526 121.181 9681.436166249998 1600
stats: users_count 0 4474
stats: finish_users_count 590 2190
stats: connect 8582 1.851680610580284 1.6696798791403256 1034.936 0.788 5.25199468737225 36705
stats: request 8472 794.5459276440013 4496.714276855978 30739.488 0.722 692.8278233041932 29514
stats: page 7854 853.6424490705366 4655.186489061734 34345.344 0.722 725.9604803681177 28143
stats: 302 178 1718
stats: error_send_einval 27 175
stats: 200 79 712
stats: size_rcv 484344 4960869
stats: newphase 0 9
stats: size_sent 1864068 7406072
stats: connected -6 1019
stats: error_connection_closed 88 5457
stats: error_abort_max_send_retries 6 1453
# stats: dump at 1733373874
stats: users 1682 4367
stats: {load,"tsung_controller@ip-172-31-42-147"} 1 1.0 0.0 1.0 0.0 0.19384765625 8
stats: {cpu,"tsung_controller@ip-172-31-42-147"} 1 35.596248325145154 0.0 58.90725436179982 0.4987531172069825 18.99658229013366 8
stats: {freemem,"tsung_controller@ip-172-31-42-147"} 1 372.4453125 0.0 667.17578125 372.4453125 557.4873046875 8
stats: session 602 39660.291053156165 8101.998038859967 75003.018 121.181 15342.601922374426 2190
stats: users_count 0 4474
stats: finish_users_count 602 2792
stats: request 5029 980.2788542453766 5627.31449168237 36475.504 0.722 715.5139650397498 37986
stats: connect 5072 1.7471307176656172 1.0782356327440155 1034.936 0.788 4.607626647823844 45287
stats: page 4749 1020.7831806696155 5756.2966708811255 52581.933 0.722 753.8187513959477 35997
stats: 302 121 1839
stats: error_send_einval 21 196
stats: 200 27 739
stats: size_rcv 230071 5190940
stats: newphase 0 9
stats: size_sent 1455771 8861843
stats: connected 3 1022
stats: error_connection_closed 23 5480
stats: error_abort_max_send_retries 1 1454
# stats: dump at 1733373884
stats: users 1390 4367
stats: {load,"tsung_controller@ip-172-31-42-147"} 1 1.0703125 0.0 1.0703125 0.0 0.2834201388888889 9
stats: {cpu,"tsung_controller@ip-172-31-42-147"} 1 25.45779365788298 0.0 58.90725436179982 0.4987531172069825 20.84098962735716 9
stats: {freemem,"tsung_controller@ip-172-31-42-147"} 1 376.875 0.0 667.17578125 372.4453125 536.9270833333334 9
stats: session 292 49559.746592465744 7479.038871376006 78350.434 121.181 20585.88589684814 2792
stats: users_count 0 4474
stats: finish_users_count 292 3084
stats: request 2617 2587.0652976690885 9794.203196648617 44353.938 0.722 746.4683443914898 43015
stats: connect 2635 1.8431411764705923 1.072341755947833 1034.936 0.788 4.319526499731894 50359
stats: page 2453 2731.4855617611074 10050.8410015537 52581.933 0.722 784.9338074657619 40746
stats: 302 157 1996
stats: error_send_einval 10 206
stats: 200 14 753
stats: size_rcv 188047 5378987
stats: newphase 0 9
stats: size_sent 944839 9806682
stats: connected 0 1022
stats: error_connection_closed 11 5491
stats: error_abort_max_send_retries 1 1455
# stats: dump at 1733373894
stats: users 1273 4367
stats: {load,"tsung_controller@ip-172-31-42-147"} 1 0.91015625 0.0 1.0703125 0.0 0.362109375 10
stats: {cpu,"tsung_controller@ip-172-31-42-147"} 1 15.870069605568446 0.0 58.90725436179982 0.4987531172069825 21.30267003040974 10
stats: {freemem,"tsung_controller@ip-172-31-42-147"} 1 421.50390625 0.0 667.17578125 372.4453125 520.921875 10
stats: session 117 59616.14788034187 6914.305454911912 96950.486 121.181 23329.195664396888 3084
stats: users_count 0 4474
stats: finish_users_count 117 3201
stats: page 1506 7274.303079681265 16969.803820923644 52581.933 0.722 895.4662608393696 43199
stats: 302 229 2225
stats: request 1637 7030.119014660961 16726.627247851073 52041.732 0.722 852.0267732731404 45632
stats: error_send_einval 8 214
stats: 200 17 770
stats: connect 1632 1.7631942401960778 0.9237908397356898 1034.936 0.788 4.196394157829158 52994
stats: size_rcv 255490 5634477
stats: newphase 0 9
stats: size_sent 618297 10424979
stats: connected -2 1020
stats: error_connection_closed 4 5495
stats: error_abort_max_send_retries 0 1455
# stats: dump at 1733373904
stats: users 1166 4367
stats: {load,"tsung_controller@ip-172-31-42-147"} 1 0.76953125 0.0 1.0703125 0.0 0.4119318181818182 11
stats: {cpu,"tsung_controller@ip-172-31-42-147"} 1 10.797897754419493 0.0 58.90725436179982 0.4987531172069825 20.80879726451508 11
stats: {freemem,"tsung_controller@ip-172-31-42-147"} 1 432.23828125 0.0 667.17578125 372.4453125 511.88387784090907 11
stats: session 107 70552.86427102804 8884.710174579755 102525.28 121.181 24655.52287753827 3201
stats: users_count 0 4474
stats: finish_users_count 107 3308
stats: connect 1106 1.9882875226039765 1.4149084573382158 1034.936 0.788 4.12370016109542 54626
stats: page 1191 23761.13248110828 17505.29592897308 63006.971 0.058 1110.3533707638949 44705
stats: request 1280 22859.510069531258 16963.933818543937 56456.445 0.058 1065.9838487169168 47269
stats: 302 969 3194
stats: error_send_einval 1 215
stats: 200 40 810
stats: size_rcv 953779 6588256
stats: newphase 0 9
stats: size_sent 412718 10837697
stats: connected 0 1020
stats: error_connection_closed 0 5495
stats: error_abort_max_send_retries 0 1455
# stats: dump at 1733373914
stats: users 1100 4367
stats: {load,"tsung_controller@ip-172-31-42-147"} 1 0.80859375 0.0 1.0703125 0.0 0.4417317708333333 12
stats: {cpu,"tsung_controller@ip-172-31-42-147"} 1 10.591016548463356 0.0 58.90725436179982 0.4987531172069825 19.97455563867378 12
stats: {freemem,"tsung_controller@ip-172-31-42-147"} 1 434.25 0.0 667.17578125 372.4453125 505.2467447916667 12
stats: session 66 80321.19901515153 6717.25739585094 102525.28 121.181 26140.110401451027 3308
stats: users_count 0 4474
stats: finish_users_count 66 3374
stats: connect 694 1.8038443804034554 0.9709229047775798 1034.936 0.788 4.0813229562907924 55732
stats: page 743 11939.518746971733 10752.591558944097 63006.971 0.058 1698.1404964484898 45896
stats: request 798 9814.54547493733 7067.64171699994 56456.445 0.058 1640.5726880883221 48549
stats: 302 658 3852
stats: error_send_einval 0 215
stats: 200 48 858
stats: size_rcv 1002234 7590490
stats: newphase 0 9
stats: size_sent 238529 11076226
stats: connected -31 989
stats: error_connection_closed 0 5495
stats: error_abort_max_send_retries 0 1455
# stats: dump at 1733373924
stats: users 1000 4367
stats: {load,"tsung_controller@ip-172-31-42-147"} 1 0.69140625 0.0 1.0703125 0.0 0.4699519230769231 13
stats: {cpu,"tsung_controller@ip-172-31-42-147"} 1 6.750849927149101 0.0 58.90725436179982 0.4987531172069825 19.252744939426826 13
stats: {freemem,"tsung_controller@ip-172-31-42-147"} 1 438.58984375 0.0 667.17578125 372.4453125 499.7854567307692 13
stats: session 100 89977.45251999999 6638.73719116512 113499.73 121.181 27199.96572110255 3374
stats: users_count 0 4474
stats: finish_users_count 100 3474
stats: page 1031 11926.385741028113 4573.598355357384 69064.09 0.058 1861.294595810371 46639
stats: 302 1016 4868
stats: request 1122 11030.540577540103 2991.453386033521 56456.445 0.058 1772.7556026303514 49347
stats: connect 244 1.813536885245902 1.0463658942764966 1034.936 0.788 4.053311576223699 56426
stats: error_send_einval 0 215
stats: 200 106 964
stats: size_rcv 1883701 9474191
stats: newphase 0 9
stats: size_sent 330527 11406753
stats: connected 8 997
stats: error_connection_closed 0 5495
stats: error_abort_max_send_retries 0 1455
# stats: dump at 1733373934
stats: users 917 4367
stats: {load,"tsung_controller@ip-172-31-42-147"} 1 0.66015625 0.0 1.0703125 0.0 0.4857700892857143 14
stats: {cpu,"tsung_controller@ip-172-31-42-147"} 1 6.457831325301205 0.0 58.90725436179982 0.4987531172069825 18.359752438549844 14
stats: {freemem,"tsung_controller@ip-172-31-42-147"} 1 432.8515625 0.0 667.17578125 372.4453125 495.41434151785717 14
stats: session 83 101185.86379518069 6861.805051552489 117570.65 121.181 29007.03212291307 3474
stats: users_count 0 4474
stats: finish_users_count 83 3557
stats: connect 10 1.6652 0.23910784177855818 1034.936 0.788 4.043667937180138 56670
stats: page 742 10875.916022911037 4481.318050626055 69064.09 0.058 2078.9809597860262 47670
stats: request 805 10101.746465838502 3732.526522823653 56456.445 0.058 1978.5697606649614 50469
stats: 302 702 5570
stats: error_send_einval 0 215
stats: 200 103 1067
stats: size_rcv 2065132 11539323
stats: newphase 0 9
stats: size_sent 256158 11662911
stats: connected -80 917
stats: error_connection_closed 0 5495
stats: error_abort_max_send_retries 0 1455
# stats: dump at 1733373944
stats: users 861 4367
stats: {load,"tsung_controller@ip-172-31-42-147"} 1 0.62890625 0.0 1.0703125 0.0 0.4973958333333333 15
stats: {cpu,"tsung_controller@ip-172-31-42-147"} 1 5.539499036608863 0.0 58.90725436179982 0.4987531172069825 17.566291030999935 15
stats: {freemem,"tsung_controller@ip-172-31-42-147"} 1 424.2421875 0.0 667.17578125 372.4453125 491.2434895833333 15
stats: session 56 113646.72669642854 7962.934988837611 135730.313 121.181 30691.27250210852 3557
stats: users_count 0 4474
stats: finish_users_count 56 3613
stats: request 468 13490.112728632475 2517.3562617798652 56456.445 0.058 2106.1033497679123 51274
stats: connect 0 0 0 1034.936 0.788 4.043248306280847 56680
stats: page 430 14568.867409302322 4935.3988099809685 69064.09 0.058 2213.8096348425984 48412
stats: 302 398 5968
stats: error_send_einval 0 215
stats: 200 70 1137
stats: size_rcv 1435600 12974923
stats: newphase 0 9
stats: size_sent 161420 11824331
stats: connected -55 862
stats: error_connection_closed 0 5495
stats: error_abort_max_send_retries 0 1455
# stats: dump at 1733373954
stats: users 753 4367
stats: {load,"tsung_controller@ip-172-31-42-147"} 1 0.53125 0.0 1.0703125 0.0 0.505615234375 16
stats: {cpu,"tsung_controller@ip-172-31-42-147"} 1 3.0511811023622046 0.0 58.90725436179982 0.4987531172069825 16.81461653135049 16
stats: {freemem,"tsung_controller@ip-172-31-42-147"} 1 417.39453125 0.0 667.17578125 372.4453125 487.055908203125 16
stats: session 108 120214.90275925923 8523.178461897256 150137.358 121.181 31977.047601716025 3613
stats: users_count 0 4474
stats: finish_users_count 108 3721
stats: connect 0 0 0 1034.936 0.788 4.043248306280847 56680
stats: 302 622 6590
stats: request 710 11874.092392957733 3577.379583143434 56456.445 0.058 2209.070308704726 51742
stats: error_send_einval 0 215
stats: 200 88 1225
stats: page 682 13184.19931524927 5252.847203676263 69064.09 0.058 2322.5823067851416 48842
stats: size_rcv 1724264 14699187
stats: newphase 0 9
stats: size_sent 239750 12064081
stats: connected -109 753
stats: error_connection_closed 0 5495
stats: error_abort_max_send_retries 0 1455
# stats: dump at 1733373964
stats: users 689 4367
stats: {load,"tsung_controller@ip-172-31-42-147"} 1 0.44921875 0.0 1.0703125 0.0 0.5071231617647058 17
stats: {cpu,"tsung_controller@ip-172-31-42-147"} 1 4.576436222005842 0.0 58.90725436179982 0.4987531172069825 16.005002682586476 17
stats: {freemem,"tsung_controller@ip-172-31-42-147"} 1 413.80078125 0.0 667.17578125 372.4453125 482.95818014705884 17
stats: session 64 130524.27509375 7526.962189488618 158911.542 121.181 34538.10332786885 3721
stats: users_count 0 4474
stats: finish_users_count 64 3785
stats: request 584 11293.344678082183 4682.383239025025 56456.445 0.058 2339.8978401586196 52452
stats: connect 0 0 0 1034.936 0.788 4.043248306280847 56680
stats: page 569 11723.20969595782 5129.632260315639 69064.09 0.058 2472.1587303327656 49524
stats: 302 504 7094
stats: error_send_einval 0 215
stats: 200 80 1305
stats: size_rcv 1737013 16436200
stats: newphase 0 9
stats: size_sent 191230 12255311
stats: connected -64 689
stats: error_connection_closed 0 5495
stats: error_abort_max_send_retries 0 1455
# stats: dump at 1733373974
stats: users 595 4367
stats: {load,"tsung_controller@ip-172-31-42-147"} 1 0.4609375 0.0 1.0703125 0.0 0.50390625 18
stats: {cpu,"tsung_controller@ip-172-31-42-147"} 1 3.960880195599022 0.0 58.90725436179982 0.4987531172069825 15.370082323665327 18
stats: {freemem,"tsung_controller@ip-172-31-42-147"} 1 435.5390625 0.0 667.17578125 372.4453125 479.11610243055554 18
stats: session 94 139077.4375319149 9817.446249680517 174039.411 121.181 36161.119178071334 3785
stats: users_count 0 4474
stats: finish_users_count 94 3879
stats: request 534 9601.470514981278 4104.591499693069 56456.445 0.058 2438.487721623047 53036
stats: connect 0 0 0 1034.936 0.788 4.043248306280847 56680
stats: page 519 9657.334988439314 4334.317734286658 69064.09 0.058 2577.240238715986 50093
stats: 302 472 7566
stats: error_send_einval 0 215
stats: 200 62 1367
stats: size_rcv 1408868 17845068
stats: newphase 0 9
stats: size_sent 191670 12446981
stats: connected -91 598
stats: error_connection_closed 0 5495
stats: error_abort_max_send_retries 0 1455
# stats: dump at 1733373984
stats: users 504 4367
stats: {load,"tsung_controller@ip-172-31-42-147"} 1 0.390625 0.0 1.0703125 0.0 0.5016447368421053 19
stats: {cpu,"tsung_controller@ip-172-31-42-147"} 1 2.9049729197439684 0.0 58.90725436179982 0.4987531172069825 14.769598001135522 19
stats: {freemem,"tsung_controller@ip-172-31-42-147"} 1 453.6484375 0.0 667.17578125 372.4453125 476.8225740131579 19
stats: session 91 148879.6235604396 6169.6902195639395 174039.411 121.181 38655.09544135086 3879
stats: users_count 0 4474
stats: finish_users_count 91 3970
stats: request 617 10942.660215559157 4339.125598222058 56456.445 0.058 2509.89023817435 53570
stats: connect 0 0 0 1034.936 0.788 4.043248306280847 56680
stats: page 586 11130.658912969286 5467.522589729934 69064.09 0.058 2649.8429648502306 50612
stats: 302 514 8080
stats: error_send_einval 0 215
stats: 200 103 1470
stats: size_rcv 2005210 19850278
stats: newphase 0 9
stats: size_sent 192715 12639696
stats: connected -94 504
stats: error_connection_closed 0 5495
stats: error_abort_max_send_retries 0 1455
# stats: dump at 1733373994
stats: users 428 4367
stats: {load,"tsung_controller@ip-172-31-42-147"} 1 0.48046875 0.0 1.0703125 0.0 0.49609375 20
stats: {cpu,"tsung_controller@ip-172-31-42-147"} 1 3.2956222331529763 0.0 58.90725436179982 0.4987531172069825 14.176366747065945 20
stats: {freemem,"tsung_controller@ip-172-31-42-147"} 1 454.1640625 0.0 667.17578125 372.4453125 475.6638671875 20
stats: session 76 160492.37174999996 6330.666361182728 182368.345 121.181 41181.652635012586 3970
stats: users_count 0 4474
stats: finish_users_count 76 4046
stats: request 384 10194.51256770834 4737.593967162897 56456.445 0.058 2605.9099306475714 54187
stats: connect 0 0 0 1034.936 0.788 4.043248306280847 56680
stats: page 354 10814.823177966102 6760.737679429335 69064.09 0.058 2746.912345404115 51198
stats: 302 305 8385
stats: error_send_einval 0 215
stats: 200 79 1549
stats: size_rcv 1376894 21227172
stats: newphase 0 9
stats: size_sent 158367 12798063
stats: connected -76 428
stats: error_connection_closed 0 5495
stats: error_abort_max_send_retries 0 1455
# stats: dump at 1733374004
stats: users 360 4367
stats: {load,"tsung_controller@ip-172-31-42-147"} 1 0.41015625 0.0 1.0703125 0.0 0.4953497023809524 21
stats: {cpu,"tsung_controller@ip-172-31-42-147"} 1 2.4209486166007905 0.0 58.90725436179982 0.4987531172069825 13.658236055927231 21
stats: {freemem,"tsung_controller@ip-172-31-42-147"} 1 469.875 0.0 667.17578125 372.4453125 474.6400669642857 21
stats: session 68 168403.5427794118 6933.521766193246 190895.646 121.181 43422.78329560058 4046
stats: users_count 0 4474
stats: finish_users_count 68 4114
stats: request 351 9171.625726495718 5022.908130644459 56456.445 0.058 2659.308684795953 54571
stats: connect 0 0 0 1034.936 0.788 4.043248306280847 56680
stats: page 323 10326.086232198133 7549.982757751419 69064.09 0.058 2802.313502191959 51552
stats: 302 264 8649
stats: error_send_einval 0 215
stats: 200 87 1636
stats: size_rcv 1361032 22588204
stats: newphase 0 9
stats: size_sent 152973 12951036
stats: connected -68 360
stats: error_connection_closed 0 5495
stats: error_abort_max_send_retries 0 1455
# stats: dump at 1733374014
stats: users 262 4367
stats: {load,"tsung_controller@ip-172-31-42-147"} 1 0.33984375 0.0 1.0703125 0.0 0.4914772727272727 22
stats: {cpu,"tsung_controller@ip-172-31-42-147"} 1 2.2671266633809757 0.0 58.90725436179982 0.4987531172069825 13.147450263230576 22
stats: {freemem,"tsung_controller@ip-172-31-42-147"} 1 473.25 0.0 667.17578125 372.4453125 474.4234730113636 22
stats: session 98 179678.82543877547 6978.116498446726 199502.299 121.181 45488.58097301895 4114
stats: users_count 0 4474
stats: finish_users_count 98 4212
stats: request 403 9227.862987593044 5055.653378680044 56456.445 0.058 2700.9281320418036 54922
stats: connect 0 0 0 1034.936 0.788 4.043248306280847 56680
stats: page 385 10747.059527272731 7512.624881727292 69064.09 0.058 2849.1603184192745 51875
stats: 302 280 8929
stats: error_send_einval 0 215
stats: 200 123 1759
stats: size_rcv 1909792 24497996
stats: newphase 0 9
stats: size_sent 156464 13107500
stats: connected -97 263
stats: error_connection_closed 0 5495
stats: error_abort_max_send_retries 0 1455
# stats: dump at 1733374024
stats: users 210 4367
stats: {load,"tsung_controller@ip-172-31-42-147"} 1 0.2890625 0.0 1.0703125 0.0 0.48488451086956524 23
stats: {cpu,"tsung_controller@ip-172-31-42-147"} 1 2.322134387351779 0.0 58.90725436179982 0.4987531172069825 12.674392715411027 23
stats: {freemem,"tsung_controller@ip-172-31-42-147"} 1 470.35546875 0.0 667.17578125 372.4453125 474.3724524456522 23
stats: session 52 189578.85448076922 5946.8133114797265 211638.2 121.181 48610.76614814814 4212
stats: users_count 0 4474
stats: finish_users_count 52 4264
stats: request 170 10392.571299999994 5963.770635154665 56456.445 0.058 2748.471823804789 55325
stats: connect 0 0 0 1034.936 0.788 4.043248306280847 56680
stats: page 167 10920.770820359283 6618.012956624198 69064.09 0.058 2907.3442295445825 52260
stats: 302 110 9039
stats: error_send_einval 0 215
stats: 200 60 1819
stats: size_rcv 1169811 25667807
stats: newphase 0 9
stats: size_sent 94897 13202397
stats: connected -51 212
stats: error_connection_closed 0 5495
stats: error_abort_max_send_retries 0 1455
# stats: dump at 1733374034
stats: users 155 4367
stats: {load,"tsung_controller@ip-172-31-42-147"} 1 0.25 0.0 1.0703125 0.0 0.4767252604166667 24
stats: {cpu,"tsung_controller@ip-172-31-42-147"} 1 1.3406156901688182 0.0 58.90725436179982 0.4987531172069825 12.243048618408558 24
stats: {freemem,"tsung_controller@ip-172-31-42-147"} 1 467.43359375 0.0 667.17578125 372.4453125 474.205078125 24
stats: session 55 197643.69430909102 5723.278186049116 216724.288 121.181 50329.88917659474 4264
stats: users_count 0 4474
stats: finish_users_count 55 4319
stats: request 298 6256.31479194631 5939.027340853021 56456.445 0.058 2771.888292152445 55495
stats: connect 0 0 0 1034.936 0.788 4.043248306280847 56680
stats: page 298 6475.679587248321 6419.00518253187 69064.09 0.058 2932.870050985177 52427
stats: 302 161 9200
stats: error_send_einval 0 215
stats: 200 137 1956
stats: size_rcv 2002145 27669952
stats: newphase 0 9
stats: size_sent 148843 13351240
stats: connected -56 156
stats: error_connection_closed 0 5495
stats: error_abort_max_send_retries 0 1455
# stats: dump at 1733374044
stats: users 137 4367
stats: {load,"tsung_controller@ip-172-31-42-147"} 1 0.2109375 0.0 1.0703125 0.0 0.46765625 25
stats: {cpu,"tsung_controller@ip-172-31-42-147"} 1 2.276100940128649 0.0 58.90725436179982 0.4987531172069825 11.806951301278968 25
stats: {freemem,"tsung_controller@ip-172-31-42-147"} 1 479.29296875 0.0 667.17578125 372.4453125 473.93421875 25
stats: session 18 208043.49788888884 8045.85761518977 224628.954 121.181 52205.846407964804 4319
stats: users_count 0 4474
stats: finish_users_count 18 4337
stats: request 222 6448.056896396395 9030.570068258728 56456.445 0.058 2790.499212822396 55793
stats: connect 0 0 0 1034.936 0.788 4.043248306280847 56680
stats: page 222 6448.056896396395 9030.570068258728 69064.09 0.058 2952.893896254146 52725
stats: 302 104 9304
stats: error_send_einval 0 215
stats: 200 118 2074
stats: size_rcv 1868378 29538330
stats: newphase 0 9
stats: size_sent 161240 13512480
stats: connected -19 137
stats: error_connection_closed 0 5495
stats: error_abort_max_send_retries 0 1455
# stats: dump at 1733374054
stats: users 91 4367
stats: {load,"tsung_controller@ip-172-31-42-147"} 1 0.25 0.0 1.0703125 0.0 0.4577824519230769 26
stats: {cpu,"tsung_controller@ip-172-31-42-147"} 1 1.4392059553349876 0.0 58.90725436179982 0.4987531172069825 11.440380133542417 26
stats: {freemem,"tsung_controller@ip-172-31-42-147"} 1 492.17578125 0.0 667.17578125 372.4453125 474.1403245192308 26
stats: session 46 221218.77686956522 8530.464219481739 247838.19 121.181 52852.624763200365 4337
stats: users_count 0 4474
stats: finish_users_count 46 4383
stats: request 186 5284.594682795698 5791.907359622984 56456.445 0.058 2804.994933714183 56015
stats: connect 0 0 0 1034.936 0.788 4.043248306280847 56680
stats: page 186 5284.594682795698 5791.907359622984 69064.09 0.058 2967.5486677432123 52947
stats: 302 99 9403
stats: error_send_einval 0 215
stats: 200 87 2161
stats: size_rcv 1456934 30995264
stats: newphase 0 9
stats: size_sent 101395 13613875
stats: connected -45 92
stats: error_connection_closed 0 5495
stats: error_abort_max_send_retries 0 1455
# stats: dump at 1733374064
stats: users 38 4367
stats: {load,"tsung_controller@ip-172-31-42-147"} 1 0.2109375 0.0 1.0703125 0.0 0.4500868055555556 27
stats: {cpu,"tsung_controller@ip-172-31-42-147"} 1 1.2456402590931739 0.0 58.90725436179982 0.4987531172069825 11.069966275090291 27
stats: {freemem,"tsung_controller@ip-172-31-42-147"} 1 531.359375 0.0 667.17578125 372.4453125 474.80830439814815 27
stats: session 53 229761.4413396227 7170.0558913876575 247838.19 121.181 54619.643471138486 4383
stats: users_count 0 4474
stats: finish_users_count 53 4436
stats: request 127 6829.569913385827 7549.647045773527 56456.445 0.058 2813.2012922012054 56201
stats: connect 0 0 0 1034.936 0.788 4.043248306280847 56680
stats: page 127 6829.569913385827 7549.647045773527 69064.09 0.058 2975.659833286279 53133
stats: 302 64 9467
stats: error_send_einval 0 215
stats: 200 64 2225
stats: size_rcv 1419702 32414966
stats: newphase 0 9
stats: size_sent 66750 13680625
stats: connected -49 43
stats: error_connection_closed 0 5495
stats: error_abort_max_send_retries 0 1455
# stats: dump at 1733374073
stats: users 0 4367
stats: {load,"tsung_controller@ip-172-31-42-147"} 1 0.1796875 0.0 1.0703125 0.0 0.44154575892857145 28
stats: {cpu,"tsung_controller@ip-172-31-42-147"} 1 0.8487269096355468 0.0 58.90725436179982 0.4987531172069825 10.71909748880468 28
stats: {freemem,"tsung_controller@ip-172-31-42-147"} 1 572.4921875 0.0 667.17578125 372.4453125 476.82798549107144 28
stats: session 38 234779.54931578957 5693.078578286327 247838.19 121.181 56712.185240081155 4436
stats: users_count 0 4474
stats: finish_users_count 38 4474
stats: request 70 3114.8517285714297 4128.1903456028385 56456.445 0.058 2822.2568030464417 56328
stats: connect 0 0 0 1034.936 0.788 4.043248306280847 56680
stats: page 70 3114.8517285714297 4128.1903456028385 69064.09 0.058 2984.84959258355 53260
stats: 302 43 9510
stats: error_send_einval 0 215
stats: 200 26 2251
stats: size_rcv 661683 33076649
stats: newphase 0 9
stats: size_sent 33241 13713866
stats: connected -43 0
stats: error_connection_closed 0 5495
stats: error_abort_max_send_retries 0 1455
EndMonitor:{1733,374073,359554}
