# stats: dump at 1733875726
stats: users 7 7
stats: {cpu,"tsung_controller@ip-172-31-36-25"} 1 2.2186406450133784 0 2.2186406450133784 2.2186406450133784 0 0
stats: {load,"tsung_controller@ip-172-31-36-25"} 1 0.05859375 0 0.05859375 0.05859375 0 0
stats: {freemem,"tsung_controller@ip-172-31-36-25"} 1 759.87109375 0 759.87109375 759.87109375 0 0
stats: users_count 7 7
stats: finish_users_count 0 0
stats: request 21 131.18461904761907 168.15911320942044 439.891 6.627 0 0
stats: connect 7 3.6027142857142858 4.951279710893963 15.699 1.189 0 0
stats: page 21 131.18461904761907 168.15911320942044 439.891 6.627 0 0
stats: 302 14 14
stats: 200 6 6
stats: size_rcv 60441 60441
stats: newphase 1 1
stats: size_sent 7514 7514
stats: connected 7 7
stats: 404 1 1
# stats: dump at 1733875736
stats: users 35 35
stats: {cpu,"tsung_controller@ip-172-31-36-25"} 1 0.399400898652022 0.0 2.2186406450133784 0.399400898652022 2.2186406450133784 1
stats: {load,"tsung_controller@ip-172-31-36-25"} 1 0.05078125 0.0 0.05859375 0.05078125 0.05859375 1
stats: {freemem,"tsung_controller@ip-172-31-36-25"} 1 757.390625 0.0 759.87109375 757.390625 759.87109375 1
stats: users_count 28 35
stats: finish_users_count 0 0
stats: 302 60 74
stats: request 123 106.31179674796746 156.01554021116442 570.428 5.027 131.18461904761907 21
stats: 200 50 56
stats: size_rcv 515792 576233
stats: connect 27 1.5489999999999997 0.5156831499197071 15.699 0.848 3.6027142857142858 7
stats: newphase 2 3
stats: size_sent 53938 61452
stats: page 120 108.97179166666675 157.14625415372856 570.428 5.027 131.18461904761907 21
stats: connected 27 34
stats: 404 13 14
# stats: dump at 1733875746
stats: users 150 150
stats: {cpu,"tsung_controller@ip-172-31-36-25"} 1 0.5519317611640743 0.0 2.2186406450133784 0.399400898652022 1.3090207718327003 2
stats: {load,"tsung_controller@ip-172-31-36-25"} 1 0.0390625 0.0 0.05859375 0.0390625 0.0546875 2
stats: {freemem,"tsung_controller@ip-172-31-36-25"} 1 744.65234375 0.0 759.87109375 744.65234375 758.630859375 2
stats: session 4 18413.06825 3216.9756230411017 21556.675 13036.796 0 0
stats: users_count 119 154
stats: finish_users_count 4 4
stats: request 422 170.37762559241693 419.1289928035165 2913.384 4.744 109.93908333333333 144
stats: connect 116 1.7382586206896558 1.0940152722306757 15.699 0.78 1.9718235294117648 34
stats: page 411 174.93971532846695 423.8522545041347 2913.384 4.744 112.28008510638304 141
stats: 302 217 291
stats: 200 168 224
stats: size_rcv 1705271 2281504
stats: newphase 2 5
stats: size_sent 202206 263658
stats: connected 112 146
stats: 404 37 51
# stats: dump at 1733875756
stats: users 710 710
stats: {cpu,"tsung_controller@ip-172-31-36-25"} 1 2.143569292123629 0.0 2.2186406450133784 0.399400898652022 1.0566577682764915 3
stats: {load,"tsung_controller@ip-172-31-36-25"} 1 0.03125 0.0 0.05859375 0.03125 0.049479166666666664 3
stats: {freemem,"tsung_controller@ip-172-31-36-25"} 1 712.12109375 0.0 759.87109375 712.12109375 753.9713541666666 3
stats: session 1 19940.643 0.0 21556.675 13036.796 18413.06825 4
stats: users_count 561 715
stats: finish_users_count 1 5
stats: request 625 1380.6159983999996 1925.057211592606 8276.678 4.744 155.00103533568895 566
stats: connect 512 1.7231445312499993 1.5013028282913874 16.783 0.611 1.7912000000000003 150
stats: page 608 1401.9601299342103 1943.026090296613 8276.678 4.744 158.9342663043477 552
stats: 302 374 665
stats: 200 227 451
stats: size_rcv 2098410 4379914
stats: newphase 2 7
stats: size_sent 337631 601289
stats: connected 511 657
stats: 404 24 75
# stats: dump at 1733875766
stats: users 2759 2759
stats: {cpu,"tsung_controller@ip-172-31-36-25"} 1 5.402701350675337 0.0 5.402701350675337 0.399400898652022 1.328385649238276 4
stats: {load,"tsung_controller@ip-172-31-36-25"} 1 0.109375 0.0 0.109375 0.03125 0.044921875 4
stats: {freemem,"tsung_controller@ip-172-31-36-25"} 1 652.54296875 0.0 759.87109375 652.54296875 743.5087890625 4
stats: session 3 31248.50933333333 1402.3572593699355 32309.042 13036.796 18718.5832 5
stats: users_count 2052 2767
stats: finish_users_count 3 8
stats: connect 1909 1.6523740178103714 1.1982454898868578 20.773 0.418 1.7385649546827793 662
stats: 302 736 1401
stats: request 1405 4121.669447686852 3163.689083986182 13188.655 0.957 798.1658984047017 1191
stats: page 1399 4134.841930664762 3190.686986382254 13188.655 0.957 810.451270689655 1160
stats: 200 214 665
stats: size_rcv 2216673 6596587
stats: newphase 2 9
stats: 502 431 431
stats: size_sent 512493 1113782
stats: connected 1906 2563
stats: 404 24 99
# stats: dump at 1733875776
stats: users 4699 4702
stats: {cpu,"tsung_controller@ip-172-31-36-25"} 1 15.107553776888444 0.0 15.107553776888444 0.399400898652022 2.143248789525688 5
stats: {load,"tsung_controller@ip-172-31-36-25"} 1 0.328125 0.0 0.328125 0.03125 0.0578125 5
stats: {freemem,"tsung_controller@ip-172-31-36-25"} 1 528.2421875 0.0 759.87109375 528.2421875 725.315625 5
stats: session 5 42776.273 3682.5084265570395 46424.475 13036.796 23417.3055 8
stats: users_count 1945 4712
stats: finish_users_count 5 13
stats: page 12980 831.3296091679515 3015.9157804384226 17026.828 0.416 2627.8887592809697 2559
stats: 302 746 2147
stats: 200 188 853
stats: size_rcv 5185907 11782494
stats: newphase 0 9
stats: request 13116 821.9036984598984 2998.7032551005664 17026.828 0.416 2596.9033740369905 2596
stats: 502 12173 12604
stats: size_sent 2481938 3595720
stats: connect 2141 1.8150513778608124 1.8862546712704273 20.773 0.352 1.6745670945157523 2571
stats: connected 2137 4700
stats: 404 10 109
# stats: dump at 1733875786
stats: users 4626 4702
stats: {cpu,"tsung_controller@ip-172-31-36-25"} 1 23.073022312373226 0.0 23.073022312373226 0.399400898652022 4.303966287419481 6
stats: {load,"tsung_controller@ip-172-31-36-25"} 1 0.44140625 0.0 0.44140625 0.03125 0.10286458333333333 6
stats: {freemem,"tsung_controller@ip-172-31-36-25"} 1 297.1953125 0.0 759.87109375 297.1953125 692.4700520833334 6
stats: session 73 28641.33453424657 12864.855399574806 55082.883 12815.14 30863.062230769232 13
stats: users_count 0 4712
stats: finish_users_count 73 86
stats: request 14144 1368.7679592760069 4443.875408444976 23171.31 0.363 1115.1763026985777 15712
stats: connect 0 0 0 20.773 0.352 1.7383991935483867 4712
stats: 302 902 3049
stats: page 13163 1470.1118431968328 4590.373068683949 23171.31 0.363 1127.1913033013716 15539
stats: 200 325 1178
stats: size_rcv 6387566 18170060
stats: newphase 0 9
stats: 502 12908 25512
stats: size_sent 3225534 6821254
stats: connected -66 4634
stats: 404 9 118
# stats: dump at 1733875796
stats: users 4148 4702
stats: {cpu,"tsung_controller@ip-172-31-36-25"} 1 20.25691699604743 0.0 23.073022312373226 0.399400898652022 6.985260005270016 7
stats: {load,"tsung_controller@ip-172-31-36-25"} 1 0.37109375 0.0 0.44140625 0.03125 0.15122767857142858 7
stats: {freemem,"tsung_controller@ip-172-31-36-25"} 1 130.1796875 0.0 759.87109375 130.1796875 636.0022321428571 7
stats: session 478 29645.364857740584 8227.34957679598 61299.698 12815.14 28977.17709302325 86
stats: users_count 0 4712
stats: finish_users_count 478 564
stats: request 13391 523.7385839743076 3314.254362258446 26195.61 0.363 1235.3129717309719 29856
stats: 302 249 3298
stats: connect 0 0 0 20.773 0.352 1.7383991935483867 4712
stats: 200 82 1260
stats: size_rcv 4384515 22554575
stats: newphase 0 9
stats: 502 13061 38573
stats: size_sent 3447521 10268775
stats: connected -470 4164
stats: 404 0 118
stats: page 12189 575.3933777996572 3469.549811211091 26195.61 0.363 1284.4578027315142 28702
# stats: dump at 1733875806
stats: users 3330 4702
stats: {cpu,"tsung_controller@ip-172-31-36-25"} 1 20.49418604651163 0.0 23.073022312373226 0.399400898652022 8.644217129117193 8
stats: {load,"tsung_controller@ip-172-31-36-25"} 1 0.30859375 0.0 0.44140625 0.03125 0.1787109375 8
stats: {freemem,"tsung_controller@ip-172-31-36-25"} 1 75.33203125 0.0 759.87109375 75.33203125 572.7744140625 8
stats: session 818 38606.7879926651 7568.178807690777 75087.143 12815.14 29543.478070921985 564
stats: users_count 0 4712
stats: finish_users_count 818 1382
stats: request 9195 1161.6839710712359 5505.655973132695 33271.354 0.363 1014.9810960760249 43247
stats: 302 359 3657
stats: connect 0 0 0 20.773 0.352 1.7383991935483867 4712
stats: page 8537 1225.3867800163996 5646.800850476032 33271.354 0.363 1073.0962249883823 40891
stats: 200 32 1292
stats: size_rcv 2941418 25495993
stats: newphase 0 9
stats: 502 8802 47375
stats: size_sent 2761638 13030413
stats: connected -809 3355
stats: 404 2 120
# stats: dump at 1733875816
stats: users 2816 4702
stats: {cpu,"tsung_controller@ip-172-31-36-25"} 1 14.494875549048317 0.0 23.073022312373226 0.399400898652022 9.960880342161019 9
stats: {load,"tsung_controller@ip-172-31-36-25"} 1 0.26171875 0.0 0.44140625 0.03125 0.1931423611111111 9
stats: {freemem,"tsung_controller@ip-172-31-36-25"} 1 62.81640625 0.0 759.87109375 62.81640625 517.5030381944445 9
stats: session 514 48603.50333268476 7332.407014482141 88382.997 12815.14 34908.01317655575 1382
stats: users_count 0 4712
stats: finish_users_count 514 1896
stats: request 5423 3706.426631569238 10560.041213048095 40174.192 0.363 1040.7034738568298 52442
stats: connect 0 0 0 20.773 0.352 1.7383991935483867 4712
stats: 302 529 4186
stats: page 5045 3870.622288999007 10773.925719957231 47260.002 0.363 1099.3992206239366 49428
stats: 200 65 1357
stats: size_rcv 2171910 27667903
stats: newphase 0 9
stats: 502 4826 52201
stats: size_sent 1788431 14818844
stats: connected -537 2818
stats: 404 3 123
# stats: dump at 1733875826
stats: users 2584 4702
stats: {cpu,"tsung_controller@ip-172-31-36-25"} 1 9.448818897637794 0.0 23.073022312373226 0.399400898652022 10.41427986284975 10
stats: {load,"tsung_controller@ip-172-31-36-25"} 1 0.21875 0.0 0.44140625 0.03125 0.2 10
stats: {freemem,"tsung_controller@ip-172-31-36-25"} 1 86.3203125 0.0 759.87109375 62.81640625 472.034375 10
stats: session 232 57647.7226594828 7479.50981567037 90327.671 12815.14 38620.82010706752 1896
stats: users_count 0 4712
stats: finish_users_count 232 2128
stats: request 3721 6569.605316312802 14813.60438729698 46420.001 0.363 1290.5300820703333 57865
stats: connect 0 0 0 20.773 0.352 1.7383991935483867 4712
stats: page 3393 6840.992649277923 15056.373077672075 47260.002 0.363 1356.0551855965327 54473
stats: 302 546 4732
stats: 200 63 1420
stats: size_rcv 1720256 29388159
stats: newphase 0 9
stats: 502 3108 55309
stats: size_sent 1275695 16094539
stats: connected -227 2591
stats: 404 4 127
# stats: dump at 1733875836
stats: users 2361 4702
stats: {cpu,"tsung_controller@ip-172-31-36-25"} 1 6.600496277915632 0.0 23.073022312373226 0.399400898652022 10.326510684194117 11
stats: {load,"tsung_controller@ip-172-31-36-25"} 1 0.19140625 0.0 0.44140625 0.03125 0.20170454545454544 11
stats: {freemem,"tsung_controller@ip-172-31-36-25"} 1 100.08984375 0.0 759.87109375 62.81640625 436.96946022727275 11
stats: session 223 67645.31343049322 6569.728310708955 95778.655 12815.14 40695.18166353385 2128
stats: users_count 0 4712
stats: finish_users_count 223 2351
stats: page 2732 18558.338563689624 14645.1534707661 68869.646 0.363 1677.6670615560074 57866
stats: request 2955 17235.211795262207 13537.310465770652 68869.646 0.363 1609.4895687493874 61586
stats: connect 1 3.238 0.0 20.773 0.352 1.7383991935483867 4712
stats: 302 2153 6885
stats: 200 139 1559
stats: size_rcv 3133911 32522070
stats: newphase 0 9
stats: 502 622 55931
stats: size_sent 926804 17021343
stats: connected -226 2365
stats: 404 39 166
# stats: dump at 1733875846
stats: users 2075 4702
stats: {cpu,"tsung_controller@ip-172-31-36-25"} 1 5.572289156626506 0.0 23.073022312373226 0.399400898652022 10.016009483670912 12
stats: {load,"tsung_controller@ip-172-31-36-25"} 1 0.16015625 0.0 0.44140625 0.03125 0.20084635416666666 12
stats: {freemem,"tsung_controller@ip-172-31-36-25"} 1 122.53125 0.0 759.87109375 62.81640625 408.8961588541667 12
stats: session 286 79349.73304895096 7453.22182099115 109562.807 12815.14 43251.489355593374 2351
stats: users_count 0 4712
stats: finish_users_count 286 2637
stats: connect 0 0 0 20.773 0.352 1.7387173774665812 4713
stats: request 3147 6762.699294248497 2892.156452810253 68869.646 0.363 2324.9109160998373 64541
stats: page 2923 7787.031519329441 4977.533802478955 68869.646 0.363 2438.7151909303934 60598
stats: 302 2789 9674
stats: 200 239 1798
stats: size_rcv 4705963 37228033
stats: newphase 0 9
stats: 502 16 55947
stats: size_sent 1004331 18025674
stats: connected -275 2090
stats: 404 103 269
# stats: dump at 1733875856
stats: users 1426 4702
stats: {cpu,"tsung_controller@ip-172-31-36-25"} 1 6.506506506506507 0.0 23.073022312373226 0.399400898652022 9.674184843129034 13
stats: {load,"tsung_controller@ip-172-31-36-25"} 1 0.12890625 0.0 0.44140625 0.03125 0.19771634615384615 13
stats: {freemem,"tsung_controller@ip-172-31-36-25"} 1 128.8046875 0.0 759.87109375 62.81640625 386.8680889423077 13
stats: session 649 88367.23709553151 7126.511046344072 120278.752 12815.14 47166.58139059538 2637
stats: users_count 0 4712
stats: finish_users_count 649 3286
stats: request 5733 2286.7856145124565 1775.8290642409886 81773.503 0.363 2531.2358189782476 67688
stats: connect 1 1.159 0.0 20.773 0.352 1.7387173774665812 4713
stats: 302 4775 14449
stats: 200 720 2518
stats: page 5383 2578.102100873115 2225.214766574432 81773.503 0.363 2684.8248023645715 63521
stats: size_rcv 11396612 48624645
stats: newphase 0 9
stats: 502 0 55947
stats: size_sent 1848103 19873777
stats: connected -650 1440
stats: 404 237 506
# stats: dump at 1733875866
stats: users 613 4702
stats: {cpu,"tsung_controller@ip-172-31-36-25"} 1 11.555777888944473 0.0 23.073022312373226 0.399400898652022 9.447922104798852 14
stats: {load,"tsung_controller@ip-172-31-36-25"} 1 0.19140625 0.0 0.44140625 0.03125 0.19280133928571427 14
stats: {freemem,"tsung_controller@ip-172-31-36-25"} 1 117.81640625 0.0 759.87109375 62.81640625 368.4349888392857 14
stats: session 813 97468.37639606388 6651.637759317022 124220.312 12815.14 55303.898965916 3286
stats: users_count 0 4712
stats: finish_users_count 813 4099
stats: page 4503 527.9779697979109 489.171917365022 81773.503 0.363 2676.4872849181456 68904
stats: request 4678 503.1953071825594 453.13046584256205 81773.503 0.363 2512.1481870718126 73421
stats: connect 0 0 0 20.773 0.352 1.7385943996605848 4714
stats: 302 3621 18070
stats: 200 881 3399
stats: size_rcv 12049547 60674192
stats: newphase 0 9
stats: 502 0 55947
stats: size_sent 2028270 21902047
stats: connected -819 621
stats: 404 175 681
# stats: dump at 1733875876
stats: users 118 4702
stats: {cpu,"tsung_controller@ip-172-31-36-25"} 1 9.926289926289925 0.0 23.073022312373226 0.399400898652022 9.588445823741894 15
stats: {load,"tsung_controller@ip-172-31-36-25"} 1 0.23046875 0.0 0.44140625 0.03125 0.19270833333333334 15
stats: {freemem,"tsung_controller@ip-172-31-36-25"} 1 186.9375 0.0 759.87109375 62.81640625 351.7270833333333 15
stats: session 495 106855.28429292931 5764.239631195406 124665.059 12815.14 63666.84606294216 4099
stats: users_count 0 4712
stats: finish_users_count 495 4594
stats: request 1719 48.454620127981435 90.41511769194878 81773.503 0.363 2391.815256149241 78099
stats: connect 0 0 0 20.773 0.352 1.7385943996605848 4714
stats: page 1699 49.427635079458476 93.62582567931815 81773.503 0.363 2544.691441933329 73407
stats: 302 1188 19258
stats: 200 510 3909
stats: size_rcv 6104579 66778771
stats: newphase 0 9
stats: 502 0 55947
stats: size_sent 1008491 22910538
stats: connected -500 121
stats: 404 21 702
# stats: dump at 1733875886
stats: users 10 4702
stats: {cpu,"tsung_controller@ip-172-31-36-25"} 1 4.56575682382134 0.0 23.073022312373226 0.399400898652022 9.609561080151146 16
stats: {load,"tsung_controller@ip-172-31-36-25"} 1 0.19921875 0.0 0.44140625 0.03125 0.195068359375 16
stats: {freemem,"tsung_controller@ip-172-31-36-25"} 1 413.01953125 0.0 759.87109375 62.81640625 341.427734375 16
stats: session 108 116569.57535185183 5530.766705530421 133764.574 12815.14 68320.36737853721 4594
stats: users_count 0 4712
stats: finish_users_count 108 4702
stats: request 270 20.68854444444444 19.079947235442866 81773.503 0.363 2341.3474802926607 79818
stats: connect 0 0 0 20.773 0.352 1.7385943996605848 4714
stats: page 270 20.68854444444444 19.079947235442866 81773.503 0.363 2488.2451765504734 75106
stats: 302 183 19441
stats: 200 87 3996
stats: size_rcv 1050743 67829514
stats: newphase 0 9
stats: 502 0 55947
stats: size_sent 184407 23094945
stats: connected -110 11
stats: 404 0 702
# stats: dump at 1733875896
stats: users 0 4702
stats: {cpu,"tsung_controller@ip-172-31-36-25"} 1 0.8991008991008992 0.0 23.073022312373226 0.399400898652022 9.312866712131745 17
stats: {load,"tsung_controller@ip-172-31-36-25"} 1 0.16015625 0.0 0.44140625 0.03125 0.1953125 17
stats: {freemem,"tsung_controller@ip-172-31-36-25"} 1 640.69921875 0.0 759.87109375 62.81640625 345.6390165441176 17
stats: session 10 124190.28190000002 3934.370163983239 133764.574 12815.14 69428.60099425775 4702
stats: users_count 0 4712
stats: finish_users_count 10 4712
stats: request 16 13.5971875 14.094398533720542 81773.503 0.363 2333.5238623638948 80088
stats: connect 0 0 0 20.773 0.352 1.7385943996605848 4714
stats: page 16 13.5971875 14.094398533720542 81773.503 0.363 2479.4062849846086 75376
stats: 302 12 19453
stats: 200 4 4000
stats: size_rcv 52968 67882482
stats: newphase 0 9
stats: 502 0 55947
stats: size_sent 11431 23106376
stats: connected -11 0
stats: 404 0 702
EndMonitor:{1733,875896,585612}
