# stats: dump at 1733870930
stats: users 10 10
stats: {freemem,"tsung_controller@ip-172-31-32-209"} 1 679.328125 0 679.328125 679.328125 0 0
stats: {load,"tsung_controller@ip-172-31-32-209"} 1 0.1484375 0 0.1484375 0.1484375 0 0
stats: {cpu,"tsung_controller@ip-172-31-32-209"} 1 7.503349709691827 0 7.503349709691827 7.503349709691827 0 0
stats: users_count 10 10
stats: finish_users_count 0 0
stats: request 18 102.82133333333336 137.630301609057 375.032 7.424 0 0
stats: connect 10 2.1888999999999994 2.1743874286796268 8.705 1.343 0 0
stats: page 18 102.82133333333336 137.630301609057 375.032 7.424 0 0
stats: 302 5 5
stats: 200 13 13
stats: size_rcv 100343 100343
stats: newphase 1 1
stats: size_sent 6141 6141
stats: connected 10 10
# stats: dump at 1733870940
stats: users 40 40
stats: {freemem,"tsung_controller@ip-172-31-32-209"} 1 678.59375 0.0 679.328125 678.59375 679.328125 1
stats: {load,"tsung_controller@ip-172-31-32-209"} 1 0.12109375 0.0 0.1484375 0.12109375 0.1484375 1
stats: {cpu,"tsung_controller@ip-172-31-32-209"} 1 0.39980009995002497 0.0 7.503349709691827 0.39980009995002497 7.503349709691827 1
stats: session 2 10841.842 1097.9520000000007 11939.794 9743.89 0 0
stats: users_count 32 42
stats: finish_users_count 2 2
stats: request 116 103.88234482758621 176.90208248102243 780.727 4.92 102.82133333333336 18
stats: connect 28 1.5260357142857142 0.47021100750794065 8.705 1.238 2.1888999999999994 10
stats: page 113 106.64535398230088 178.49927443623986 780.727 4.92 102.82133333333336 18
stats: 302 40 45
stats: 200 74 87
stats: 303 2 2
stats: size_rcv 642986 743329
stats: newphase 2 3
stats: size_sent 64734 70875
stats: connected 26 36
# stats: dump at 1733870950
stats: users 204 204
stats: {freemem,"tsung_controller@ip-172-31-32-209"} 1 660.8984375 0.0 679.328125 660.8984375 678.9609375 2
stats: {load,"tsung_controller@ip-172-31-32-209"} 1 0.1015625 0.0 0.1484375 0.1015625 0.134765625 2
stats: {cpu,"tsung_controller@ip-172-31-32-209"} 1 1.4895729890764648 0.0 7.503349709691827 0.39980009995002497 3.951574904820926 2
stats: session 4 20424.37125 1645.0403369044448 22264.534 9743.89 10841.842 2
stats: users_count 168 210
stats: finish_users_count 4 6
stats: request 345 266.24112463768125 634.6675220473069 5202.565 4.92 103.73982089552239 134
stats: connect 153 1.6531503267973853 0.8288880871758169 8.705 1.103 1.7004736842105261 38
stats: page 316 284.8481930379749 659.9188449530985 5202.565 4.92 106.11991603053434 131
stats: 302 106 151
stats: 200 229 316
stats: 303 10 12
stats: size_rcv 1920097 2663426
stats: newphase 2 5
stats: size_sent 234668 305543
stats: connected 149 185
# stats: dump at 1733870960
stats: users 820 820
stats: {freemem,"tsung_controller@ip-172-31-32-209"} 1 623.60546875 0.0 679.328125 623.60546875 672.9401041666666 3
stats: {load,"tsung_controller@ip-172-31-32-209"} 1 0.08984375 0.0 0.1484375 0.08984375 0.12369791666666667 3
stats: {cpu,"tsung_controller@ip-172-31-32-209"} 1 4.580896686159844 0.0 7.503349709691827 0.39980009995002497 3.1309075995727724 3
stats: session 3 23531.228999999996 3085.8715791193704 27870.514 9743.89 17230.19483333333 6
stats: users_count 619 829
stats: finish_users_count 3 9
stats: request 292 4490.631523972615 1982.560349242162 9247.35 4.92 220.78146972860134 479
stats: connect 594 1.6989713804713797 1.2746824972823196 19.094 0.846 1.6625654450261778 191
stats: page 287 4556.074700348436 2018.4685543503897 9247.35 4.92 232.46921252796437 447
stats: 302 84 235
stats: 200 200 516
stats: 303 8 20
stats: size_rcv 1554060 4217486
stats: newphase 2 7
stats: size_sent 266419 571962
stats: connected 591 776
# stats: dump at 1733870970
stats: users 3212 3214
stats: {freemem,"tsung_controller@ip-172-31-32-209"} 1 573.37109375 0.0 679.328125 573.37109375 660.6064453125 4
stats: {load,"tsung_controller@ip-172-31-32-209"} 1 0.0703125 0.0 0.1484375 0.0703125 0.115234375 4
stats: {cpu,"tsung_controller@ip-172-31-32-209"} 1 7.146282973621103 0.0 7.503349709691827 0.39980009995002497 3.49340487121954 4
stats: session 15 25502.364266666675 10291.368078542739 39799.796 5984.943 19330.53955555555 9
stats: users_count 2407 3236
stats: finish_users_count 15 24
stats: request 5657 582.8902939720703 2490.834690154673 15746.39 1.212 1837.897184176399 771
stats: 302 77 312
stats: connect 6429 2.733723440659506 4.609956925326315 36.948 0.663 1.6901133757961777 785
stats: page 5556 590.2416621670271 2506.988191246997 15746.39 1.212 1923.0343010899196 734
stats: error_send_einval 54 54
stats: 200 220 736
stats: 303 3 23
stats: size_rcv 1729099 5946585
stats: newphase 2 9
stats: size_sent 1145195 1717157
stats: connected 246 1022
stats: error_connection_closed 433 433
stats: error_abort_max_send_retries 31 31
# stats: dump at 1733870980
stats: users 3123 4061
stats: {freemem,"tsung_controller@ip-172-31-32-209"} 1 434.0625 0.0 679.328125 434.0625 643.159375 5
stats: {load,"tsung_controller@ip-172-31-32-209"} 1 0.37890625 0.0 0.37890625 0.0703125 0.10625 5
stats: {cpu,"tsung_controller@ip-172-31-32-209"} 1 38.401826484018265 0.0 38.401826484018265 0.39980009995002497 4.2239804916998525 5
stats: session 1300 6665.1772076923025 6806.042194294016 47896.563 80.116 23187.930000000004 24
stats: users_count 1211 4447
stats: finish_users_count 1300 1324
stats: request 10620 685.7781754237255 3457.5062641623713 22608.32 1.212 733.4208341630375 6428
stats: connect 16072 5.117854778496776 6.156658237105783 37.33 0.641 2.6201617687829173 7214
stats: page 9796 737.1869426296447 3582.097192088979 23341.047 1.212 745.7694518282995 6290
stats: 302 68 380
stats: error_send_einval 216 270
stats: 200 335 1071
stats: 303 0 23
stats: size_rcv 2453340 8399925
stats: newphase 0 9
stats: size_sent 2238739 3955896
stats: connected 0 1022
stats: error_connection_closed 4071 4504
stats: error_abort_max_send_retries 1168 1199
# stats: dump at 1733870990
stats: users 2493 4061
stats: {freemem,"tsung_controller@ip-172-31-32-209"} 1 338.078125 0.0 679.328125 338.078125 608.3098958333334 6
stats: {load,"tsung_controller@ip-172-31-32-209"} 1 0.7109375 0.0 0.7109375 0.0703125 0.15169270833333334 6
stats: {cpu,"tsung_controller@ip-172-31-32-209"} 1 55.201499531396436 0.0 55.201499531396436 0.39980009995002497 9.920288157086254 6
stats: session 630 20249.420419047652 7392.858306830812 58482.571 80.116 6964.683300604225 1324
stats: users_count 0 4447
stats: finish_users_count 630 1954
stats: request 9402 1111.9928994894706 4800.094144464171 28601.823 0.664 703.7419841037054 17048
stats: page 8326 1252.794018376175 5084.110480820891 30991.466 0.664 740.5429032699243 16086
stats: 302 101 481
stats: connect 9735 1.7971863379558302 1.5452452864758246 37.33 0.641 4.34406978441983 23286
stats: error_send_einval 90 360
stats: 200 377 1448
stats: 303 1 24
stats: size_rcv 2681639 11081564
stats: newphase 0 9
stats: size_sent 2906826 6862722
stats: connected 0 1022
stats: error_connection_closed 229 4733
stats: error_abort_max_send_retries 20 1219
# stats: dump at 1733871000
stats: users 1727 4061
stats: {freemem,"tsung_controller@ip-172-31-32-209"} 1 255.95703125 0.0 679.328125 255.95703125 569.7053571428571 7
stats: {load,"tsung_controller@ip-172-31-32-209"} 1 0.91015625 0.0 0.91015625 0.0703125 0.23158482142857142 7
stats: {cpu,"tsung_controller@ip-172-31-32-209"} 1 40.7557354925776 0.0 55.201499531396436 0.39980009995002497 16.389032639130566 7
stats: session 766 28958.835524804173 7806.714151217692 58482.571 80.116 11247.889229273293 1954
stats: users_count 0 4447
stats: finish_users_count 766 2720
stats: request 5777 930.9201983728586 4816.61676407157 32358.742 0.504 848.8601355765585 26450
stats: connect 5850 1.5731635897435923 1.1862175745170438 37.33 0.641 3.5932169831319514 33021
stats: page 5210 1003.0172197696776 5023.4489335309445 38395.783 0.664 915.2521767573339 24412
stats: 302 167 648
stats: error_send_einval 32 392
stats: 200 38 1486
stats: 303 0 24
stats: size_rcv 411992 11493556
stats: newphase 0 9
stats: size_sent 2212894 9075616
stats: connected 2 1024
stats: error_connection_closed 45 4778
stats: error_abort_max_send_retries 4 1223
stats: 404 5 5
# stats: dump at 1733871010
stats: users 1413 4061
stats: {freemem,"tsung_controller@ip-172-31-32-209"} 1 249.37109375 0.0 679.328125 249.37109375 530.48681640625 8
stats: {load,"tsung_controller@ip-172-31-32-209"} 1 0.91015625 0.0 0.91015625 0.0703125 0.31640625 8
stats: {cpu,"tsung_controller@ip-172-31-32-209"} 1 28.143176733780763 0.0 55.201499531396436 0.39980009995002497 19.434870495811445 8
stats: session 314 39903.885808917235 7561.670097976918 76456.62 80.116 16235.604252205887 2720
stats: users_count 0 4447
stats: finish_users_count 314 3034
stats: connect 2964 2.197357962213232 1.6810227631103554 37.33 0.641 3.2892033907025846 38871
stats: request 2996 7062.974893858477 10705.69547315459 33914.453 0.331 863.5701918267284 32227
stats: page 2687 7110.264739858564 10891.191343406095 44990.117 0.664 930.6885373708749 29622
stats: 302 746 1394
stats: error_send_einval 39 431
stats: 200 36 1522
stats: 303 2 26
stats: size_rcv 1646685 13140241
stats: newphase 0 9
stats: size_sent 1149601 10225217
stats: connected -8 1016
stats: error_connection_closed 55 4833
stats: error_abort_max_send_retries 1 1224
stats: 404 162 167
# stats: dump at 1733871020
stats: users 960 4061
stats: {freemem,"tsung_controller@ip-172-31-32-209"} 1 267.0625 0.0 679.328125 249.37109375 499.2517361111111 9
stats: {load,"tsung_controller@ip-172-31-32-209"} 1 0.9296875 0.0 0.9296875 0.0703125 0.3823784722222222 9
stats: {cpu,"tsung_controller@ip-172-31-32-209"} 1 19.552572706935123 0.0 55.201499531396436 0.39980009995002497 20.402460077808037 9
stats: session 453 51845.90514569534 7739.858297319442 77861.913 80.116 18685.123174027693 3034
stats: users_count 0 4447
stats: finish_users_count 453 3487
stats: request 3128 4313.6430850383485 4410.833436698988 33914.453 0.331 1390.8795205973363 35223
stats: 302 1885 3279
stats: connect 1097 1.9278514129443938 1.5453275859901539 37.33 0.641 3.2118463965579105 41835
stats: page 2861 5511.004805312833 6630.389988254129 44990.117 0.664 1444.6172029465479 32309
stats: error_send_einval 6 437
stats: 200 287 1809
stats: 303 6 32
stats: size_rcv 7859283 20999524
stats: newphase 0 9
stats: size_sent 983889 11209106
stats: connected -63 953
stats: error_connection_closed 7 4840
stats: error_abort_max_send_retries 0 1224
stats: 404 750 917
# stats: dump at 1733871030
stats: users 220 4061
stats: {freemem,"tsung_controller@ip-172-31-32-209"} 1 265.7734375 0.0 679.328125 249.37109375 476.0328125 10
stats: {load,"tsung_controller@ip-172-31-32-209"} 1 0.78125 0.0 0.9296875 0.0703125 0.437109375 10
stats: {cpu,"tsung_controller@ip-172-31-32-209"} 1 17.017383348581884 0.0 55.201499531396436 0.39980009995002497 20.317471340720743 10
stats: session 740 59623.65075675666 7050.64763112755 90091.583 80.116 22993.076782621163 3487
stats: users_count 0 4447
stats: finish_users_count 740 4227
stats: request 3066 411.2157804957593 422.48482928717067 33914.453 0.331 1629.267161847147 38351
stats: connect 21 2.1503333333333328 1.4749282576042013 37.33 0.641 3.179037710798476 42932
stats: page 2927 446.1362555517576 511.11543932598914 44990.117 0.664 1775.4086425362534 35170
stats: 302 1882 5161
stats: error_send_einval 0 437
stats: 200 345 2154
stats: 303 104 136
stats: size_rcv 8369435 29368959
stats: newphase 0 9
stats: size_sent 1185093 12394199
stats: connected -721 232
stats: error_connection_closed 0 4840
stats: error_abort_max_send_retries 0 1224
stats: 404 736 1653
# stats: dump at 1733871040
stats: users 34 4061
stats: {freemem,"tsung_controller@ip-172-31-32-209"} 1 426.5546875 0.0 679.328125 249.37109375 456.9183238636364 11
stats: {load,"tsung_controller@ip-172-31-32-209"} 1 0.73828125 0.0 0.9296875 0.0703125 0.46839488636363635 11
stats: {cpu,"tsung_controller@ip-172-31-32-209"} 1 12.936249418334109 0.0 55.201499531396436 0.39980009995002497 20.01746334143539 11
stats: session 186 68148.3082473118 6620.381167523514 90466.33 80.116 29405.81033853795 4227
stats: users_count 0 4447
stats: finish_users_count 186 4413
stats: request 631 16.376767036450072 18.622928745155907 33914.453 0.331 1539.097774029986 41417
stats: connect 0 0 0 37.33 0.641 3.178534770563178 42953
stats: page 609 16.976438423645334 19.75667530814408 44990.117 0.664 1673.2803837047543 38097
stats: 302 374 5535
stats: error_send_einval 0 437
stats: 200 130 2284
stats: 303 66 202
stats: size_rcv 2074434 31443393
stats: newphase 0 9
stats: size_sent 362470 12756669
stats: connected -198 34
stats: error_connection_closed 0 4840
stats: error_abort_max_send_retries 0 1224
stats: 404 60 1713
# stats: dump at 1733871050
stats: users 4 4061
stats: {freemem,"tsung_controller@ip-172-31-32-209"} 1 552.19140625 0.0 679.328125 249.37109375 454.3880208333333 12
stats: {load,"tsung_controller@ip-172-31-32-209"} 1 0.62109375 0.0 0.9296875 0.0703125 0.4908854166666667 12
stats: {cpu,"tsung_controller@ip-172-31-32-209"} 1 3.543307086614173 0.0 55.201499531396436 0.39980009995002497 19.42736218117695 12
stats: session 30 79606.70096666667 6142.557487470563 90466.33 80.116 31038.736830953985 4413
stats: users_count 0 4447
stats: finish_users_count 30 4443
stats: request 87 18.06255172413793 21.13320537005312 33914.453 0.331 1516.246819040143 42048
stats: page 85 18.49134117647059 21.617540857342973 44990.117 0.664 1647.2201061592525 38706
stats: connect 0 0 0 37.33 0.641 3.178534770563178 42953
stats: 302 48 5583
stats: error_send_einval 0 437
stats: 200 21 2305
stats: 303 11 213
stats: size_rcv 326212 31769605
stats: newphase 0 9
stats: size_sent 53017 12809686
stats: connected -30 4
stats: error_connection_closed 0 4840
stats: error_abort_max_send_retries 0 1224
stats: 404 7 1720
# stats: dump at 1733871060
stats: users 1 4061
stats: {freemem,"tsung_controller@ip-172-31-32-209"} 1 567.5859375 0.0 679.328125 249.37109375 461.9113581730769 13
stats: {load,"tsung_controller@ip-172-31-32-209"} 1 0.53125 0.0 0.9296875 0.0703125 0.5009014423076923 13
stats: {cpu,"tsung_controller@ip-172-31-32-209"} 1 0.846613545816733 0.0 55.201499531396436 0.39980009995002497 18.205511789287506 13
stats: session 3 84290.23366666667 6171.131374581506 93017.276 80.116 31366.67716948007 4443
stats: users_count 0 4447
stats: finish_users_count 3 4446
stats: request 9 30.678888888888892 34.013025401861185 33914.453 0.331 1513.153380538743 42135
stats: page 8 34.532875000000004 36.56773013682111 44990.117 0.664 1643.651186950582 38791
stats: connect 0 0 0 37.33 0.641 3.178534770563178 42953
stats: 302 5 5588
stats: error_send_einval 0 437
stats: 200 4 2309
stats: 303 0 213
stats: size_rcv 45279 31814884
stats: newphase 0 9
stats: size_sent 6427 12816113
stats: connected -3 1
stats: error_connection_closed 0 4840
stats: error_abort_max_send_retries 0 1224
stats: 404 0 1720
# stats: dump at 1733871069
stats: users 0 4061
stats: {freemem,"tsung_controller@ip-172-31-32-209"} 1 575.015625 0.0 679.328125 249.37109375 469.4595424107143 14
stats: {load,"tsung_controller@ip-172-31-32-209"} 1 0.44921875 0.0 0.9296875 0.0703125 0.5030691964285714 14
stats: {cpu,"tsung_controller@ip-172-31-32-209"} 1 0.3988035892323031 0.0 55.201499531396436 0.3988035892323031 16.96559048618245 14
stats: session 1 97764.652 0.0 97764.652 80.116 31402.388071300033 4446
stats: users_count 0 4447
stats: finish_users_count 1 4447
stats: request 4 19.554500000000004 13.394872797081726 33914.453 0.331 1512.8367928768018 42144
stats: page 4 19.554500000000004 13.394872797081726 44990.117 0.664 1643.3194014278724 38799
stats: connect 0 0 0 37.33 0.641 3.178534770563178 42953
stats: 302 2 5590
stats: error_send_einval 0 437
stats: 200 1 2310
stats: 303 1 214
stats: size_rcv 14794 31829678
stats: newphase 0 9
stats: size_sent 3019 12819132
stats: connected -1 0
stats: error_connection_closed 0 4840
stats: error_abort_max_send_retries 0 1224
stats: 404 0 1720
EndMonitor:{1733,871069,71144}
