# stats: dump at 1733868954
stats: users 6 6
stats: {freemem,"tsung_controller@ip-172-31-34-126"} 1 673.44140625 0 673.44140625 673.44140625 0 0
stats: {load,"tsung_controller@ip-172-31-34-126"} 1 0.19921875 0 0.19921875 0.19921875 0 0
stats: {cpu,"tsung_controller@ip-172-31-34-126"} 1 4.714289154305529 0 4.714289154305529 4.714289154305529 0 0
stats: users_count 6 6
stats: finish_users_count 0 0
stats: 302 11 11
stats: request 20 88.97515 133.71070558458473 355.791 5.105 0 0
stats: 200 7 7
stats: size_rcv 71462 71462
stats: newphase 1 1
stats: connect 6 2.4231666666666665 2.0718701227527645 7.041 1.327 0 0
stats: size_sent 8878 8878
stats: connected 6 6
stats: 404 2 2
stats: page 20 88.97515 133.71070558458473 355.791 5.105 0 0
# stats: dump at 1733868964
stats: users 34 34
stats: {freemem,"tsung_controller@ip-172-31-34-126"} 1 673.0859375 0.0 673.44140625 673.0859375 673.44140625 1
stats: {load,"tsung_controller@ip-172-31-34-126"} 1 0.171875 0.0 0.19921875 0.171875 0.19921875 1
stats: {cpu,"tsung_controller@ip-172-31-34-126"} 1 0.4491017964071856 0.0 4.714289154305529 0.4491017964071856 4.714289154305529 1
stats: users_count 28 34
stats: finish_users_count 0 0
stats: connect 28 1.650107142857143 0.7266744377782999 7.041 1.155 2.4231666666666665 6
stats: 302 51 62
stats: page 95 94.67543157894735 158.22470768995473 754.515 4.425 88.97515 20
stats: 200 40 47
stats: size_rcv 401216 472678
stats: newphase 2 3
stats: size_sent 44236 53114
stats: connected 28 34
stats: 404 8 10
stats: request 99 90.84574747474747 155.9946739878404 754.515 4.425 88.97515 20
# stats: dump at 1733868974
stats: users 136 136
stats: {freemem,"tsung_controller@ip-172-31-34-126"} 1 664.00390625 0.0 673.44140625 664.00390625 673.263671875 2
stats: {load,"tsung_controller@ip-172-31-34-126"} 1 0.140625 0.0 0.19921875 0.140625 0.185546875 2
stats: {cpu,"tsung_controller@ip-172-31-34-126"} 1 1.0923535253227408 0.0 4.714289154305529 0.4491017964071856 2.5816954753563572 2
stats: session 1 23020.586 0 23020.586 23020.586 0 0
stats: users_count 103 137
stats: finish_users_count 1 1
stats: request 319 370.1994858934171 792.7225505427575 4081.568 4.425 90.53136134453781 119
stats: connect 99 1.5023737373737376 0.7709293825284051 7.041 1.07 1.786529411764706 34
stats: page 312 378.50733653846146 799.869978952921 4081.568 4.425 93.68407826086957 115
stats: 302 167 229
stats: 200 128 175
stats: size_rcv 1244753 1717431
stats: newphase 1 4
stats: size_sent 148597 201711
stats: connected 98 132
stats: 404 24 34
# stats: dump at 1733868984
stats: users 611 611
stats: {freemem,"tsung_controller@ip-172-31-34-126"} 1 641.28515625 0.0 673.44140625 641.28515625 670.1770833333334 3
stats: {load,"tsung_controller@ip-172-31-34-126"} 1 0.12109375 0.0 0.19921875 0.12109375 0.17057291666666666 3
stats: {cpu,"tsung_controller@ip-172-31-34-126"} 1 2.9585798816568047 0.0 4.714289154305529 0.4491017964071856 2.085248158678485 3
stats: session 2 28880.635000000002 1430.0199999999977 30310.655 23020.586 23020.586 1
stats: users_count 477 614
stats: finish_users_count 2 3
stats: connect 458 1.5393165938864628 1.357900896672198 15.85 0.9 1.5750150375939853 133
stats: page 382 3807.847002617805 2229.5395216110473 9270.417 4.425 301.7984964871194 427
stats: 302 285 514
stats: request 386 3789.4665492228028 2207.0387137244597 9270.417 4.425 294.2165936073061 438
stats: 200 91 266
stats: size_rcv 925762 2643193
stats: newphase 2 6
stats: size_sent 185551 387262
stats: connected 456 588
stats: 404 10 44
# stats: dump at 1733868994
stats: users 2429 2429
stats: {freemem,"tsung_controller@ip-172-31-34-126"} 1 605.2734375 0.0 673.44140625 605.2734375 662.9541015625 4
stats: {load,"tsung_controller@ip-172-31-34-126"} 1 0.1015625 0.0 0.19921875 0.1015625 0.158203125 4
stats: {cpu,"tsung_controller@ip-172-31-34-126"} 1 6.2920268972142175 0.0 6.2920268972142175 0.4491017964071856 2.303581089423065 4
stats: session 1 35631.58 0.0 35631.58 23020.586 26927.285333333333 3
stats: users_count 1819 2433
stats: finish_users_count 1 4
stats: page 3297 1010.2482802547828 2493.0173557464373 13257.826 1.192 1957.312129789866 809
stats: 302 406 920
stats: error_send_einval 22 22
stats: 200 133 399
stats: size_rcv 1245175 3888368
stats: newphase 2 8
stats: request 3307 1007.8632319322646 2487.164947620622 13257.826 1.192 1931.5545582524294 824
stats: size_sent 670366 1057628
stats: connect 3622 1.512981501932637 1.2018359489524937 18.149 0.656 1.5473502538071064 591
stats: connected 437 1025
stats: error_connection_closed 30 30
stats: 404 13 57
# stats: dump at 1733869004
stats: users 3319 4134
stats: {freemem,"tsung_controller@ip-172-31-34-126"} 1 495.25 0.0 673.44140625 495.25 651.41796875 5
stats: {load,"tsung_controller@ip-172-31-34-126"} 1 0.171875 0.0 0.19921875 0.1015625 0.146875 5
stats: {cpu,"tsung_controller@ip-172-31-34-126"} 1 28.33105957253297 0.0 28.33105957253297 0.4491017964071856 3.1012702509812953 5
stats: session 1100 6258.741389090907 6806.309195372324 52601.913 51.53 29103.359 4
stats: users_count 1990 4423
stats: finish_users_count 1100 1104
stats: connect 18003 4.908218019219027 7.052388193385213 46.607 0.616 1.5178027533823906 4213
stats: request 12493 752.57069590971 3062.501863599578 18791.017 1.142 1192.1095773420482 4131
stats: page 12281 764.3567200553666 3088.0445064213086 20429.139 1.142 1196.8470757428204 4106
stats: 302 507 1427
stats: error_send_einval 199 221
stats: 200 205 604
stats: size_rcv 1770611 5658979
stats: newphase 1 9
stats: size_sent 2277371 3334999
stats: connected -3 1022
stats: error_connection_closed 4222 4252
stats: error_abort_max_send_retries 1094 1094
stats: 404 8 65
# stats: dump at 1733869014
stats: users 3132 4134
stats: {freemem,"tsung_controller@ip-172-31-34-126"} 1 379.48828125 0.0 673.44140625 379.48828125 625.3899739583334 6
stats: {load,"tsung_controller@ip-172-31-34-126"} 1 0.37109375 0.0 0.37109375 0.1015625 0.15104166666666666 6
stats: {cpu,"tsung_controller@ip-172-31-34-126"} 1 59.65746907706946 0.0 59.65746907706946 0.4491017964071856 7.306235137906573 6
stats: session 187 19991.619304812855 8057.968173899811 52601.913 51.53 6341.511742753622 1104
stats: users_count 0 4423
stats: finish_users_count 187 1291
stats: connect 12896 1.9125421060794126 9.158404368824584 1019.303 0.607 4.2652661145120705 22216
stats: 302 190 1617
stats: request 11956 396.71495516895305 2614.5205763215463 24413.708 1.142 861.7944157844086 16624
stats: page 10881 435.94607453359123 2737.507022620543 24413.708 1.142 872.7234376029767 16387
stats: error_send_einval 130 351
stats: 200 82 686
stats: size_rcv 698758 6357737
stats: newphase 0 9
stats: size_sent 2430253 5765252
stats: connected 0 1022
stats: error_connection_closed 709 4961
stats: error_abort_max_send_retries 101 1195
stats: 404 1 66
# stats: dump at 1733869024
stats: users 2397 4134
stats: {freemem,"tsung_controller@ip-172-31-34-126"} 1 296.61328125 0.0 673.44140625 296.61328125 590.2611607142857 7
stats: {load,"tsung_controller@ip-172-31-34-126"} 1 0.3984375 0.0 0.3984375 0.1015625 0.18247767857142858 7
stats: {cpu,"tsung_controller@ip-172-31-34-126"} 1 43.45403899721448 0.0 59.65746907706946 0.4491017964071856 14.784982843501272 7
stats: session 735 28655.299405442183 7460.436378074297 59438.271 51.53 8318.715549186678 1291
stats: users_count 0 4423
stats: finish_users_count 735 2026
stats: connect 10656 2.0917550675675756 2.503680423455318 1019.303 0.607 3.4011533094098962 35112
stats: request 9437 544.81976041115 3562.9094816455636 28682.552 1.142 667.2356323303012 28580
stats: page 8655 589.8568001155404 3709.5717649042904 35929.73 1.142 698.4321625715118 27268
stats: 302 163 1780
stats: error_send_einval 148 499
stats: 200 51 737
stats: size_rcv 494091 6851828
stats: newphase 0 9
stats: size_sent 2173421 7938673
stats: connected 0 1022
stats: error_connection_closed 872 5833
stats: error_abort_max_send_retries 201 1396
stats: 404 2 68
# stats: dump at 1733869034
stats: users 1723 4134
stats: {freemem,"tsung_controller@ip-172-31-34-126"} 1 281.44140625 0.0 673.44140625 281.44140625 553.55517578125 8
stats: {load,"tsung_controller@ip-172-31-34-126"} 1 0.5 0.0 0.5 0.1015625 0.20947265625 8
stats: {cpu,"tsung_controller@ip-172-31-34-126"} 1 37.018114259173245 0.0 59.65746907706946 0.4491017964071856 18.368614862715425 8
stats: session 674 38459.54622403559 8102.639119706559 73711.503 51.53 15696.498932379074 2026
stats: users_count 0 4423
stats: finish_users_count 674 2700
stats: request 5415 1021.9119447830096 5455.0366381446365 35461.157 1.142 636.8482113528166 38017
stats: connect 5518 1.651824755346139 1.4045036044995665 1019.303 0.607 3.0962907926935928 45768
stats: page 5122 1059.067571846932 5559.758839037746 45838.781 1.142 672.2728840575672 35923
stats: 302 133 1913
stats: error_send_einval 39 538
stats: 200 50 787
stats: size_rcv 440509 7292337
stats: newphase 0 9
stats: size_sent 1588412 9527085
stats: connected 0 1022
stats: error_connection_closed 58 5891
stats: error_abort_max_send_retries 12 1408
stats: 404 1 69
# stats: dump at 1733869044
stats: users 1385 4134
stats: {freemem,"tsung_controller@ip-172-31-34-126"} 1 340.90625 0.0 673.44140625 281.44140625 523.3203125 9
stats: {load,"tsung_controller@ip-172-31-34-126"} 1 0.48828125 0.0 0.5 0.1015625 0.2417534722222222 9
stats: {cpu,"tsung_controller@ip-172-31-34-126"} 1 25.03370786516854 0.0 59.65746907706946 0.4491017964071856 20.44078146232185 9
stats: session 338 47982.71877218934 7051.919227072936 73711.503 51.53 21378.829997037035 2700
stats: users_count 0 4423
stats: finish_users_count 338 3038
stats: request 2782 2211.8729831056794 8964.335795145973 43234.302 1.142 684.857055442992 43432
stats: page 2606 2346.6762801227933 9216.666903348087 45838.781 1.142 720.5409408454129 41045
stats: 302 138 2051
stats: connect 2817 1.5025697550585713 1.2651654888088038 1019.303 0.607 2.9408767694887565 51286
stats: error_send_einval 24 562
stats: 200 21 808
stats: size_rcv 259411 7551748
stats: newphase 0 9
stats: size_sent 1042918 10570003
stats: connected -2 1020
stats: error_connection_closed 13 5904
stats: error_abort_max_send_retries 5 1413
stats: 404 1 70
# stats: dump at 1733869054
stats: users 1255 4134
stats: {freemem,"tsung_controller@ip-172-31-34-126"} 1 420.05859375 0.0 673.44140625 281.44140625 505.07890625 10
stats: {load,"tsung_controller@ip-172-31-34-126"} 1 0.421875 0.0 0.5 0.1015625 0.26640625 10
stats: {cpu,"tsung_controller@ip-172-31-34-126"} 1 16.190921853065042 0.0 59.65746907706946 0.4491017964071856 20.90007410260652 10
stats: session 130 57420.577476923056 7394.749924434974 92367.05 51.53 24338.709656682026 3038
stats: users_count 0 4423
stats: finish_users_count 130 3168
stats: request 1556 5858.655284061686 15447.08501186062 51418.767 1.142 776.7806783875022 46214
stats: 302 179 2230
stats: error_send_einval 23 585
stats: 200 16 824
stats: connect 1575 1.5099561904761893 1.0883085399282342 1019.303 0.607 2.8659879304290032 54103
stats: size_rcv 247215 7798963
stats: newphase 0 9
stats: page 1457 5932.537833905276 15522.685150385998 51418.767 1.142 817.6225356349219 43651
stats: size_sent 652301 11222304
stats: connected 2 1022
stats: error_connection_closed 10 5914
stats: error_abort_max_send_retries 4 1417
stats: 404 1 71
# stats: dump at 1733869064
stats: users 1178 4134
stats: {freemem,"tsung_controller@ip-172-31-34-126"} 1 439.06640625 0.0 673.44140625 281.44140625 497.3497869318182 11
stats: {load,"tsung_controller@ip-172-31-34-126"} 1 0.5703125 0.0 0.5703125 0.1015625 0.2805397727272727 11
stats: {cpu,"tsung_controller@ip-172-31-34-126"} 1 11.756373937677052 0.0 59.65746907706946 0.4491017964071856 20.471969352648205 11
stats: session 77 70362.8215064935 8274.589065957378 99013.203 51.53 25696.235798295453 3168
stats: users_count 0 4423
stats: finish_users_count 77 3245
stats: 302 710 2940
stats: request 1258 23557.747158187605 21009.45523563517 58042.627 0.095 942.3112809922546 47770
stats: error_send_einval 1 586
stats: 200 21 845
stats: connect 1166 1.3933164665523163 0.7630241292412223 1019.303 0.607 2.82762897374188 55678
stats: size_rcv 679044 8478007
stats: newphase 0 9
stats: page 1168 23914.04938013696 21189.353273190263 63910.013 1.142 982.8356151237022 45108
stats: size_sent 423376 11645680
stats: connected -38 984
stats: error_connection_closed 1 5915
stats: error_abort_max_send_retries 0 1417
stats: 404 4 75
# stats: dump at 1733869074
stats: users 1063 4134
stats: {freemem,"tsung_controller@ip-172-31-34-126"} 1 447.7421875 0.0 673.44140625 281.44140625 492.4928385416667 12
stats: {load,"tsung_controller@ip-172-31-34-126"} 1 0.48828125 0.0 0.5703125 0.1015625 0.3046875 12
stats: {cpu,"tsung_controller@ip-172-31-34-126"} 1 10.028790786948177 0.0 59.65746907706946 0.4491017964071856 19.74566973473394 12
stats: session 115 79087.30046956528 7926.719031545661 116476.08 51.53 26756.12088289676 3245
stats: users_count 0 4423
stats: finish_users_count 115 3360
stats: request 1487 9987.7083194351 8280.371377625335 58266.433 0.095 1522.5963901852006 49028
stats: 302 1328 4268
stats: error_send_einval 0 586
stats: connect 566 1.4892367491166083 0.8236495406773339 1019.303 0.607 2.7982079551052066 56844
stats: 200 107 952
stats: size_rcv 2219759 10697766
stats: page 1352 12415.695079141997 12060.958047896707 63910.013 1.142 1561.616358436337 46276
stats: newphase 0 9
stats: size_sent 481654 12127334
stats: connected 66 1050
stats: error_connection_closed 0 5915
stats: error_abort_max_send_retries 0 1417
stats: 404 52 127
# stats: dump at 1733869084
stats: users 868 4134
stats: {freemem,"tsung_controller@ip-172-31-34-126"} 1 445.97265625 0.0 673.44140625 281.44140625 489.0504807692308 13
stats: {load,"tsung_controller@ip-172-31-34-126"} 1 0.41015625 0.0 0.5703125 0.1015625 0.31881009615384615 13
stats: {cpu,"tsung_controller@ip-172-31-34-126"} 1 9.129411764705882 0.0 59.65746907706946 0.4491017964071856 18.99821750798119 13
stats: session 195 89606.4220461538 7298.471133760035 116476.08 51.53 28547.21780327381 3360
stats: users_count 0 4423
stats: finish_users_count 195 3555
stats: request 1995 4256.852078696758 1501.1764113230452 58266.433 0.095 1771.782205067802 50515
stats: page 1832 4811.508699235807 2215.5497279231586 63910.013 1.142 1869.7274365919186 47628
stats: 302 1696 5964
stats: error_send_einval 0 586
stats: 200 210 1162
stats: connect 17 1.5763529411764707 0.9704384661631035 1019.303 0.607 2.7853029263194626 57410
stats: size_rcv 3646376 14344142
stats: newphase 0 9
stats: size_sent 655988 12783322
stats: connected -173 877
stats: error_connection_closed 0 5915
stats: error_abort_max_send_retries 0 1417
stats: 404 89 216
# stats: dump at 1733869094
stats: users 615 4134
stats: {freemem,"tsung_controller@ip-172-31-34-126"} 1 435.12890625 0.0 673.44140625 281.44140625 485.97349330357144 14
stats: {load,"tsung_controller@ip-172-31-34-126"} 1 0.3515625 0.0 0.5703125 0.1015625 0.32533482142857145 14
stats: {cpu,"tsung_controller@ip-172-31-34-126"} 1 9.103908484270734 0.0 59.65746907706946 0.4491017964071856 18.293302812032955 14
stats: session 253 97867.99635177861 7322.787147664057 127777.198 51.53 31896.456854571024 3555
stats: users_count 0 4423
stats: finish_users_count 253 3808
stats: page 2119 2074.890053798966 812.0698028015734 63910.013 1.142 1978.6911097250286 49460
stats: connect 0 0 0 1019.303 0.607 2.7849450432723346 57427
stats: 302 1812 7776
stats: error_send_einval 0 586
stats: 200 343 1505
stats: size_rcv 5029795 19373937
stats: newphase 0 9
stats: size_sent 840455 13623777
stats: connected -259 618
stats: error_connection_closed 0 5915
stats: error_abort_max_send_retries 0 1417
stats: 404 85 301
stats: request 2240 1913.1319446428604 478.17267796736195 58266.433 0.095 1866.1968765187592 52510
# stats: dump at 1733869104
stats: users 262 4134
stats: {freemem,"tsung_controller@ip-172-31-34-126"} 1 421.0859375 0.0 673.44140625 281.44140625 482.58385416666664 15
stats: {load,"tsung_controller@ip-172-31-34-126"} 1 0.2890625 0.0 0.5703125 0.1015625 0.32708333333333334 15
stats: {cpu,"tsung_controller@ip-172-31-34-126"} 1 8.883495145631068 0.0 59.65746907706946 0.4491017964071856 17.680676523515476 15
stats: session 353 107753.92834844197 6754.375805621628 135901.099 51.53 36279.54495667016 3808
stats: users_count 0 4423
stats: finish_users_count 353 4161
stats: connect 0 0 0 1019.303 0.607 2.7849450432723346 57427
stats: request 1866 775.7866961414804 448.12965897611946 58266.433 0.095 1868.1171423196356 54750
stats: page 1807 811.3055041505263 530.4168375333057 63910.013 1.142 1982.643213536515 51579
stats: 302 1417 9193
stats: error_send_einval 0 586
stats: 200 382 1887
stats: size_rcv 5086160 24460097
stats: newphase 0 9
stats: size_sent 782925 14406702
stats: connected -353 265
stats: error_connection_closed 0 5915
stats: error_abort_max_send_retries 0 1417
stats: 404 67 368
# stats: dump at 1733869114
stats: users 40 4134
stats: {freemem,"tsung_controller@ip-172-31-34-126"} 1 512.95703125 0.0 673.44140625 281.44140625 478.740234375 16
stats: {load,"tsung_controller@ip-172-31-34-126"} 1 0.328125 0.0 0.5703125 0.1015625 0.32470703125 16
stats: {cpu,"tsung_controller@ip-172-31-34-126"} 1 8.604764219737483 0.0 59.65746907706946 0.4491017964071856 17.1308526873977 16
stats: session 222 116231.87561711714 6214.72255421266 140631.947 51.53 42343.1011540495 4161
stats: users_count 0 4423
stats: finish_users_count 222 4383
stats: connect 0 0 0 1019.303 0.607 2.7849450432723346 57427
stats: 302 462 9655
stats: request 690 50.2224507246377 101.49763098478178 58266.433 0.095 1832.1151532605636 56616
stats: error_send_einval 0 586
stats: 200 227 2114
stats: size_rcv 2617639 27077736
stats: newphase 0 9
stats: page 689 50.29546444121907 101.55708735025487 63910.013 1.142 1942.995979414077 53386
stats: size_sent 414469 14821171
stats: connected -222 43
stats: error_connection_closed 0 5915
stats: error_abort_max_send_retries 0 1417
stats: 404 1 369
# stats: dump at 1733869124
stats: users 4 4134
stats: {freemem,"tsung_controller@ip-172-31-34-126"} 1 589.8203125 0.0 673.44140625 281.44140625 480.7529871323529 17
stats: {load,"tsung_controller@ip-172-31-34-126"} 1 0.421875 0.0 0.5703125 0.1015625 0.3249080882352941 17
stats: {cpu,"tsung_controller@ip-172-31-34-126"} 1 3.727317312408043 0.0 59.65746907706946 0.4491017964071856 16.629318071652982 17
stats: session 36 125336.02327777779 6512.929410416954 140631.947 51.53 46085.58528154232 4383
stats: users_count 0 4423
stats: finish_users_count 36 4419
stats: 302 56 9711
stats: request 81 17.048061728395066 15.687234979195216 58266.433 0.095 1810.6600531881488 57306
stats: error_send_einval 0 586
stats: 200 25 2139
stats: size_rcv 301792 27379528
stats: connect 0 0 0 1019.303 0.607 2.7849450432723346 57427
stats: newphase 0 9
stats: page 81 17.048061728395066 15.687234979195216 63910.013 1.142 1918.8800172353199 54075
stats: size_sent 58724 14879895
stats: connected -39 4
stats: error_connection_closed 0 5915
stats: error_abort_max_send_retries 0 1417
stats: 404 0 369
# stats: dump at 1733869134
stats: users 0 4134
stats: {freemem,"tsung_controller@ip-172-31-34-126"} 1 600.0546875 0.0 673.44140625 281.44140625 486.8122829861111 18
stats: {load,"tsung_controller@ip-172-31-34-126"} 1 0.359375 0.0 0.5703125 0.1015625 0.3302951388888889 18
stats: {cpu,"tsung_controller@ip-172-31-34-126"} 1 0.7470119521912351 0.0 59.65746907706946 0.4491017964071856 15.912540251694928 18
stats: session 4 135302.567 7678.236932791829 148141.861 51.53 46731.21003100249 4419
stats: users_count 0 4423
stats: finish_users_count 4 4423
stats: connect 0 0 0 1019.303 0.607 2.7849450432723346 57427
stats: 302 5 9716
stats: request 7 21.945142857142855 24.061334011400184 58266.433 0.095 1808.1284245735108 57387
stats: page 7 21.945142857142855 24.061334011400184 63910.013 1.142 1916.035486834329 54156
stats: error_send_einval 0 586
stats: 200 2 2141
stats: size_rcv 25648 27405176
stats: newphase 0 9
stats: size_sent 5240 14885135
stats: connected -4 0
stats: error_connection_closed 0 5915
stats: error_abort_max_send_retries 0 1417
stats: 404 0 369
# stats: dump at 1733869135
stats: users 0 4134
stats: {freemem,"tsung_controller@ip-172-31-34-126"} 0 0 0 673.44140625 281.44140625 492.7724095394737 19
stats: {load,"tsung_controller@ip-172-31-34-126"} 0 0 0 0.5703125 0.1015625 0.33182565789473684 19
stats: {cpu,"tsung_controller@ip-172-31-34-126"} 0 0 0 59.65746907706946 0.4491017964071856 15.114354551721052 19
stats: session 0 0 0 148141.861 51.53 46811.31073818675 4423
stats: users_count 0 4423
stats: finish_users_count 0 4423
stats: request 0 0 0 58266.433 0.095 1807.910574572256 57394
stats: connect 0 0 0 1019.303 0.607 2.7849450432723346 57427
stats: page 0 0 0 63910.013 1.142 1915.7906955116948 54163
stats: 302 0 9716
stats: error_send_einval 0 586
stats: 200 0 2141
stats: size_rcv 0 27405176
stats: newphase 0 9
stats: size_sent 0 14885135
stats: connected 0 0
stats: error_connection_closed 0 5915
stats: error_abort_max_send_retries 0 1417
stats: 404 0 369
EndMonitor:{1733,869135,336781}
