# stats: dump at 1733453588
stats: users 12 12
stats: {freemem,"tsung_controller@ip-172-31-42-247"} 1 749.76953125 0 749.76953125 749.76953125 0 0
stats: {load,"tsung_controller@ip-172-31-42-247"} 1 0.0 0 0.0 0.0 0 0
stats: {cpu,"tsung_controller@ip-172-31-42-247"} 1 1.9639603763253521 0 1.9639603763253521 1.9639603763253521 0 0
stats: users_count 12 12
stats: finish_users_count 0 0
stats: request 24 142.0192083333334 170.258438894371 496.095 8.127 0 0
stats: connect 11 2.584454545454545 1.6083635027644694 6.569 1.413 0 0
stats: page 24 142.0192083333334 170.258438894371 496.095 8.127 0 0
stats: 302 7 7
stats: 200 17 17
stats: size_rcv 121953 121953
stats: newphase 1 1
stats: size_sent 9408 9408
stats: connected 11 11
# stats: dump at 1733453598
stats: users 57 57
stats: {freemem,"tsung_controller@ip-172-31-42-247"} 1 746.05078125 0.0 749.76953125 746.05078125 749.76953125 1
stats: {load,"tsung_controller@ip-172-31-42-247"} 1 0.0 0.0 0.0 0.0 0.0 1
stats: {cpu,"tsung_controller@ip-172-31-42-247"} 1 0.3 0.0 1.9639603763253521 0.3 1.9639603763253521 1
stats: session 3 10086.559666666666 1594.3265321951947 12279.71 8536.791 0 0
stats: users_count 48 60
stats: finish_users_count 3 3
stats: request 142 104.8019436619719 194.10917624327263 1366.266 4.691 142.0192083333334 24
stats: connect 45 1.7060666666666666 0.6281330856859342 6.569 1.325 2.584454545454545 11
stats: page 136 109.43195588235301 197.382615203422 1366.266 4.691 142.0192083333334 24
stats: 302 45 52
stats: 200 97 114
stats: size_rcv 722757 844710
stats: newphase 2 3
stats: size_sent 80487 89895
stats: connected 42 53
# stats: dump at 1733453608
stats: users 220 220
stats: {freemem,"tsung_controller@ip-172-31-42-247"} 1 728.24609375 0.0 749.76953125 728.24609375 747.91015625 2
stats: {load,"tsung_controller@ip-172-31-42-247"} 1 0.0 0.0 0.0 0.0 0.0 2
stats: {cpu,"tsung_controller@ip-172-31-42-247"} 1 3.093812375249501 0.0 3.093812375249501 0.3 1.131980188162676 2
stats: session 12 12459.453083333332 4024.2405436926524 19971.957 7522.149 10086.559666666666 3
stats: users_count 175 235
stats: finish_users_count 12 15
stats: connect 164 1.8708597560975615 1.047357574502726 9.91 1.246 1.878607142857143 56
stats: request 237 664.8858481012654 1355.969791684235 7528.027 4.691 110.18275301204828 166
stats: page 219 715.0981872146114 1404.490644496729 7528.027 4.691 114.32004375000008 160
stats: 302 76 128
stats: 200 161 275
stats: size_rcv 1225023 2069733
stats: newphase 2 5
stats: size_sent 182493 272388
stats: connected 152 205
# stats: dump at 1733453618
stats: users 950 950
stats: {freemem,"tsung_controller@ip-172-31-42-247"} 1 707.1875 0.0 749.76953125 707.1875 741.35546875 3
stats: {load,"tsung_controller@ip-172-31-42-247"} 1 0.0 0.0 0.0 0.0 0.0 3
stats: {cpu,"tsung_controller@ip-172-31-42-247"} 1 1.660795168595873 0.0 3.093812375249501 0.3 1.7859242505249509 3
stats: session 5 26991.3136 3068.5453875922785 29656.24 7522.149 11984.874399999999 15
stats: users_count 735 970
stats: finish_users_count 5 20
stats: request 418 5803.572638755991 1902.4476522033033 12709.881 4.691 436.3977245657567 403
stats: connect 705 2.1444070921985867 1.6178628790070095 16.401 1.069 1.8728318181818187 220
stats: page 409 5888.2163154034315 1988.1652674017155 12709.881 4.691 461.47153034300766 379
stats: 302 88 216
stats: 200 330 605
stats: size_rcv 2369814 4439547
stats: newphase 2 7
stats: size_sent 282030 554418
stats: connected 700 905
# stats: dump at 1733453628
stats: users 3789 3789
stats: {freemem,"tsung_controller@ip-172-31-42-247"} 1 624.91796875 0.0 749.76953125 624.91796875 732.8134765625 4
stats: {load,"tsung_controller@ip-172-31-42-247"} 1 0.0 0.0 0.0 0.0 0.0 4
stats: {cpu,"tsung_controller@ip-172-31-42-247"} 1 7.958984375 0.0 7.958984375 0.3 1.7546419800426816 4
stats: session 52 12927.199365384613 9821.530596792272 37048.96 2391.782 15736.4842 20
stats: users_count 2891 3861
stats: finish_users_count 52 72
stats: connect 7130 1.863838148667608 1.5557256720873114 23.52 0.741 2.07981621621622 925
stats: 302 48 264
stats: request 6808 336.17646974148045 1821.094953766801 15898.777 0.155 3169.0154031668744 821
stats: page 6668 340.0405004499084 1834.3202962200985 15898.777 0.537 3278.1449022842685 788
stats: error_send_einval 34 34
stats: 200 198 803
stats: size_rcv 1436487 5876034
stats: newphase 2 9
stats: size_sent 1287857 1842275
stats: connected 117 1022
stats: error_connection_closed 117 117
stats: error_abort_max_send_retries 3 3
# stats: dump at 1733453638
stats: users 2769 3913
stats: {freemem,"tsung_controller@ip-172-31-42-247"} 1 467.76171875 0.0 749.76953125 467.76171875 711.234375 5
stats: {load,"tsung_controller@ip-172-31-42-247"} 1 0.078125 0.0 0.078125 0.0 0.0 5
stats: {cpu,"tsung_controller@ip-172-31-42-247"} 1 32.624867162592984 0.0 32.624867162592984 0.3 2.9955104590341453 5
stats: session 1612 8579.891319478902 6883.586625054627 43864.482 119.509 13707.556263888888 72
stats: users_count 592 4453
stats: finish_users_count 1612 1684
stats: request 11123 273.69861413287805 2208.6124540986802 22927.119 0.155 641.0343494560235 7629
stats: connect 15388 6.371727384975347 11.756954473022478 1036.749 0.732 1.8886400993172006 8055
stats: page 9961 304.98949894588833 2333.0293978792683 22927.119 0.537 650.5590450643767 7456
stats: 302 54 318
stats: error_send_einval 142 176
stats: 200 114 917
stats: size_rcv 830613 6706647
stats: newphase 0 9
stats: size_sent 2130143 3972418
stats: connected 0 1022
stats: error_connection_closed 3257 3374
stats: error_abort_max_send_retries 868 871
# stats: dump at 1733453648
stats: users 1565 3913
stats: {freemem,"tsung_controller@ip-172-31-42-247"} 1 449.9609375 0.0 749.76953125 449.9609375 670.6555989583334 6
stats: {load,"tsung_controller@ip-172-31-42-247"} 1 0.30078125 0.0 0.30078125 0.0 0.013020833333333334 6
stats: {cpu,"tsung_controller@ip-172-31-42-247"} 1 39.307851239669425 0.0 39.307851239669425 0.3 7.933736576293952 6
stats: session 1204 17633.95683887043 6071.066388933037 59121.23 119.509 8799.126400237525 1684
stats: users_count 0 4453
stats: finish_users_count 1204 2888
stats: connect 6961 5.03764143082891 9.994475367406961 1036.749 0.732 4.831341423879226 23443
stats: page 5160 1178.3865713178257 5477.006193338175 31116.706 0.537 452.9235022678984 17417
stats: request 6204 983.7778612185688 5023.503734210715 31116.706 0.155 423.1442372546931 18752
stats: 302 50 368
stats: error_send_einval 144 320
stats: 200 179 1096
stats: size_rcv 1276384 7983031
stats: newphase 0 9
stats: size_sent 1481720 5454138
stats: connected 0 1022
stats: error_connection_closed 509 3883
stats: error_abort_max_send_retries 105 976
# stats: dump at 1733453658
stats: users 1268 3913
stats: {freemem,"tsung_controller@ip-172-31-42-247"} 1 445.33984375 0.0 749.76953125 445.33984375 639.1277901785714 7
stats: {load,"tsung_controller@ip-172-31-42-247"} 1 0.3984375 0.0 0.3984375 0.0 0.05412946428571429 7
stats: {cpu,"tsung_controller@ip-172-31-42-247"} 1 20.343980343980345 0.0 39.307851239669425 0.3 12.415752956776162 7
stats: session 297 29381.741888888908 8691.84140229122 62279.999 119.509 12482.345184210522 2888
stats: users_count 0 4453
stats: finish_users_count 297 3185
stats: page 1803 5195.071282307257 12567.443751208104 40651.258 0.537 618.7289430393748 22577
stats: 302 63 431
stats: request 2048 4586.911995605465 11920.820947728478 40651.258 0.155 562.5163723353104 24956
stats: connect 2069 1.7358695021749622 1.1238491762185823 1036.749 0.732 4.878573838968581 30404
stats: error_send_einval 15 335
stats: 200 202 1298
stats: size_rcv 1427717 9410748
stats: newphase 0 9
stats: size_sent 874248 6328386
stats: connected -1 1021
stats: error_connection_closed 12 3895
stats: error_abort_max_send_retries 2 978
# stats: dump at 1733453668
stats: users 1211 3913
stats: {freemem,"tsung_controller@ip-172-31-42-247"} 1 443.1875 0.0 749.76953125 443.1875 614.904296875 8
stats: {load,"tsung_controller@ip-172-31-42-247"} 1 0.33984375 0.0 0.3984375 0.0 0.09716796875 8
stats: {cpu,"tsung_controller@ip-172-31-42-247"} 1 9.5734126984127 0.0 39.307851239669425 0.3 13.406781380176685 8
stats: session 57 45893.083912280716 7978.2711262149705 73992.904 119.509 14058.207294505493 3185
stats: users_count 0 4453
stats: finish_users_count 57 3242
stats: connect 1100 2.3876781818181803 2.017645528394728 1036.749 0.732 4.6783380962646115 32473
stats: page 959 11269.943962460897 18903.628752394812 52004.793 0.537 957.1680422067247 24380
stats: request 1049 10368.106183984748 18364.652784504982 49089.277 0.155 867.7290162568507 27004
stats: 302 88 519
stats: error_send_einval 43 378
stats: 200 166 1464
stats: size_rcv 1211834 10622582
stats: newphase 0 9
stats: size_sent 598705 6927091
stats: connected -2 1019
stats: error_connection_closed 17 3912
stats: error_abort_max_send_retries 2 980
# stats: dump at 1733453678
stats: users 1085 3913
stats: {freemem,"tsung_controller@ip-172-31-42-247"} 1 438.9296875 0.0 749.76953125 438.9296875 595.8246527777778 9
stats: {load,"tsung_controller@ip-172-31-42-247"} 1 0.37109375 0.0 0.3984375 0.0 0.12413194444444445 9
stats: {cpu,"tsung_controller@ip-172-31-42-247"} 1 7.655038759689922 0.0 39.307851239669425 0.3 12.980851526647353 9
stats: session 126 53172.567539682546 6915.633547122075 77370.333 119.509 14617.919807526217 3242
stats: users_count 0 4453
stats: finish_users_count 126 3368
stats: request 983 20200.805745676484 19348.282998460138 53468.025 0.155 1222.981418814387 28053
stats: connect 850 1.8711023529411739 1.3112377108021869 1036.749 0.732 4.603285944062215 33573
stats: page 847 20937.97344982291 19688.033476572928 60460.534 0.537 1347.4735833695074 25339
stats: 302 481 1000
stats: error_send_einval 9 387
stats: 200 49 1513
stats: size_rcv 667653 11290235
stats: newphase 0 9
stats: size_sent 430219 7357310
stats: connected -61 958
stats: error_connection_closed 2 3914
stats: error_abort_max_send_retries 0 980
# stats: dump at 1733453688
stats: users 1057 3913
stats: {freemem,"tsung_controller@ip-172-31-42-247"} 1 449.62109375 0.0 749.76953125 438.9296875 580.13515625 10
stats: {load,"tsung_controller@ip-172-31-42-247"} 1 0.390625 0.0 0.3984375 0.0 0.148828125 10
stats: {cpu,"tsung_controller@ip-172-31-42-247"} 1 6.510034263338229 0.0 39.307851239669425 0.3 12.448270249951609 10
stats: session 28 63941.75071428572 8890.37046932369 85992.135 119.509 16060.28489489311 3368
stats: users_count 0 4453
stats: finish_users_count 28 3396
stats: request 374 26473.21352673797 8531.367692939384 53468.025 0.155 1865.466654842264 29036
stats: connect 344 1.876401162790695 0.9066883945889951 1036.749 0.732 4.535820701275331 34423
stats: page 315 26965.61790158729 9089.6060051777 60460.534 0.537 1981.1386481707766 26186
stats: 302 323 1323
stats: error_send_einval 0 387
stats: 200 48 1561
stats: size_rcv 658848 11949083
stats: newphase 0 9
stats: size_sent 216028 7573338
stats: connected 52 1010
stats: error_connection_closed 0 3914
stats: error_abort_max_send_retries 0 980
# stats: dump at 1733453698
stats: users 961 3913
stats: {freemem,"tsung_controller@ip-172-31-42-247"} 1 453.6796875 0.0 749.76953125 438.9296875 568.2702414772727 11
stats: {load,"tsung_controller@ip-172-31-42-247"} 1 0.328125 0.0 0.3984375 0.0 0.1708096590909091 11
stats: {cpu,"tsung_controller@ip-172-31-42-247"} 1 3.260869565217391 0.0 39.307851239669425 0.3 11.908430614804939 11
stats: session 96 73755.3113229166 8109.08483951175 97573.29 119.509 16455.06729858657 3396
stats: users_count 0 4453
stats: finish_users_count 96 3492
stats: request 702 20358.113947293434 3783.639201858293 53468.025 0.155 2178.397539918394 29410
stats: connect 226 2.126792035398227 1.3277054450389674 1036.749 0.732 4.50950723387122 34767
stats: page 592 25966.77973479728 12012.659361953281 64090.818 0.537 2278.112761027884 26501
stats: 302 588 1911
stats: error_send_einval 0 387
stats: 200 114 1675
stats: size_rcv 1330985 13280068
stats: newphase 0 9
stats: size_sent 248509 7821847
stats: connected -64 946
stats: error_connection_closed 0 3914
stats: error_abort_max_send_retries 0 980
# stats: dump at 1733453708
stats: users 683 3913
stats: {freemem,"tsung_controller@ip-172-31-42-247"} 1 435.875 0.0 749.76953125 435.875 558.7210286458334 12
stats: {load,"tsung_controller@ip-172-31-42-247"} 1 0.421875 0.0 0.421875 0.0 0.18391927083333334 12
stats: {cpu,"tsung_controller@ip-172-31-42-247"} 1 4.183070866141732 0.0 39.307851239669425 0.3 11.187800527339311 12
stats: session 278 84440.26667985605 8097.53127306027 111955.899 119.509 18030.33173911798 3492
stats: users_count 0 4453
stats: finish_users_count 278 3770
stats: request 1882 6704.238702975551 5440.64852512402 53468.025 0.155 2602.2206309776825 30112
stats: connect 15 2.545133333333333 1.442444400623084 1036.749 0.732 4.4941186237247654 34993
stats: page 1594 9470.815872647438 8306.306707788293 64090.818 0.537 2795.725828922598 27093
stats: 302 1424 3335
stats: error_send_einval 0 387
stats: 200 458 2133
stats: size_rcv 4437131 17717199
stats: newphase 0 9
stats: size_sent 740676 8562523
stats: connected -258 688
stats: error_connection_closed 0 3914
stats: error_abort_max_send_retries 0 980
# stats: dump at 1733453718
stats: users 91 3913
stats: {freemem,"tsung_controller@ip-172-31-42-247"} 1 409.05078125 0.0 749.76953125 409.05078125 549.2713341346154 13
stats: {load,"tsung_controller@ip-172-31-42-247"} 1 0.359375 0.0 0.421875 0.0 0.20222355769230768 13
stats: {cpu,"tsung_controller@ip-172-31-42-247"} 1 5.862068965517241 0.0 39.307851239669425 0.3 10.64897516878565 13
stats: session 592 93910.61927533768 6819.09153021822 112974.153 119.509 22927.40386472148 3770
stats: users_count 0 4453
stats: finish_users_count 592 4362
stats: request 1855 908.9837671159011 510.9219766467636 53468.025 0.155 2843.5158116834396 31994
stats: connect 2 1.4365 0.14650000000000002 1036.749 0.732 4.493283535191977 35008
stats: 302 1422 4757
stats: error_send_einval 0 387
stats: 200 433 2566
stats: size_rcv 4841086 22558285
stats: newphase 0 9
stats: size_sent 935778 9498301
stats: connected -592 96
stats: error_connection_closed 0 3914
stats: error_abort_max_send_retries 0 980
stats: page 1596 1142.8700545112738 842.8611245358475 64090.818 0.537 3166.6287999442243 28687
# stats: dump at 1733453728
stats: users 7 3913
stats: {freemem,"tsung_controller@ip-172-31-42-247"} 1 511.6640625 0.0 749.76953125 409.05078125 539.2555803571429 14
stats: {load,"tsung_controller@ip-172-31-42-247"} 1 0.30078125 0.0 0.421875 0.0 0.21344866071428573 14
stats: {cpu,"tsung_controller@ip-172-31-42-247"} 1 4.52511188463451 0.0 39.307851239669425 0.3 10.30705329712362 14
stats: session 84 99885.58197619046 5247.069955609135 113112.821 119.509 32561.072714580438 4362
stats: users_count 0 4453
stats: finish_users_count 84 4446
stats: request 206 24.261912621359237 28.511681395562658 53468.025 0.155 2737.4991806848047 33849
stats: connect 0 0 0 1036.749 0.732 4.493108911739523 35010
stats: page 183 27.33252459016395 31.359981628085766 64090.818 0.537 3059.970973516493 30283
stats: 302 132 4889
stats: error_send_einval 0 387
stats: 200 74 2640
stats: size_rcv 755223 23313508
stats: newphase 0 9
stats: size_sent 147016 9645317
stats: connected -89 7
stats: error_connection_closed 0 3914
stats: error_abort_max_send_retries 0 980
# stats: dump at 1733453738
stats: users 1 3913
stats: {freemem,"tsung_controller@ip-172-31-42-247"} 1 620.3359375 0.0 749.76953125 409.05078125 537.4161458333333 15
stats: {load,"tsung_controller@ip-172-31-42-247"} 1 0.25 0.0 0.421875 0.0 0.21927083333333333 15
stats: {cpu,"tsung_controller@ip-172-31-42-247"} 1 0.45090180360721444 0.0 39.307851239669425 0.3 9.921590536291012 15
stats: session 6 109330.87016666667 8425.705752552392 124725.349 119.509 33833.06074381464 4446
stats: users_count 0 4453
stats: finish_users_count 6 4452
stats: 302 11 4900
stats: request 15 13.531733333333333 11.142906655307172 53468.025 0.155 2721.086704478049 34055
stats: error_send_einval 0 387
stats: 200 4 2644
stats: connect 0 0 0 1036.749 0.732 4.493108911739523 35010
stats: size_rcv 44901 23358409
stats: newphase 0 9
stats: size_sent 10789 9656106
stats: page 13 15.637153846153844 13.791922490223447 64090.818 0.537 3041.754836309327 30466
stats: connected -6 1
stats: error_connection_closed 0 3914
stats: error_abort_max_send_retries 0 980
# stats: dump at 1733453748
stats: users 0 3913
stats: {freemem,"tsung_controller@ip-172-31-42-247"} 1 640.4765625 0.0 749.76953125 409.05078125 542.5986328125 16
stats: {load,"tsung_controller@ip-172-31-42-247"} 1 0.21875 0.0 0.421875 0.0 0.22119140625 16
stats: {cpu,"tsung_controller@ip-172-31-42-247"} 1 0.10005002501250625 0.0 39.307851239669425 0.10005002501250625 9.329672490498275 16
stats: session 1 128569.426 0.0 128569.426 119.509 33934.809813117674 4452
stats: users_count 0 4453
stats: finish_users_count 1 4453
stats: request 4 19.9145 8.44025433562283 53468.025 0.155 2719.8946491634856 34070
stats: 302 2 4902
stats: connect 0 0 0 1036.749 0.732 4.493108911739523 35010
stats: page 3 26.600666666666665 15.2562414404364 64090.818 0.537 3040.4641269726685 30479
stats: error_send_einval 0 387
stats: 200 2 2646
stats: size_rcv 18799 23377208
stats: newphase 0 9
stats: size_sent 2918 9659024
stats: connected -1 0
stats: error_connection_closed 0 3914
stats: error_abort_max_send_retries 0 980
# stats: dump at 1733453750
stats: users 0 3913
stats: {freemem,"tsung_controller@ip-172-31-42-247"} 1 641.15625 0.0 749.76953125 409.05078125 548.3561580882352 17
stats: {load,"tsung_controller@ip-172-31-42-247"} 1 0.1796875 0.0 0.421875 0.0 0.22104779411764705 17
stats: {cpu,"tsung_controller@ip-172-31-42-247"} 1 0.1 0.0 39.307851239669425 0.1 8.78675352194029 17
stats: session 0 0 0 128569.426 119.509 33956.06169189308 4453
stats: users_count 0 4453
stats: finish_users_count 0 4453
stats: 302 0 4902
stats: request 0 0 0 53468.025 0.155 2719.57769428303 34074
stats: error_send_einval 0 387
stats: 200 0 2646
stats: connect 0 0 0 1036.749 0.732 4.493108911739523 35010
stats: size_rcv 0 23377208
stats: newphase 0 9
stats: page 0 0 0 64090.818 0.537 3040.1675063316043 30482
stats: size_sent 0 9659024
stats: connected 0 0
stats: error_connection_closed 0 3914
stats: error_abort_max_send_retries 0 980
EndMonitor:{1733,453750,742289}
