# stats: dump at 1733871111
stats: users 14 14
stats: {freemem,"tsung_controller@ip-172-31-32-209"} 1 683.44921875 0 683.44921875 683.44921875 0 0
stats: {load,"tsung_controller@ip-172-31-32-209"} 1 0.23046875 0 0.23046875 0.23046875 0 0
stats: {cpu,"tsung_controller@ip-172-31-32-209"} 1 8.29411826817825 0 8.29411826817825 8.29411826817825 0 0
stats: users_count 14 14
stats: finish_users_count 0 0
stats: request 29 82.42244827586204 130.55197135388366 367.31 4.923 0 0
stats: connect 14 2.525857142857143 3.1800002887947505 13.909 1.117 0 0
stats: page 29 82.42244827586204 130.55197135388366 367.31 4.923 0 0
stats: 302 21 21
stats: 200 8 8
stats: size_rcv 72553 72553
stats: newphase 1 1
stats: size_sent 9048 9048
stats: connected 14 14
# stats: dump at 1733871121
stats: users 57 57
stats: {freemem,"tsung_controller@ip-172-31-32-209"} 1 682.68359375 0.0 683.44921875 682.68359375 683.44921875 1
stats: {load,"tsung_controller@ip-172-31-32-209"} 1 0.19140625 0.0 0.23046875 0.19140625 0.23046875 1
stats: {cpu,"tsung_controller@ip-172-31-32-209"} 1 0.35000000000000003 0.0 8.29411826817825 0.35000000000000003 8.29411826817825 1
stats: users_count 43 57
stats: finish_users_count 0 0
stats: request 164 134.90078048780495 235.62665606164617 932.588 4.26 82.42244827586204 29
stats: connect 40 1.4860000000000004 0.3935597159263128 13.909 1.117 2.525857142857143 14
stats: page 160 138.27519374999997 237.63191809549429 932.588 4.26 82.42244827586204 29
stats: 302 82 103
stats: 200 78 86
stats: size_rcv 697673 770226
stats: newphase 2 3
stats: size_sent 74818 83866
stats: connected 40 54
stats: 404 4 4
# stats: dump at 1733871131
stats: users 246 246
stats: {freemem,"tsung_controller@ip-172-31-32-209"} 1 665.22265625 0.0 683.44921875 665.22265625 683.06640625 2
stats: {load,"tsung_controller@ip-172-31-32-209"} 1 0.23828125 0.0 0.23828125 0.19140625 0.2109375 2
stats: {cpu,"tsung_controller@ip-172-31-32-209"} 1 0.7507507507507507 0.0 8.29411826817825 0.35000000000000003 4.322059134089125 2
stats: session 3 20293.694666666666 758.9562137604204 21257.083 19402.203 0 0
stats: users_count 192 249
stats: finish_users_count 3 3
stats: request 316 404.4439651898733 904.5675026888041 5905.629 4.26 127.01543523316069 193
stats: connect 178 1.602662921348314 1.046081795240238 13.909 0.963 1.755592592592593 54
stats: page 306 409.3424607843137 916.1102949919987 5905.629 4.26 129.70519576719573 189
stats: 302 167 270
stats: 200 141 227
stats: size_rcv 1239013 2009239
stats: newphase 2 5
stats: size_sent 184411 268277
stats: connected 175 229
stats: 404 8 12
# stats: dump at 1733871141
stats: users 1054 1054
stats: {freemem,"tsung_controller@ip-172-31-32-209"} 1 636.9609375 0.0 683.44921875 636.9609375 677.1184895833334 3
stats: {load,"tsung_controller@ip-172-31-32-209"} 1 0.19921875 0.0 0.23828125 0.19140625 0.22005208333333334 3
stats: {cpu,"tsung_controller@ip-172-31-32-209"} 1 2.3821339950372207 0.0 8.29411826817825 0.35000000000000003 3.131623006309667 3
stats: session 0 0 0 21257.083 19402.203 20293.694666666666 3
stats: users_count 808 1057
stats: finish_users_count 0 3
stats: request 511 4781.3213444226985 1630.8559383209142 11673.389 4.26 299.2500432220039 509
stats: connect 776 1.6286597938144318 1.3343813618287068 17.874 0.939 1.6382586206896548 232
stats: 302 415 685
stats: page 508 4794.447641732284 1641.3397238205578 11673.389 4.26 302.57186868686864 495
stats: 200 93 320
stats: size_rcv 985032 2994271
stats: newphase 2 7
stats: size_sent 218132 486409
stats: connected 776 1005
stats: 404 3 15
# stats: dump at 1733871151
stats: users 3685 3865
stats: {freemem,"tsung_controller@ip-172-31-32-209"} 1 595.0 0.0 683.44921875 595.0 667.0791015625 4
stats: {load,"tsung_controller@ip-172-31-32-209"} 1 0.171875 0.0 0.23828125 0.171875 0.21484375 4
stats: {cpu,"tsung_controller@ip-172-31-32-209"} 1 7.344357976653697 0.0 8.29411826817825 0.35000000000000003 2.944250753491555 4
stats: session 252 6812.521281746033 7203.200808720413 40791.683 65.897 20293.694666666666 3
stats: users_count 2883 3940
stats: finish_users_count 252 255
stats: connect 8938 1.9784694562541933 1.876372374378458 22.477 0.653 1.6308690476190464 1008
stats: request 8344 723.0582525167788 2513.6121014212854 14076.391 1.187 2544.679881372548 1020
stats: page 8312 727.0751414821942 2523.04477905283 14882.865 1.187 2577.619618145564 1003
stats: 302 464 1149
stats: error_send_einval 61 61
stats: 200 199 519
stats: size_rcv 1649392 4643663
stats: newphase 2 9
stats: size_sent 1472843 1959252
stats: connected 19 1024
stats: error_connection_closed 406 406
stats: error_abort_max_send_retries 12 12
stats: 404 2 17
# stats: dump at 1733871161
stats: users 3287 3865
stats: {freemem,"tsung_controller@ip-172-31-32-209"} 1 426.19140625 0.0 683.44921875 426.19140625 652.66328125 5
stats: {load,"tsung_controller@ip-172-31-32-209"} 1 0.37890625 0.0 0.37890625 0.171875 0.20625 5
stats: {cpu,"tsung_controller@ip-172-31-32-209"} 1 45.25301204819277 0.0 45.25301204819277 0.35000000000000003 3.824272198123984 5
stats: session 778 9297.736925449864 8566.452475560905 51511.199 59.712 6971.123321568629 255
stats: users_count 380 4320
stats: finish_users_count 778 1033
stats: request 12051 574.8198691394934 2676.9485089738378 20372.037 1.185 921.4835046988467 9364
stats: connect 17180 4.563649068684548 9.522138243679146 1017.059 0.653 1.9432411019505305 9946
stats: page 11572 598.6340424299999 2729.1777987581013 20372.037 1.185 926.3339831454642 9315
stats: 302 389 1538
stats: error_send_einval 241 302
stats: 200 147 666
stats: size_rcv 1222087 5865750
stats: newphase 0 9
stats: size_sent 2341085 4300337
stats: connected -2 1022
stats: error_connection_closed 3891 4297
stats: error_abort_max_send_retries 998 1010
stats: 404 0 17
# stats: dump at 1733871171
stats: users 2983 3865
stats: {freemem,"tsung_controller@ip-172-31-32-209"} 1 359.03125 0.0 683.44921875 359.03125 614.91796875 6
stats: {load,"tsung_controller@ip-172-31-32-209"} 1 0.78125 0.0 0.78125 0.171875 0.23502604166666666 6
stats: {cpu,"tsung_controller@ip-172-31-32-209"} 1 49.42528735632184 0.0 49.42528735632184 0.35000000000000003 10.729062173135448 6
stats: session 304 24711.05407894737 7787.907324620328 58229.428 59.712 8723.4034607938 1033
stats: users_count 0 4320
stats: finish_users_count 304 1337
stats: connect 12540 1.7657413875598018 1.6846712319246842 1017.059 0.653 3.6028521344835402 27126
stats: 302 145 1683
stats: error_send_einval 109 411
stats: 200 64 730
stats: request 12046 348.7611377220625 2621.9478677548036 24546.943 1.185 726.4032585103917 21415
stats: size_rcv 549807 6415557
stats: newphase 0 9
stats: size_sent 2403392 6703729
stats: page 10757 388.76936385609304 2765.4271421453873 24546.943 1.185 744.7787711016401 20887
stats: connected 0 1022
stats: error_connection_closed 341 4638
stats: error_abort_max_send_retries 48 1058
stats: 404 0 17
# stats: dump at 1733871181
stats: users 2168 3865
stats: {freemem,"tsung_controller@ip-172-31-32-209"} 1 290.42578125 0.0 683.44921875 290.42578125 578.3627232142857 7
stats: {load,"tsung_controller@ip-172-31-32-209"} 1 0.96875 0.0 0.96875 0.171875 0.3130580357142857 7
stats: {cpu,"tsung_controller@ip-172-31-32-209"} 1 40.98048548310329 0.0 49.42528735632184 0.35000000000000003 16.257094342162077 7
stats: session 815 32128.699754601268 7178.634284755023 62603.504 59.712 12358.591035901269 1337
stats: users_count 0 4320
stats: finish_users_count 815 2152
stats: request 8643 739.5266785838235 4383.638052093845 31961.176 0.35 590.4516435850693 33461
stats: connect 8763 1.6069521853246638 1.43471414527248 1017.059 0.653 3.0220683708970006 39666
stats: page 8147 781.582149011904 4503.669474327801 31961.176 1.185 623.7576235305255 31644
stats: 302 175 1858
stats: error_send_einval 41 452
stats: 200 64 794
stats: size_rcv 575700 6991257
stats: newphase 0 9
stats: size_sent 2020069 8723798
stats: connected 0 1022
stats: error_connection_closed 79 4717
stats: error_abort_max_send_retries 6 1064
stats: 404 0 17
# stats: dump at 1733871191
stats: users 1554 3865
stats: {freemem,"tsung_controller@ip-172-31-32-209"} 1 296.80078125 0.0 683.44921875 290.42578125 542.37060546875 8
stats: {load,"tsung_controller@ip-172-31-32-209"} 1 1.05078125 0.0 1.05078125 0.171875 0.39501953125 8
stats: {cpu,"tsung_controller@ip-172-31-32-209"} 1 30.31458531935176 0.0 49.42528735632184 0.35000000000000003 19.347518234779727 8
stats: session 614 41179.332947882715 7561.382086433717 80651.574 59.712 19845.876633364325 2152
stats: users_count 0 4320
stats: finish_users_count 614 2766
stats: request 4231 1476.6371628456648 6966.389470640493 39486.819 0.35 621.0533804151622 42104
stats: page 4016 1555.7141999501994 7141.834805473913 39486.819 1.185 656.0713730994428 39791
stats: 302 143 2001
stats: error_send_einval 40 492
stats: connect 4349 1.8662589100942726 1.7530381760643001 1017.059 0.653 2.7660097462264437 48429
stats: 200 38 832
stats: size_rcv 375172 7366429
stats: newphase 0 9
stats: size_sent 1289494 10013292
stats: connected 0 1022
stats: error_connection_closed 77 4794
stats: error_abort_max_send_retries 6 1070
stats: 404 1 18
# stats: dump at 1733871201
stats: users 1358 3865
stats: {freemem,"tsung_controller@ip-172-31-32-209"} 1 357.6171875 0.0 683.44921875 290.42578125 515.0850694444445 9
stats: {load,"tsung_controller@ip-172-31-32-209"} 1 1.12109375 0.0 1.12109375 0.171875 0.4678819444444444 9
stats: {cpu,"tsung_controller@ip-172-31-32-209"} 1 16.282491417361452 0.0 49.42528735632184 0.35000000000000003 20.56608124417662 9
stats: session 196 51238.95378061225 7065.4479023743625 80651.574 59.712 24581.502872378896 2766
stats: users_count 0 4320
stats: finish_users_count 196 2962
stats: request 2224 3591.5108354316603 11727.147857418862 47269.483 0.35 699.1795265997625 46335
stats: connect 2269 1.749064786249447 1.3288584177211484 1017.059 0.653 2.6918686952897124 52778
stats: page 2076 3767.2966498073247 11983.311956697375 47269.483 1.185 738.5459911429664 43807
stats: 302 163 2164
stats: error_send_einval 29 521
stats: 200 28 860
stats: size_rcv 322063 7688492
stats: newphase 0 9
stats: size_sent 854866 10868158
stats: connected -1 1021
stats: error_connection_closed 24 4818
stats: error_abort_max_send_retries 0 1070
stats: 404 0 18
# stats: dump at 1733871211
stats: users 1262 3865
stats: {freemem,"tsung_controller@ip-172-31-32-209"} 1 379.87890625 0.0 683.44921875 290.42578125 499.33828125 10
stats: {load,"tsung_controller@ip-172-31-32-209"} 1 1.03125 0.0 1.12109375 0.171875 0.533203125 10
stats: {cpu,"tsung_controller@ip-172-31-32-209"} 1 11.809889582333174 0.0 49.42528735632184 0.35000000000000003 20.137722261495103 10
stats: session 96 61537.203 7058.3388878897285 84803.028 59.712 26345.466538149907 2962
stats: users_count 0 4320
stats: finish_users_count 96 3058
stats: request 1575 12076.206474920658 19895.260150441492 54932.27 0.35 831.6481695051384 48559
stats: connect 1541 1.602784555483448 1.018073649045843 1017.059 0.653 2.6530069576907085 55047
stats: page 1442 12172.54541470181 20026.99150787848 62378.689 1.185 875.5833768280177 45883
stats: 302 412 2576
stats: error_send_einval 6 527
stats: 200 13 873
stats: size_rcv 387840 8076332
stats: newphase 0 9
stats: size_sent 582310 11450468
stats: connected -10 1011
stats: error_connection_closed 8 4826
stats: error_abort_max_send_retries 2 1072
stats: 404 2 20
# stats: dump at 1733871221
stats: users 1159 3865
stats: {freemem,"tsung_controller@ip-172-31-32-209"} 1 393.5078125 0.0 683.44921875 290.42578125 488.4783380681818 11
stats: {load,"tsung_controller@ip-172-31-32-209"} 1 0.87109375 0.0 1.12109375 0.171875 0.5784801136363636 11
stats: {cpu,"tsung_controller@ip-172-31-32-209"} 1 8.948655256723717 0.0 49.42528735632184 0.35000000000000003 19.380646563389472 11
stats: session 103 72178.37321359222 7551.201747399814 96202.725 59.712 27450.243091563123 3058
stats: users_count 0 4320
stats: finish_users_count 103 3161
stats: request 1299 17401.43068822174 12306.56658493355 55298.191 0.35 1184.9050277456427 50134
stats: page 1191 19563.331172963917 14024.574623038261 62378.689 1.185 1219.8035407712614 47325
stats: 302 1158 3734
stats: error_send_einval 0 527
stats: 200 93 966
stats: size_rcv 1650535 9726867
stats: newphase 0 9
stats: size_sent 421182 11871650
stats: connected -36 975
stats: error_connection_closed 1 4827
stats: error_abort_max_send_retries 0 1072
stats: 404 5 25
stats: connect 1126 1.734253108348135 1.0695620652512958 1017.059 0.653 2.6244073831907904 56588
# stats: dump at 1733871231
stats: users 1002 3865
stats: {freemem,"tsung_controller@ip-172-31-32-209"} 1 393.30859375 0.0 683.44921875 290.42578125 480.5641276041667 12
stats: {load,"tsung_controller@ip-172-31-32-209"} 1 0.80859375 0.0 1.12109375 0.171875 0.6028645833333334 12
stats: {cpu,"tsung_controller@ip-172-31-32-209"} 1 9.400479616306955 0.0 49.42528735632184 0.35000000000000003 18.51131395450066 12
stats: session 157 82507.77379617833 7180.463852265262 108035.393 59.712 28907.692443846892 3161
stats: users_count 0 4320
stats: finish_users_count 157 3318
stats: connect 404 1.754987623762374 1.1125838837416615 1017.059 0.653 2.607040475447906 57714
stats: page 1555 7892.402971061061 4086.683247420247 62378.689 1.185 1670.1115094814077 48516
stats: request 1690 6882.374355621288 2564.4626915269114 55298.191 0.193 1594.4721701047984 51433
stats: 302 1500 5234
stats: error_send_einval 0 527
stats: 200 169 1135
stats: size_rcv 2650127 12376994
stats: newphase 0 9
stats: size_sent 509761 12381411
stats: connected 18 993
stats: error_connection_closed 0 4827
stats: error_abort_max_send_retries 0 1072
stats: 404 20 45
# stats: dump at 1733871241
stats: users 705 3865
stats: {freemem,"tsung_controller@ip-172-31-32-209"} 1 378.515625 0.0 683.44921875 290.42578125 473.85216346153845 13
stats: {load,"tsung_controller@ip-172-31-32-209"} 1 0.69140625 0.0 1.12109375 0.171875 0.6186899038461539 13
stats: {cpu,"tsung_controller@ip-172-31-32-209"} 1 6.935563207083129 0.0 49.42528735632184 0.35000000000000003 17.810480543870376 13
stats: session 297 91895.67206734009 7237.999989138023 122681.439 59.712 31443.92293580471 3318
stats: users_count 0 4320
stats: finish_users_count 297 3615
stats: request 2786 1971.9139630294264 1032.594219760479 55298.191 0.193 1762.6960033507157 53123
stats: connect 12 1.3845 0.15212577033494357 1017.059 0.653 2.601117536735614 58118
stats: 302 2295 7529
stats: error_send_einval 0 527
stats: 200 432 1567
stats: size_rcv 6041444 18418438
stats: newphase 0 9
stats: size_sent 970094 13351505
stats: connected -283 710
stats: error_connection_closed 0 4827
stats: error_abort_max_send_retries 0 1072
stats: 404 59 104
stats: page 2621 2221.055011446005 1534.3553320712288 62378.689 1.185 1863.3503747478564 50071
# stats: dump at 1733871251
stats: users 271 3865
stats: {freemem,"tsung_controller@ip-172-31-32-209"} 1 352.80859375 0.0 683.44921875 290.42578125 467.0424107142857 14
stats: {load,"tsung_controller@ip-172-31-32-209"} 1 0.73828125 0.0 1.12109375 0.171875 0.6238839285714286 14
stats: {cpu,"tsung_controller@ip-172-31-32-209"} 1 10.313253012048193 0.0 49.42528735632184 0.35000000000000003 17.03370073409986 14
stats: session 434 101891.86897465441 7037.717478822106 133803.482 59.712 36410.49817565699 3615
stats: users_count 0 4320
stats: finish_users_count 434 4049
stats: connect 0 0 0 1017.059 0.653 2.60086638568726 58130
stats: page 2333 481.2024213459062 367.5204848622889 62378.689 1.185 1881.143281693614 52692
stats: request 2427 456.9743036670791 306.94979059192593 55298.191 0.193 1773.1215383390877 55909
stats: 302 1847 9376
stats: error_send_einval 0 527
stats: 200 485 2052
stats: size_rcv 6772268 25190706
stats: newphase 0 9
stats: size_sent 1054999 14406504
stats: connected -434 276
stats: error_connection_closed 0 4827
stats: error_abort_max_send_retries 0 1072
stats: 404 95 199
# stats: dump at 1733871261
stats: users 47 3865
stats: {freemem,"tsung_controller@ip-172-31-32-209"} 1 422.3984375 0.0 683.44921875 290.42578125 459.42682291666665 15
stats: {load,"tsung_controller@ip-172-31-32-209"} 1 0.7109375 0.0 1.12109375 0.171875 0.6315104166666666 15
stats: {cpu,"tsung_controller@ip-172-31-32-209"} 1 9.45107398568019 0.0 49.42528735632184 0.35000000000000003 16.585670885963083 15
stats: session 224 109517.88687053563 5806.44357021383 133803.482 59.712 43429.24723141517 4049
stats: users_count 0 4320
stats: finish_users_count 224 4273
stats: request 735 19.904489795918376 18.906922306435725 55298.191 0.193 1718.364795700769 58336
stats: connect 0 0 0 1017.059 0.653 2.60086638568726 58130
stats: page 734 19.93171798365128 18.93350889133279 62378.689 1.185 1821.7873157292122 55025
stats: 302 522 9898
stats: error_send_einval 0 527
stats: 200 212 2264
stats: size_rcv 2643115 27833821
stats: newphase 0 9
stats: size_sent 450176 14856680
stats: connected -227 49
stats: error_connection_closed 0 4827
stats: error_abort_max_send_retries 0 1072
stats: 404 1 200
# stats: dump at 1733871271
stats: users 2 3865
stats: {freemem,"tsung_controller@ip-172-31-32-209"} 1 575.66796875 0.0 683.44921875 290.42578125 457.112548828125 16
stats: {load,"tsung_controller@ip-172-31-32-209"} 1 0.6015625 0.0 1.12109375 0.171875 0.636474609375 16
stats: {cpu,"tsung_controller@ip-172-31-32-209"} 1 2.6407573492775285 0.0 49.42528735632184 0.35000000000000003 16.139758579695403 16
stats: session 45 119600.05513333337 6476.125135863775 137200.617 59.712 46893.75817903112 4273
stats: users_count 0 4320
stats: finish_users_count 45 4318
stats: request 102 19.784362745098054 21.90267879748208 55298.191 0.193 1697.2314421966796 59071
stats: connect 0 0 0 1017.059 0.653 2.60086638568726 58130
stats: page 102 19.784362745098054 21.90267879748208 62378.689 1.185 1798.0680594881526 55759
stats: 302 73 9971
stats: error_send_einval 0 527
stats: 200 29 2293
stats: size_rcv 384988 28218809
stats: newphase 0 9
stats: size_sent 71169 14927849
stats: connected -47 2
stats: error_connection_closed 0 4827
stats: error_abort_max_send_retries 0 1072
stats: 404 0 200
# stats: dump at 1733871278
stats: users 0 3865
stats: {freemem,"tsung_controller@ip-172-31-32-209"} 1 615.7265625 0.0 683.44921875 290.42578125 464.08639705882354 17
stats: {load,"tsung_controller@ip-172-31-32-209"} 1 0.51171875 0.0 1.12109375 0.171875 0.6344209558823529 17
stats: {cpu,"tsung_controller@ip-172-31-32-209"} 1 0.2007024586051179 0.0 49.42528735632184 0.2007024586051179 15.34569968378847 17
stats: session 2 129183.76849999999 4764.697499999995 137200.617 59.712 47651.46622973599 4318
stats: users_count 0 4320
stats: finish_users_count 2 4320
stats: connect 0 0 0 1017.059 0.653 2.60086638568726 58130
stats: 302 2 9973
stats: request 2 5.6995000000000005 2.1595 55298.191 0.193 1694.3399274500205 59173
stats: page 2 5.6995000000000005 2.1595 62378.689 1.185 1794.8209830472047 55861
stats: error_send_einval 0 527
stats: 200 0 2293
stats: size_rcv 1459 28220268
stats: newphase 0 9
stats: size_sent 765 14928614
stats: connected -2 0
stats: error_connection_closed 0 4827
stats: error_abort_max_send_retries 0 1072
stats: 404 0 200
EndMonitor:{1733,871278,473180}
