# stats: dump at 1733864817
stats: users 5 5
stats: {load,"tsung_controller@ip-172-31-42-85"} 1 0.0 0 0.0 0.0 0 0
stats: {freemem,"tsung_controller@ip-172-31-42-85"} 1 682.40234375 0 682.40234375 682.40234375 0 0
stats: {cpu,"tsung_controller@ip-172-31-42-85"} 1 4.015578349224694 0 4.015578349224694 4.015578349224694 0 0
stats: users_count 5 5
stats: finish_users_count 0 0
stats: request 16 160.4855 158.96588328985877 443.161 7.649 0 0
stats: connect 5 3.1652 2.4994943008536747 8.134 1.497 0 0
stats: page 16 160.4855 158.96588328985877 443.161 7.649 0 0
stats: 302 5 5
stats: 200 11 11
stats: size_rcv 79819 79819
stats: newphase 1 1
stats: size_sent 7530 7530
stats: connected 5 5
# stats: dump at 1733864827
stats: users 36 36
stats: {load,"tsung_controller@ip-172-31-42-85"} 1 0.0 0.0 0.0 0.0 0.0 1
stats: {freemem,"tsung_controller@ip-172-31-42-85"} 1 682.44140625 0.0 682.44140625 682.40234375 682.40234375 1
stats: {cpu,"tsung_controller@ip-172-31-42-85"} 1 0.25 0.0 4.015578349224694 0.25 4.015578349224694 1
stats: users_count 31 36
stats: finish_users_count 0 0
stats: request 79 144.30545569620256 240.45451061865242 938.433 7.644 160.4855 16
stats: page 79 144.30545569620256 240.45451061865242 938.433 7.644 160.4855 16
stats: 302 25 30
stats: 200 53 64
stats: size_rcv 420792 500611
stats: newphase 1 2
stats: size_sent 40175 47705
stats: connected 24 29
stats: 204 1 1
stats: connect 24 2.1820000000000004 1.287732794488049 8.134 1.497 3.1652 5
# stats: dump at 1733864837
stats: users 162 162
stats: {load,"tsung_controller@ip-172-31-42-85"} 1 0.0 0.0 0.0 0.0 0.0 2
stats: {freemem,"tsung_controller@ip-172-31-42-85"} 1 670.15234375 0.0 682.44140625 670.15234375 682.421875 2
stats: {cpu,"tsung_controller@ip-172-31-42-85"} 1 0.6003001500750376 0.0 4.015578349224694 0.25 2.132789174612347 2
stats: session 4 16617.12775 3478.1429514230995 20578.471 11890.454 0 0
stats: users_count 130 166
stats: finish_users_count 4 4
stats: request 260 332.5648846153845 696.688082890136 4787.589 7.644 147.0305157894737 95
stats: connect 117 1.987940170940171 0.8275628443675734 8.134 1.318 2.351517241379311 29
stats: page 260 332.5648846153845 696.688082890136 4787.589 7.644 147.0305157894737 95
stats: 302 64 94
stats: 200 190 254
stats: size_rcv 1470902 1971513
stats: newphase 2 4
stats: size_sent 169233 216938
stats: connected 113 142
stats: 204 6 7
# stats: dump at 1733864847
stats: users 665 665
stats: {load,"tsung_controller@ip-172-31-42-85"} 1 0.0 0.0 0.0 0.0 0.0 3
stats: {freemem,"tsung_controller@ip-172-31-42-85"} 1 634.08203125 0.0 682.44140625 634.08203125 678.33203125 3
stats: {cpu,"tsung_controller@ip-172-31-42-85"} 1 1.3052208835341366 0.0 4.015578349224694 0.25 1.6219594997665772 3
stats: session 3 19515.576666666664 3661.126444734947 24072.569 11890.454 16617.12775 4
stats: users_count 506 672
stats: finish_users_count 3 7
stats: request 232 4759.276370689658 2902.6547789542315 11555.499 7.644 282.9148422535211 355
stats: page 232 4759.276370689658 2902.6547789542315 11555.499 7.644 282.9148422535211 355
stats: 302 62 156
stats: connect 481 1.972640332640333 1.2915098150800572 19.564 1.086 2.0601575342465757 146
stats: 200 169 423
stats: size_rcv 1248831 3220344
stats: newphase 2 6
stats: size_sent 191082 408020
stats: connected 478 620
stats: 204 1 8
# stats: dump at 1733864857
stats: users 2573 2573
stats: {load,"tsung_controller@ip-172-31-42-85"} 1 0.0 0.0 0.0 0.0 0.0 4
stats: {freemem,"tsung_controller@ip-172-31-42-85"} 1 590.03515625 0.0 682.44140625 590.03515625 667.26953125 4
stats: {cpu,"tsung_controller@ip-172-31-42-85"} 1 3.518334985133796 0.0 4.015578349224694 0.25 1.5427748457084671 4
stats: session 2 30681.231999999996 2161.660999999999 32842.893 11890.454 17859.32014285714 7
stats: users_count 1910 2582
stats: finish_users_count 2 9
stats: connect 3757 1.896877029544844 1.1182672405513343 21.394 0.901 1.9930191387559812 627
stats: 302 61 217
stats: request 3402 1022.345113756618 3004.8488470875745 16291.742 1.659 2052.107132879047 587
stats: error_send_einval 8 8
stats: 200 309 732
stats: size_rcv 2233494 5453838
stats: page 3402 1022.345113756618 3004.8488470875745 16291.742 1.659 2052.107132879047 587
stats: newphase 2 8
stats: size_sent 776707 1184727
stats: connected 408 1028
stats: 204 3 11
stats: error_connection_closed 7 7
# stats: dump at 1733864867
stats: users 4641 4823
stats: {load,"tsung_controller@ip-172-31-42-85"} 1 0.0 0.0 0.0 0.0 0.0 5
stats: {freemem,"tsung_controller@ip-172-31-42-85"} 1 451.6953125 0.0 682.44140625 451.6953125 651.82265625 5
stats: {cpu,"tsung_controller@ip-172-31-42-85"} 1 25.804878048780488 0.0 25.804878048780488 0.25 1.9378868735935328 5
stats: session 189 13862.272999999996 10357.73603370089 47631.171 2759.732 20708.633888888886 9
stats: users_count 2257 4839
stats: finish_users_count 189 198
stats: request 16201 390.20567514350887 2399.0534934248535 21486.527 1.591 1173.8794093757872 3989
stats: connect 17256 2.568761648122407 8.432612645807314 1027.22 0.857 1.910627281021893 4384
stats: page 16201 390.20567514350887 2399.0534934248535 21486.527 1.591 1173.8794093757872 3989
stats: 302 63 280
stats: error_send_einval 91 99
stats: 200 355 1087
stats: size_rcv 2533834 7987672
stats: newphase 1 9
stats: size_sent 3220109 4404836
stats: connected -1 1027
stats: 204 2 13
stats: error_connection_closed 876 883
stats: error_abort_max_send_retries 88 88
# stats: dump at 1733864877
stats: users 3622 4823
stats: {load,"tsung_controller@ip-172-31-42-85"} 1 0.23046875 0.0 0.23046875 0.0 0.0 6
stats: {freemem,"tsung_controller@ip-172-31-42-85"} 1 250.8359375 0.0 682.44140625 250.8359375 618.4680989583334 6
stats: {cpu,"tsung_controller@ip-172-31-42-85"} 1 58.529264632316156 0.0 58.529264632316156 0.25 5.915718736124692 6
stats: session 1019 19260.460656526004 7114.708380138385 54202.449 2759.732 14173.471222222219 198
stats: users_count 0 4839
stats: finish_users_count 1019 1217
stats: connect 15427 2.2955042458028587 11.750031568248225 1027.22 0.829 2.4354316543438186 21640
stats: 302 54 334
stats: request 14856 481.15682108239366 3290.7392902482384 28065.503 1.56 545.0384896978703 20190
stats: page 14856 481.15682108239366 3290.7392902482384 28065.503 1.56 545.0384896978703 20190
stats: error_send_einval 69 168
stats: 200 257 1344
stats: size_rcv 1815752 9803424
stats: newphase 0 9
stats: size_sent 3601374 8006210
stats: connected -3 1024
stats: 204 0 13
stats: error_connection_closed 454 1337
stats: error_abort_max_send_retries 51 139
# stats: dump at 1733864887
stats: users 2043 4823
stats: {load,"tsung_controller@ip-172-31-42-85"} 1 0.5 0.0 0.5 0.0 0.032924107142857144 7
stats: {freemem,"tsung_controller@ip-172-31-42-85"} 1 208.875 0.0 682.44140625 208.875 565.94921875 7
stats: {cpu,"tsung_controller@ip-172-31-42-85"} 1 52.10500247647351 0.0 58.529264632316156 0.25 13.431939578437758 7
stats: session 1579 26141.744324255855 6773.60783444491 62655.26 2759.732 18432.832137222675 1217
stats: users_count 0 4839
stats: finish_users_count 1579 2796
stats: request 8930 546.624411086225 3948.230125076514 36043.247 1.56 517.9590492780928 35046
stats: connect 9997 3.59779693908175 4.8095362641424515 1027.22 0.829 2.377194944290095 37067
stats: 302 63 397
stats: page 8930 546.624411086225 3948.230125076514 36043.247 1.56 517.9590492780928 35046
stats: error_send_einval 86 254
stats: 200 104 1448
stats: size_rcv 774008 10577432
stats: newphase 0 9
stats: size_sent 2564158 10570368
stats: connected 0 1024
stats: 204 0 13
stats: error_connection_closed 783 2120
stats: error_abort_max_send_retries 199 338
# stats: dump at 1733864897
stats: users 1462 4823
stats: {load,"tsung_controller@ip-172-31-42-85"} 1 0.8984375 0.0 0.8984375 0.0 0.09130859375 8
stats: {freemem,"tsung_controller@ip-172-31-42-85"} 1 233.75390625 0.0 682.44140625 208.875 521.31494140625 8
stats: {cpu,"tsung_controller@ip-172-31-42-85"} 1 52.282768777614145 0.0 58.529264632316156 0.25 18.266072440692227 8
stats: session 581 36976.2069053356 7952.36314254946 67878.601 2759.732 22786.327252861225 2796
stats: users_count 0 4839
stats: finish_users_count 581 3377
stats: request 3558 2027.9039609331055 8212.997879755627 41891.543 0.09 523.7799898126258 43976
stats: connect 3562 1.9652959011791138 1.1164635900090423 1027.22 0.829 2.636466534931183 47064
stats: page 3558 2027.9039609331055 8212.997879755627 41891.543 0.09 523.7799898126258 43976
stats: 302 140 537
stats: error_send_einval 8 262
stats: 200 65 1513
stats: size_rcv 550258 11127690
stats: newphase 0 9
stats: size_sent 1417927 11988295
stats: connected -1 1023
stats: 204 0 13
stats: error_connection_closed 3 2123
stats: error_abort_max_send_retries 0 338
# stats: dump at 1733864907
stats: users 1321 4823
stats: {load,"tsung_controller@ip-172-31-42-85"} 1 1.05859375 0.0 1.05859375 0.0 0.18098958333333334 9
stats: {freemem,"tsung_controller@ip-172-31-42-85"} 1 319.484375 0.0 682.44140625 208.875 489.36371527777777 9
stats: {cpu,"tsung_controller@ip-172-31-42-85"} 1 50.02428363283147 0.0 58.529264632316156 0.25 22.045705367016883 9
stats: session 141 50228.57859574468 6924.8377217225225 70720.136 2759.732 25227.642052413375 3377
stats: users_count 0 4839
stats: finish_users_count 141 3518
stats: page 1726 11583.175589803006 17116.495361154608 46830.577 0.09 636.3662036647457 47534
stats: connect 1712 1.959149532710281 1.2652476013914769 1027.22 0.829 2.589243570497396 50626
stats: 302 487 1024
stats: error_send_einval 2 264
stats: 200 29 1542
stats: size_rcv 659919 11787609
stats: newphase 0 9
stats: size_sent 705870 12694165
stats: connected -16 1007
stats: 204 0 13
stats: error_connection_closed 3 2126
stats: error_abort_max_send_retries 0 338
stats: 404 30 30
stats: request 1726 11583.175589803006 17116.495361154608 46830.577 0.09 636.3662036647457 47534
# stats: dump at 1733864917
stats: users 1077 4823
stats: {load,"tsung_controller@ip-172-31-42-85"} 1 1.26953125 0.0 1.26953125 0.0 0.26875 10
stats: {freemem,"tsung_controller@ip-172-31-42-85"} 1 331.78125 0.0 682.44140625 208.875 472.37578125 10
stats: {cpu,"tsung_controller@ip-172-31-42-85"} 1 34.9006301502666 0.0 58.529264632316156 0.25 24.843563193598342 10
stats: session 244 58628.975729508165 7421.862174861558 83447.316 2759.732 26229.669355599763 3518
stats: users_count 0 4839
stats: finish_users_count 244 3762
stats: connect 1018 2.436425343811397 2.086437509292536 1027.22 0.829 2.568632905346043 52338
stats: page 1918 11231.286396246107 9939.792238279944 47619.491 0.09 1019.9267599066181 49260
stats: 302 1414 2438
stats: request 1918 11231.286396246107 9939.792238279944 47619.491 0.09 1019.9267599066181 49260
stats: error_send_einval 0 264
stats: 200 179 1721
stats: size_rcv 3756219 15543828
stats: newphase 0 9
stats: size_sent 552293 13246458
stats: connected 43 1050
stats: 204 1 14
stats: error_connection_closed 0 2126
stats: error_abort_max_send_retries 0 338
stats: 404 234 264
# stats: dump at 1733864927
stats: users 540 4823
stats: {load,"tsung_controller@ip-172-31-42-85"} 1 1.1484375 0.0 1.26953125 0.0 0.35973011363636365 11
stats: {freemem,"tsung_controller@ip-172-31-42-85"} 1 348.36328125 0.0 682.44140625 208.875 459.59446022727275 11
stats: {cpu,"tsung_controller@ip-172-31-42-85"} 1 10.823529411764705 0.0 58.529264632316156 0.25 25.75784200784091 11
stats: session 537 68685.44962011164 7031.711568474066 95172.301 2759.732 28331.05977432216 3762
stats: users_count 0 4839
stats: finish_users_count 537 4299
stats: request 3058 1519.204350882925 749.5117658681482 47619.491 0.09 1402.618302805894 51178
stats: 302 2180 4618
stats: connect 31 2.7355161290322583 1.7865161424289482 1027.22 0.829 2.5661104655521623 53356
stats: page 3058 1519.204350882925 749.5117658681482 47619.491 0.09 1402.618302805894 51178
stats: error_send_einval 0 264
stats: 200 416 2137
stats: size_rcv 6819235 22363063
stats: newphase 0 9
stats: size_sent 1003828 14250286
stats: connected -499 551
stats: 204 48 62
stats: error_connection_closed 0 2126
stats: error_abort_max_send_retries 0 338
stats: 404 414 678
# stats: dump at 1733864937
stats: users 111 4823
stats: {load,"tsung_controller@ip-172-31-42-85"} 1 0.96875 0.0 1.26953125 0.0 0.4254557291666667 12
stats: {freemem,"tsung_controller@ip-172-31-42-85"} 1 350.68359375 0.0 682.44140625 208.875 450.3251953125 12
stats: {cpu,"tsung_controller@ip-172-31-42-85"} 1 8.860759493670885 0.0 58.529264632316156 0.25 24.513315958167894 12
stats: session 429 76590.12575524481 6506.635668208845 100117.867 2759.732 33371.83840823445 4299
stats: users_count 0 4839
stats: finish_users_count 429 4728
stats: page 1618 98.39652533992574 130.7633575505844 47619.491 0.09 1409.1917989158499 54236
stats: 302 1014 5632
stats: request 1618 98.39652533992574 130.7633575505844 47619.491 0.09 1409.1917989158499 54236
stats: connect 0 0 0 1027.22 0.829 2.566208833611201 53387
stats: error_send_einval 0 264
stats: 200 315 2452
stats: size_rcv 4278533 26641596
stats: newphase 0 9
stats: size_sent 732711 14982997
stats: connected -437 114
stats: 204 103 165
stats: error_connection_closed 0 2126
stats: error_abort_max_send_retries 0 338
stats: 404 186 864
# stats: dump at 1733864947
stats: users 22 4823
stats: {load,"tsung_controller@ip-172-31-42-85"} 1 0.8984375 0.0 1.26953125 0.0 0.46724759615384615 13
stats: {freemem,"tsung_controller@ip-172-31-42-85"} 1 454.16015625 0.0 682.44140625 208.875 442.6604567307692 13
stats: {cpu,"tsung_controller@ip-172-31-42-85"} 1 4.010025062656641 0.0 58.529264632316156 0.25 23.309273153206586 13
stats: session 89 84773.25929213478 5945.493225979066 103360.062 2759.732 37293.294684010136 4728
stats: users_count 0 4839
stats: finish_users_count 89 4817
stats: connect 0 0 0 1027.22 0.829 2.566208833611201 53387
stats: page 286 19.496622377622362 23.869469347564564 47619.491 0.09 1371.2201809002047 55854
stats: 302 142 5774
stats: error_send_einval 0 264
stats: 200 92 2544
stats: size_rcv 990163 27631759
stats: newphase 0 9
stats: size_sent 174947 15157944
stats: connected -92 22
stats: 204 42 207
stats: error_connection_closed 0 2126
stats: error_abort_max_send_retries 0 338
stats: 404 10 874
stats: request 286 19.496622377622362 23.869469347564564 47619.491 0.09 1371.2201809002047 55854
# stats: dump at 1733864957
stats: users 3 4823
stats: {load,"tsung_controller@ip-172-31-42-85"} 1 0.76171875 0.0 1.26953125 0.0 0.498046875 14
stats: {freemem,"tsung_controller@ip-172-31-42-85"} 1 579.71875 0.0 682.44140625 208.875 443.4818638392857 14
stats: {cpu,"tsung_controller@ip-172-31-42-85"} 1 1.25250501002004 0.0 58.529264632316156 0.25 21.930755432453022 14
stats: session 19 93544.80631578946 4529.527523892147 103588.552 2759.732 38170.54543138881 4817
stats: users_count 0 4839
stats: finish_users_count 19 4836
stats: request 50 20.718259999999997 22.899146455542837 47619.491 0.09 1364.3339511578201 56140
stats: page 50 20.718259999999997 22.899146455542837 47619.491 0.09 1364.3339511578201 56140
stats: connect 0 0 0 1027.22 0.829 2.566208833611201 53387
stats: 302 25 5799
stats: error_send_einval 0 264
stats: 200 18 2562
stats: size_rcv 199930 27831689
stats: newphase 0 9
stats: size_sent 32755 15190699
stats: connected -19 3
stats: 204 6 213
stats: error_connection_closed 0 2126
stats: error_abort_max_send_retries 0 338
stats: 404 1 875
# stats: dump at 1733864967
stats: users 2 4823
stats: {load,"tsung_controller@ip-172-31-42-85"} 1 0.6484375 0.0 1.26953125 0.0 0.515625 15
stats: {freemem,"tsung_controller@ip-172-31-42-85"} 1 595.41015625 0.0 682.44140625 208.875 452.56432291666664 15
stats: {cpu,"tsung_controller@ip-172-31-42-85"} 1 0.2 0.0 58.529264632316156 0.2 20.552205404290824 15
stats: session 1 106917.959 0.0 106917.959 2759.732 38388.10352832918 4836
stats: users_count 0 4839
stats: finish_users_count 1 4837
stats: request 9 19.93833333333333 18.779623028993715 47619.491 0.09 1363.1383507919563 56190
stats: page 9 19.93833333333333 18.779623028993715 47619.491 0.09 1363.1383507919563 56190
stats: 302 2 5801
stats: error_send_einval 0 264
stats: 200 5 2567
stats: size_rcv 41607 27873296
stats: newphase 0 9
stats: size_sent 6509 15197208
stats: connected -1 2
stats: 204 2 215
stats: error_connection_closed 0 2126
stats: error_abort_max_send_retries 0 338
stats: 404 0 875
stats: connect 0 0 0 1027.22 0.829 2.566208833611201 53387
# stats: dump at 1733864972
stats: users 0 4823
stats: {load,"tsung_controller@ip-172-31-42-85"} 1 0.55078125 0.0 1.26953125 0.0 0.52392578125 16
stats: {freemem,"tsung_controller@ip-172-31-42-85"} 1 599.99609375 0.0 682.44140625 208.875 461.4921875 16
stats: {cpu,"tsung_controller@ip-172-31-42-85"} 1 0.050075112669003496 0.0 58.529264632316156 0.050075112669003496 19.280192566522647 16
stats: session 2 111001.4455 4346.5625 115348.008 2759.732 38402.27137109776 4837
stats: users_count 0 4839
stats: finish_users_count 2 4839
stats: request 4 19.93675 15.281274085870589 47619.491 0.09 1362.9232437587862 56199
stats: connect 0 0 0 1027.22 0.829 2.566208833611201 53387
stats: page 4 19.93675 15.281274085870589 47619.491 0.09 1362.9232437587862 56199
stats: 302 2 5803
stats: error_send_einval 0 264
stats: 200 2 2569
stats: size_rcv 22302 27895598
stats: newphase 0 9
stats: size_sent 2814 15200022
stats: connected -2 0
stats: 204 0 215
stats: error_connection_closed 0 2126
stats: error_abort_max_send_retries 0 338
stats: 404 0 875
EndMonitor:{1733,864972,615922}
