# stats: dump at 1733885274
stats: users 7 7
stats: {load,"tsung_controller@ip-172-31-12-74"} 1 0.21875 0 0.21875 0.21875 0 0
stats: {freemem,"tsung_controller@ip-172-31-12-74"} 1 7460.125 0 7460.125 7460.125 0 0
stats: {cpu,"tsung_controller@ip-172-31-12-74"} 1 12.238501010007198 0 12.238501010007198 12.238501010007198 0 0
stats: users_count 7 7
stats: finish_users_count 0 0
stats: request 17 127.92811764705884 143.97951730628512 352.787 7.791 0 0
stats: connect 6 3.0705000000000005 2.7483255963101123 7.495 0.858 0 0
stats: page 17 127.92811764705884 143.97951730628512 352.787 7.791 0 0
stats: 302 7 7
stats: 200 10 10
stats: size_rcv 90161 90161
stats: newphase 1 1
stats: size_sent 7884 7884
stats: connected 6 6
# stats: dump at 1733885284
stats: users 57 57
stats: {load,"tsung_controller@ip-172-31-12-74"} 1 0.19140625 0.0 0.21875 0.19140625 0.21875 1
stats: {freemem,"tsung_controller@ip-172-31-12-74"} 1 7458.2734375 0.0 7460.125 7458.2734375 7460.125 1
stats: {cpu,"tsung_controller@ip-172-31-12-74"} 1 0.20030045067601399 0.0 12.238501010007198 0.20030045067601399 12.238501010007198 1
stats: session 1 8582.603 0 8582.603 8582.603 0 0
stats: users_count 51 58
stats: finish_users_count 1 1
stats: request 150 92.55587333333338 151.6312016569719 845.311 5.625 127.92811764705884 17
stats: connect 46 1.5839347826086951 0.9044329331295389 7.495 0.858 3.0705000000000005 6
stats: page 150 92.55587333333338 151.6312016569719 845.311 5.625 127.92811764705884 17
stats: 302 47 54
stats: 200 102 112
stats: size_rcv 872294 962455
stats: newphase 2 3
stats: size_sent 78354 86238
stats: connected 45 51
stats: 204 1 1
# stats: dump at 1733885294
stats: users 244 244
stats: {load,"tsung_controller@ip-172-31-12-74"} 1 0.16015625 0.0 0.21875 0.16015625 0.205078125 2
stats: {freemem,"tsung_controller@ip-172-31-12-74"} 1 7433.90234375 0.0 7460.125 7433.90234375 7459.19921875 2
stats: {cpu,"tsung_controller@ip-172-31-12-74"} 1 0.7024586051179127 0.0 12.238501010007198 0.20030045067601399 6.219400730341606 2
stats: session 6 17217.29533333333 3762.5616698032845 21795.999 8582.603 8582.603 1
stats: users_count 193 251
stats: finish_users_count 6 7
stats: request 704 104.50395028409098 169.329026317701 865.018 5.086 96.15664071856291 167
stats: connect 181 1.6167348066298346 1.6176011624725968 20.418 0.674 1.755461538461538 52
stats: page 704 104.50395028409098 169.329026317701 865.018 5.086 96.15664071856291 167
stats: 302 210 264
stats: 200 480 592
stats: size_rcv 4171985 5134440
stats: newphase 2 5
stats: size_sent 390922 477160
stats: connected 176 227
stats: 204 14 15
# stats: dump at 1733885304
stats: users 935 935
stats: {load,"tsung_controller@ip-172-31-12-74"} 1 0.12890625 0.0 0.21875 0.12890625 0.19010416666666666 3
stats: {freemem,"tsung_controller@ip-172-31-12-74"} 1 7348.296875 0.0 7460.125 7348.296875 7450.766927083333 3
stats: {cpu,"tsung_controller@ip-172-31-12-74"} 1 2.7610441767068274 0.0 12.238501010007198 0.20030045067601399 4.380420021933708 3
stats: session 21 16958.499999999993 5206.057461814741 32586.723 8582.603 15983.767857142857 7
stats: users_count 712 963
stats: finish_users_count 21 28
stats: connect 678 1.4976991150442467 1.2453848125367324 26.748 0.601 1.6476952789699573 233
stats: 302 280 544
stats: request 1170 426.34740598290574 940.8400885185475 7264.02 4.618 102.90349024110225 871
stats: page 1170 426.34740598290574 940.8400885185475 7264.02 4.618 102.90349024110225 871
stats: 200 859 1451
stats: size_rcv 7048753 12183193
stats: newphase 2 7
stats: size_sent 886988 1364148
stats: connected 657 884
stats: 204 31 46
# stats: dump at 1733885314
stats: users 3811 3811
stats: {load,"tsung_controller@ip-172-31-12-74"} 1 0.109375 0.0 0.21875 0.109375 0.1748046875 4
stats: {freemem,"tsung_controller@ip-172-31-12-74"} 1 7229.43359375 0.0 7460.125 7229.43359375 7425.1494140625 4
stats: {cpu,"tsung_controller@ip-172-31-12-74"} 1 7.6420311714429365 0.0 12.238501010007198 0.20030045067601399 3.9755760606269877 4
stats: session 9 26286.852333333332 5865.540593005635 37068.088 8582.603 16714.816964285706 28
stats: users_count 2885 3848
stats: finish_users_count 9 37
stats: request 1536 5829.475664713547 1850.204054631013 11892.851 4.618 288.3171999020087 2041
stats: 302 349 893
stats: connect 2734 1.3989027066569155 1.0721631857596632 26.748 0.36 1.5360625686059268 911
stats: 200 1172 2623
stats: size_rcv 8876142 21059335
stats: page 1536 5829.475664713547 1850.204054631013 11892.851 4.618 288.3171999020087 2041
stats: newphase 2 9
stats: size_sent 1122295 2486443
stats: connected 2724 3608
stats: 204 17 63
# stats: dump at 1733885324
stats: users 4731 4744
stats: {load,"tsung_controller@ip-172-31-12-74"} 1 0.08984375 0.0 0.21875 0.08984375 0.16171875 5
stats: {freemem,"tsung_controller@ip-172-31-12-74"} 1 6919.08984375 0.0 7460.125 6919.08984375 7386.00625 5
stats: {cpu,"tsung_controller@ip-172-31-12-74"} 1 17.57607555089192 0.0 17.57607555089192 0.20030045067601399 4.708867082790177 5
stats: session 13 36978.971538461534 4862.079854113616 44919.178 8582.603 19043.149891891884 37
stats: users_count 933 4781
stats: finish_users_count 13 50
stats: connect 1136 1.4859269366197208 1.3904370098240715 26.748 0.36 1.4331832647462295 3645
stats: request 3135 3942.7570950558215 5005.638625115301 16806.072 0.627 2667.746722393069 3577
stats: page 3135 3942.7570950558215 5005.638625115301 16806.072 0.627 2667.746722393069 3577
stats: 302 266 1159
stats: 200 1030 3653
stats: size_rcv 8472286 29531621
stats: newphase 0 9
stats: 502 1831 1831
stats: size_sent 1698700 4185143
stats: connected 1124 4732
stats: 204 8 71
# stats: dump at 1733885334
stats: users 4719 4744
stats: {load,"tsung_controller@ip-172-31-12-74"} 1 0.078125 0.0 0.21875 0.078125 0.14973958333333334 6
stats: {freemem,"tsung_controller@ip-172-31-12-74"} 1 6734.79296875 0.0 7460.125 6734.79296875 7308.186848958333 6
stats: {cpu,"tsung_controller@ip-172-31-12-74"} 1 8.499743983614952 0.0 17.57607555089192 0.20030045067601399 6.8534018274738004 6
stats: session 12 38918.13375 6922.335013369083 47357.269 8582.603 23706.463519999994 50
stats: users_count 0 4781
stats: finish_users_count 12 62
stats: 302 279 1438
stats: request 2909 7264.786528360271 8638.045377314365 22985.4 0.627 3263.270786501789 6712
stats: 200 954 4607
stats: size_rcv 7544668 37076289
stats: connect 0 0 0 26.748 0.36 1.4457155406818676 4781
stats: newphase 0 9
stats: 502 1675 3506
stats: page 2909 7264.786528360271 8638.045377314365 22985.4 0.627 3263.270786501789 6712
stats: size_sent 1738372 5923515
stats: connected -13 4719
stats: 204 1 72
# stats: dump at 1733885344
stats: users 4702 4744
stats: {load,"tsung_controller@ip-172-31-12-74"} 1 0.1484375 0.0 0.21875 0.078125 0.13950892857142858 7
stats: {freemem,"tsung_controller@ip-172-31-12-74"} 1 6563.32421875 0.0 7460.125 6563.32421875 7226.2734375 7
stats: {cpu,"tsung_controller@ip-172-31-12-74"} 1 7.164480322906155 0.0 17.57607555089192 0.20030045067601399 7.088593564065393 7
stats: session 17 46278.39600000001 10028.68966428794 64444.827 8582.603 26650.657758064513 62
stats: users_count 0 4781
stats: finish_users_count 17 79
stats: request 2827 10945.144815705677 12360.72193903421 30801.101 0.612 4473.166773724149 9621
stats: connect 0 0 0 26.748 0.36 1.4457155406818676 4781
stats: page 2827 10945.144815705677 12360.72193903421 30801.101 0.612 4473.166773724149 9621
stats: 302 263 1701
stats: 200 988 5595
stats: size_rcv 7643567 44719856
stats: newphase 0 9
stats: 502 1572 5078
stats: size_sent 1742815 7666330
stats: connected -15 4704
stats: 204 4 76
# stats: dump at 1733885354
stats: users 4681 4744
stats: {load,"tsung_controller@ip-172-31-12-74"} 1 0.12109375 0.0 0.21875 0.078125 0.140625 8
stats: {freemem,"tsung_controller@ip-172-31-12-74"} 1 6393.89453125 0.0 7460.125 6393.89453125 7143.40478515625 8
stats: {cpu,"tsung_controller@ip-172-31-12-74"} 1 5.834186284544525 0.0 17.57607555089192 0.20030045067601399 7.098079408920489 8
stats: session 21 55108.449333333345 9507.181349089667 65719.599 8582.603 30874.348265822784 79
stats: users_count 0 4781
stats: finish_users_count 21 100
stats: connect 0 0 0 26.748 0.36 1.4457155406818676 4781
stats: page 2682 9257.3415171514 14750.97550919852 39271.193 0.612 5942.9837663881735 12448
stats: request 2682 9257.3415171514 14750.97550919852 39271.193 0.612 5942.9837663881735 12448
stats: 302 381 2082
stats: 200 374 5969
stats: size_rcv 3619122 48338978
stats: newphase 0 9
stats: 502 1920 6998
stats: size_sent 1634245 9300575
stats: connected -21 4683
stats: 204 3 79
stats: 404 4 4
# stats: dump at 1733885364
stats: users 4658 4744
stats: {load,"tsung_controller@ip-172-31-12-74"} 1 0.1015625 0.0 0.21875 0.078125 0.1384548611111111 9
stats: {freemem,"tsung_controller@ip-172-31-12-74"} 1 6317.09765625 0.0 7460.125 6317.09765625 7060.125868055556 9
stats: {cpu,"tsung_controller@ip-172-31-12-74"} 1 5.501782985226694 0.0 17.57607555089192 0.20030045067601399 6.957646839545381 9
stats: session 23 58059.69873913042 11826.372274463058 81160.994 8582.603 35963.50949 100
stats: users_count 0 4781
stats: finish_users_count 23 123
stats: page 2435 14949.58632320329 18562.875828320095 45946.802 0.575 6530.49913238599 15130
stats: 302 738 2820
stats: request 2435 14949.58632320329 18562.875828320095 45946.802 0.575 6530.49913238599 15130
stats: connect 0 0 0 26.748 0.36 1.4457155406818676 4781
stats: 200 215 6184
stats: size_rcv 3104177 51443155
stats: newphase 0 9
stats: 502 1470 8468
stats: size_sent 1511514 10812089
stats: connected -24 4659
stats: 204 3 82
stats: 404 9 13
# stats: dump at 1733885374
stats: users 4619 4744
stats: {load,"tsung_controller@ip-172-31-12-74"} 1 0.08984375 0.0 0.21875 0.078125 0.134765625 10
stats: {freemem,"tsung_controller@ip-172-31-12-74"} 1 6250.9453125 0.0 7460.125 6250.9453125 6985.823046875 10
stats: {cpu,"tsung_controller@ip-172-31-12-74"} 1 6.057546693589097 0.0 17.57607555089192 0.20030045067601399 6.812060454113512 10
stats: session 39 70459.58584615386 10798.568173472688 93209.291 8582.603 40095.31723577235 123
stats: users_count 0 4781
stats: finish_users_count 39 162
stats: request 2443 14934.378135898509 19587.155692060875 64710.502 0.575 7697.619958440083 17565
stats: 302 691 3511
stats: 200 197 6381
stats: connect 1 3.603 0.0 26.748 0.36 1.4457155406818676 4781
stats: size_rcv 3029610 54472765
stats: newphase 0 9
stats: page 2443 14934.378135898509 19587.155692060875 64710.502 0.575 7697.619958440083 17565
stats: 502 1533 10001
stats: size_sent 1546681 12358770
stats: connected -40 4619
stats: 204 6 88
stats: 404 14 27
# stats: dump at 1733885384
stats: users 4579 4744
stats: {load,"tsung_controller@ip-172-31-12-74"} 1 0.0703125 0.0 0.21875 0.0703125 0.13068181818181818 11
stats: {freemem,"tsung_controller@ip-172-31-12-74"} 1 6198.421875 0.0 7460.125 6198.421875 6919.015980113636 11
stats: {cpu,"tsung_controller@ip-172-31-12-74"} 1 5.040733197556008 0.0 17.57607555089192 0.20030045067601399 6.743468294065838 11
stats: session 40 75530.24615 9419.74462420312 100204.953 8582.603 47405.233753086424 162
stats: users_count 0 4781
stats: finish_users_count 40 202
stats: request 2289 16054.264045871567 21084.944827538842 64710.502 0.575 8581.23652319073 20008
stats: 302 655 4166
stats: connect 1 1.35 0.0 26.748 0.36 1.4461666666666684 4782
stats: page 2289 16054.264045871567 21084.944827538842 64710.502 0.575 8581.23652319073 20008
stats: 200 174 6555
stats: size_rcv 2778448 57251213
stats: newphase 0 9
stats: 502 1441 11442
stats: size_sent 1492269 13851039
stats: connected -38 4581
stats: 204 3 91
stats: 404 15 42
# stats: dump at 1733885394
stats: users 4534 4744
stats: {load,"tsung_controller@ip-172-31-12-74"} 1 0.28125 0.0 0.28125 0.0703125 0.12565104166666666 12
stats: {freemem,"tsung_controller@ip-172-31-12-74"} 1 6155.84765625 0.0 7460.125 6155.84765625 6858.966471354167 12
stats: {cpu,"tsung_controller@ip-172-31-12-74"} 1 5.757575757575758 0.0 17.57607555089192 0.20030045067601399 6.601573702690019 12
stats: session 45 85650.86493333333 9878.433070284613 109057.286 8582.603 52974.543138613866 202
stats: users_count 0 4781
stats: finish_users_count 45 247
stats: 302 836 5002
stats: 200 265 6820
stats: request 2261 22394.823849624063 22605.682178971998 64710.502 0.575 9348.414170381673 22297
stats: size_rcv 3670778 60921991
stats: connect 0 0 0 26.748 0.36 1.4461465607359416 4783
stats: newphase 0 9
stats: 502 1125 12567
stats: page 2261 22394.823849624063 22605.682178971998 64710.502 0.575 9348.414170381673 22297
stats: size_sent 1430047 15281086
stats: connected -46 4535
stats: 204 5 96
stats: 404 30 72
# stats: dump at 1733885404
stats: users 4428 4744
stats: {load,"tsung_controller@ip-172-31-12-74"} 1 0.23828125 0.0 0.28125 0.0703125 0.13762019230769232 13
stats: {freemem,"tsung_controller@ip-172-31-12-74"} 1 6098.78515625 0.0 7460.125 6098.78515625 6804.880408653846 13
stats: {cpu,"tsung_controller@ip-172-31-12-74"} 1 5.953582240161452 0.0 17.57607555089192 0.20030045067601399 6.536650783835077 13
stats: session 106 97464.43810377357 9744.416875523522 118598.441 8582.603 58927.71917408908 247
stats: users_count 0 4781
stats: finish_users_count 106 353
stats: request 4731 18962.813685901492 15753.484525879943 64710.502 0.575 10549.567858986895 24558
stats: 302 2376 7378
stats: 504 4 4
stats: connect 0 0 0 26.748 0.36 1.4461465607359416 4783
stats: 200 1296 8116
stats: size_rcv 15265865 76187856
stats: newphase 0 9
stats: page 4731 18962.813685901492 15753.484525879943 64710.502 0.575 10549.567858986895 24558
stats: 502 795 13362
stats: size_sent 2670202 17951288
stats: connected -104 4431
stats: 204 22 118
stats: 404 237 309
# stats: dump at 1733885414
stats: users 4241 4744
stats: {load,"tsung_controller@ip-172-31-12-74"} 1 0.19921875 0.0 0.28125 0.0703125 0.14481026785714285 14
stats: {freemem,"tsung_controller@ip-172-31-12-74"} 1 5977.0859375 0.0 7460.125 5977.0859375 6754.445033482143 14
stats: {cpu,"tsung_controller@ip-172-31-12-74"} 1 12.254160363086234 0.0 17.57607555089192 0.20030045067601399 6.495003030715532 14
stats: session 187 103406.57381283428 8953.244474222869 127660.619 8582.603 70499.65177053826 353
stats: users_count 0 4781
stats: finish_users_count 187 540
stats: connect 0 0 0 26.748 0.36 1.4461465607359416 4783
stats: request 5243 9468.321813274895 11086.005489765126 64710.502 0.5 11908.544471610507 29289
stats: page 5243 9468.321813274895 11086.005489765126 64710.502 0.5 11908.544471610507 29289
stats: 302 2601 9979
stats: 504 0 4
stats: 200 1556 9672
stats: size_rcv 17650163 93838019
stats: newphase 0 9
stats: 502 707 14069
stats: size_sent 3318757 21270045
stats: connected -189 4242
stats: 204 70 188
stats: 404 309 618
# stats: dump at 1733885424
stats: users 3956 4744
stats: {load,"tsung_controller@ip-172-31-12-74"} 1 0.23828125 0.0 0.28125 0.0703125 0.1484375 15
stats: {freemem,"tsung_controller@ip-172-31-12-74"} 1 5895.15625 0.0 7460.125 5895.15625 6702.62109375 15
stats: {cpu,"tsung_controller@ip-172-31-12-74"} 1 13.544813695871097 0.0 17.57607555089192 0.20030045067601399 6.878946852873579 15
stats: session 285 112485.83533333325 8141.871458308747 136347.864 8582.603 81895.19699629633 540
stats: users_count 0 4781
stats: finish_users_count 285 825
stats: connect 0 0 0 26.748 0.36 1.4461465607359416 4783
stats: page 4693 7183.270367142557 3472.4486897383263 64710.502 0.5 11538.045010309288 34532
stats: 302 2578 12557
stats: 504 0 4
stats: 200 1446 11118
stats: size_rcv 16817224 110655243
stats: newphase 0 9
stats: 502 100 14169
stats: size_sent 3008611 24278656
stats: connected -284 3958
stats: 204 177 365
stats: 404 392 1010
stats: request 4693 7183.270367142557 3472.4486897383263 64710.502 0.5 11538.045010309288 34532
# stats: dump at 1733885434
stats: users 3648 4744
stats: {load,"tsung_controller@ip-172-31-12-74"} 1 0.3515625 0.0 0.3515625 0.0703125 0.154052734375 16
stats: {freemem,"tsung_controller@ip-172-31-12-74"} 1 5870.87109375 0.0 7460.125 5870.87109375 6652.154541015625 16
stats: {cpu,"tsung_controller@ip-172-31-12-74"} 1 11.788617886178862 0.0 17.57607555089192 0.20030045067601399 7.295563530560924 16
stats: session 308 120705.89107142857 6588.551256479459 146327.927 8582.603 92462.87205818182 825
stats: users_count 0 4781
stats: finish_users_count 308 1133
stats: connect 0 0 0 26.748 0.36 1.4461465607359416 4783
stats: 302 1909 14466
stats: request 3716 7394.88708853606 3186.3390306425213 64710.502 0.469 11017.026338534108 39225
stats: 504 0 4
stats: 200 1196 12314
stats: page 3716 7394.88708853606 3186.3390306425213 64710.502 0.469 11017.026338534108 39225
stats: size_rcv 14057891 124713134
stats: newphase 0 9
stats: 502 61 14230
stats: size_sent 2393330 26671986
stats: connected -304 3654
stats: 204 212 577
stats: 404 338 1348
# stats: dump at 1733885444
stats: users 3154 4744
stats: {load,"tsung_controller@ip-172-31-12-74"} 1 0.30078125 0.0 0.3515625 0.0703125 0.16567095588235295 17
stats: {freemem,"tsung_controller@ip-172-31-12-74"} 1 5865.109375 0.0 7460.125 5865.109375 6606.19669117647 17
stats: {cpu,"tsung_controller@ip-172-31-12-74"} 1 10.337871911245587 0.0 17.57607555089192 0.20030045067601399 7.559860845597274 17
stats: session 494 131152.61017611343 6869.932163092039 153168.909 8582.603 100140.5859646955 1133
stats: users_count 0 4781
stats: finish_users_count 494 1627
stats: request 3689 8117.287606939515 4096.97089008568 64710.502 0.469 10703.576035723443 42941
stats: connect 0 0 0 26.748 0.36 1.4461465607359416 4783
stats: 302 1817 16283
stats: page 3689 8117.287606939515 4096.97089008568 64710.502 0.469 10703.576035723443 42941
stats: 504 0 4
stats: 200 1194 13508
stats: size_rcv 13754139 138467273
stats: newphase 0 9
stats: 502 7 14237
stats: size_sent 2110149 28782135
stats: connected -499 3155
stats: 204 317 894
stats: 404 354 1702
# stats: dump at 1733885454
stats: users 2525 4744
stats: {load,"tsung_controller@ip-172-31-12-74"} 1 0.25 0.0 0.3515625 0.0703125 0.17317708333333334 18
stats: {freemem,"tsung_controller@ip-172-31-12-74"} 1 5881.484375 0.0 7460.125 5865.109375 6565.025173611111 18
stats: {cpu,"tsung_controller@ip-172-31-12-74"} 1 11.435643564356436 0.0 17.57607555089192 0.20030045067601399 7.714194793688847 18
stats: session 629 139903.9467392689 6542.520420620312 161055.492 8582.603 109556.6523202213 1627
stats: users_count 0 4781
stats: finish_users_count 629 2256
stats: request 3451 7713.036464503054 4367.608651217863 64710.502 0.469 10498.969172892992 46630
stats: connect 0 0 0 26.748 0.36 1.4461465607359416 4783
stats: page 3451 7713.036464503054 4367.608651217863 64710.502 0.469 10498.969172892992 46630
stats: 302 1644 17927
stats: 504 0 4
stats: 200 1140 14648
stats: size_rcv 13026456 151493729
stats: newphase 0 9
stats: 502 1 14238
stats: size_sent 1985533 30767668
stats: connected -625 2530
stats: 204 382 1276
stats: 404 284 1986
# stats: dump at 1733885464
stats: users 1790 4744
stats: {load,"tsung_controller@ip-172-31-12-74"} 1 0.2109375 0.0 0.3515625 0.0703125 0.17722039473684212 19
stats: {freemem,"tsung_controller@ip-172-31-12-74"} 1 5940.5234375 0.0 7460.125 5865.109375 6529.049342105263 19
stats: {cpu,"tsung_controller@ip-172-31-12-74"} 1 8.97629853756934 0.0 17.57607555089192 0.20030045067601399 7.910060518460826 19
stats: session 735 150329.652590476 5673.976711169652 168079.988 8582.603 118017.8438936171 2256
stats: users_count 0 4781
stats: finish_users_count 735 2991
stats: connect 0 0 0 26.748 0.36 1.4461465607359416 4783
stats: page 2914 7648.548521962921 4193.043851167926 64710.502 0.469 10306.995095365513 50081
stats: request 2914 7648.548521962921 4193.043851167926 64710.502 0.469 10306.995095365513 50081
stats: 302 1359 19286
stats: 504 0 4
stats: 200 955 15603
stats: size_rcv 11068748 162562477
stats: newphase 0 9
stats: 502 0 14238
stats: size_sent 1510234 32277902
stats: connected -732 1798
stats: 204 412 1688
stats: 404 188 2174
# stats: dump at 1733885474
stats: users 1095 4744
stats: {load,"tsung_controller@ip-172-31-12-74"} 1 0.1796875 0.0 0.3515625 0.0703125 0.17890625000000002 20
stats: {freemem,"tsung_controller@ip-172-31-12-74"} 1 6018.83984375 0.0 7460.125 5865.109375 6499.623046875 20
stats: {cpu,"tsung_controller@ip-172-31-12-74"} 1 8.274824473420262 0.0 17.57607555089192 0.20030045067601399 7.963372419416251 20
stats: session 695 159013.7653122302 5452.206216420708 181618.786 8582.603 125958.05766566367 2991
stats: users_count 0 4781
stats: finish_users_count 695 3686
stats: page 2089 6669.959325514614 4043.1529912214205 64710.502 0.469 10160.816902802157 52995
stats: 302 998 20284
stats: request 2089 6669.959325514614 4043.1529912214205 64710.502 0.469 10160.816902802157 52995
stats: connect 0 0 0 26.748 0.36 1.4461465607359416 4783
stats: 504 0 4
stats: 200 701 16304
stats: size_rcv 8337354 170899831
stats: newphase 0 9
stats: 502 0 14238
stats: size_sent 1092706 33370608
stats: connected -698 1100
stats: 204 344 2032
stats: 404 46 2220
# stats: dump at 1733885484
stats: users 378 4744
stats: {load,"tsung_controller@ip-172-31-12-74"} 1 0.1484375 0.0 0.3515625 0.0703125 0.1789434523809524 21
stats: {freemem,"tsung_controller@ip-172-31-12-74"} 1 6336.56640625 0.0 7460.125 5865.109375 6476.728608630952 21
stats: {cpu,"tsung_controller@ip-172-31-12-74"} 1 6.633165829145729 0.0 17.57607555089192 0.20030045067601399 7.978203469606918 21
stats: session 717 168080.35083960945 4707.027196655706 188750.632 8582.603 132190.75349158983 3686
stats: users_count 0 4781
stats: finish_users_count 717 4403
stats: request 1599 5513.7206985615985 4087.069638657661 64710.502 0.469 10028.429975945834 55084
stats: connect 0 0 0 26.748 0.36 1.4461465607359416 4783
stats: page 1599 5513.7206985615985 4087.069638657661 64710.502 0.469 10028.429975945834 55084
stats: 302 786 21070
stats: 504 0 4
stats: 200 552 16856
stats: size_rcv 7052777 177952608
stats: newphase 0 9
stats: 502 0 14238
stats: size_sent 703259 34073867
stats: connected -719 381
stats: 204 249 2281
stats: 404 12 2232
# stats: dump at 1733885494
stats: users 2 4744
stats: {load,"tsung_controller@ip-172-31-12-74"} 1 0.12890625 0.0 0.3515625 0.0703125 0.1775568181818182 22
stats: {freemem,"tsung_controller@ip-172-31-12-74"} 1 6967.9921875 0.0 7460.125 5865.109375 6470.357599431818 22
stats: {cpu,"tsung_controller@ip-172-31-12-74"} 1 5.566600397614314 0.0 17.57607555089192 0.20030045067601399 7.917065395040501 22
stats: session 376 174757.8976515958 3607.2967988952673 191322.88 8582.603 138035.14170383834 4403
stats: users_count 0 4781
stats: finish_users_count 376 4779
stats: connect 0 0 0 26.748 0.36 1.4461465607359416 4783
stats: 302 384 21454
stats: request 685 2900.5682452554774 3678.3716486345756 64710.502 0.469 9901.072211985962 56683
stats: 504 0 4
stats: 200 261 17117
stats: size_rcv 3579265 181531873
stats: page 685 2900.5682452554774 3678.3716486345756 64710.502 0.469 9901.072211985962 56683
stats: newphase 0 9
stats: 502 0 14238
stats: size_sent 295481 34369348
stats: connected -378 3
stats: 204 39 2320
stats: 404 1 2233
# stats: dump at 1733885496
stats: users 0 4744
stats: {load,"tsung_controller@ip-172-31-12-74"} 1 0.26171875 0.0 0.3515625 0.0703125 0.1754415760869565 23
stats: {freemem,"tsung_controller@ip-172-31-12-74"} 1 7318.15625 0.0 7460.125 5865.109375 6491.993885869565 23
stats: {cpu,"tsung_controller@ip-172-31-12-74"} 1 1.951951951951952 0.0 17.57607555089192 0.20030045067601399 7.814871264717623 23
stats: session 2 181919.18349999998 1391.7484999999942 191322.88 8582.603 140924.3980830718 4779
stats: users_count 0 4781
stats: finish_users_count 2 4781
stats: request 4 23.165499999999998 21.569965212072084 64710.502 0.469 9817.483012132205 57368
stats: connect 0 0 0 26.748 0.36 1.4461465607359416 4783
stats: 302 3 21457
stats: 504 0 4
stats: 200 1 17118
stats: size_rcv 15238 181547111
stats: newphase 0 9
stats: 502 0 14238
stats: size_sent 2168 34371516
stats: connected -3 0
stats: 204 0 2320
stats: 404 0 2233
stats: page 4 23.165499999999998 21.569965212072084 64710.502 0.469 9817.483012132205 57368
EndMonitor:{1733,885496,758421}
