# stats: dump at 1733865725
stats: users 15 15
stats: {load,"tsung_controller@ip-172-31-42-85"} 1 0.19921875 0 0.19921875 0.19921875 0 0
stats: {freemem,"tsung_controller@ip-172-31-42-85"} 1 664.1875 0 664.1875 664.1875 0 0
stats: {cpu,"tsung_controller@ip-172-31-42-85"} 1 8.27166612547639 0 8.27166612547639 8.27166612547639 0 0
stats: users_count 15 15
stats: finish_users_count 0 0
stats: request 34 89.70435294117647 122.37499283443643 376.143 8.228 0 0
stats: connect 14 3.213714285714286 2.5805209171951375 9.633 1.586 0 0
stats: page 34 89.70435294117647 122.37499283443643 376.143 8.228 0 0
stats: 302 9 9
stats: 200 25 25
stats: size_rcv 219965 219965
stats: newphase 1 1
stats: size_sent 14692 14692
stats: connected 14 14
# stats: dump at 1733865735
stats: users 56 56
stats: {load,"tsung_controller@ip-172-31-42-85"} 1 0.171875 0.0 0.19921875 0.171875 0.19921875 1
stats: {freemem,"tsung_controller@ip-172-31-42-85"} 1 658.7421875 0.0 664.1875 658.7421875 664.1875 1
stats: {cpu,"tsung_controller@ip-172-31-42-85"} 1 0.30045067601402103 0.0 8.27166612547639 0.30045067601402103 8.27166612547639 1
stats: session 7 9508.50557142857 1889.1229638377438 13321.052 7022.378 0 0
stats: users_count 48 63
stats: finish_users_count 7 7
stats: request 194 127.8906082474227 203.99121585330698 1112.696 4.231 89.70435294117647 34
stats: connect 43 1.8362558139534884 0.4616748625875874 9.633 1.386 3.213714285714286 14
stats: page 194 127.8906082474227 203.99121585330698 1112.696 4.231 89.70435294117647 34
stats: 302 73 82
stats: 200 121 146
stats: size_rcv 1186914 1406879
stats: newphase 2 3
stats: size_sent 115502 130194
stats: connected 36 50
# stats: dump at 1733865745
stats: users 245 245
stats: {load,"tsung_controller@ip-172-31-42-85"} 1 0.140625 0.0 0.19921875 0.140625 0.185546875 2
stats: {freemem,"tsung_controller@ip-172-31-42-85"} 1 639.578125 0.0 664.1875 639.578125 661.46484375 2
stats: {cpu,"tsung_controller@ip-172-31-42-85"} 1 0.750375187593797 0.0 8.27166612547639 0.30045067601402103 4.286058400745206 2
stats: session 15 13288.7952 4842.2101451846165 23095.558 6771.361 9508.50557142857 7
stats: users_count 204 267
stats: finish_users_count 15 22
stats: request 254 933.3456220472436 1596.8878207088153 8218.278 4.231 122.1961666666667 228
stats: connect 196 1.973826530612245 1.9020160841049918 21.311 1.262 2.1745789473684214 57
stats: page 254 933.3456220472436 1596.8878207088153 8218.278 4.231 122.1961666666667 228
stats: 302 72 154
stats: 200 182 328
stats: size_rcv 1575261 2982140
stats: newphase 2 5
stats: size_sent 184144 314338
stats: connected 182 232
# stats: dump at 1733865755
stats: users 1080 1080
stats: {load,"tsung_controller@ip-172-31-42-85"} 1 0.12109375 0.0 0.19921875 0.12109375 0.17057291666666666 3
stats: {freemem,"tsung_controller@ip-172-31-42-85"} 1 609.7421875 0.0 664.1875 609.7421875 654.1692708333334 3
stats: {cpu,"tsung_controller@ip-172-31-42-85"} 1 1.3085052843482639 0.0 8.27166612547639 0.30045067601402103 3.107497329694736 3
stats: session 2 20971.086499999998 2515.0144999999984 23486.101 6771.361 12085.975772727274 22
stats: users_count 837 1104
stats: finish_users_count 2 24
stats: request 250 6147.153991999999 2430.6070436490454 12772.189 4.231 549.6483692946056 482
stats: connect 813 1.9063603936039364 1.1824667648370712 21.311 1.091 2.0190553359683796 253
stats: page 250 6147.153991999999 2430.6070436490454 12772.189 4.231 549.6483692946056 482
stats: 302 67 221
stats: 200 183 511
stats: size_rcv 1422940 4405080
stats: newphase 2 7
stats: size_sent 236603 550941
stats: connected 760 992
# stats: dump at 1733865765
stats: users 4151 4152
stats: {load,"tsung_controller@ip-172-31-42-85"} 1 0.1015625 0.0 0.19921875 0.1015625 0.158203125 4
stats: {freemem,"tsung_controller@ip-172-31-42-85"} 1 561.5859375 0.0 664.1875 561.5859375 643.0625 4
stats: {cpu,"tsung_controller@ip-172-31-42-85"} 1 4.870775347912525 0.0 8.27166612547639 0.30045067601402103 2.657749318358118 4
stats: session 76 11536.01952631579 9660.713164575165 38452.612 80.337 12826.401666666667 24
stats: users_count 3147 4251
stats: finish_users_count 76 100
stats: connect 8680 2.1136973502304097 10.920974045407027 1010.963 0.899 1.9331069418386495 1066
stats: page 8544 437.19190496254527 2327.3943345784514 17990.289 1.683 2461.3647704918026 732
stats: request 8544 437.19190496254527 2327.3943345784514 17990.289 1.683 2461.3647704918026 732
stats: 302 66 287
stats: error_send_einval 35 35
stats: 200 229 740
stats: size_rcv 1724562 6129642
stats: newphase 2 9
stats: size_sent 1536247 2087188
stats: connected 31 1023
stats: error_connection_closed 72 72
# stats: dump at 1733865775
stats: users 3312 4342
stats: {load,"tsung_controller@ip-172-31-42-85"} 1 0.25 0.0 0.25 0.1015625 0.146875 5
stats: {freemem,"tsung_controller@ip-172-31-42-85"} 1 382.2734375 0.0 664.1875 382.2734375 626.7671875 5
stats: {cpu,"tsung_controller@ip-172-31-42-85"} 1 47.68339768339768 0.0 47.68339768339768 0.30045067601402103 3.1003545242689996 5
stats: session 1289 11781.221067494193 6960.329320008151 42282.62 68.134 11845.711239999999 100
stats: users_count 450 4701
stats: finish_users_count 1289 1389
stats: request 15212 510.09890540362875 3064.469750704862 24496.257 1.64 596.9261155670532 9276
stats: connect 17225 2.805878548621179 2.694891573703081 1010.963 0.842 2.093944695259589 9746
stats: page 15212 510.09890540362875 3064.469750704862 24496.257 1.64 596.9261155670532 9276
stats: 302 52 339
stats: error_send_einval 175 210
stats: 200 359 1099
stats: size_rcv 2587125 8716767
stats: newphase 0 9
stats: size_sent 3178814 5266002
stats: connected 0 1023
stats: error_connection_closed 1569 1641
stats: error_abort_max_send_retries 268 268
# stats: dump at 1733865785
stats: users 1871 4342
stats: {load,"tsung_controller@ip-172-31-42-85"} 1 0.3515625 0.0 0.3515625 0.1015625 0.1640625 6
stats: {freemem,"tsung_controller@ip-172-31-42-85"} 1 306.0078125 0.0 664.1875 306.0078125 586.0182291666666 6
stats: {cpu,"tsung_controller@ip-172-31-42-85"} 1 50.57843590930125 0.0 50.57843590930125 0.30045067601402103 10.530861717457112 6
stats: session 1441 19582.445554476068 7166.6226556453885 51259.43 68.134 11785.86398848093 1389
stats: users_count 0 4701
stats: finish_users_count 1441 2830
stats: request 7863 1118.0326372885597 5047.5325149350765 31717.987 1.631 542.9888597272128 24488
stats: page 7863 1118.0326372885597 5047.5325149350765 31717.987 1.631 542.9888597272128 24488
stats: connect 7965 2.142830006277459 2.2803158079603145 1010.963 0.842 2.5486204812576383 26971
stats: 302 68 407
stats: error_send_einval 27 237
stats: 200 300 1399
stats: size_rcv 2132899 10849666
stats: newphase 0 9
stats: size_sent 2457154 7723156
stats: connected -1 1022
stats: error_connection_closed 75 1716
stats: error_abort_max_send_retries 2 270
# stats: dump at 1733865795
stats: users 1349 4342
stats: {load,"tsung_controller@ip-172-31-42-85"} 1 0.44921875 0.0 0.44921875 0.1015625 0.19084821428571427 7
stats: {freemem,"tsung_controller@ip-172-31-42-85"} 1 310.96875 0.0 664.1875 306.0078125 546.0167410714286 7
stats: {cpu,"tsung_controller@ip-172-31-42-85"} 1 33.211009174311926 0.0 50.57843590930125 0.30045067601402103 16.251943744863418 7
stats: session 522 31626.67132567049 7974.956330338225 63405.262 68.134 15755.784142756194 2830
stats: users_count 0 4701
stats: finish_users_count 522 3352
stats: connect 2756 1.7493751814223517 0.9911063147631685 1010.963 0.842 2.456104991985337 34936
stats: page 2746 2550.5837767661947 8180.620988807093 35157.306 1.631 682.754839850389 32351
stats: request 2746 2550.5837767661947 8180.620988807093 35157.306 1.631 682.754839850389 32351
stats: 302 181 588
stats: error_send_einval 8 245
stats: 200 65 1464
stats: size_rcv 584468 11434134
stats: newphase 0 9
stats: size_sent 1150896 8874052
stats: connected 0 1022
stats: error_connection_closed 8 1724
stats: error_abort_max_send_retries 0 270
# stats: dump at 1733865805
stats: users 1159 4342
stats: {load,"tsung_controller@ip-172-31-42-85"} 1 0.4609375 0.0 0.4609375 0.1015625 0.22314453125 8
stats: {freemem,"tsung_controller@ip-172-31-42-85"} 1 413.90625 0.0 664.1875 306.0078125 516.6357421875 8
stats: {cpu,"tsung_controller@ip-172-31-42-85"} 1 14.195736434108527 0.0 50.57843590930125 0.30045067601402103 18.371826923544482 8
stats: session 190 42388.28497894734 6598.53513495868 68755.574 68.134 18227.324449880674 3352
stats: users_count 0 4701
stats: finish_users_count 190 3542
stats: connect 1244 2.234184887459805 1.3670932148539061 1010.963 0.842 2.404429640241954 37692
stats: page 1339 14131.663085884999 14333.788154084397 37816.071 0.646 828.894346382879 35097
stats: request 1339 14131.663085884999 14333.788154084397 37816.071 0.646 828.894346382879 35097
stats: 302 652 1240
stats: error_send_einval 11 256
stats: 200 15 1479
stats: size_rcv 557291 11991425
stats: newphase 0 9
stats: size_sent 477009 9351061
stats: connected -52 970
stats: error_connection_closed 8 1732
stats: error_abort_max_send_retries 1 271
# stats: dump at 1733865815
stats: users 813 4342
stats: {load,"tsung_controller@ip-172-31-42-85"} 1 0.390625 0.0 0.4609375 0.1015625 0.2495659722222222 9
stats: {freemem,"tsung_controller@ip-172-31-42-85"} 1 426.5078125 0.0 664.1875 306.0078125 505.2213541666667 9
stats: {cpu,"tsung_controller@ip-172-31-42-85"} 1 9.27536231884058 0.0 50.57843590930125 0.30045067601402103 17.907816869162712 9
stats: session 346 52560.03469942192 6788.132163851735 85346.651 68.134 19523.366940146814 3542
stats: users_count 0 4701
stats: finish_users_count 346 3888
stats: request 1687 9492.522135743937 6966.125816868202 38726.115 0.646 1317.7627002689626 36436
stats: 302 1491 2731
stats: connect 356 1.9384241573033703 1.0316197242607568 1010.963 0.842 2.398990343127176 38936
stats: error_send_einval 0 256
stats: 200 195 1674
stats: page 1687 9492.522135743937 6966.125816868202 38726.115 0.646 1317.7627002689626 36436
stats: size_rcv 3161408 15152833
stats: newphase 0 9
stats: size_sent 498963 9850024
stats: connected -142 828
stats: error_connection_closed 0 1732
stats: error_abort_max_send_retries 0 271
# stats: dump at 1733865825
stats: users 154 4342
stats: {load,"tsung_controller@ip-172-31-42-85"} 1 0.3984375 0.0 0.4609375 0.1015625 0.263671875 10
stats: {freemem,"tsung_controller@ip-172-31-42-85"} 1 452.203125 0.0 664.1875 306.0078125 497.35 10
stats: {cpu,"tsung_controller@ip-172-31-42-85"} 1 5.727091633466135 0.0 50.57843590930125 0.30045067601402103 17.0445714141305 10
stats: session 659 61001.75672989385 7206.62428085149 85840.911 68.134 22463.35846399177 3888
stats: users_count 0 4701
stats: finish_users_count 659 4547
stats: request 2068 1100.984117021282 925.254529212117 38726.115 0.646 1679.508081473125 38123
stats: 302 1730 4461
stats: connect 8 1.721875 0.6179733888890362 1010.963 0.842 2.3948174437544467 39292
stats: error_send_einval 0 256
stats: 200 338 2012
stats: page 2068 1100.984117021282 925.254529212117 38726.115 0.646 1679.508081473125 38123
stats: size_rcv 4978081 20130914
stats: newphase 0 9
stats: size_sent 752327 10602351
stats: connected -671 157
stats: error_connection_closed 0 1732
stats: error_abort_max_send_retries 0 271
# stats: dump at 1733865835
stats: users 10 4342
stats: {load,"tsung_controller@ip-172-31-42-85"} 1 0.33984375 0.0 0.4609375 0.1015625 0.27592329545454547 11
stats: {freemem,"tsung_controller@ip-172-31-42-85"} 1 513.453125 0.0 664.1875 306.0078125 493.2457386363636 11
stats: {cpu,"tsung_controller@ip-172-31-42-85"} 1 6.008793356130923 0.0 50.57843590930125 0.30045067601402103 16.015709615888284 11
stats: session 144 69171.15786805555 6273.317383104471 86824.325 68.134 28048.756409280857 4547
stats: users_count 0 4701
stats: finish_users_count 144 4691
stats: page 398 20.66540201005028 23.28279577682031 38726.115 0.646 1649.7405325570392 40191
stats: 302 312 4773
stats: request 398 20.66540201005028 23.28279577682031 38726.115 0.646 1649.7405325570392 40191
stats: connect 3 2.453333333333333 1.2087614414028198 1010.963 0.842 2.39468045801526 39300
stats: error_send_einval 0 256
stats: 200 86 2098
stats: size_rcv 1269038 21399952
stats: newphase 0 9
stats: size_sent 234540 10836891
stats: connected -147 10
stats: error_connection_closed 0 1732
stats: error_abort_max_send_retries 0 271
# stats: dump at 1733865842
stats: users 0 4342
stats: {load,"tsung_controller@ip-172-31-42-85"} 1 0.2890625 0.0 0.4609375 0.1015625 0.28125 12
stats: {freemem,"tsung_controller@ip-172-31-42-85"} 1 611.82421875 0.0 664.1875 306.0078125 494.9296875 12
stats: {cpu,"tsung_controller@ip-172-31-42-85"} 1 1.249375312343828 0.0 50.57843590930125 0.30045067601402103 15.18179992757517 12
stats: session 10 77644.2659 5777.713720437896 86824.325 68.134 29311.094036665967 4691
stats: users_count 0 4701
stats: finish_users_count 10 4701
stats: connect 0 0 0 1010.963 0.842 2.394684934992233 39303
stats: 302 18 4791
stats: request 25 22.623599999999996 23.3357475012051 38726.115 0.646 1633.7664533247914 40589
stats: error_send_einval 0 256
stats: 200 7 2105
stats: size_rcv 96259 21496211
stats: page 25 22.623599999999996 23.3357475012051 38726.115 0.646 1633.7664533247914 40589
stats: newphase 0 9
stats: size_sent 15348 10852239
stats: connected -10 0
stats: error_connection_closed 0 1732
stats: error_abort_max_send_retries 0 271
EndMonitor:{1733,865842,243020}
