# stats: dump at 1733865299
stats: users 11 11
stats: {load,"tsung_controller@ip-172-31-42-85"} 1 0.2890625 0 0.2890625 0.2890625 0 0
stats: {freemem,"tsung_controller@ip-172-31-42-85"} 1 669.3984375 0 669.3984375 669.3984375 0 0
stats: {cpu,"tsung_controller@ip-172-31-42-85"} 1 6.344183357548741 0 6.344183357548741 6.344183357548741 0 0
stats: users_count 11 11
stats: finish_users_count 0 0
stats: request 27 88.15707407407407 142.64787352880802 383.754 5.353 0 0
stats: connect 11 2.4373636363636364 1.5476317551623116 6.668 1.489 0 0
stats: page 27 88.15707407407407 142.64787352880802 383.754 5.353 0 0
stats: 302 17 17
stats: 200 8 8
stats: size_rcv 79913 79913
stats: newphase 1 1
stats: size_sent 9358 9358
stats: connected 11 11
stats: 404 2 2
# stats: dump at 1733865309
stats: users 57 57
stats: {load,"tsung_controller@ip-172-31-42-85"} 1 0.25 0.0 0.2890625 0.25 0.2890625 1
stats: {freemem,"tsung_controller@ip-172-31-42-85"} 1 668.8828125 0.0 669.3984375 668.8828125 669.3984375 1
stats: {cpu,"tsung_controller@ip-172-31-42-85"} 1 0.3003003003003003 0.0 6.344183357548741 0.3003003003003003 6.344183357548741 1
stats: users_count 46 57
stats: finish_users_count 0 0
stats: request 154 112.78785714285715 180.50724606182374 775.029 5.353 88.15707407407407 27
stats: connect 41 2.291585365853658 1.1869050751205075 7.168 1.421 2.4373636363636364 11
stats: page 150 115.7984333333333 182.35597491424716 775.029 5.353 88.15707407407407 27
stats: 302 77 94
stats: 200 61 69
stats: size_rcv 632739 712652
stats: newphase 2 3
stats: size_sent 69922 79280
stats: connected 41 52
stats: 404 16 18
# stats: dump at 1733865319
stats: users 282 282
stats: {load,"tsung_controller@ip-172-31-42-85"} 1 0.2109375 0.0 0.2890625 0.2109375 0.26953125 2
stats: {freemem,"tsung_controller@ip-172-31-42-85"} 1 658.96484375 0.0 669.3984375 658.96484375 669.140625 2
stats: {cpu,"tsung_controller@ip-172-31-42-85"} 1 1.1952191235059761 0.0 6.344183357548741 0.3003003003003003 3.3222418289245206 2
stats: session 1 20128.477 0 20128.477 20128.477 0 0
stats: users_count 226 283
stats: finish_users_count 1 1
stats: request 280 821.0369928571422 1514.1635167786087 8024.174 5.353 109.11365193370168 181
stats: connect 212 2.124792452830189 1.447259461012506 15.447 1.255 2.322423076923077 52
stats: page 274 817.6280547445252 1523.5595571872805 8024.174 5.353 111.58195480225986 177
stats: 302 153 247
stats: 200 118 187
stats: size_rcv 1039380 1752032
stats: newphase 2 5
stats: size_sent 151192 230472
stats: connected 211 263
stats: 404 9 27
# stats: dump at 1733865329
stats: users 1083 1083
stats: {load,"tsung_controller@ip-172-31-42-85"} 1 0.171875 0.0 0.2890625 0.171875 0.25 3
stats: {freemem,"tsung_controller@ip-172-31-42-85"} 1 637.67578125 0.0 669.3984375 637.67578125 665.7486979166666 3
stats: {cpu,"tsung_controller@ip-172-31-42-85"} 1 1.6016016016016015 0.0 6.344183357548741 0.3003003003003003 2.6132342604516725 3
stats: session 2 31493.496 1334.6209999999992 32828.117 20128.477 20128.477 1
stats: users_count 803 1086
stats: finish_users_count 2 3
stats: request 474 5638.247337552735 1951.1884924019116 12713.636 5.353 541.5182841648585 461
stats: connect 776 2.127652061855669 1.448248939155071 17.061 1.129 2.1637196969696975 264
stats: page 471 5661.225997876855 1967.0867737996098 12713.636 5.353 540.5323569844787 451
stats: 302 377 624
stats: 200 89 276
stats: size_rcv 904820 2656852
stats: newphase 2 7
stats: size_sent 204233 434705
stats: connected 734 997
stats: 404 8 35
# stats: dump at 1733865339
stats: users 4305 4305
stats: {load,"tsung_controller@ip-172-31-42-85"} 1 0.1484375 0.0 0.2890625 0.1484375 0.23046875 4
stats: {freemem,"tsung_controller@ip-172-31-42-85"} 1 588.46875 0.0 669.3984375 588.46875 658.73046875 4
stats: {cpu,"tsung_controller@ip-172-31-42-85"} 1 7.033184744923229 0.0 7.033184744923229 0.3003003003003003 2.3603260957391545 4
stats: session 16 4592.1599375 6286.793592419772 32828.117 90.51 27705.156333333332 3
stats: users_count 3238 4324
stats: finish_users_count 16 19
stats: request 8968 515.7970664585189 2267.055626323668 16017.887 0.263 3125.3146171122958 935
stats: page 8932 516.6633362068975 2271.973683311205 16658.214 0.705 3156.418154013014 922
stats: 302 366 990
stats: connect 9347 2.155618594201351 10.668513589863663 1018.752 0.863 2.1368076923076917 1040
stats: error_send_einval 70 70
stats: 200 97 373
stats: size_rcv 918424 3575276
stats: newphase 2 9
stats: size_sent 1418967 1853672
stats: connected 26 1023
stats: error_connection_closed 205 205
stats: error_abort_max_send_retries 12 12
stats: 404 3 38
# stats: dump at 1733865349
stats: users 4840 4898
stats: {load,"tsung_controller@ip-172-31-42-85"} 1 0.359375 0.0 0.359375 0.1484375 0.2140625 5
stats: {freemem,"tsung_controller@ip-172-31-42-85"} 1 430.59375 0.0 669.3984375 430.59375 644.678125 5
stats: {cpu,"tsung_controller@ip-172-31-42-85"} 1 49.22303473491773 0.0 49.22303473491773 0.3003003003003003 3.29489782557597 5
stats: session 58 18353.27215517242 13579.414871665116 54759.841 90.51 8241.580421052631 19
stats: users_count 593 4917
stats: finish_users_count 58 77
stats: request 20956 388.48962373544424 2566.0679125571846 22238.966 0.263 762.1768412602236 9903
stats: connect 21676 2.0461495663406506 7.044655357920627 1018.752 0.863 2.153735149706366 10387
stats: page 19868 410.0704752365629 2635.8874366982486 22538.827 0.705 763.654805865639 9854
stats: 302 348 1338
stats: error_send_einval 128 198
stats: 200 116 489
stats: size_rcv 1015209 4590485
stats: newphase 0 9
stats: size_sent 3419501 5273173
stats: connected 0 1023
stats: error_connection_closed 564 769
stats: error_abort_max_send_retries 28 40
stats: 404 6 44
# stats: dump at 1733865359
stats: users 3416 4898
stats: {load,"tsung_controller@ip-172-31-42-85"} 1 0.62109375 0.0 0.62109375 0.1484375 0.23828125 6
stats: {freemem,"tsung_controller@ip-172-31-42-85"} 1 281.4375 0.0 669.3984375 281.4375 608.9973958333334 6
stats: {cpu,"tsung_controller@ip-172-31-42-85"} 1 64.40528634361233 0.0 64.40528634361233 0.3003003003003003 10.949587310466264 6
stats: session 1424 20521.17931882023 7090.885685733769 60732.839 90.51 15858.179389610394 77
stats: users_count 0 4917
stats: finish_users_count 1424 1501
stats: request 15800 409.1267212658221 2883.5320471285486 29865.478 0.263 508.41005262646115 30859
stats: 302 214 1552
stats: connect 20151 5.407030966205107 12.392384799370326 1018.752 0.84 2.08100255746499 32063
stats: page 14233 455.3751091828859 3044.707013125188 32760.061 0.705 527.2974449565991 29722
stats: error_send_einval 70 268
stats: 200 95 584
stats: size_rcv 804607 5395092
stats: newphase 0 9
stats: size_sent 2690326 7963499
stats: connected -1 1022
stats: error_connection_closed 3250 4019
stats: error_abort_max_send_retries 1032 1072
stats: 404 3 47
# stats: dump at 1733865369
stats: users 2312 4898
stats: {load,"tsung_controller@ip-172-31-42-85"} 1 0.8203125 0.0 0.8203125 0.1484375 0.29296875 7
stats: {freemem,"tsung_controller@ip-172-31-42-85"} 1 264.984375 0.0 669.3984375 264.984375 562.203125 7
stats: {cpu,"tsung_controller@ip-172-31-42-85"} 1 61.032028469750884 0.0 64.40528634361233 0.3003003003003003 18.586115743772844 7
stats: session 1104 31064.36971105073 7583.293009948107 68690.096 90.51 20281.971461025987 1501
stats: users_count 0 4917
stats: finish_users_count 1104 2605
stats: request 10267 509.94166007597124 3720.9374060124637 33178.51 0.263 474.7900300049284 46659
stats: page 9640 543.1540858921167 3837.7015591657114 33178.51 0.705 504.0083855761586 43955
stats: 302 143 1695
stats: error_send_einval 113 381
stats: 200 45 629
stats: connect 10639 2.889329636244001 4.076347584004515 1018.752 0.84 3.364619948672752 52214
stats: size_rcv 408103 5803195
stats: newphase 0 9
stats: size_sent 2094104 10057603
stats: connected 1 1023
stats: error_connection_closed 240 4259
stats: error_abort_max_send_retries 21 1093
stats: 404 0 47
# stats: dump at 1733865379
stats: users 1604 4898
stats: {load,"tsung_controller@ip-172-31-42-85"} 1 0.9296875 0.0 0.9296875 0.1484375 0.35888671875 8
stats: {freemem,"tsung_controller@ip-172-31-42-85"} 1 327.7265625 0.0 669.3984375 264.984375 525.05078125 8
stats: {cpu,"tsung_controller@ip-172-31-42-85"} 1 38.51917144116351 0.0 64.40528634361233 0.3003003003003003 23.8918548345201 8
stats: session 708 40541.05208474575 8035.766578067113 74461.495 90.51 24851.555978502885 2605
stats: users_count 0 4917
stats: finish_users_count 708 3313
stats: request 4792 1098.8860496661107 6012.066896219534 40309.207 0.263 481.1298709552744 56926
stats: connect 4808 1.9768232113144697 1.2450618860897427 1018.752 0.84 3.2841685201979063 62853
stats: page 4542 1137.8609878907962 6116.595564095588 40309.207 0.658 511.049425804647 53595
stats: 302 133 1828
stats: error_send_einval 8 389
stats: 200 22 651
stats: size_rcv 246558 6049753
stats: newphase 0 9
stats: size_sent 1256475 11314078
stats: connected -1 1022
stats: error_connection_closed 14 4273
stats: error_abort_max_send_retries 0 1093
stats: 404 0 47
# stats: dump at 1733865389
stats: users 1350 4898
stats: {load,"tsung_controller@ip-172-31-42-85"} 1 0.859375 0.0 0.9296875 0.1484375 0.4223090277777778 9
stats: {freemem,"tsung_controller@ip-172-31-42-85"} 1 430.98828125 0.0 669.3984375 264.984375 503.12586805555554 9
stats: {cpu,"tsung_controller@ip-172-31-42-85"} 1 23.208506703652336 0.0 64.40528634361233 0.3003003003003003 25.517112235258256 9
stats: session 254 51848.59883858266 7740.9976769096465 74461.495 90.51 28204.45765167522 3313
stats: users_count 0 4917
stats: finish_users_count 254 3567
stats: request 2418 4897.931473945391 13025.020849186672 44277.891 0.263 529.0946074726976 61718
stats: connect 2402 1.8852352206494591 1.0101989198471857 1018.752 0.84 3.1912683820812426 67661
stats: page 2255 4806.09850909091 12933.440106047687 44277.891 0.658 560.0195844814843 58137
stats: 302 286 2114
stats: error_send_einval 6 395
stats: 200 14 665
stats: size_rcv 288910 6338663
stats: newphase 0 9
stats: size_sent 753467 12067545
stats: connected -1 1021
stats: error_connection_closed 5 4278
stats: error_abort_max_send_retries 2 1095
stats: 404 0 47
# stats: dump at 1733865399
stats: users 1241 4898
stats: {load,"tsung_controller@ip-172-31-42-85"} 1 0.71875 0.0 0.9296875 0.1484375 0.466015625 10
stats: {freemem,"tsung_controller@ip-172-31-42-85"} 1 467.74609375 0.0 669.3984375 264.984375 495.912109375 10
stats: {cpu,"tsung_controller@ip-172-31-42-85"} 1 12.917063870352715 0.0 64.40528634361233 0.3003003003003003 25.286251682097664 10
stats: session 109 61747.29798165138 6659.476766443444 84689.624 90.51 29888.116710120546 3567
stats: users_count 0 4917
stats: finish_users_count 109 3676
stats: connect 1606 2.0308231631382343 1.3592998494844413 1018.752 0.84 3.146493084795098 70063
stats: page 1544 15905.519064766804 18287.921327268614 56312.284 0.658 718.5655504205865 60392
stats: request 1689 15503.742394908213 17980.772981264603 50232.245 0.167 693.804716352749 64136
stats: 302 757 2871
stats: error_send_einval 14 409
stats: 200 17 682
stats: size_rcv 634509 6973172
stats: newphase 0 9
stats: size_sent 424595 12492140
stats: connected -31 990
stats: error_connection_closed 6 4284
stats: error_abort_max_send_retries 0 1095
stats: 404 5 52
# stats: dump at 1733865409
stats: users 1114 4898
stats: {load,"tsung_controller@ip-172-31-42-85"} 1 0.69140625 0.0 0.9296875 0.1484375 0.4889914772727273 11
stats: {freemem,"tsung_controller@ip-172-31-42-85"} 1 485.17578125 0.0 669.3984375 264.984375 493.3515625 11
stats: {cpu,"tsung_controller@ip-172-31-42-85"} 1 11.326097215667767 0.0 64.40528634361233 0.3003003003003003 24.16178006284812 11
stats: session 127 71874.14514960632 7228.165168250776 97823.609 90.51 30832.798635745374 3676
stats: users_count 0 4917
stats: finish_users_count 127 3803
stats: page 1290 11765.015135658903 11163.031875190147 56312.284 0.658 1097.1604907808062 61936
stats: 302 1284 4155
stats: request 1398 9234.345130185982 6737.270069440371 51800.707 0.167 1073.8120804101766 65825
stats: error_send_einval 0 409
stats: connect 921 2.1819424538545036 1.4836775179076032 1018.752 0.84 3.1214925141971976 71669
stats: 200 57 739
stats: size_rcv 1536091 8509263
stats: newphase 0 9
stats: size_sent 379292 12871432
stats: connected 3 993
stats: error_connection_closed 0 4284
stats: error_abort_max_send_retries 0 1095
stats: 404 36 88
# stats: dump at 1733865419
stats: users 886 4898
stats: {load,"tsung_controller@ip-172-31-42-85"} 1 0.578125 0.0 0.9296875 0.1484375 0.505859375 12
stats: {freemem,"tsung_controller@ip-172-31-42-85"} 1 478.03125 0.0 669.3984375 264.984375 492.6702473958333 12
stats: {cpu,"tsung_controller@ip-172-31-42-85"} 1 6.829268292682928 0.0 64.40528634361233 0.3003003003003003 23.09213982558309 12
stats: session 228 82262.34769298247 6994.594562245553 107314.084 90.51 32203.361614251906 3803
stats: users_count 0 4917
stats: finish_users_count 228 4031
stats: request 1990 4923.095848241203 1997.9401481860434 51800.707 0.167 1243.5222272882775 67223
stats: connect 166 2.250650602409636 1.5799975898543075 1018.752 0.84 3.1095717867474715 72590
stats: page 1862 5450.220748120291 2644.6010547026485 56312.284 0.658 1314.816715939645 63226
stats: 302 1792 5947
stats: error_send_einval 0 409
stats: 200 133 872
stats: size_rcv 2739001 11248264
stats: newphase 0 9
stats: size_sent 491777 13363209
stats: connected -104 889
stats: error_connection_closed 0 4284
stats: error_abort_max_send_retries 0 1095
stats: 404 65 153
# stats: dump at 1733865429
stats: users 565 4898
stats: {load,"tsung_controller@ip-172-31-42-85"} 1 0.48828125 0.0 0.9296875 0.1484375 0.5114182692307693 13
stats: {freemem,"tsung_controller@ip-172-31-42-85"} 1 494.046875 0.0 669.3984375 264.984375 491.5441706730769 13
stats: {cpu,"tsung_controller@ip-172-31-42-85"} 1 6.317867719644619 0.0 64.40528634361233 0.3003003003003003 21.84114970766769 13
stats: session 321 90997.48808722747 6958.713881245965 120444.147 90.51 35034.780325725624 4031
stats: users_count 0 4917
stats: finish_users_count 321 4352
stats: request 2357 1832.9118803563856 536.9966079543944 51800.707 0.167 1349.3166807247176 69213
stats: connect 0 0 0 1018.752 0.84 3.1076120732310595 72756
stats: page 2250 1966.360963111106 804.9119368425663 56312.284 0.658 1433.1199716537606 65088
stats: 302 2002 7949
stats: error_send_einval 0 409
stats: 200 282 1154
stats: size_rcv 4363418 15611682
stats: newphase 0 9
stats: size_sent 676117 14039326
stats: connected -312 577
stats: error_connection_closed 0 4284
stats: error_abort_max_send_retries 0 1095
stats: 404 73 226
# stats: dump at 1733865439
stats: users 183 4898
stats: {load,"tsung_controller@ip-172-31-42-85"} 1 0.41015625 0.0 0.9296875 0.1484375 0.5097656250000001 14
stats: {freemem,"tsung_controller@ip-172-31-42-85"} 1 467.16796875 0.0 669.3984375 264.984375 491.72293526785717 14
stats: {cpu,"tsung_controller@ip-172-31-42-85"} 1 5.558312655086849 0.0 64.40528634361233 0.3003003003003003 20.732343851380328 14
stats: session 382 100564.6706335079 7403.222282440339 136151.725 90.51 39162.5443862592 4352
stats: users_count 0 4917
stats: finish_users_count 382 4734
stats: request 1840 322.2671836956513 235.3397101924287 51800.707 0.167 1365.242821363698 71570
stats: connect 0 0 0 1018.752 0.84 3.1076120732310595 72756
stats: page 1787 336.55701958589685 272.74472056226574 56312.284 0.658 1450.9374332769012 67338
stats: 302 1406 9355
stats: error_send_einval 0 409
stats: 200 374 1528
stats: size_rcv 4905247 20516929
stats: newphase 0 9
stats: size_sent 777945 14817271
stats: connected -392 185
stats: error_connection_closed 0 4284
stats: error_abort_max_send_retries 0 1095
stats: 404 60 286
# stats: dump at 1733865449
stats: users 28 4898
stats: {load,"tsung_controller@ip-172-31-42-85"} 1 0.5 0.0 0.9296875 0.1484375 0.5031250000000002 15
stats: {freemem,"tsung_controller@ip-172-31-42-85"} 1 513.3671875 0.0 669.3984375 264.984375 490.0859375 15
stats: {cpu,"tsung_controller@ip-172-31-42-85"} 1 5.180069067587568 0.0 64.40528634361233 0.3003003003003003 19.72074177162743 15
stats: session 155 108670.22685806453 6190.695093222195 136151.725 90.51 44117.2575730883 4734
stats: users_count 0 4917
stats: finish_users_count 155 4889
stats: request 434 25.85919124423963 28.895443606388348 51800.707 0.167 1339.1009445988268 73410
stats: connect 0 0 0 1018.752 0.84 3.1076120732310595 72756
stats: page 434 25.85919124423963 28.895443606388348 56312.284 0.658 1422.1287851862562 69125
stats: 302 310 9665
stats: error_send_einval 0 409
stats: 200 124 1652
stats: size_rcv 1457074 21974003
stats: newphase 0 9
stats: size_sent 251397 15068668
stats: connected -157 28
stats: error_connection_closed 0 4284
stats: error_abort_max_send_retries 0 1095
stats: 404 0 286
# stats: dump at 1733865459
stats: users 1 4898
stats: {load,"tsung_controller@ip-172-31-42-85"} 1 0.421875 0.0 0.9296875 0.1484375 0.5029296875000002 16
stats: {freemem,"tsung_controller@ip-172-31-42-85"} 1 583.65234375 0.0 669.3984375 264.984375 491.541015625 16
stats: {cpu,"tsung_controller@ip-172-31-42-85"} 1 2.0398009950248754 0.0 64.40528634361233 0.3003003003003003 18.81194972762494 16
stats: session 27 118963.96696296296 6831.832885522112 136151.725 90.51 46163.833608917994 4889
stats: users_count 0 4917
stats: finish_users_count 27 4916
stats: request 56 25.380660714285714 23.571244117778022 51800.707 0.167 1331.3826882617393 73844
stats: connect 0 0 0 1018.752 0.84 3.1076120732310595 72756
stats: page 56 25.380660714285714 23.571244117778022 56312.284 0.658 1413.4170296438988 69559
stats: 302 36 9701
stats: error_send_einval 0 409
stats: 200 20 1672
stats: size_rcv 236702 22210705
stats: newphase 0 9
stats: size_sent 39771 15108439
stats: connected -27 1
stats: error_connection_closed 0 4284
stats: error_abort_max_send_retries 0 1095
stats: 404 0 286
# stats: dump at 1733865461
stats: users 0 4898
stats: {load,"tsung_controller@ip-172-31-42-85"} 1 0.51953125 0.0 0.9296875 0.1484375 0.4981617647058826 17
stats: {freemem,"tsung_controller@ip-172-31-42-85"} 1 601.60546875 0.0 669.3984375 264.984375 496.9593290441176 17
stats: {cpu,"tsung_controller@ip-172-31-42-85"} 1 0.2001000500250125 0.0 64.40528634361233 0.2001000500250125 17.825352743354344 17
stats: session 1 128919.488 0.0 136151.725 90.51 46563.67160740441 4916
stats: users_count 0 4917
stats: finish_users_count 1 4917
stats: request 1 4.429 0.0 51800.707 0.167 1330.393025020296 73900
stats: connect 0 0 0 1018.752 0.84 3.1076120732310595 72756
stats: page 1 4.429 0.0 56312.284 0.658 1412.3004594124825 69615
stats: 302 1 9702
stats: error_send_einval 0 409
stats: 200 0 1672
stats: size_rcv 1061 22211766
stats: newphase 0 9
stats: size_sent 764 15109203
stats: connected -1 0
stats: error_connection_closed 0 4284
stats: error_abort_max_send_retries 0 1095
stats: 404 0 286
EndMonitor:{1733,865461,191291}
