# stats: dump at 1733870576
stats: users 11 11
stats: {freemem,"tsung_controller@ip-172-31-32-209"} 1 679.03515625 0 679.03515625 679.03515625 0 0
stats: {load,"tsung_controller@ip-172-31-32-209"} 1 0.109375 0 0.109375 0.109375 0 0
stats: {cpu,"tsung_controller@ip-172-31-32-209"} 1 6.134704902017125 0 6.134704902017125 6.134704902017125 0 0
stats: users_count 11 11
stats: finish_users_count 0 0
stats: connect 10 2.3881 1.6732688636319029 6.834 1.296 0 0
stats: page 25 90.36779999999999 131.65433192265266 366.518 6.96 0 0
stats: request 25 90.36779999999999 131.65433192265266 366.518 6.96 0 0
stats: 302 6 6
stats: 200 14 14
stats: size_rcv 128857 128857
stats: newphase 1 1
stats: size_sent 11174 11174
stats: connected 10 10
stats: 404 5 5
# stats: dump at 1733870586
stats: users 52 52
stats: {freemem,"tsung_controller@ip-172-31-32-209"} 1 675.84765625 0.0 679.03515625 675.84765625 679.03515625 1
stats: {load,"tsung_controller@ip-172-31-32-209"} 1 0.08984375 0.0 0.109375 0.08984375 0.109375 1
stats: {cpu,"tsung_controller@ip-172-31-32-209"} 1 0.4 0.0 6.134704902017125 0.4 6.134704902017125 1
stats: session 3 14271.426333333331 2050.4175171447946 16119.927 11412.337 0 0
stats: users_count 44 55
stats: finish_users_count 3 3
stats: request 153 96.17283006535949 153.30009475107997 705.652 5.228 90.36779999999999 25
stats: connect 43 1.704651162790698 0.7597703105703916 6.834 1.233 2.3881 10
stats: page 153 96.17283006535949 153.30009475107997 705.652 5.228 90.36779999999999 25
stats: 302 37 43
stats: 200 80 94
stats: size_rcv 784689 913546
stats: newphase 2 3
stats: size_sent 82790 93964
stats: connected 40 50
stats: 404 36 41
# stats: dump at 1733870596
stats: users 248 248
stats: {freemem,"tsung_controller@ip-172-31-32-209"} 1 660.44921875 0.0 679.03515625 660.44921875 677.44140625 2
stats: {load,"tsung_controller@ip-172-31-32-209"} 1 0.078125 0.0 0.109375 0.078125 0.099609375 2
stats: {cpu,"tsung_controller@ip-172-31-32-209"} 1 0.9481037924151697 0.0 6.134704902017125 0.4 3.2673524510085628 2
stats: session 7 12020.087714285715 3603.036802388417 17715.78 5854.491 14271.426333333331 3
stats: users_count 203 258
stats: finish_users_count 7 10
stats: request 255 547.1855686274512 1222.7304988577812 6946.476 5.228 95.3575168539326 178
stats: connect 186 1.9004677419354843 1.989144145544791 23.979 1.06 1.8336037735849058 53
stats: page 255 547.1855686274512 1222.7304988577812 6946.476 5.228 95.3575168539326 178
stats: 302 48 91
stats: 200 160 254
stats: size_rcv 1407735 2321281
stats: newphase 2 5
stats: size_sent 206675 300639
stats: connected 179 229
stats: 404 47 88
# stats: dump at 1733870606
stats: users 1001 1001
stats: {freemem,"tsung_controller@ip-172-31-32-209"} 1 632.34765625 0.0 679.03515625 632.34765625 671.77734375 3
stats: {load,"tsung_controller@ip-172-31-32-209"} 1 0.05859375 0.0 0.109375 0.05859375 0.09244791666666667 3
stats: {cpu,"tsung_controller@ip-172-31-32-209"} 1 2.142501245640259 0.0 6.134704902017125 0.4 2.494269564810765 3
stats: session 3 24250.16233333333 2978.9025644625526 26697.366 5854.491 12695.4893 10
stats: users_count 756 1014
stats: finish_users_count 3 13
stats: request 391 4801.606508951409 2056.863443773606 11598.705 5.228 361.44563048498856 433
stats: connect 726 1.6064159779614322 1.09216805030308 23.979 0.813 1.8856401673640173 239
stats: page 391 4801.606508951409 2056.863443773606 11598.705 5.228 361.44563048498856 433
stats: 302 88 179
stats: 200 287 541
stats: size_rcv 2141695 4462976
stats: newphase 2 7
stats: size_sent 311483 612122
stats: connected 723 952
stats: 404 16 104
# stats: dump at 1733870616
stats: users 3552 3552
stats: {freemem,"tsung_controller@ip-172-31-32-209"} 1 562.72265625 0.0 679.03515625 562.72265625 661.919921875 4
stats: {load,"tsung_controller@ip-172-31-32-209"} 1 0.05078125 0.0 0.109375 0.05078125 0.083984375 4
stats: {cpu,"tsung_controller@ip-172-31-32-209"} 1 7.9727758872143895 0.0 7.9727758872143895 0.4 2.4063274850181386 4
stats: session 354 6693.461090395481 8163.115082143581 41250.106 86.532 15361.952307692309 13
stats: users_count 2905 3919
stats: finish_users_count 354 367
stats: page 7434 416.38205394134843 2090.933370111381 16061.529 1.218 2468.36662985437 824
stats: request 7434 416.38205394134843 2090.933370111381 16061.529 1.218 2468.36662985437 824
stats: connect 9114 3.4027046302391897 4.574025108345813 31.101 0.663 1.6755709844559585 965
stats: 302 74 253
stats: error_send_einval 59 59
stats: 200 204 745
stats: size_rcv 1541850 6004826
stats: newphase 2 9
stats: size_sent 1426325 2038447
stats: connected 70 1022
stats: error_connection_closed 1213 1213
stats: error_abort_max_send_retries 302 302
stats: 404 14 118
# stats: dump at 1733870626
stats: users 2695 3781
stats: {freemem,"tsung_controller@ip-172-31-32-209"} 1 431.234375 0.0 679.03515625 431.234375 642.08046875 5
stats: {load,"tsung_controller@ip-172-31-32-209"} 1 0.2109375 0.0 0.2109375 0.05078125 0.07734375 5
stats: {cpu,"tsung_controller@ip-172-31-32-209"} 1 45.990566037735846 0.0 45.990566037735846 0.4 3.519617165457389 5
stats: session 1274 9848.710697802235 7751.065819946083 49847.423 59.475 7000.51936239782 367
stats: users_count 417 4336
stats: finish_users_count 1274 1641
stats: connect 13750 3.434453672727278 9.493470045442189 1023.851 0.66 3.2373425935112583 10079
stats: page 10658 476.4168523175065 3006.8842446043755 23709.824 1.218 621.133239525307 8258
stats: request 10658 476.4168523175065 3006.8842446043755 23709.824 1.218 621.133239525307 8258
stats: 302 70 323
stats: error_send_einval 163 222
stats: 200 185 930
stats: size_rcv 1356124 7360950
stats: newphase 0 9
stats: size_sent 2280456 4318903
stats: connected 2 1024
stats: error_connection_closed 2334 3547
stats: error_abort_max_send_retries 596 898
stats: 404 6 124
# stats: dump at 1733870636
stats: users 1751 3781
stats: {freemem,"tsung_controller@ip-172-31-32-209"} 1 379.125 0.0 679.03515625 379.125 606.939453125 6
stats: {load,"tsung_controller@ip-172-31-32-209"} 1 0.328125 0.0 0.328125 0.05078125 0.099609375 6
stats: {cpu,"tsung_controller@ip-172-31-32-209"} 1 42.6857406552838 0.0 45.990566037735846 0.4 10.598108644170464 6
stats: session 944 19244.56992690679 7045.201324605904 55885.315 59.475 9211.729454600883 1641
stats: users_count 0 4336
stats: finish_users_count 944 2585
stats: request 5824 2008.5277287087881 6950.538380108998 31363.46 1.218 539.5944757876913 18916
stats: page 5824 2008.5277287087881 6950.538380108998 31363.46 1.218 539.5944757876913 18916
stats: connect 5898 1.742238385893523 1.43192615683263 1023.851 0.66 3.351081203575477 23829
stats: 302 70 393
stats: error_send_einval 34 256
stats: 200 373 1303
stats: size_rcv 2623489 9984439
stats: newphase 0 9
stats: size_sent 1846797 6165700
stats: connected -1 1023
stats: error_connection_closed 47 3594
stats: error_abort_max_send_retries 3 901
stats: 404 8 132
# stats: dump at 1733870646
stats: users 1382 3781
stats: {freemem,"tsung_controller@ip-172-31-32-209"} 1 368.43359375 0.0 679.03515625 368.43359375 574.39453125 7
stats: {load,"tsung_controller@ip-172-31-32-209"} 1 0.51171875 0.0 0.51171875 0.05078125 0.13225446428571427 7
stats: {cpu,"tsung_controller@ip-172-31-32-209"} 1 24.709167054443927 0.0 45.990566037735846 0.4 15.18205607432951 7
stats: session 369 32416.330140921407 8198.461622848801 55885.315 59.475 12875.559785686679 2585
stats: users_count 0 4336
stats: finish_users_count 369 2954
stats: request 2564 2653.8294988299535 8717.334494497785 37679.714 1.218 885.393475990297 24740
stats: page 2564 2653.8294988299535 8717.334494497785 37679.714 1.218 885.393475990297 24740
stats: 302 118 511
stats: connect 2609 1.8922974319662726 1.7532549663630148 1023.851 0.66 3.0318779560668765 29727
stats: error_send_einval 24 280
stats: 200 95 1398
stats: size_rcv 777191 10761630
stats: newphase 0 9
stats: size_sent 1234336 7400036
stats: connected -1 1022
stats: error_connection_closed 20 3614
stats: error_abort_max_send_retries 0 901
stats: 404 6 138
# stats: dump at 1733870656
stats: users 1194 3781
stats: {freemem,"tsung_controller@ip-172-31-32-209"} 1 360.01953125 0.0 679.03515625 360.01953125 548.6494140625 8
stats: {load,"tsung_controller@ip-172-31-32-209"} 1 0.5 0.0 0.51171875 0.05078125 0.1796875 8
stats: {cpu,"tsung_controller@ip-172-31-32-209"} 1 15.113583681038477 0.0 45.990566037735846 0.4 16.372944946843813 8
stats: session 188 41475.13785638298 6403.356500904766 71082.728 59.475 15316.502324983094 2954
stats: users_count 0 4336
stats: finish_users_count 188 3142
stats: request 1290 14148.329944186045 13659.395419715027 40874.381 1.218 1051.459618773804 27304
stats: 302 650 1161
stats: connect 1291 1.7347924089852822 1.155908591144226 1023.851 0.66 2.9399319643740736 32336
stats: error_send_einval 8 288
stats: page 1290 14148.329944186045 13659.395419715027 40874.381 1.218 1051.459618773804 27304
stats: 200 32 1430
stats: size_rcv 686701 11448331
stats: newphase 0 9
stats: size_sent 546304 7946340
stats: connected -7 1015
stats: error_connection_closed 5 3619
stats: error_abort_max_send_retries 0 901
stats: 404 9 147
# stats: dump at 1733870666
stats: users 992 3781
stats: {freemem,"tsung_controller@ip-172-31-32-209"} 1 357.5390625 0.0 679.03515625 357.5390625 527.6905381944445 9
stats: {load,"tsung_controller@ip-172-31-32-209"} 1 0.421875 0.0 0.51171875 0.05078125 0.2152777777777778 9
stats: {cpu,"tsung_controller@ip-172-31-32-209"} 1 9.597673291323314 0.0 45.990566037735846 0.4 16.233015917309885 9
stats: session 202 53261.86748514851 7169.261725171802 77471.549 59.475 16881.691211012116 3142
stats: users_count 0 4336
stats: finish_users_count 202 3344
stats: request 1268 12694.161149053634 5941.776320830371 40874.381 1.218 1642.3165370007673 28594
stats: 302 1057 2218
stats: connect 646 1.7220603715170293 1.228319356123532 1023.851 0.66 2.893664525530081 33627
stats: page 1268 12694.161149053634 5941.776320830371 40874.381 1.218 1642.3165370007673 28594
stats: error_send_einval 0 288
stats: 200 125 1555
stats: size_rcv 2011627 13459958
stats: newphase 0 9
stats: size_sent 439618 8385958
stats: connected -52 963
stats: error_connection_closed 0 3619
stats: error_abort_max_send_retries 0 901
stats: 404 55 202
# stats: dump at 1733870676
stats: users 221 3781
stats: {freemem,"tsung_controller@ip-172-31-32-209"} 1 349.0703125 0.0 679.03515625 349.0703125 510.675390625 10
stats: {load,"tsung_controller@ip-172-31-32-209"} 1 0.359375 0.0 0.51171875 0.05078125 0.2359375 10
stats: {cpu,"tsung_controller@ip-172-31-32-209"} 1 6.992665036674817 0.0 45.990566037735846 0.4 15.569481654711229 10
stats: session 771 62732.85118028533 7002.09706089562 83454.9 59.475 19079.297552930642 3344
stats: users_count 0 4336
stats: finish_users_count 771 4115
stats: request 2766 1742.0104519161173 2192.4928477982726 40874.381 1.218 2111.599872614023 29862
stats: connect 34 1.554323529411764 0.6562154291437888 1023.851 0.66 2.871581361421528 34273
stats: page 2766 1742.0104519161173 2192.4928477982726 40874.381 1.218 2111.599872614023 29862
stats: 302 2085 4303
stats: error_send_einval 0 288
stats: 200 375 1930
stats: size_rcv 6043678 19503636
stats: newphase 0 9
stats: size_sent 1083196 9469154
stats: connected -733 230
stats: error_connection_closed 0 3619
stats: error_abort_max_send_retries 0 901
stats: 404 306 508
# stats: dump at 1733870686
stats: users 32 3781
stats: {freemem,"tsung_controller@ip-172-31-32-209"} 1 404.0078125 0.0 679.03515625 349.0703125 495.9840198863636 11
stats: {load,"tsung_controller@ip-172-31-32-209"} 1 0.30078125 0.0 0.51171875 0.05078125 0.2471590909090909 11
stats: {cpu,"tsung_controller@ip-172-31-32-209"} 1 6.786427145708583 0.0 45.990566037735846 0.4 14.789771053071554 11
stats: session 189 71781.84293650796 6087.53336223925 86592.317 59.475 27258.371634750925 4115
stats: users_count 0 4336
stats: finish_users_count 189 4304
stats: request 568 15.431146126760567 15.327098882812288 40874.381 1.218 2080.268367843568 32628
stats: page 568 15.431146126760567 15.327098882812288 40874.381 1.218 2080.268367843568 32628
stats: 302 409 4712
stats: error_send_einval 0 288
stats: 200 142 2072
stats: size_rcv 1582684 21086320
stats: newphase 0 9
stats: size_sent 369088 9838242
stats: connected -196 34
stats: error_connection_closed 0 3619
stats: error_abort_max_send_retries 0 901
stats: connect 2 1.746 0.12599999999999995 1023.851 0.66 2.870275891217537 34307
stats: 404 17 525
# stats: dump at 1733870696
stats: users 3 3781
stats: {freemem,"tsung_controller@ip-172-31-32-209"} 1 623.109375 0.0 679.03515625 349.0703125 488.3193359375 12
stats: {load,"tsung_controller@ip-172-31-32-209"} 1 0.26171875 0.0 0.51171875 0.05078125 0.2516276041666667 12
stats: {cpu,"tsung_controller@ip-172-31-32-209"} 1 2.0438683948155534 0.0 45.990566037735846 0.4 14.122825727457974 12
stats: session 29 78357.57993103449 5686.584120099499 89726.601 59.475 29213.514775092954 4304
stats: users_count 0 4336
stats: finish_users_count 29 4333
stats: connect 0 0 0 1023.851 0.66 2.87021035296861 34309
stats: request 74 14.870824324324332 12.948416440127957 40874.381 1.218 2044.9379803892016 33196
stats: page 74 14.870824324324332 12.948416440127957 40874.381 1.218 2044.9379803892016 33196
stats: 302 50 4762
stats: error_send_einval 0 288
stats: 200 24 2096
stats: size_rcv 237439 21323759
stats: newphase 0 9
stats: size_sent 48170 9886412
stats: connected -31 3
stats: error_connection_closed 0 3619
stats: error_abort_max_send_retries 0 901
stats: 404 0 525
# stats: dump at 1733870706
stats: users 0 3781
stats: {freemem,"tsung_controller@ip-172-31-32-209"} 1 636.046875 0.0 679.03515625 349.0703125 498.6878004807692 13
stats: {load,"tsung_controller@ip-172-31-32-209"} 1 0.21875 0.0 0.51171875 0.05078125 0.25240384615384615 13
stats: {cpu,"tsung_controller@ip-172-31-32-209"} 1 0.3498250874562719 0.0 45.990566037735846 0.3498250874562719 13.193675163408557 13
stats: session 3 91724.79966666666 1712.6545550003877 94070.437 59.475 29542.42728132935 4333
stats: users_count 0 4336
stats: finish_users_count 3 4336
stats: connect 0 0 0 1023.851 0.66 2.87021035296861 34309
stats: 302 4 4766
stats: request 6 14.522833333333333 12.143387012645563 40874.381 1.218 2040.4226521791384 33270
stats: error_send_einval 0 288
stats: 200 2 2098
stats: size_rcv 19992 21343751
stats: page 6 14.522833333333333 12.143387012645563 40874.381 1.218 2040.4226521791384 33270
stats: newphase 0 9
stats: size_sent 4520 9890932
stats: connected -3 0
stats: error_connection_closed 0 3619
stats: error_abort_max_send_retries 0 901
stats: 404 0 525
# stats: dump at 1733870708
stats: users 0 3781
stats: {freemem,"tsung_controller@ip-172-31-32-209"} 1 640.5078125 0.0 679.03515625 349.0703125 508.49916294642856 14
stats: {load,"tsung_controller@ip-172-31-32-209"} 1 0.1796875 0.0 0.51171875 0.05078125 0.25 14
stats: {cpu,"tsung_controller@ip-172-31-32-209"} 1 0.10005002501250625 0.0 45.990566037735846 0.10005002501250625 12.276257300840538 14
stats: session 0 0 0 94070.437 59.475 29585.450140452045 4336
stats: users_count 0 4336
stats: finish_users_count 0 4336
stats: 302 0 4766
stats: error_send_einval 0 288
stats: request 0 0 0 40874.381 1.218 2040.0573619124875 33276
stats: 200 0 2098
stats: size_rcv 0 21343751
stats: connect 0 0 0 1023.851 0.66 2.87021035296861 34309
stats: newphase 0 9
stats: size_sent 0 9890932
stats: page 0 0 0 40874.381 1.218 2040.0573619124875 33276
stats: connected 0 0
stats: error_connection_closed 0 3619
stats: error_abort_max_send_retries 0 901
stats: 404 0 525
EndMonitor:{1733,870708,562190}
