# stats: dump at 1733886979
stats: users 9 9
stats: {freemem,"tsung_controller@ip-172-31-6-249"} 1 7466.05859375 0 7466.05859375 7466.05859375 0 0
stats: {cpu,"tsung_controller@ip-172-31-6-249"} 1 4.809862553118627 0 4.809862553118627 4.809862553118627 0 0
stats: {load,"tsung_controller@ip-172-31-6-249"} 1 0.0 0 0.0 0.0 0 0
stats: users_count 9 9
stats: finish_users_count 0 0
stats: request 20 110.52130000000002 191.8620573021409 815.61 10.263 0 0
stats: connect 8 2.1614999999999998 2.2894662587598877 8.184 1.027 0 0
stats: page 20 110.52130000000002 191.8620573021409 815.61 10.263 0 0
stats: 302 5 5
stats: 200 15 15
stats: size_rcv 104881 104881
stats: newphase 1 1
stats: size_sent 9753 9753
stats: connected 8 8
# stats: dump at 1733886989
stats: users 52 52
stats: {freemem,"tsung_controller@ip-172-31-6-249"} 1 7464.796875 0.0 7466.05859375 7464.796875 7466.05859375 1
stats: {cpu,"tsung_controller@ip-172-31-6-249"} 1 0.5489021956087825 0.0 4.809862553118627 0.5489021956087825 4.809862553118627 1
stats: {load,"tsung_controller@ip-172-31-6-249"} 1 0.0 0.0 0.0 0.0 0.0 1
stats: session 1 11994.263 0 11994.263 11994.263 0 0
stats: users_count 44 53
stats: finish_users_count 1 1
stats: request 145 105.99451724137931 157.9148266526372 815.61 5.393 110.52130000000002 20
stats: connect 43 1.380046511627907 0.5577254452284502 8.184 0.91 2.1614999999999998 8
stats: page 145 105.99451724137931 157.9148266526372 815.61 5.393 110.52130000000002 20
stats: 302 48 53
stats: 200 94 109
stats: size_rcv 756849 861730
stats: newphase 2 3
stats: size_sent 74501 84254
stats: connected 42 50
stats: 204 3 3
# stats: dump at 1733886999
stats: users 226 226
stats: {freemem,"tsung_controller@ip-172-31-6-249"} 1 7444.83203125 0.0 7466.05859375 7444.83203125 7465.427734375 2
stats: {cpu,"tsung_controller@ip-172-31-6-249"} 1 1.733531451213472 0.0 4.809862553118627 0.5489021956087825 2.679382374363705 2
stats: {load,"tsung_controller@ip-172-31-6-249"} 1 0.0703125 0.0 0.0703125 0.0 0.0 2
stats: session 6 15575.076166666666 3540.3056848385486 22197.391 11403.219 11994.263 1
stats: users_count 180 233
stats: finish_users_count 6 7
stats: request 494 138.0838279352226 299.83071948531506 2596.085 4.129 106.54321818181819 165
stats: connect 164 1.3695487804878048 0.45749509266831045 8.184 0.746 1.502627450980392 51
stats: page 494 138.0838279352226 299.83071948531506 2596.085 4.129 106.54321818181819 165
stats: 302 127 180
stats: 200 358 467
stats: size_rcv 2803732 3665462
stats: newphase 2 5
stats: size_sent 296458 380712
stats: connected 158 208
stats: 204 9 12
# stats: dump at 1733887009
stats: users 894 894
stats: {freemem,"tsung_controller@ip-172-31-6-249"} 1 7387.3359375 0.0 7466.05859375 7387.3359375 7458.5625 3
stats: {cpu,"tsung_controller@ip-172-31-6-249"} 1 4.817518248175182 0.0 4.817518248175182 0.5489021956087825 2.3640987333136274 3
stats: {load,"tsung_controller@ip-172-31-6-249"} 1 0.140625 0.0 0.140625 0.0 0.0234375 3
stats: session 8 23706.815625000003 7839.684376251985 33070.944 11403.219 15063.531428571428 7
stats: users_count 676 909
stats: finish_users_count 8 15
stats: request 493 2694.1543691683582 2575.1692610631667 9999.154 4.129 130.1867101669195 659
stats: connect 647 1.4799644513137542 1.3233524066720814 16.679 0.589 1.4011162790697675 215
stats: page 493 2694.1543691683582 2575.1692610631667 9999.154 4.129 130.1867101669195 659
stats: 302 134 314
stats: 200 349 816
stats: size_rcv 2657200 6322662
stats: newphase 2 7
stats: size_sent 406256 786968
stats: connected 640 848
stats: 204 10 22
# stats: dump at 1733887019
stats: users 3711 3711
stats: {freemem,"tsung_controller@ip-172-31-6-249"} 1 7306.03515625 0.0 7466.05859375 7306.03515625 7440.755859375 4
stats: {cpu,"tsung_controller@ip-172-31-6-249"} 1 10.571428571428571 0.0 10.571428571428571 0.5489021956087825 2.9774536120290165 4
stats: {load,"tsung_controller@ip-172-31-6-249"} 1 0.109375 0.0 0.140625 0.0 0.052734375 4
stats: session 3 30956.79466666667 2569.565637638954 34575.591 11403.219 19673.283 15
stats: users_count 2820 3729
stats: finish_users_count 3 18
stats: connect 2639 1.3363808260704848 0.9380427141053289 16.679 0.495 1.460298143851507 862
stats: page 2934 1706.118887184728 3157.037951130959 14493.713 0.788 1227.4402309027782 1152
stats: request 2934 1706.118887184728 3157.037951130959 14493.713 0.788 1227.4402309027782 1152
stats: 302 129 443
stats: 200 603 1419
stats: size_rcv 4994808 11317470
stats: newphase 2 9
stats: 502 2191 2191
stats: size_sent 952031 1738999
stats: connected 2635 3483
stats: 204 12 34
# stats: dump at 1733887029
stats: users 4962 5014
stats: {freemem,"tsung_controller@ip-172-31-6-249"} 1 7110.3984375 0.0 7466.05859375 7110.3984375 7413.81171875 5
stats: {cpu,"tsung_controller@ip-172-31-6-249"} 1 30.76580587711487 0.0 30.76580587711487 0.5489021956087825 4.496248603908927 5
stats: {load,"tsung_controller@ip-172-31-6-249"} 1 0.1015625 0.0 0.140625 0.0 0.0640625 5
stats: session 57 20662.5225614035 11658.606572215713 44459.074 5931.942 21553.86827777778 18
stats: users_count 1308 5037
stats: finish_users_count 57 75
stats: connect 1536 1.4825917968749989 1.555483534283633 31.898 0.495 1.3668911739503022 3501
stats: request 13774 491.4183163932056 2569.398593861364 19384.77 0.577 1571.1610281448832 4086
stats: page 13774 491.4183163932056 2569.398593861364 19384.77 0.577 1571.1610281448832 4086
stats: 302 112 555
stats: 200 382 1801
stats: size_rcv 6549835 17867305
stats: newphase 0 9
stats: 502 13280 15471
stats: size_sent 3123975 4862974
stats: connected 1486 4969
stats: 204 1 35
# stats: dump at 1733887039
stats: users 4225 5014
stats: {freemem,"tsung_controller@ip-172-31-6-249"} 1 6861.89453125 0.0 7466.05859375 6861.89453125 7363.242838541667 6
stats: {cpu,"tsung_controller@ip-172-31-6-249"} 1 44.31160817585808 0.0 44.31160817585808 0.5489021956087825 8.874508149443251 6
stats: {load,"tsung_controller@ip-172-31-6-249"} 1 0.1484375 0.0 0.1484375 0.0 0.0703125 6
stats: session 737 19919.26848303932 7685.317982977152 58139.134 5931.942 20876.445533333328 75
stats: users_count 0 5037
stats: finish_users_count 737 812
stats: request 12104 1112.611596166562 4746.210170528888 27155.785 0.507 738.4412010638302 17860
stats: connect 0 0 0 31.898 0.495 1.402173317450865 5037
stats: 302 126 681
stats: page 12104 1112.611596166562 4746.210170528888 27155.785 0.507 738.4412010638302 17860
stats: 200 508 2309
stats: size_rcv 6802681 24669986
stats: newphase 0 9
stats: 502 11469 26940
stats: size_sent 3716205 8579179
stats: connected -718 4251
stats: 204 2 37
# stats: dump at 1733887049
stats: users 3318 5014
stats: {freemem,"tsung_controller@ip-172-31-6-249"} 1 6746.7421875 0.0 7466.05859375 6746.7421875 7291.621651785715 7
stats: {cpu,"tsung_controller@ip-172-31-6-249"} 1 41.277930223441786 0.0 44.31160817585808 0.5489021956087825 13.936951010359655 7
stats: {load,"tsung_controller@ip-172-31-6-249"} 1 0.44140625 0.0 0.44140625 0.0 0.08147321428571429 7
stats: session 907 28121.037705622963 7879.039268731495 62731.596 5931.942 20007.677693349728 812
stats: users_count 0 5037
stats: finish_users_count 907 1719
stats: connect 0 0 0 31.898 0.495 1.402173317450865 5037
stats: page 8376 2251.2219740926444 7804.620187276088 35429.989 0.507 889.5878591309597 29964
stats: request 8376 2251.2219740926444 7804.620187276088 35429.989 0.507 889.5878591309597 29964
stats: 302 142 823
stats: 200 504 2813
stats: size_rcv 5753529 30423515
stats: newphase 0 9
stats: 502 7731 34671
stats: size_sent 3406532 11985711
stats: connected -917 3334
stats: 204 1 38
# stats: dump at 1733887059
stats: users 2914 5014
stats: {freemem,"tsung_controller@ip-172-31-6-249"} 1 6694.62890625 0.0 7466.05859375 6694.62890625 7223.51171875 8
stats: {cpu,"tsung_controller@ip-172-31-6-249"} 1 31.244778613199664 0.0 44.31160817585808 0.5489021956087825 17.35457341199492 8
stats: {load,"tsung_controller@ip-172-31-6-249"} 1 0.53125 0.0 0.53125 0.0 0.12646484375 8
stats: session 404 39968.19799257426 7548.718895684716 73259.977 5931.942 24288.548857475278 1719
stats: users_count 0 5037
stats: finish_users_count 404 2123
stats: request 4915 4983.5969442522955 11525.428973286324 43494.022 0.507 1187.059099269694 38340
stats: connect 0 0 0 31.898 0.495 1.402173317450865 5037
stats: 302 589 1412
stats: page 4915 4983.5969442522955 11525.428973286324 43494.022 0.507 1187.059099269694 38340
stats: 200 177 2990
stats: size_rcv 2932501 33356016
stats: newphase 0 9
stats: 502 4118 38789
stats: size_sent 2442192 14427903
stats: connected -409 2925
stats: 204 1 39
stats: 404 29 29
# stats: dump at 1733887069
stats: users 2575 5014
stats: {freemem,"tsung_controller@ip-172-31-6-249"} 1 6673.4609375 0.0 7466.05859375 6673.4609375 7164.746961805556 9
stats: {cpu,"tsung_controller@ip-172-31-6-249"} 1 22.319474835886215 0.0 44.31160817585808 0.5489021956087825 18.897929545462112 9
stats: {load,"tsung_controller@ip-172-31-6-249"} 1 0.44921875 0.0 0.53125 0.0 0.1714409722222222 9
stats: session 339 49216.51391445427 7045.915890185947 73905.201 5931.942 27272.33512717852 2123
stats: users_count 0 5037
stats: finish_users_count 339 2462
stats: request 3380 11356.986628106511 12726.69280971082 48068.134 0.507 1618.4539324239993 43255
stats: 302 1655 3067
stats: connect 0 0 0 31.898 0.495 1.402173317450865 5037
stats: 200 163 3153
stats: size_rcv 4174152 37530168
stats: page 3380 11356.986628106511 12726.69280971082 48068.134 0.507 1618.4539324239993 43255
stats: newphase 0 9
stats: 502 1311 40100
stats: size_sent 1466875 15894778
stats: connected -341 2584
stats: 204 0 39
stats: 404 251 280
# stats: dump at 1733887079
stats: users 1860 5014
stats: {freemem,"tsung_controller@ip-172-31-6-249"} 1 6656.38671875 0.0 7466.05859375 6656.38671875 7115.618359375 10
stats: {cpu,"tsung_controller@ip-172-31-6-249"} 1 17.55343337880855 0.0 44.31160817585808 0.5489021956087825 19.240084074504523 10
stats: {load,"tsung_controller@ip-172-31-6-249"} 1 0.53125 0.0 0.53125 0.0 0.19921875 10
stats: session 715 60263.58605454542 6836.695778646081 88669.166 5931.942 30293.893457351747 2462
stats: users_count 0 5037
stats: finish_users_count 715 3177
stats: request 5397 4370.920047989625 5867.464772461514 68615.862 0.507 2324.2808973946626 46635
stats: connect 1 2.959 0.0 31.898 0.495 1.402173317450865 5037
stats: page 5397 4370.920047989625 5867.464772461514 68615.862 0.507 2324.2808973946626 46635
stats: 302 3304 6371
stats: 200 602 3755
stats: size_rcv 10564460 48094628
stats: newphase 0 9
stats: 502 902 41002
stats: size_sent 2022939 17917717
stats: connected -703 1881
stats: 204 36 75
stats: 404 552 832
# stats: dump at 1733887089
stats: users 1128 5014
stats: {freemem,"tsung_controller@ip-172-31-6-249"} 1 6645.22265625 0.0 7466.05859375 6645.22265625 7073.870028409091 11
stats: {cpu,"tsung_controller@ip-172-31-6-249"} 1 25.908304498269896 0.0 44.31160817585808 0.5489021956087825 19.08675219307762 11
stats: {load,"tsung_controller@ip-172-31-6-249"} 1 0.44921875 0.0 0.53125 0.0 0.2294034090909091 11
stats: session 732 70454.07757513662 6794.329188727738 100106.753 5931.942 37038.72512464589 3177
stats: users_count 0 5037
stats: finish_users_count 732 3909
stats: request 4351 2414.766069179494 2424.102887892366 71137.81 0.507 2536.5677880727267 52032
stats: connect 1 1.611 0.0 31.898 0.495 1.4024823342596282 5038
stats: 302 2961 9332
stats: page 4351 2414.766069179494 2424.102887892366 71137.81 0.507 2536.5677880727267 52032
stats: 200 678 4433
stats: size_rcv 10725891 58820519
stats: newphase 0 9
stats: 502 9 41011
stats: size_sent 1876650 19794367
stats: connected -729 1152
stats: 204 108 183
stats: 404 592 1424
# stats: dump at 1733887099
stats: users 200 5014
stats: {freemem,"tsung_controller@ip-172-31-6-249"} 1 6744.5546875 0.0 7466.05859375 6645.22265625 7038.1494140625 12
stats: {cpu,"tsung_controller@ip-172-31-6-249"} 1 22.01062887511072 0.0 44.31160817585808 0.5489021956087825 19.655214885176974 12
stats: {load,"tsung_controller@ip-172-31-6-249"} 1 0.53125 0.0 0.53125 0.0 0.24772135416666666 12
stats: session 928 79213.90535452592 5851.357719797211 103280.457 5931.942 43296.08966641085 3909
stats: users_count 0 5037
stats: finish_users_count 928 4837
stats: request 3404 566.3792779083429 1608.2167124807524 84495.657 0.507 2527.168513842826 56383
stats: connect 0 0 0 31.898 0.495 1.4025237150228234 5039
stats: 302 2094 11426
stats: page 3404 566.3792779083429 1608.2167124807524 84495.657 0.507 2527.168513842826 56383
stats: 200 708 5141
stats: size_rcv 9515470 68335989
stats: newphase 0 9
stats: 502 0 41011
stats: size_sent 1660356 21454723
stats: connected -942 210
stats: 204 234 417
stats: 404 367 1791
# stats: dump at 1733887109
stats: users 35 5014
stats: {freemem,"tsung_controller@ip-172-31-6-249"} 1 7079.5859375 0.0 7466.05859375 6645.22265625 7015.565204326923 13
stats: {cpu,"tsung_controller@ip-172-31-6-249"} 1 16.33776961909133 0.0 44.31160817585808 0.5489021956087825 19.83640057671034 13
stats: {load,"tsung_controller@ip-172-31-6-249"} 1 0.44921875 0.0 0.53125 0.0 0.26953125 13
stats: session 165 88270.93295151512 4788.247188761019 103280.457 5931.942 50187.08262869549 4837
stats: users_count 0 5037
stats: finish_users_count 165 5002
stats: request 541 176.24024399260654 3733.1903088553677 86926.034 0.507 2415.530088112802 59787
stats: connect 2 1.266 0.248 31.898 0.495 1.4025237150228234 5039
stats: page 541 176.24024399260654 3733.1903088553677 86926.034 0.507 2415.530088112802 59787
stats: 302 280 11706
stats: 200 169 5310
stats: size_rcv 1864767 70200756
stats: newphase 0 9
stats: 502 0 41011
stats: size_sent 353642 21808365
stats: connected -173 37
stats: 204 66 483
stats: 404 23 1814
# stats: dump at 1733887119
stats: users 1 5014
stats: {freemem,"tsung_controller@ip-172-31-6-249"} 1 7342.7265625 0.0 7466.05859375 6645.22265625 7020.138113839285 14
stats: {cpu,"tsung_controller@ip-172-31-6-249"} 1 2.91646070192783 0.0 44.31160817585808 0.5489021956087825 19.58649836545184 14
stats: {load,"tsung_controller@ip-172-31-6-249"} 1 0.37890625 0.0 0.53125 0.0 0.28236607142857145 14
stats: session 34 97425.53638235293 4908.794104612684 108709.426 5931.942 51443.34718352661 5002
stats: users_count 0 5037
stats: finish_users_count 34 5036
stats: request 113 13.193831858407078 11.449514427932966 86926.034 0.507 2395.44893498873 60328
stats: connect 0 0 0 31.898 0.495 1.4024695496925228 5041
stats: page 113 13.193831858407078 11.449514427932966 86926.034 0.507 2395.44893498873 60328
stats: 302 52 11758
stats: 200 38 5348
stats: size_rcv 425699 70626455
stats: newphase 0 9
stats: 502 0 41011
stats: size_sent 74717 21883082
stats: connected -36 1
stats: 204 19 502
stats: 404 4 1818
# stats: dump at 1733887129
stats: users 0 5014
stats: {freemem,"tsung_controller@ip-172-31-6-249"} 1 7354.83203125 0.0 7466.05859375 6645.22265625 7041.644010416667 15
stats: {cpu,"tsung_controller@ip-172-31-6-249"} 1 0.8470353761833582 0.0 44.31160817585808 0.5489021956087825 18.475162521216905 15
stats: {load,"tsung_controller@ip-172-31-6-249"} 1 0.3203125 0.0 0.53125 0.0 0.28880208333333335 15
stats: session 1 110991.102 0.0 110991.102 5931.942 51753.790875496445 5036
stats: users_count 0 5037
stats: finish_users_count 1 5037
stats: request 3 16.76 14.170922505845084 86926.034 0.507 2390.995090302941 60441
stats: connect 0 0 0 31.898 0.495 1.4024695496925228 5041
stats: page 3 16.76 14.170922505845084 86926.034 0.507 2390.995090302941 60441
stats: 302 1 11759
stats: 200 1 5349
stats: size_rcv 12128 70638583
stats: newphase 0 9
stats: 502 0 41011
stats: size_sent 2182 21885264
stats: connected -1 0
stats: 204 1 503
stats: 404 0 1818
# stats: dump at 1733887139
stats: users 0 5014
stats: {freemem,"tsung_controller@ip-172-31-6-249"} 1 7360.921875 0.0 7466.05859375 6645.22265625 7061.21826171875 16
stats: {cpu,"tsung_controller@ip-172-31-6-249"} 1 0.24962556165751376 0.0 44.31160817585808 0.24962556165751376 17.37340457465231 16
stats: {load,"tsung_controller@ip-172-31-6-249"} 1 0.26953125 0.0 0.53125 0.0 0.290771484375 16
stats: session 0 0 0 110991.102 5931.942 51765.5513105023 5037
stats: users_count 0 5037
stats: finish_users_count 0 5037
stats: request 0 0 0 86926.034 0.507 2390.8772505625057 60444
stats: connect 0 0 0 31.898 0.495 1.4024695496925228 5041
stats: page 0 0 0 86926.034 0.507 2390.8772505625057 60444
stats: 302 0 11759
stats: 200 0 5349
stats: size_rcv 0 70638583
stats: newphase 0 9
stats: 502 0 41011
stats: size_sent 0 21885264
stats: connected 0 0
stats: 204 0 503
stats: 404 0 1818
# stats: dump at 1733887142
stats: users 0 5014
stats: {freemem,"tsung_controller@ip-172-31-6-249"} 1 7363.7109375 0.0 7466.05859375 6645.22265625 7078.847886029412 17
stats: {cpu,"tsung_controller@ip-172-31-6-249"} 1 0.0 0.0 44.31160817585808 0.0 16.36612345624085 17
stats: {load,"tsung_controller@ip-172-31-6-249"} 1 0.23046875 0.0 0.53125 0.0 0.28952205882352944 17
stats: session 0 0 0 110991.102 5931.942 51765.5513105023 5037
stats: users_count 0 5037
stats: finish_users_count 0 5037
stats: request 0 0 0 86926.034 0.507 2390.8772505625057 60444
stats: connect 0 0 0 31.898 0.495 1.4024695496925228 5041
stats: page 0 0 0 86926.034 0.507 2390.8772505625057 60444
stats: 302 0 11759
stats: 200 0 5349
stats: size_rcv 0 70638583
stats: newphase 0 9
stats: 502 0 41011
stats: size_sent 0 21885264
stats: connected 0 0
stats: 204 0 503
stats: 404 0 1818
EndMonitor:{1733,887142,292655}
