# stats: dump at 1733868513
stats: users 15 15
stats: {freemem,"tsung_controller@ip-172-31-34-126"} 1 681.3046875 0 681.3046875 681.3046875 0 0
stats: {load,"tsung_controller@ip-172-31-34-126"} 1 0.0 0 0.0 0.0 0 0
stats: {cpu,"tsung_controller@ip-172-31-34-126"} 1 2.7037070681211963 0 2.7037070681211963 2.7037070681211963 0 0
stats: users_count 15 15
stats: finish_users_count 0 0
stats: request 40 102.37457500000002 134.5716986830603 448.185 7.274 0 0
stats: connect 15 2.192333333333333 2.1844452741040583 10.073 1.105 0 0
stats: page 40 102.37457500000002 134.5716986830603 448.185 7.274 0 0
stats: 302 13 13
stats: 200 27 27
stats: size_rcv 204738 204738
stats: newphase 1 1
stats: size_sent 19105 19105
stats: connected 15 15
# stats: dump at 1733868523
stats: users 66 66
stats: {freemem,"tsung_controller@ip-172-31-34-126"} 1 677.46875 0.0 681.3046875 677.46875 681.3046875 1
stats: {load,"tsung_controller@ip-172-31-34-126"} 1 0.0 0.0 0.0 0.0 0.0 1
stats: {cpu,"tsung_controller@ip-172-31-34-126"} 1 0.499001996007984 0.0 2.7037070681211963 0.499001996007984 2.7037070681211963 1
stats: users_count 51 66
stats: finish_users_count 0 0
stats: request 192 102.52524999999993 177.08891631418754 1292.135 6.893 102.37457500000002 40
stats: connect 49 1.5059999999999996 0.8191691410402695 10.073 1.019 2.192333333333333 15
stats: page 192 102.52524999999993 177.08891631418754 1292.135 6.893 102.37457500000002 40
stats: 302 53 66
stats: 200 136 163
stats: size_rcv 1074526 1279264
stats: newphase 2 3
stats: size_sent 116618 135723
stats: connected 49 64
stats: 204 3 3
# stats: dump at 1733868533
stats: users 261 261
stats: {freemem,"tsung_controller@ip-172-31-34-126"} 1 658.2265625 0.0 681.3046875 658.2265625 679.38671875 2
stats: {load,"tsung_controller@ip-172-31-34-126"} 1 0.0 0.0 0.0 0.0 0.0 2
stats: {cpu,"tsung_controller@ip-172-31-34-126"} 1 1.294820717131474 0.0 2.7037070681211963 0.499001996007984 1.60135453206459 2
stats: session 8 16962.3855 3401.1278025515667 23292.888 13032.71 0 0
stats: users_count 203 269
stats: finish_users_count 8 8
stats: request 261 821.1053333333339 1569.8316621656725 7840.472 6.893 102.49927155172408 232
stats: connect 192 1.6471145833333336 1.2913981672799417 15.818 0.94 1.6668593749999996 64
stats: page 261 821.1053333333339 1569.8316621656725 7840.472 6.893 102.49927155172408 232
stats: 302 70 136
stats: 200 182 345
stats: size_rcv 1422013 2701277
stats: newphase 2 5
stats: size_sent 208044 343767
stats: connected 184 248
stats: 204 9 12
# stats: dump at 1733868543
stats: users 1104 1104
stats: {freemem,"tsung_controller@ip-172-31-34-126"} 1 630.296875 0.0 681.3046875 630.296875 672.3333333333334 3
stats: {load,"tsung_controller@ip-172-31-34-126"} 1 0.0 0.0 0.0 0.0 0.0 3
stats: {cpu,"tsung_controller@ip-172-31-34-126"} 1 3.1909671084928815 0.0 3.1909671084928815 0.499001996007984 1.4991765937535515 3
stats: session 2 26882.466500000002 699.892499999999 27582.359 13032.71 16962.3855 8
stats: users_count 845 1114
stats: finish_users_count 2 10
stats: request 398 6888.983354271361 1542.392962731562 12865.388 6.893 482.9377748478704 493
stats: page 398 6888.983354271361 1542.392962731562 12865.388 6.893 482.9377748478704 493
stats: 302 74 210
stats: connect 811 1.8464414303329222 1.6647993402700745 20.769 0.798 1.65205078125 256
stats: 200 320 665
stats: size_rcv 2283915 4985192
stats: newphase 2 7
stats: size_sent 289121 632888
stats: connected 728 976
stats: 204 4 16
# stats: dump at 1733868554
stats: users 3641 4005
stats: {freemem,"tsung_controller@ip-172-31-34-126"} 1 540.04296875 0.0 681.3046875 540.04296875 661.82421875 4
stats: {load,"tsung_controller@ip-172-31-34-126"} 1 0.0 0.0 0.0 0.0 0.0 4
stats: {cpu,"tsung_controller@ip-172-31-34-126"} 1 10.429447852760736 0.0 10.429447852760736 0.499001996007984 1.9221242224383839 4
stats: session 424 5726.436136792444 6858.430637319392 41582.464 62.172 18946.4017 10
stats: users_count 2961 4075
stats: finish_users_count 424 434
stats: connect 9632 2.139114929401991 2.3597777464064125 34.086 0.633 1.7998022492970946 1067
stats: 302 57 267
stats: error_send_einval 115 115
stats: 200 336 1001
stats: size_rcv 2433010 7418202
stats: newphase 2 9
stats: size_sent 1738311 2371199
stats: connected 48 1024
stats: 204 4 20
stats: error_connection_closed 850 850
stats: error_abort_max_send_retries 70 70
stats: request 8518 460.29278527823334 2142.8101534634893 16453.434 1.162 3344.448594837264 891
stats: page 8518 460.29278527823334 2142.8101534634893 16453.434 1.162 3344.448594837264 891
# stats: dump at 1733868563
stats: users 3053 4005
stats: {freemem,"tsung_controller@ip-172-31-34-126"} 1 364.9765625 0.0 681.3046875 364.9765625 637.46796875 5
stats: {load,"tsung_controller@ip-172-31-34-126"} 1 0.30859375 0.0 0.30859375 0.0 0.0 5
stats: {cpu,"tsung_controller@ip-172-31-34-126"} 1 48.842592592592595 0.0 48.842592592592595 0.499001996007984 3.6235889485028543 5
stats: session 874 8722.237440503424 7946.86085901927 46501.283 62.172 6031.043638248839 434
stats: users_count 286 4361
stats: finish_users_count 874 1308
stats: request 9076 458.44397653150816 2777.81329137196 22515.812 1.148 733.4124394728444 9409
stats: connect 13801 7.690208100862283 11.014364161772932 69.817 0.607 2.105275633236749 10699
stats: page 9076 458.44397653150816 2777.81329137196 22515.812 1.148 733.4124394728444 9409
stats: 302 54 321
stats: error_send_einval 160 275
stats: 200 188 1189
stats: size_rcv 1387469 8805671
stats: newphase 0 9
stats: size_sent 2146026 4517225
stats: connected 0 1024
stats: 204 1 21
stats: error_connection_closed 3501 4351
stats: error_abort_max_send_retries 1063 1133
# stats: dump at 1733868573
stats: users 2268 4005
stats: {freemem,"tsung_controller@ip-172-31-34-126"} 1 335.21484375 0.0 681.3046875 335.21484375 592.052734375 6
stats: {load,"tsung_controller@ip-172-31-34-126"} 1 0.26953125 0.0 0.30859375 0.0 0.051432291666666664 6
stats: {cpu,"tsung_controller@ip-172-31-34-126"} 1 43.339500462534694 0.0 48.842592592592595 0.499001996007984 11.160089555851144 6
stats: session 785 21715.25245350316 7019.478367054218 60233.399 62.172 7829.2878149847 1308
stats: users_count 0 4361
stats: finish_users_count 785 2093
stats: request 8202 848.1888723482057 4608.380473186218 30542.141 1.148 598.4049323235034 18485
stats: page 8202 848.1888723482057 4608.380473186218 30542.141 1.148 598.4049323235034 18485
stats: connect 8322 1.4272387647200189 1.122888844862085 69.817 0.607 5.2513022857143 24500
stats: 302 68 389
stats: error_send_einval 44 319
stats: 200 200 1389
stats: size_rcv 1426972 10232643
stats: newphase 0 9
stats: size_sent 2291457 6808682
stats: connected 0 1024
stats: 204 2 23
stats: error_connection_closed 72 4423
stats: error_abort_max_send_retries 4 1137
# stats: dump at 1733868583
stats: users 1611 4005
stats: {freemem,"tsung_controller@ip-172-31-34-126"} 1 311.16015625 0.0 681.3046875 311.16015625 555.3616071428571 7
stats: {load,"tsung_controller@ip-172-31-34-126"} 1 0.30078125 0.0 0.30859375 0.0 0.08258928571428571 7
stats: {cpu,"tsung_controller@ip-172-31-34-126"} 1 33.77049180327869 0.0 48.842592592592595 0.499001996007984 15.757148256805936 7
stats: session 657 31290.745482496175 8118.273222849242 64704.399 62.172 13037.353864309587 2093
stats: users_count 0 4361
stats: finish_users_count 657 2750
stats: request 4607 1627.744527241155 7271.595795633256 39083.126 1.148 675.1736914977308 26687
stats: 302 83 472
stats: connect 4675 1.475748021390374 1.1990667006257651 69.817 0.607 4.281713088781925 32822
stats: error_send_einval 22 341
stats: 200 136 1525
stats: page 4607 1627.744527241155 7271.595795633256 39083.126 1.148 675.1736914977308 26687
stats: size_rcv 1020322 11252965
stats: newphase 0 9
stats: size_sent 1755966 8564648
stats: connected -2 1022
stats: 204 1 24
stats: error_connection_closed 46 4469
stats: error_abort_max_send_retries 3 1140
# stats: dump at 1733868593
stats: users 1393 4005
stats: {freemem,"tsung_controller@ip-172-31-34-126"} 1 319.09375 0.0 681.3046875 311.16015625 524.83642578125 8
stats: {load,"tsung_controller@ip-172-31-34-126"} 1 0.48828125 0.0 0.48828125 0.0 0.10986328125 8
stats: {cpu,"tsung_controller@ip-172-31-34-126"} 1 22.80130293159609 0.0 48.842592592592595 0.499001996007984 18.008816200115028 8
stats: session 218 42751.297408256876 8546.137656707471 69396.669 62.172 17398.255061818167 2750
stats: users_count 0 4361
stats: finish_users_count 218 2968
stats: connect 2361 1.7434087251164765 1.366976339526469 69.817 0.607 3.931874789983208 37497
stats: page 2307 4666.977481577798 12655.416121872706 45921.807 1.148 815.4080444174584 31294
stats: request 2307 4666.977481577798 12655.416121872706 45921.807 1.148 815.4080444174584 31294
stats: 302 201 673
stats: error_send_einval 33 374
stats: 200 75 1600
stats: size_rcv 669585 11922550
stats: newphase 0 9
stats: size_sent 1125461 9690109
stats: connected 1 1023
stats: 204 0 24
stats: error_connection_closed 22 4491
stats: error_abort_max_send_retries 1 1141
stats: 404 1 1
# stats: dump at 1733868603
stats: users 1255 4005
stats: {freemem,"tsung_controller@ip-172-31-34-126"} 1 314.51953125 0.0 681.3046875 311.16015625 501.97612847222223 9
stats: {load,"tsung_controller@ip-172-31-34-126"} 1 0.5 0.0 0.5 0.0 0.1519097222222222 9
stats: {cpu,"tsung_controller@ip-172-31-34-126"} 1 16.84931506849315 0.0 48.842592592592595 0.499001996007984 18.541314725835147 9
stats: session 138 53901.62602898548 6498.687922064561 72545.633 62.172 19260.439439016158 2968
stats: users_count 0 4361
stats: finish_users_count 138 3106
stats: request 1539 16956.627757634855 15148.62072081331 47163.999 0.563 1079.851682747535 33601
stats: page 1539 16956.627757634855 15148.62072081331 47163.999 0.563 1079.851682747535 33601
stats: connect 1524 1.9045498687664013 2.575321916682888 69.817 0.607 3.8022403783431264 39858
stats: 302 815 1488
stats: error_send_einval 3 377
stats: 200 53 1653
stats: size_rcv 1558299 13480849
stats: newphase 0 9
stats: size_sent 628179 10318288
stats: connected -10 1013
stats: 204 0 24
stats: error_connection_closed 0 4491
stats: error_abort_max_send_retries 0 1141
stats: 404 111 112
# stats: dump at 1733868613
stats: users 844 4005
stats: {freemem,"tsung_controller@ip-172-31-34-126"} 1 316.66796875 0.0 681.3046875 311.16015625 483.23046875 10
stats: {load,"tsung_controller@ip-172-31-34-126"} 1 0.73828125 0.0 0.73828125 0.0 0.18671875 10
stats: {cpu,"tsung_controller@ip-172-31-34-126"} 1 14.63191586648377 0.0 48.842592592592595 0.499001996007984 18.37211476010095 10
stats: session 411 64760.85572506086 7791.830307268197 91959.466 62.172 20799.55204346425 3106
stats: users_count 0 4361
stats: finish_users_count 411 3517
stats: connect 572 1.5024947552447563 1.125805275881784 69.817 0.607 3.7323529795563366 41382
stats: page 3029 3763.214442060058 4127.298860930701 47163.999 0.563 1775.1948352589632 35140
stats: 302 2212 3700
stats: request 3029 3763.214442060058 4127.298860930701 47163.999 0.563 1775.1948352589632 35140
stats: error_send_einval 0 377
stats: 200 465 2118
stats: size_rcv 6990989 20471838
stats: newphase 0 9
stats: size_sent 976091 11294379
stats: connected -159 854
stats: 204 27 51
stats: error_connection_closed 0 4491
stats: error_abort_max_send_retries 0 1141
stats: 404 323 435
# stats: dump at 1733868623
stats: users 228 4005
stats: {freemem,"tsung_controller@ip-172-31-34-126"} 1 302.9375 0.0 681.3046875 302.9375 468.08842329545456 11
stats: {load,"tsung_controller@ip-172-31-34-126"} 1 0.62890625 0.0 0.73828125 0.0 0.23686079545454544 11
stats: {cpu,"tsung_controller@ip-172-31-34-126"} 1 15.363257751041184 0.0 48.842592592592595 0.499001996007984 18.032096678863024 11
stats: session 616 72802.25051623376 6708.826431825833 96460.991 62.172 25936.91224054591 3517
stats: users_count 0 4361
stats: finish_users_count 616 4133
stats: request 2956 133.83502672530489 181.90468388842672 47163.999 0.563 1932.959287798996 38169
stats: connect 6 1.585333333333333 0.5750816367168134 69.817 0.607 3.7019511369595346 41954
stats: page 2956 133.83502672530489 181.90468388842672 47163.999 0.563 1932.959287798996 38169
stats: 302 1944 5644
stats: error_send_einval 0 377
stats: 200 500 2618
stats: size_rcv 7436820 27908658
stats: newphase 0 9
stats: size_sent 1314527 12608906
stats: connected -622 232
stats: 204 129 180
stats: error_connection_closed 0 4491
stats: error_abort_max_send_retries 0 1141
stats: 404 383 818
# stats: dump at 1733868633
stats: users 32 4005
stats: {freemem,"tsung_controller@ip-172-31-34-126"} 1 391.63671875 0.0 681.3046875 302.9375 454.3258463541667 12
stats: {load,"tsung_controller@ip-172-31-34-126"} 1 0.53125 0.0 0.73828125 0.0 0.26953125 12
stats: {cpu,"tsung_controller@ip-172-31-34-126"} 1 10.904761904761905 0.0 48.842592592592595 0.499001996007984 17.809693434877868 12
stats: session 196 81445.19615306123 6596.452080717616 98452.521 62.172 32921.92273602709 4133
stats: users_count 0 4361
stats: finish_users_count 196 4329
stats: request 657 21.188515981735144 26.146591123434742 47163.999 0.563 1803.6410795136749 41125
stats: connect 1 3.237 0.0 69.817 0.607 3.7016484747378526 41960
stats: page 657 21.188515981735144 26.146591123434742 47163.999 0.563 1803.6410795136749 41125
stats: 302 351 5995
stats: error_send_einval 0 377
stats: 200 184 2802
stats: size_rcv 2138889 30047547
stats: newphase 0 9
stats: size_sent 391702 13000608
stats: connected -199 33
stats: 204 76 256
stats: error_connection_closed 0 4491
stats: error_abort_max_send_retries 0 1141
stats: 404 46 864
# stats: dump at 1733868643
stats: users 1 4005
stats: {freemem,"tsung_controller@ip-172-31-34-126"} 1 549.9140625 0.0 681.3046875 302.9375 449.5036057692308 13
stats: {load,"tsung_controller@ip-172-31-34-126"} 1 0.44921875 0.0 0.73828125 0.0 0.28966346153846156 13
stats: {cpu,"tsung_controller@ip-172-31-34-126"} 1 3.8649706457925634 0.0 48.842592592592595 0.499001996007984 17.278544855638177 13
stats: session 31 90196.08696774194 5766.480431557705 104081.528 62.172 35118.864660198655 4329
stats: users_count 0 4361
stats: finish_users_count 31 4360
stats: request 83 19.688939759036153 19.995786278010904 47163.999 0.563 1775.6129493561793 41782
stats: connect 0 0 0 69.817 0.607 3.701637401396542 41961
stats: page 83 19.688939759036153 19.995786278010904 47163.999 0.563 1775.6129493561793 41782
stats: 302 37 6032
stats: error_send_einval 0 377
stats: 200 32 2834
stats: size_rcv 339270 30386817
stats: newphase 0 9
stats: size_sent 57311 13057919
stats: connected -32 1
stats: 204 14 270
stats: error_connection_closed 0 4491
stats: error_abort_max_send_retries 0 1141
stats: 404 0 864
# stats: dump at 1733868653
stats: users 0 4005
stats: {freemem,"tsung_controller@ip-172-31-34-126"} 1 571.46484375 0.0 681.3046875 302.9375 456.67578125 14
stats: {load,"tsung_controller@ip-172-31-34-126"} 1 0.37890625 0.0 0.73828125 0.0 0.30106026785714285 14
stats: {cpu,"tsung_controller@ip-172-31-34-126"} 1 0.448654037886341 0.0 48.842592592592595 0.448654037886341 16.320432412077775 14
stats: session 1 110543.04 0.0 110543.04 62.172 35510.46876376146 4360
stats: users_count 0 4361
stats: finish_users_count 1 4361
stats: request 8 19.487500000000004 13.285904240961546 47163.999 0.563 1772.1317193837306 41865
stats: connect 0 0 0 69.817 0.607 3.701637401396542 41961
stats: page 8 19.487500000000004 13.285904240961546 47163.999 0.563 1772.1317193837306 41865
stats: 302 3 6035
stats: error_send_einval 0 377
stats: 200 4 2838
stats: size_rcv 35978 30422795
stats: newphase 0 9
stats: size_sent 5987 13063906
stats: connected -1 0
stats: 204 1 271
stats: error_connection_closed 0 4491
stats: error_abort_max_send_retries 0 1141
stats: 404 0 864
# stats: dump at 1733868655
stats: users 0 4005
stats: {freemem,"tsung_controller@ip-172-31-34-126"} 1 585.0859375 0.0 681.3046875 302.9375 464.32838541666666 15
stats: {load,"tsung_controller@ip-172-31-34-126"} 1 0.3203125 0.0 0.73828125 0.0 0.30625 15
stats: {cpu,"tsung_controller@ip-172-31-34-126"} 1 0.3988035892323031 0.0 48.842592592592595 0.3988035892323031 15.262313853798345 15
stats: session 0 0 0 110543.04 62.172 35527.674122907585 4361
stats: users_count 0 4361
stats: finish_users_count 0 4361
stats: request 0 0 0 47163.999 0.563 1771.7968698684087 41873
stats: connect 0 0 0 69.817 0.607 3.701637401396542 41961
stats: page 0 0 0 47163.999 0.563 1771.7968698684087 41873
stats: 302 0 6035
stats: error_send_einval 0 377
stats: 200 0 2838
stats: size_rcv 0 30422795
stats: newphase 0 9
stats: size_sent 0 13063906
stats: connected 0 0
stats: 204 0 271
stats: error_connection_closed 0 4491
stats: error_abort_max_send_retries 0 1141
stats: 404 0 864
EndMonitor:{1733,868655,663817}
