# stats: dump at 1733374826
stats: users 5 5
stats: {load,"tsung_controller@ip-172-31-42-147"} 1 0.0703125 0 0.0703125 0.0703125 0 0
stats: {cpu,"tsung_controller@ip-172-31-42-147"} 1 2.565229478244521 0 2.565229478244521 2.565229478244521 0 0
stats: {freemem,"tsung_controller@ip-172-31-42-147"} 1 667.3515625 0 667.3515625 667.3515625 0 0
stats: users_count 5 5
stats: finish_users_count 0 0
stats: 302 4 4
stats: request 15 242.48740000000004 254.68241655148998 707.827 8.688 0 0
stats: 200 11 11
stats: size_rcv 126193 126193
stats: connect 5 2.7478 1.9354570932986348 6.543 1.494 0 0
stats: size_sent 7786 7786
stats: connected 5 5
stats: page 15 242.48740000000004 254.68241655148998 707.827 8.688 0 0
# stats: dump at 1733374860
stats: users 11 11
stats: {load,"tsung_controller@ip-172-31-42-147"} 1 0.0390625 0 0.0390625 0.0390625 0 0
stats: {cpu,"tsung_controller@ip-172-31-42-147"} 1 2.556735100893475 0 2.556735100893475 2.556735100893475 0 0
stats: {freemem,"tsung_controller@ip-172-31-42-147"} 1 667.140625 0 667.140625 667.140625 0 0
stats: users_count 11 11
stats: finish_users_count 0 0
stats: request 41 218.930512195122 265.00510896300426 751.113 7.259 0 0
stats: connect 11 2.5571818181818182 1.1831181312095147 4.998 1.534 0 0
stats: page 41 218.930512195122 265.00510896300426 751.113 7.259 0 0
stats: 302 13 13
stats: 200 28 28
stats: size_rcv 306802 306802
stats: newphase 1 1
stats: size_sent 21584 21584
stats: connected 11 11
# stats: dump at 1733374870
stats: users 62 62
stats: {load,"tsung_controller@ip-172-31-42-147"} 1 0.03125 0.0 0.0390625 0.03125 0.0390625 1
stats: {cpu,"tsung_controller@ip-172-31-42-147"} 1 0.5497251374312844 0.0 2.556735100893475 0.5497251374312844 2.556735100893475 1
stats: {freemem,"tsung_controller@ip-172-31-42-147"} 1 663.33203125 0.0 667.140625 663.33203125 667.140625 1
stats: session 1 12587.747 0 12587.747 12587.747 0 0
stats: users_count 52 63
stats: finish_users_count 1 1
stats: request 117 449.05801709401703 691.0372145133049 2762.719 7.259 218.930512195122 41
stats: connect 49 2.1480204081632657 1.4321200139225008 8.469 1.285 2.5571818181818182 11
stats: page 117 449.05801709401703 691.0372145133049 2762.719 7.259 218.930512195122 41
stats: 302 31 44
stats: 200 80 108
stats: 303 3 3
stats: size_rcv 742420 1049222
stats: newphase 2 3
stats: size_sent 66753 88337
stats: connected 48 59
stats: 500 3 3
# stats: dump at 1733374880
stats: users 236 236
stats: {load,"tsung_controller@ip-172-31-42-147"} 1 0.1015625 0.0 0.1015625 0.03125 0.03515625 2
stats: {cpu,"tsung_controller@ip-172-31-42-147"} 1 2.293120638085743 0.0 2.556735100893475 0.5497251374312844 1.5532301191623796 2
stats: {freemem,"tsung_controller@ip-172-31-42-147"} 1 648.9140625 0.0 667.140625 648.9140625 665.236328125 2
stats: session 1 20904.408 0.0 20904.408 12587.747 12587.747 1
stats: users_count 175 238
stats: finish_users_count 1 2
stats: page 146 2517.6725890410953 2782.741360295699 9539.007 7.259 389.34138607594934 158
stats: request 146 2517.6725890410953 2782.741360295699 9539.007 7.259 389.34138607594934 158
stats: connect 168 2.1420059523809547 1.314843008449804 15.204 1.285 2.2230333333333334 60
stats: 302 39 83
stats: 200 102 210
stats: 303 2 5
stats: size_rcv 713151 1762373
stats: newphase 2 5
stats: size_sent 105378 193715
stats: connected 167 226
stats: 500 3 6
# stats: dump at 1733374890
stats: users 956 956
stats: {load,"tsung_controller@ip-172-31-42-147"} 1 0.078125 0.0 0.1015625 0.03125 0.057291666666666664 3
stats: {cpu,"tsung_controller@ip-172-31-42-147"} 1 1.6040100250626566 0.0 2.556735100893475 0.5497251374312844 1.7998602921368339 3
stats: {freemem,"tsung_controller@ip-172-31-42-147"} 1 630.22265625 0.0 667.140625 630.22265625 659.7955729166666 3
stats: session 0 0 0 20904.408 12587.747 16746.0775 2
stats: users_count 720 958
stats: finish_users_count 0 2
stats: 302 47 130
stats: request 207 7500.373144927536 2709.8158508404244 14131.181 7.259 1411.5004506578946 304
stats: 200 160 370
stats: 303 0 5
stats: connect 688 2.141068313953493 1.7293429496442763 21.317 0.984 2.1633289473684227 228
stats: size_rcv 1140085 2902458
stats: page 207 7500.373144927536 2709.8158508404244 14131.181 7.259 1411.5004506578946 304
stats: newphase 2 7
stats: size_sent 193460 387175
stats: connected 688 914
stats: 500 0 6
# stats: dump at 1733374900
stats: users 3819 3819
stats: {load,"tsung_controller@ip-172-31-42-147"} 1 0.0703125 0.0 0.1015625 0.03125 0.0625 4
stats: {cpu,"tsung_controller@ip-172-31-42-147"} 1 4.611528822055138 0.0 4.611528822055138 0.5497251374312844 1.7508977253682896 4
stats: {freemem,"tsung_controller@ip-172-31-42-147"} 1 575.15625 0.0 667.140625 575.15625 652.40234375 4
stats: session 3 18225.946666666667 15668.282085750614 40383.567 6997.166 16746.0775 2
stats: users_count 2866 3824
stats: finish_users_count 3 5
stats: request 6796 406.5406462625079 2225.3954254168452 20387.526 1.478 3878.0300939334634 511
stats: connect 6983 1.9870382357153085 1.471946782005042 23.08 0.799 2.146609170305681 916
stats: page 6796 406.5406462625079 2225.3954254168452 20387.526 1.478 3878.0300939334634 511
stats: 302 45 175
stats: error_send_einval 16 16
stats: 200 181 551
stats: 303 0 5
stats: size_rcv 1040301 3942759
stats: newphase 2 9
stats: size_sent 1183790 1570965
stats: connected 110 1024
stats: error_connection_closed 36 36
stats: 500 0 6
# stats: dump at 1733374910
stats: users 3557 4374
stats: {load,"tsung_controller@ip-172-31-42-147"} 1 0.140625 0.0 0.140625 0.03125 0.0640625 5
stats: {cpu,"tsung_controller@ip-172-31-42-147"} 1 39.14473684210527 0.0 39.14473684210527 0.5497251374312844 2.323023944705659 5
stats: {freemem,"tsung_controller@ip-172-31-42-147"} 1 421.33984375 0.0 667.140625 421.33984375 636.953125 5
stats: session 952 8355.764957983185 8135.027352813361 54374.474 60.055 17633.999 5
stats: users_count 690 4514
stats: finish_users_count 952 957
stats: request 12593 346.7380404192793 2641.9066282965714 27208.468 1.478 649.3121130422886 7307
stats: connect 16711 4.518209442881923 14.613149448602472 1025.924 0.799 2.0055427269274597 7899
stats: page 12593 346.7380404192793 2641.9066282965714 27208.468 1.478 649.3121130422886 7307
stats: 302 39 214
stats: error_send_einval 184 200
stats: 200 172 723
stats: 303 1 6
stats: size_rcv 1176855 5119614
stats: newphase 0 9
stats: size_sent 2355281 3926246
stats: connected 2 1026
stats: error_connection_closed 3130 3166
stats: error_abort_max_send_retries 803 803
stats: 500 0 6
# stats: dump at 1733374920
stats: users 2626 4374
stats: {load,"tsung_controller@ip-172-31-42-147"} 1 0.3515625 0.0 0.3515625 0.03125 0.07682291666666667 6
stats: {cpu,"tsung_controller@ip-172-31-42-147"} 1 52.291861552853135 0.0 52.291861552853135 0.5497251374312844 8.45997609427226 6
stats: {freemem,"tsung_controller@ip-172-31-42-147"} 1 389.86328125 0.0 667.140625 389.86328125 601.017578125 6
stats: session 931 20387.481621911895 6317.497981117674 54374.474 60.055 8404.240579937295 957
stats: users_count 0 4514
stats: finish_users_count 931 1888
stats: connect 10572 2.1014814604616086 1.8135650284733484 1025.924 0.789 3.7117261275904028 24610
stats: page 10372 963.899196297723 5046.057810571076 34182.112 1.462 457.83898256281344 19900
stats: request 10372 963.899196297723 5046.057810571076 34182.112 1.462 457.83898256281344 19900
stats: 302 45 259
stats: error_send_einval 68 268
stats: 200 320 1043
stats: 303 0 6
stats: size_rcv 1746597 6866211
stats: newphase 0 9
stats: size_sent 2461454 6387700
stats: connected -4 1022
stats: error_connection_closed 133 3299
stats: error_abort_max_send_retries 5 808
stats: 500 0 6
# stats: dump at 1733374930
stats: users 1796 4374
stats: {load,"tsung_controller@ip-172-31-42-147"} 1 0.44140625 0.0 0.44140625 0.03125 0.11607142857142858 7
stats: {cpu,"tsung_controller@ip-172-31-42-147"} 1 40.843806104129264 0.0 52.291861552853135 0.5497251374312844 14.72167401692667 7
stats: {freemem,"tsung_controller@ip-172-31-42-147"} 1 364.46484375 0.0 667.140625 364.46484375 570.8526785714286 7
stats: session 830 28727.968373493954 7296.170542318703 69632.383 60.055 14313.349377648286 1888
stats: users_count 0 4514
stats: finish_users_count 830 2718
stats: request 5834 1581.0374777168306 7110.301328626266 41012.416 1.462 631.2287994516375 30272
stats: 302 43 302
stats: connect 5913 2.1340113309656763 1.7630821048414373 1025.924 0.789 3.227856346995621 35182
stats: page 5834 1581.0374777168306 7110.301328626266 41012.416 1.462 631.2287994516375 30272
stats: error_send_einval 28 296
stats: 200 232 1275
stats: 303 0 6
stats: size_rcv 1300711 8166922
stats: newphase 0 9
stats: size_sent 1972195 8359895
stats: connected 1 1023
stats: error_connection_closed 49 3348
stats: error_abort_max_send_retries 3 811
stats: 500 0 6
# stats: dump at 1733374940
stats: users 1484 4374
stats: {load,"tsung_controller@ip-172-31-42-147"} 1 0.53125 0.0 0.53125 0.03125 0.15673828125 8
stats: {cpu,"tsung_controller@ip-172-31-42-147"} 1 28.247048138056314 0.0 52.291861552853135 0.5497251374312844 17.986940527826995 8
stats: {freemem,"tsung_controller@ip-172-31-42-147"} 1 359.69140625 0.0 667.140625 359.69140625 545.05419921875 8
stats: session 312 43039.99254166667 9880.191602648123 72683.995 60.055 18715.164597130224 2718
stats: users_count 0 4514
stats: finish_users_count 312 3030
stats: connect 2931 2.1056550665301983 1.404456389135687 1025.924 0.789 3.0704672344567463 41095
stats: request 2882 3069.241699514222 10166.02025360044 47015.285 1.462 784.6986889159685 36106
stats: page 2882 3069.241699514222 10166.02025360044 47015.285 1.462 784.6986889159685 36106
stats: 302 164 466
stats: error_send_einval 19 315
stats: 200 75 1350
stats: 303 0 6
stats: size_rcv 721646 8888568
stats: newphase 0 9
stats: size_sent 1359925 9719820
stats: connected -2 1021
stats: error_connection_closed 36 3384
stats: error_abort_max_send_retries 0 811
stats: 500 0 6
stats: 404 4 4
# stats: dump at 1733374950
stats: users 1271 4374
stats: {load,"tsung_controller@ip-172-31-42-147"} 1 0.58984375 0.0 0.58984375 0.03125 0.19835069444444445 9
stats: {cpu,"tsung_controller@ip-172-31-42-147"} 1 17.26078799249531 0.0 52.291861552853135 0.5497251374312844 19.12695248451914 9
stats: {freemem,"tsung_controller@ip-172-31-42-147"} 1 359.71875 0.0 667.140625 359.69140625 524.4583333333334 9
stats: session 213 51116.63235680747 6367.7466992818 73020.803 60.055 21219.89935577556 3030
stats: users_count 0 4514
stats: finish_users_count 213 3243
stats: request 1760 13402.131585227284 13598.980194019485 47877.706 0.453 953.5725207756219 38988
stats: connect 1767 2.0534086021505327 1.4276746701452456 1025.924 0.789 3.0062355426338985 44026
stats: page 1760 13402.131585227284 13598.980194019485 47877.706 0.453 953.5725207756219 38988
stats: 302 825 1291
stats: error_send_einval 7 322
stats: 200 29 1379
stats: 303 0 6
stats: size_rcv 1309097 10197665
stats: newphase 0 9
stats: size_sent 659721 10379541
stats: connected -4 1017
stats: error_connection_closed 12 3396
stats: error_abort_max_send_retries 0 811
stats: 500 0 6
stats: 404 115 119
# stats: dump at 1733374960
stats: users 1135 4374
stats: {load,"tsung_controller@ip-172-31-42-147"} 1 0.5 0.0 0.58984375 0.03125 0.2375 10
stats: {cpu,"tsung_controller@ip-172-31-42-147"} 1 14.500234631628345 0.0 52.291861552853135 0.5497251374312844 18.940336035316754 10
stats: {freemem,"tsung_controller@ip-172-31-42-147"} 1 359.671875 0.0 667.140625 359.671875 507.984375 10
stats: session 136 61768.755066176476 7066.113828384874 90218.278 60.055 23183.514566759153 3243
stats: users_count 0 4514
stats: finish_users_count 136 3379
stats: request 1194 8943.381484087116 5804.855032235841 47877.706 0.453 1491.254467213114 40748
stats: connect 1015 1.9417310344827592 1.0804012078955125 1025.924 0.789 2.9694691109994977 45793
stats: page 1194 8943.381484087116 5804.855032235841 47877.706 0.453 1491.254467213114 40748
stats: 302 852 2143
stats: error_send_einval 3 325
stats: 200 36 1415
stats: 303 0 6
stats: size_rcv 1807866 12005531
stats: newphase 0 9
stats: size_sent 471153 10850694
stats: connected -15 1002
stats: error_connection_closed 1 3397
stats: error_abort_max_send_retries 0 811
stats: 500 3 9
stats: 404 143 262
# stats: dump at 1733374970
stats: users 1060 4374
stats: {load,"tsung_controller@ip-172-31-42-147"} 1 0.421875 0.0 0.58984375 0.03125 0.26136363636363635 11
stats: {cpu,"tsung_controller@ip-172-31-42-147"} 1 10.483091787439614 0.0 52.291861552853135 0.5497251374312844 18.536690453163263 11
stats: {freemem,"tsung_controller@ip-172-31-42-147"} 1 355.11328125 0.0 667.140625 355.11328125 494.50142045454544 11
stats: session 75 72109.45814666667 7399.581225889974 99150.276 60.055 24736.516255992876 3379
stats: users_count 0 4514
stats: finish_users_count 75 3454
stats: request 534 10803.701451310866 6327.526269629247 47877.706 0.453 1703.4007563301698 41942
stats: 302 314 2457
stats: error_send_einval 4 329
stats: connect 507 2.038834319526625 1.086473333271888 1025.924 0.789 2.947183301999658 46808
stats: 200 54 1469
stats: 303 2 8
stats: page 534 10803.701451310866 6327.526269629247 47877.706 0.453 1703.4007563301698 41942
stats: size_rcv 2200927 14206458
stats: newphase 0 9
stats: size_sent 218927 11069621
stats: connected -24 978
stats: error_connection_closed 0 3397
stats: error_abort_max_send_retries 0 811
stats: 500 10 19
stats: 404 52 314
# stats: dump at 1733374980
stats: users 972 4374
stats: {load,"tsung_controller@ip-172-31-42-147"} 1 0.359375 0.0 0.58984375 0.03125 0.2747395833333333 12
stats: {cpu,"tsung_controller@ip-172-31-42-147"} 1 6.96078431372549 0.0 52.291861552853135 0.5497251374312844 17.865557231019626 12
stats: {freemem,"tsung_controller@ip-172-31-42-147"} 1 351.45703125 0.0 667.140625 351.45703125 482.8857421875 12
stats: session 88 80911.0097613636 8961.365933084753 118856.659 60.055 25765.170176606814 3454
stats: users_count 0 4514
stats: finish_users_count 88 3542
stats: request 673 15905.199148588417 1947.1001065886155 47877.706 0.453 1817.8079644269703 42476
stats: connect 150 1.9549 1.2422353977138687 1025.924 0.789 2.9374499630138438 47315
stats: page 673 15905.199148588417 1947.1001065886155 47877.706 0.453 1817.8079644269703 42476
stats: 302 513 2970
stats: error_send_einval 0 329
stats: 200 46 1515
stats: 303 5 13
stats: size_rcv 2254592 16461050
stats: newphase 0 9
stats: size_sent 225314 11294935
stats: connected -7 971
stats: error_connection_closed 0 3397
stats: error_abort_max_send_retries 0 811
stats: 500 8 27
stats: 404 101 415
# stats: dump at 1733374990
stats: users 780 4374
stats: {load,"tsung_controller@ip-172-31-42-147"} 1 0.51953125 0.0 0.58984375 0.03125 0.28125 13
stats: {cpu,"tsung_controller@ip-172-31-42-147"} 1 2.2954091816367264 0.0 52.291861552853135 0.5497251374312844 17.026728545073926 13
stats: {freemem,"tsung_controller@ip-172-31-42-147"} 1 344.0625 0.0 667.140625 344.0625 472.77584134615387 13
stats: session 192 92252.09746874998 8102.995901623073 123207.303 60.055 27135.253147656673 3542
stats: users_count 0 4514
stats: finish_users_count 192 3734
stats: request 1126 11173.576248667856 5041.063652226332 47877.706 0.453 2037.5306524832556 43149
stats: connect 3 2.5176666666666665 0.9010883542817664 1025.924 0.789 2.9343448857052565 47465
stats: page 1126 11173.576248667856 5041.063652226332 47877.706 0.453 2037.5306524832556 43149
stats: 302 790 3760
stats: error_send_einval 0 329
stats: 200 117 1632
stats: 303 18 31
stats: size_rcv 3715241 20176291
stats: newphase 0 9
stats: size_sent 367368 11662303
stats: connected -189 782
stats: error_connection_closed 0 3397
stats: error_abort_max_send_retries 0 811
stats: 500 9 36
stats: 404 192 607
# stats: dump at 1733375000
stats: users 608 4374
stats: {load,"tsung_controller@ip-172-31-42-147"} 1 0.44140625 0.0 0.58984375 0.03125 0.2982700892857143 14
stats: {cpu,"tsung_controller@ip-172-31-42-147"} 1 4.341391218549581 0.0 52.291861552853135 0.5497251374312844 15.974491447685555 14
stats: {freemem,"tsung_controller@ip-172-31-42-147"} 1 365.8203125 0.0 667.140625 344.0625 463.58203125 14
stats: session 172 100721.68584883718 6547.239887976806 130548.314 60.055 30483.521521960345 3734
stats: users_count 0 4514
stats: finish_users_count 172 3906
stats: request 755 7475.919262251649 4883.139217421193 47877.706 0.453 2269.8781926595143 44275
stats: connect 0 0 0 1025.924 0.789 2.9343185514451844 47468
stats: page 755 7475.919262251649 4883.139217421193 47877.706 0.453 2269.8781926595143 44275
stats: 302 562 4322
stats: error_send_einval 0 329
stats: 200 62 1694
stats: 303 7 38
stats: size_rcv 2738689 22914980
stats: newphase 0 9
stats: size_sent 299658 11961961
stats: connected -169 613
stats: error_connection_closed 0 3397
stats: error_abort_max_send_retries 0 811
stats: 500 14 50
stats: 404 110 717
# stats: dump at 1733375010
stats: users 444 4374
stats: {load,"tsung_controller@ip-172-31-42-147"} 1 0.37109375 0.0 0.58984375 0.03125 0.3078125 15
stats: {cpu,"tsung_controller@ip-172-31-42-147"} 1 2.780536246276067 0.0 52.291861552853135 0.5497251374312844 15.198951432409823 15
stats: {freemem,"tsung_controller@ip-172-31-42-147"} 1 364.859375 0.0 667.140625 344.0625 457.06458333333336 15
stats: session 164 111740.81860975617 8041.164264798843 141426.173 60.055 33576.44632078851 3906
stats: users_count 0 4514
stats: finish_users_count 164 4070
stats: request 605 7599.566042975201 3361.7328613069308 47877.706 0.453 2357.1658010881633 45030
stats: connect 0 0 0 1025.924 0.789 2.9343185514451844 47468
stats: page 605 7599.566042975201 3361.7328613069308 47877.706 0.453 2357.1658010881633 45030
stats: 302 405 4727
stats: error_send_einval 0 329
stats: 200 67 1761
stats: 303 15 53
stats: size_rcv 2930614 25845594
stats: newphase 0 9
stats: size_sent 232290 12194251
stats: connected -166 447
stats: error_connection_closed 0 3397
stats: error_abort_max_send_retries 0 811
stats: 500 18 68
stats: 404 100 817
# stats: dump at 1733375020
stats: users 264 4374
stats: {load,"tsung_controller@ip-172-31-42-147"} 1 0.3203125 0.0 0.58984375 0.03125 0.311767578125 16
stats: {cpu,"tsung_controller@ip-172-31-42-147"} 1 1.8509254627313656 0.0 52.291861552853135 0.5497251374312844 14.422800483276463 16
stats: {freemem,"tsung_controller@ip-172-31-42-147"} 1 419.1796875 0.0 667.140625 344.0625 451.3017578125 16
stats: session 180 123964.77869444442 8287.044651012831 157521.179 60.055 36726.067218918906 4070
stats: users_count 0 4514
stats: finish_users_count 180 4250
stats: request 550 7525.027529090912 4352.626933178998 47877.706 0.453 2426.6662315985536 45635
stats: connect 0 0 0 1025.924 0.789 2.9343185514451844 47468
stats: page 550 7525.027529090912 4352.626933178998 47877.706 0.453 2426.6662315985536 45635
stats: 302 365 5092
stats: error_send_einval 0 329
stats: 200 78 1839
stats: 303 18 71
stats: size_rcv 3227809 29073403
stats: newphase 0 9
stats: size_sent 209678 12403929
stats: connected -183 264
stats: error_connection_closed 0 3397
stats: error_abort_max_send_retries 0 811
stats: 500 18 86
stats: 404 71 888
# stats: dump at 1733375030
stats: users 151 4374
stats: {load,"tsung_controller@ip-172-31-42-147"} 1 0.26953125 0.0 0.58984375 0.03125 0.3122702205882353 17
stats: {cpu,"tsung_controller@ip-172-31-42-147"} 1 1.6983016983016983 0.0 52.291861552853135 0.5497251374312844 13.6832784232444 17
stats: {freemem,"tsung_controller@ip-172-31-42-147"} 1 473.53125 0.0 667.140625 344.0625 449.41222426470586 17
stats: session 113 132218.36265486717 6681.244419349003 157521.179 60.055 40420.88323435293 4250
stats: users_count 0 4514
stats: finish_users_count 113 4363
stats: request 409 4895.584136919323 5984.902452394704 47877.706 0.453 2487.380721446357 46185
stats: connect 0 0 0 1025.924 0.789 2.9343185514451844 47468
stats: page 409 4895.584136919323 5984.902452394704 47877.706 0.453 2487.380721446357 46185
stats: 302 211 5303
stats: error_send_einval 0 329
stats: 200 82 1921
stats: 303 48 119
stats: size_rcv 3127493 32200896
stats: newphase 0 9
stats: size_sent 198920 12602849
stats: connected -113 151
stats: error_connection_closed 0 3397
stats: error_abort_max_send_retries 0 811
stats: 500 55 141
stats: 404 13 901
# stats: dump at 1733375040
stats: users 104 4374
stats: {load,"tsung_controller@ip-172-31-42-147"} 1 0.23046875 0.0 0.58984375 0.03125 0.3098958333333333 18
stats: {cpu,"tsung_controller@ip-172-31-42-147"} 1 1.694915254237288 0.0 52.291861552853135 0.5497251374312844 13.017446382969803 18
stats: {freemem,"tsung_controller@ip-172-31-42-147"} 1 481.8984375 0.0 667.140625 344.0625 450.7521701388889 18
stats: session 47 151611.5292978723 9560.708634918321 169014.551 60.055 42798.40218336006 4363
stats: users_count 0 4514
stats: finish_users_count 47 4410
stats: request 231 4752.954281385284 6044.182821191468 47877.706 0.453 2508.5198208353004 46594
stats: connect 0 0 0 1025.924 0.789 2.9343185514451844 47468
stats: page 231 4752.954281385284 6044.182821191468 47877.706 0.453 2508.5198208353004 46594
stats: 302 73 5376
stats: error_send_einval 0 329
stats: 200 66 1987
stats: 303 53 172
stats: size_rcv 2872348 35073244
stats: newphase 0 9
stats: size_sent 142844 12745693
stats: connected -45 106
stats: error_connection_closed 0 3397
stats: error_abort_max_send_retries 0 811
stats: 500 39 180
stats: 404 0 901
# stats: dump at 1733375050
stats: users 59 4374
stats: {load,"tsung_controller@ip-172-31-42-147"} 1 0.19140625 0.0 0.58984375 0.03125 0.30571546052631576 19
stats: {cpu,"tsung_controller@ip-172-31-42-147"} 1 1.046337817638266 0.0 52.291861552853135 0.5497251374312844 12.421523691983882 19
stats: {freemem,"tsung_controller@ip-172-31-42-147"} 1 491.25 0.0 667.140625 344.0625 452.39144736842104 19
stats: session 45 155526.16051111108 8530.83968520264 185239.313 60.055 43958.08857210883 4410
stats: users_count 0 4514
stats: finish_users_count 45 4455
stats: request 121 6257.442561983471 6791.060408933967 47877.706 0.453 2519.592204399359 46825
stats: connect 0 0 0 1025.924 0.789 2.9343185514451844 47468
stats: page 121 6257.442561983471 6791.060408933967 47877.706 0.453 2519.592204399359 46825
stats: 302 49 5425
stats: error_send_einval 0 329
stats: 200 48 2035
stats: 303 17 189
stats: size_rcv 2323909 37397153
stats: newphase 0 9
stats: size_sent 66093 12811786
stats: connected -46 60
stats: error_connection_closed 0 3397
stats: error_abort_max_send_retries 0 811
stats: 500 7 187
stats: 404 0 901
# stats: dump at 1733375058
stats: users 0 4374
stats: {load,"tsung_controller@ip-172-31-42-147"} 1 0.16015625 0.0 0.58984375 0.03125 0.29999999999999993 20
stats: {cpu,"tsung_controller@ip-172-31-42-147"} 1 0.6503251625812907 0.0 52.291861552853135 0.5497251374312844 11.8527643982666 20
stats: {freemem,"tsung_controller@ip-172-31-42-147"} 1 525.21484375 0.0 667.140625 344.0625 454.334375 20
stats: session 59 159920.4986101695 5809.992217634785 185239.313 60.055 45085.038793714906 4455
stats: users_count 0 4514
stats: finish_users_count 59 4514
stats: request 111 4922.060549549551 5661.239668846773 47877.706 0.453 2529.2262497550373 46946
stats: connect 0 0 0 1025.924 0.789 2.9343185514451844 47468
stats: page 111 4922.060549549551 5661.239668846773 47877.706 0.453 2529.2262497550373 46946
stats: 302 60 5485
stats: error_send_einval 0 329
stats: 200 51 2086
stats: 303 0 189
stats: size_rcv 2354510 39751663
stats: newphase 0 9
stats: size_sent 44606 12856392
stats: connected -60 0
stats: error_connection_closed 0 3397
stats: error_abort_max_send_retries 0 811
stats: 500 0 187
stats: 404 0 901
EndMonitor:{1733,375058,284375}
