# stats: dump at 1733371032
stats: users 5 5
stats: {load,"tsung_controller@ip-172-31-42-147"} 1 0.0 0 0.0 0.0 0 0
stats: {cpu,"tsung_controller@ip-172-31-42-147"} 1 2.2020431328036323 0 2.2020431328036323 2.2020431328036323 0 0
stats: {freemem,"tsung_controller@ip-172-31-42-147"} 1 681.36328125 0 681.36328125 681.36328125 0 0
stats: users_count 5 5
stats: finish_users_count 0 0
stats: request 24 106.05804166666668 123.88464274527036 372.128 7.077 0 0
stats: connect 5 2.3236000000000003 1.3377021492096064 4.997 1.595 0 0
stats: page 23 110.67508695652177 125.05869626522444 372.128 7.077 0 0
stats: 302 9 9
stats: 200 15 15
stats: size_rcv 91857 91857
stats: newphase 1 1
stats: size_sent 13342 13342
stats: connected 5 5
# stats: dump at 1733371042
stats: users 44 44
stats: {load,"tsung_controller@ip-172-31-42-147"} 1 0.0 0.0 0.0 0.0 0.0 1
stats: {cpu,"tsung_controller@ip-172-31-42-147"} 1 0.5483549351944167 0.0 2.2020431328036323 0.5483549351944167 2.2020431328036323 1
stats: {freemem,"tsung_controller@ip-172-31-42-147"} 1 680.69140625 0.0 681.36328125 680.69140625 681.36328125 1
stats: session 3 13455.778 2070.794173597334 16374.68 11790.679 0 0
stats: users_count 42 47
stats: finish_users_count 3 3
stats: request 123 105.5377154471545 167.63305221117486 910.888 4.931 106.05804166666668 24
stats: page 117 110.9580085470086 170.65650846859677 910.888 4.931 110.67508695652177 23
stats: connect 38 2.049894736842105 1.1705217188001362 7.725 1.317 2.3236000000000003 5
stats: 302 41 50
stats: 200 76 91
stats: 303 6 6
stats: size_rcv 452957 544814
stats: newphase 2 3
stats: size_sent 72613 85955
stats: connected 35 40
# stats: dump at 1733371052
stats: users 241 241
stats: {load,"tsung_controller@ip-172-31-42-147"} 1 0.0 0.0 0.0 0.0 0.0 2
stats: {cpu,"tsung_controller@ip-172-31-42-147"} 1 2.8784119106699753 0.0 2.8784119106699753 0.5483549351944167 1.3751990339990245 2
stats: {freemem,"tsung_controller@ip-172-31-42-147"} 1 667.5546875 0.0 681.36328125 667.5546875 681.02734375 2
stats: session 3 18392.89 4134.701965319468 22127.235 11790.679 13455.778 3
stats: users_count 200 247
stats: finish_users_count 3 6
stats: request 174 1377.23841954023 1842.3126416740427 7590.783 4.931 105.62266666666669 147
stats: connect 192 2.074802083333333 1.6729328607754481 21.607 1.155 2.0817209302325583 43
stats: page 165 1377.1454666666673 1856.519911111989 7590.783 4.931 110.91152857142862 140
stats: 302 42 92
stats: 200 130 221
stats: 303 2 8
stats: size_rcv 715545 1260359
stats: newphase 2 5
stats: size_sent 130020 215975
stats: connected 189 229
# stats: dump at 1733371062
stats: users 1008 1008
stats: {load,"tsung_controller@ip-172-31-42-147"} 1 0.078125 0.0 0.078125 0.0 0.0 3
stats: {cpu,"tsung_controller@ip-172-31-42-147"} 1 5.617977528089887 0.0 5.617977528089887 0.5483549351944167 1.8762699928893414 3
stats: {freemem,"tsung_controller@ip-172-31-42-147"} 1 647.44140625 0.0 681.36328125 647.44140625 676.5364583333334 3
stats: session 1 21986.816 0.0 22127.235 11790.679 15924.334 6
stats: users_count 768 1015
stats: finish_users_count 1 7
stats: request 294 6252.558683673474 2247.2594122118776 12699.949 4.931 794.909710280374 321
stats: page 291 6300.56199312715 2269.614691470255 12699.949 4.931 795.9233311475413 305
stats: 302 72 164
stats: 200 222 443
stats: 303 0 8
stats: size_rcv 1113156 2373515
stats: newphase 2 7
stats: size_sent 240690 456665
stats: connected 729 958
stats: connect 730 1.9579219178082183 1.2966418219582139 21.607 1.084 2.076068085106383 235
# stats: dump at 1733371072
stats: users 4035 4035
stats: {load,"tsung_controller@ip-172-31-42-147"} 1 0.0703125 0.0 0.078125 0.0 0.01953125 4
stats: {cpu,"tsung_controller@ip-172-31-42-147"} 1 9.15593705293276 0.0 9.15593705293276 0.5483549351944167 2.811696876689478 4
stats: {freemem,"tsung_controller@ip-172-31-42-147"} 1 590.7265625 0.0 681.36328125 590.7265625 669.2626953125 4
stats: session 71 6701.440704225352 8740.277614968592 37069.498 89.568 16790.402857142857 7
stats: users_count 3098 4113
stats: finish_users_count 71 78
stats: connect 8661 2.329375938113388 2.2666473982778608 21.607 0.794 1.986693264248704 965
stats: page 7828 291.8246501021956 1819.8364884777438 16693.323 1.49 3483.5908657718137 596
stats: request 8015 286.2676969432286 1802.3874530367043 16693.323 1.49 3403.9321463414653 615
stats: 302 44 208
stats: error_send_einval 29 29
stats: 200 160 603
stats: 303 0 8
stats: size_rcv 881045 3254560
stats: newphase 2 9
stats: size_sent 1368896 1825561
stats: connected 65 1023
stats: error_connection_closed 450 450
stats: error_abort_max_send_retries 61 61
# stats: dump at 1733371082
stats: users 3385 4780
stats: {load,"tsung_controller@ip-172-31-42-147"} 1 0.21875 0.0 0.21875 0.0 0.0296875 5
stats: {cpu,"tsung_controller@ip-172-31-42-147"} 1 45.02788104089219 0.0 45.02788104089219 0.5483549351944167 4.0805449119381345 5
stats: {freemem,"tsung_controller@ip-172-31-42-147"} 1 430.57421875 0.0 681.36328125 430.57421875 653.55546875 5
stats: session 1425 12085.42083508772 6237.808064707762 43411.224 89.568 7606.860384615386 78
stats: users_count 775 4888
stats: finish_users_count 1425 1503
stats: request 16493 218.9030247377675 2056.5253983905136 25209.948 1.434 508.4419305909592 8630
stats: connect 22079 4.576524072648226 11.00006601692418 1031.432 0.768 2.2950222314564774 9626
stats: page 14830 242.96712703978358 2169.152029034869 27446.55 1.434 517.6428676400745 8424
stats: 302 53 261
stats: error_send_einval 259 288
stats: 200 129 732
stats: 303 0 8
stats: size_rcv 680262 3934822
stats: newphase 0 9
stats: size_sent 2996256 4821817
stats: connected 0 1023
stats: error_connection_closed 4229 4679
stats: error_abort_max_send_retries 1102 1163
# stats: dump at 1733371092
stats: users 2409 4780
stats: {load,"tsung_controller@ip-172-31-42-147"} 1 0.48828125 0.0 0.48828125 0.0 0.061197916666666664 6
stats: {cpu,"tsung_controller@ip-172-31-42-147"} 1 65.02347417840375 0.0 65.02347417840375 0.5483549351944167 10.905100933430477 6
stats: {freemem,"tsung_controller@ip-172-31-42-147"} 1 366.08984375 0.0 681.36328125 366.08984375 616.3919270833334 6
stats: session 976 19616.854822745892 6046.567421974909 52441.8 89.568 11853.000532268796 1503
stats: users_count 0 4888
stats: finish_users_count 976 2479
stats: connect 10537 1.86288801366612 1.417723215400001 1031.432 0.768 3.8838340640277633 31705
stats: request 10324 1296.5702788647857 5839.363286305372 32240.873 1.434 318.36251434940004 25123
stats: page 9200 1452.9466213043459 6165.405858621294 34033.836 1.434 342.4712312290349 23254
stats: 302 67 328
stats: error_send_einval 47 335
stats: 200 415 1147
stats: 303 3 11
stats: size_rcv 1913896 5848718
stats: newphase 0 9
stats: size_sent 2516317 7338134
stats: connected -1 1022
stats: error_connection_closed 158 4837
stats: error_abort_max_send_retries 13 1176
# stats: dump at 1733371102
stats: users 1769 4780
stats: {load,"tsung_controller@ip-172-31-42-147"} 1 0.5703125 0.0 0.5703125 0.0 0.12220982142857142 7
stats: {cpu,"tsung_controller@ip-172-31-42-147"} 1 41.92835028748341 0.0 65.02347417840375 0.5483549351944167 18.636297111283803 7
stats: {freemem,"tsung_controller@ip-172-31-42-147"} 1 357.6484375 0.0 681.36328125 357.6484375 580.6344866071429 7
stats: session 640 29270.084139062517 7886.056775263409 62653.824 89.568 14909.685400161352 2479
stats: users_count 0 4888
stats: finish_users_count 640 3119
stats: page 4896 1970.3409370914992 7682.305112160102 42132.201 1.434 657.2667445307192 32454
stats: request 5325 1826.4760065727653 7406.514883180923 39378.838 1.434 603.2672160408505 35447
stats: connect 5375 1.7666831627906998 1.1370079911708078 1031.432 0.768 3.379721840821934 42242
stats: 302 100 428
stats: error_send_einval 20 355
stats: 200 206 1353
stats: 303 0 11
stats: size_rcv 1044732 6893450
stats: newphase 0 9
stats: size_sent 2015651 9353785
stats: connected 1 1023
stats: error_connection_closed 32 4869
stats: error_abort_max_send_retries 2 1178
# stats: dump at 1733371112
stats: users 1414 4780
stats: {load,"tsung_controller@ip-172-31-42-147"} 1 0.7890625 0.0 0.7890625 0.0 0.17822265625 8
stats: {cpu,"tsung_controller@ip-172-31-42-147"} 1 26.900584795321635 0.0 65.02347417840375 0.5483549351944167 21.547803758308753 8
stats: {freemem,"tsung_controller@ip-172-31-42-147"} 1 356.828125 0.0 681.36328125 356.828125 552.76123046875 8
stats: session 355 41106.15256619723 7149.699223360596 69421.472 89.568 17856.352663033023 3119
stats: users_count 0 4888
stats: finish_users_count 355 3474
stats: request 3180 6178.743799999977 10142.819718434252 40568.572 0.283 763.0235882958893 40772
stats: connect 3104 1.7421343427835025 1.0475558004013885 1031.432 0.768 3.19764227061764 47617
stats: page 2849 6404.290513513525 10371.799494028483 47257.903 1.434 829.3902049531443 37350
stats: 302 702 1130
stats: error_send_einval 11 366
stats: 200 27 1380
stats: 303 0 11
stats: size_rcv 1713398 8606848
stats: newphase 0 9
stats: size_sent 1296802 10650587
stats: connected -7 1016
stats: error_connection_closed 14 4883
stats: error_abort_max_send_retries 0 1178
stats: 404 211 211
# stats: dump at 1733371122
stats: users 1148 4780
stats: {load,"tsung_controller@ip-172-31-42-147"} 1 0.671875 0.0 0.7890625 0.0 0.24609375 9
stats: {cpu,"tsung_controller@ip-172-31-42-147"} 1 19.498607242339833 0.0 65.02347417840375 0.5483549351944167 22.14255720686574 9
stats: {freemem,"tsung_controller@ip-172-31-42-147"} 1 358.47265625 0.0 681.36328125 356.828125 530.9908854166666 9
stats: session 266 51310.91693984961 7706.947567950658 78862.151 89.568 20232.195773459993 3474
stats: users_count 0 4888
stats: finish_users_count 266 3740
stats: request 1995 6510.783294235582 4667.761456813373 40568.572 0.283 1154.8599159537662 43952
stats: page 1807 7728.498819037079 6801.3208629264045 47257.903 1.434 1224.4968240005965 40199
stats: 302 1096 2226
stats: error_send_einval 4 370
stats: 200 70 1450
stats: 303 1 12
stats: size_rcv 3535892 12142740
stats: newphase 0 9
stats: size_sent 773875 11424462
stats: connected -19 997
stats: error_connection_closed 5 4888
stats: error_abort_max_send_retries 1 1179
stats: 404 420 631
stats: connect 1383 2.033811279826461 1.4891219883783533 1031.432 0.768 3.108568778218098 50721
# stats: dump at 1733371132
stats: users 905 4780
stats: {load,"tsung_controller@ip-172-31-42-147"} 1 0.640625 0.0 0.7890625 0.0 0.288671875 10
stats: {cpu,"tsung_controller@ip-172-31-42-147"} 1 12.564705882352941 0.0 65.02347417840375 0.5483549351944167 21.878162210413148 10
stats: {freemem,"tsung_controller@ip-172-31-42-147"} 1 348.53515625 0.0 681.36328125 348.53515625 513.7390625 10
stats: session 243 61776.80988477367 7451.203779129302 90296.469 89.568 22442.60749278075 3740
stats: users_count 0 4888
stats: finish_users_count 243 3983
stats: connect 412 1.9657936893203884 1.2175821930187265 1031.432 0.768 3.0800414171656714 52104
stats: page 1325 6766.713610566043 2689.448226793359 47257.903 1.434 1504.2837974098932 42006
stats: request 1437 6071.235290883789 1608.9805946326526 40568.572 0.283 1387.4119245652582 45947
stats: 302 934 3160
stats: error_send_einval 0 370
stats: 200 117 1567
stats: 303 2 14
stats: size_rcv 3916472 16059212
stats: newphase 0 9
stats: size_sent 543327 11967789
stats: connected -94 903
stats: error_connection_closed 0 4888
stats: error_abort_max_send_retries 0 1179
stats: 404 383 1014
# stats: dump at 1733371142
stats: users 698 4780
stats: {load,"tsung_controller@ip-172-31-42-147"} 1 0.62109375 0.0 0.7890625 0.0 0.32066761363636365 11
stats: {cpu,"tsung_controller@ip-172-31-42-147"} 1 8.11073336571151 0.0 65.02347417840375 0.5483549351944167 21.031484362407674 11
stats: {freemem,"tsung_controller@ip-172-31-42-147"} 1 330.19140625 0.0 681.36328125 330.19140625 498.7205255681818 11
stats: session 207 70907.0891545894 6825.189072455352 91216.513 89.568 24842.35923299021 3983
stats: users_count 0 4888
stats: finish_users_count 207 4190
stats: 302 648 3808
stats: request 1082 5430.0593225508255 2222.473053998576 40568.572 0.283 1529.4567957749437 47384
stats: error_send_einval 0 370
stats: 200 113 1680
stats: connect 10 3.3418 3.877347387067607 1031.432 0.768 3.071299889557471 52516
stats: 303 11 25
stats: size_rcv 3315938 19375150
stats: page 1027 5688.49330477118 2442.166324741533 47257.903 1.434 1665.2013737970503 43331
stats: newphase 0 9
stats: size_sent 459499 12427288
stats: connected -203 700
stats: error_connection_closed 0 4888
stats: error_abort_max_send_retries 0 1179
stats: 404 310 1324
# stats: dump at 1733371152
stats: users 565 4780
stats: {load,"tsung_controller@ip-172-31-42-147"} 1 0.53125 0.0 0.7890625 0.0 0.345703125 12
stats: {cpu,"tsung_controller@ip-172-31-42-147"} 1 5.749385749385749 0.0 65.02347417840375 0.5483549351944167 19.954755112682992 12
stats: {freemem,"tsung_controller@ip-172-31-42-147"} 1 322.546875 0.0 681.36328125 322.546875 484.6764322916667 12
stats: session 133 82759.26406766917 7836.772138566137 117210.301 89.568 27118.110806682576 4190
stats: users_count 0 4888
stats: finish_users_count 133 4323
stats: request 639 8147.1218215962435 2752.309486684769 40568.572 0.283 1616.5374695250262 48466
stats: page 608 8361.616447368431 3388.8189826147554 47257.903 1.434 1758.3507676631043 44358
stats: connect 0 0 0 1031.432 0.768 3.0713513878840986 52526
stats: 302 366 4174
stats: error_send_einval 0 370
stats: 200 65 1745
stats: 303 20 45
stats: size_rcv 2338772 21713922
stats: newphase 0 9
stats: size_sent 273733 12701021
stats: connected -132 568
stats: error_connection_closed 0 4888
stats: error_abort_max_send_retries 0 1179
stats: 404 188 1512
# stats: dump at 1733371162
stats: users 451 4780
stats: {load,"tsung_controller@ip-172-31-42-147"} 1 0.51953125 0.0 0.7890625 0.0 0.35997596153846156 13
stats: {cpu,"tsung_controller@ip-172-31-42-147"} 1 3.4739454094292808 0.0 65.02347417840375 0.5483549351944167 18.862034392429358 13
stats: {freemem,"tsung_controller@ip-172-31-42-147"} 1 326.2109375 0.0 681.36328125 322.546875 472.20492788461536 13
stats: session 114 93283.8244298246 7352.780015209125 117210.301 89.568 28829.948276891046 4323
stats: users_count 0 4888
stats: finish_users_count 114 4437
stats: request 472 9356.512423728813 3569.4739330480656 40568.572 0.283 1701.5195161796134 49105
stats: connect 0 0 0 1031.432 0.768 3.0713513878840986 52526
stats: page 453 10175.245735099332 5226.687793924032 47257.903 1.434 1847.6356836721077 44966
stats: 302 290 4464
stats: error_send_einval 0 370
stats: 200 60 1805
stats: 303 11 56
stats: size_rcv 1859149 23573071
stats: newphase 0 9
stats: size_sent 202013 12903034
stats: connected -115 453
stats: error_connection_closed 0 4888
stats: error_abort_max_send_retries 0 1179
stats: 404 111 1623
# stats: dump at 1733371172
stats: users 273 4780
stats: {load,"tsung_controller@ip-172-31-42-147"} 1 0.44140625 0.0 0.7890625 0.0 0.37137276785714285 14
stats: {cpu,"tsung_controller@ip-172-31-42-147"} 1 4.251112209589718 0.0 65.02347417840375 0.5483549351944167 17.762885179357927 14
stats: {freemem,"tsung_controller@ip-172-31-42-147"} 1 323.53125 0.0 681.36328125 322.546875 461.7767857142857 14
stats: session 178 104066.5697303371 7614.495582979059 125584.695 89.568 30485.96402659455 4437
stats: users_count 0 4888
stats: finish_users_count 178 4615
stats: connect 0 0 0 1031.432 0.768 3.0713513878840986 52526
stats: page 515 8697.383240776702 5546.1001094304365 47257.903 1.434 1930.693596732645 45419
stats: 302 357 4821
stats: error_send_einval 0 370
stats: 200 75 1880
stats: request 541 8096.954846580391 4122.777540315746 40568.572 0.283 1774.3992114488556 49577
stats: 303 22 78
stats: size_rcv 1851942 25425013
stats: newphase 0 9
stats: size_sent 198039 13101073
stats: connected -178 275
stats: error_connection_closed 0 4888
stats: error_abort_max_send_retries 0 1179
stats: 404 87 1710
# stats: dump at 1733371182
stats: users 157 4780
stats: {load,"tsung_controller@ip-172-31-42-147"} 1 0.37109375 0.0 0.7890625 0.0 0.37604166666666666 15
stats: {cpu,"tsung_controller@ip-172-31-42-147"} 1 3.3906633906633905 0.0 65.02347417840375 0.5483549351944167 16.862100314706712 15
stats: {freemem,"tsung_controller@ip-172-31-42-147"} 1 343.19140625 0.0 681.36328125 322.546875 452.56041666666664 15
stats: session 116 114308.0012844828 8195.487647481195 137910.004 89.568 33323.95921950163 4615
stats: users_count 0 4888
stats: finish_users_count 116 4731
stats: request 375 5942.815136000004 6522.62481662756 40568.572 0.283 1842.648195817868 50118
stats: connect 0 0 0 1031.432 0.768 3.0713513878840986 52526
stats: page 353 6243.629189801698 7171.780318411548 47257.903 1.434 2006.5599520834242 45934
stats: 302 238 5059
stats: error_send_einval 0 370
stats: 200 73 1953
stats: 303 49 127
stats: size_rcv 1553454 26978467
stats: newphase 0 9
stats: size_sent 182775 13283848
stats: connected -118 157
stats: error_connection_closed 0 4888
stats: error_abort_max_send_retries 0 1179
stats: 404 15 1725
# stats: dump at 1733371192
stats: users 136 4780
stats: {load,"tsung_controller@ip-172-31-42-147"} 1 0.30859375 0.0 0.7890625 0.0 0.375732421875 16
stats: {cpu,"tsung_controller@ip-172-31-42-147"} 1 2.180376610505451 0.0 65.02347417840375 0.5483549351944167 16.020135506954006 16
stats: {freemem,"tsung_controller@ip-172-31-42-147"} 1 463.5625 0.0 681.36328125 322.546875 445.724853515625 16
stats: session 21 128199.49042857143 10564.299746320705 147303.227 89.568 35309.61740583387 4731
stats: users_count 0 4888
stats: finish_users_count 21 4752
stats: request 124 9483.558217741938 8322.092755088803 40568.572 0.283 1873.0992009585468 50493
stats: connect 0 0 0 1031.432 0.768 3.0713513878840986 52526
stats: page 114 11362.105192982459 9938.48375591733 47257.903 1.434 2038.8732461166203 46287
stats: 302 49 5108
stats: error_send_einval 0 370
stats: 200 52 2005
stats: 303 23 150
stats: size_rcv 1144632 28123099
stats: newphase 0 9
stats: size_sent 88375 13372223
stats: connected -21 136
stats: error_connection_closed 0 4888
stats: error_abort_max_send_retries 0 1179
stats: 404 0 1725
# stats: dump at 1733371202
stats: users 84 4780
stats: {load,"tsung_controller@ip-172-31-42-147"} 1 0.26171875 0.0 0.7890625 0.0 0.3717830882352941 17
stats: {cpu,"tsung_controller@ip-172-31-42-147"} 1 0.6993006993006993 0.0 65.02347417840375 0.5483549351944167 15.206032042457032 17
stats: {freemem,"tsung_controller@ip-172-31-42-147"} 1 494.97265625 0.0 681.36328125 322.546875 446.7741268382353 17
stats: session 52 136807.28061538463 8084.256006654609 152511.514 89.568 35720.11558207072 4752
stats: users_count 0 4888
stats: finish_users_count 52 4804
stats: request 177 5590.527429378532 7225.048343127233 40568.572 0.283 1891.74307392773 50617
stats: connect 0 0 0 1031.432 0.768 3.0713513878840986 52526
stats: page 176 6123.048511363636 7889.1994040199015 47257.903 1.434 2061.778968879981 46401
stats: 302 86 5194
stats: error_send_einval 0 370
stats: 200 55 2060
stats: 303 36 186
stats: size_rcv 1335130 29458229
stats: newphase 0 9
stats: size_sent 103329 13475552
stats: connected -52 84
stats: error_connection_closed 0 4888
stats: error_abort_max_send_retries 0 1179
stats: 404 0 1725
# stats: dump at 1733371212
stats: users 78 4780
stats: {load,"tsung_controller@ip-172-31-42-147"} 1 0.21875 0.0 0.7890625 0.0 0.3656684027777778 18
stats: {cpu,"tsung_controller@ip-172-31-42-147"} 1 1.2431626056688214 0.0 65.02347417840375 0.5483549351944167 14.40010252339279 18
stats: {freemem,"tsung_controller@ip-172-31-42-147"} 1 513.890625 0.0 681.36328125 322.546875 449.4518229166667 18
stats: session 6 148705.72916666666 7527.493056605592 157759.318 89.568 36814.31470399668 4804
stats: users_count 0 4888
stats: finish_users_count 6 4810
stats: request 18 18227.232166666665 8829.593099310576 40568.572 0.283 1904.6320929243593 50794
stats: connect 0 0 0 1031.432 0.768 3.0713513878840986 52526
stats: page 18 18227.232166666665 8829.593099310576 47257.903 1.434 2077.125243639565 46577
stats: 302 5 5199
stats: error_send_einval 0 370
stats: 200 10 2070
stats: 303 3 189
stats: size_rcv 277147 29735376
stats: newphase 0 9
stats: size_sent 11540 13487092
stats: connected -5 79
stats: error_connection_closed 0 4888
stats: error_abort_max_send_retries 0 1179
stats: 404 0 1725
# stats: dump at 1733371222
stats: users 2 4780
stats: {load,"tsung_controller@ip-172-31-42-147"} 1 0.19140625 0.0 0.7890625 0.0 0.3579358552631579 19
stats: {cpu,"tsung_controller@ip-172-31-42-147"} 1 0.29985007496251875 0.0 65.02347417840375 0.29985007496251875 13.707632001407319 19
stats: {freemem,"tsung_controller@ip-172-31-42-147"} 1 523.25 0.0 681.36328125 322.546875 452.8433388157895 19
stats: session 76 153943.11914473688 5584.842770033044 163989.613 89.568 36953.8881939709 4810
stats: users_count 0 4888
stats: finish_users_count 76 4886
stats: request 147 10545.928775510205 11406.916158665821 40568.572 0.283 1910.414325493976 50812
stats: connect 0 0 0 1031.432 0.768 3.0713513878840986 52526
stats: page 147 10545.928775510205 11406.916158665821 47257.903 1.434 2083.364151775942 46595
stats: 302 77 5276
stats: error_send_einval 0 370
stats: 200 69 2139
stats: 303 1 190
stats: size_rcv 1793160 31528536
stats: newphase 0 9
stats: size_sent 52714 13539806
stats: connected -76 3
stats: error_connection_closed 0 4888
stats: error_abort_max_send_retries 0 1179
stats: 404 0 1725
# stats: dump at 1733371224
stats: users 0 4780
stats: {load,"tsung_controller@ip-172-31-42-147"} 1 0.16015625 0.0 0.7890625 0.0 0.349609375 20
stats: {cpu,"tsung_controller@ip-172-31-42-147"} 1 0.7485029940119761 0.0 65.02347417840375 0.29985007496251875 13.03724290508508 20
stats: {freemem,"tsung_controller@ip-172-31-42-147"} 1 595.1171875 0.0 681.36328125 322.546875 456.363671875 20
stats: session 2 162091.2555 528.4755000000005 163989.613 89.568 38773.614258698326 4886
stats: users_count 0 4888
stats: finish_users_count 2 4888
stats: request 3 6.028333333333333 1.878738820473872 40568.572 0.283 1935.3249521576151 50959
stats: connect 0 0 0 1031.432 0.768 3.0713513878840986 52526
stats: page 3 6.028333333333333 1.878738820473872 47257.903 1.434 2109.9782675538063 46742
stats: 302 3 5279
stats: error_send_einval 0 370
stats: 200 0 2139
stats: 303 0 190
stats: size_rcv 3166 31531702
stats: newphase 0 9
stats: size_sent 2253 13542059
stats: connected -3 0
stats: error_connection_closed 0 4888
stats: error_abort_max_send_retries 0 1179
stats: 404 0 1725
EndMonitor:{1733,371224,741949}
