# stats: dump at 1733876014
stats: users 15 15
stats: {cpu,"tsung_controller@ip-172-31-36-25"} 1 2.4676107797838345 0 2.4676107797838345 2.4676107797838345 0 0
stats: {load,"tsung_controller@ip-172-31-36-25"} 1 0.01953125 0 0.01953125 0.01953125 0 0
stats: {freemem,"tsung_controller@ip-172-31-36-25"} 1 756.8203125 0 756.8203125 756.8203125 0 0
stats: users_count 15 15
stats: finish_users_count 0 0
stats: request 35 134.3902571428571 165.46186298088546 473.426 7.539 0 0
stats: connect 15 1.7792666666666668 1.6846118629787958 7.935 0.812 0 0
stats: page 35 134.3902571428571 165.46186298088546 473.426 7.539 0 0
stats: 302 12 12
stats: 200 23 23
stats: size_rcv 186705 186705
stats: newphase 1 1
stats: size_sent 14472 14472
stats: connected 15 15
# stats: dump at 1733876024
stats: users 65 65
stats: {cpu,"tsung_controller@ip-172-31-36-25"} 1 0.35035035035035034 0.0 2.4676107797838345 0.35035035035035034 2.4676107797838345 1
stats: {load,"tsung_controller@ip-172-31-36-25"} 1 0.01953125 0.0 0.01953125 0.01953125 0.01953125 1
stats: {freemem,"tsung_controller@ip-172-31-36-25"} 1 751.34375 0.0 756.8203125 751.34375 756.8203125 1
stats: session 5 11854.0208 3296.5365093626615 15924.603 7743.886 0 0
stats: users_count 55 70
stats: finish_users_count 5 5
stats: request 214 90.7008177570093 153.76482546067797 636.256 5.887 134.3902571428571 35
stats: connect 50 1.6511200000000001 1.1789716644601769 7.935 0.774 1.7792666666666668 15
stats: page 202 96.09732178217821 156.93293998282795 636.256 5.887 134.3902571428571 35
stats: 302 77 89
stats: 200 130 153
stats: 303 7 7
stats: size_rcv 1125315 1312020
stats: newphase 2 3
stats: size_sent 121077 135549
stats: connected 45 60
# stats: dump at 1733876034
stats: users 264 264
stats: {cpu,"tsung_controller@ip-172-31-36-25"} 1 0.998003992015968 0.0 2.4676107797838345 0.35035035035035034 1.4089805650670923 2
stats: {load,"tsung_controller@ip-172-31-36-25"} 1 0.01953125 0.0 0.01953125 0.01953125 0.01953125 2
stats: {freemem,"tsung_controller@ip-172-31-36-25"} 1 728.82421875 0.0 756.8203125 728.82421875 754.08203125 2
stats: session 11 18126.14881818182 5558.37257329355 27812.016 7743.886 11854.0208 5
stats: users_count 210 280
stats: finish_users_count 11 16
stats: request 624 221.96710897435872 597.714778168525 4175.899 5.887 96.84190361445779 249
stats: connect 198 1.5820404040404032 1.7033904124884034 21.614 0.709 1.6806923076923077 65
stats: page 588 235.56465646258485 613.964175229136 4175.899 5.887 101.75239662447257 237
stats: 302 191 280
stats: 200 413 566
stats: 303 20 27
stats: size_rcv 3423863 4735883
stats: newphase 2 5
stats: size_sent 380117 515666
stats: connected 187 247
# stats: dump at 1733876044
stats: users 1054 1054
stats: {cpu,"tsung_controller@ip-172-31-36-25"} 1 2.2533800701051576 0.0 2.4676107797838345 0.35035035035035034 1.2719883740500508 3
stats: {load,"tsung_controller@ip-172-31-36-25"} 1 0.01171875 0.0 0.01953125 0.01171875 0.01953125 3
stats: {freemem,"tsung_controller@ip-172-31-36-25"} 1 661.66015625 0.0 756.8203125 661.66015625 745.6627604166666 3
stats: session 8 20843.119874999997 5286.208260165347 28713.963 7743.886 16166.1088125 16
stats: users_count 798 1078
stats: finish_users_count 8 24
stats: request 536 3936.6852873134317 2623.796746973325 10498.125 5.887 186.27847651775468 873
stats: connect 772 1.7569235751295331 1.4668369641485037 21.614 0.526 1.6064220532319387 263
stats: page 507 4042.456637080868 2632.3756326603516 10498.125 5.887 197.1240436363635 825
stats: 302 163 443
stats: 200 360 926
stats: 303 13 40
stats: size_rcv 2860635 7596518
stats: newphase 2 7
stats: size_sent 438913 954579
stats: connected 764 1011
# stats: dump at 1733876054
stats: users 4198 4198
stats: {cpu,"tsung_controller@ip-172-31-36-25"} 1 6.557377049180328 0.0 6.557377049180328 0.35035035035035034 1.5173362980638276 4
stats: {load,"tsung_controller@ip-172-31-36-25"} 1 0.01171875 0.0 0.01953125 0.01171875 0.017578125 4
stats: {freemem,"tsung_controller@ip-172-31-36-25"} 1 574.89453125 0.0 756.8203125 574.89453125 724.662109375 4
stats: session 10 30926.4808 3212.6708278680467 36945.633 7743.886 17725.1125 24
stats: users_count 3154 4232
stats: finish_users_count 10 34
stats: connect 3015 1.6611124378109436 1.332381487470371 21.614 0.383 1.7186801932367144 1035
stats: page 4361 1322.2379587250584 3075.5445619982993 15816.934 0.906 1660.7754136636636 1332
stats: request 4401 1310.9092069984015 3035.2949754534416 15050.435 0.906 1612.9768800567772 1409
stats: 302 150 593
stats: 200 612 1538
stats: 303 2 42
stats: size_rcv 5616173 13212691
stats: newphase 2 9
stats: 502 3638 3638
stats: size_sent 1234119 2188698
stats: connected 3005 4016
# stats: dump at 1733876064
stats: users 4512 4668
stats: {cpu,"tsung_controller@ip-172-31-36-25"} 1 24.270884824518042 0.0 24.270884824518042 0.35035035035035034 2.525344448287128 5
stats: {load,"tsung_controller@ip-172-31-36-25"} 1 0.01171875 0.0 0.01953125 0.01171875 0.01640625 5
stats: {freemem,"tsung_controller@ip-172-31-36-25"} 1 344.73828125 0.0 756.8203125 344.73828125 694.70859375 5
stats: session 157 17805.030324840776 9600.432961861183 43533.147 5549.536 21607.867882352937 34
stats: users_count 471 4703
stats: finish_users_count 157 191
stats: request 13019 591.3535455104113 2903.635086447704 20438.626 0.517 1384.1645170395807 5810
stats: connect 653 1.7325819295558957 1.6016461845743808 21.614 0.383 1.6758241975308628 4050
stats: page 11814 650.1884575080417 3041.0437822766194 20942.681 0.517 1401.44608975935 5693
stats: 302 122 715
stats: 200 410 1948
stats: 303 2 44
stats: size_rcv 6510740 19723431
stats: newphase 0 9
stats: 502 12488 16126
stats: size_sent 3331612 5520310
stats: connected 516 4532
# stats: dump at 1733876074
stats: users 3576 4668
stats: {cpu,"tsung_controller@ip-172-31-36-25"} 1 21.876567987957852 0.0 24.270884824518042 0.35035035035035034 6.149601177658947 6
stats: {load,"tsung_controller@ip-172-31-36-25"} 1 0.08984375 0.0 0.08984375 0.01171875 0.015625 6
stats: {freemem,"tsung_controller@ip-172-31-36-25"} 1 138.796875 0.0 756.8203125 138.796875 636.3802083333334 6
stats: session 936 20687.63279914527 7402.676130149817 54659.319 5549.536 18481.9752303665 191
stats: users_count 0 4703
stats: finish_users_count 936 1127
stats: page 9896 1419.1523913702495 5420.513480526324 30601.952 0.517 894.4855786828117 17507
stats: request 11021 1277.8745091189587 5155.041547540854 28496.039 0.517 835.9885099049343 18829
stats: connect 0 0 0 21.614 0.383 1.6837048692324037 4703
stats: 302 133 848
stats: 200 509 2457
stats: 303 5 49
stats: size_rcv 6562622 26286053
stats: newphase 0 9
stats: 502 10375 26501
stats: size_sent 3839359 9359669
stats: connected -917 3615
# stats: dump at 1733876084
stats: users 2963 4668
stats: {cpu,"tsung_controller@ip-172-31-36-25"} 1 19.080573405832922 0.0 24.270884824518042 0.35035035035035034 8.396310721987362 7
stats: {load,"tsung_controller@ip-172-31-36-25"} 1 0.23046875 0.0 0.23046875 0.01171875 0.026227678571428572 7
stats: {freemem,"tsung_controller@ip-172-31-36-25"} 1 56.6953125 0.0 756.8203125 56.6953125 565.296875 7
stats: session 613 30448.27585481243 7947.502239361895 66132.037 5549.536 20313.82570452527 1127
stats: users_count 0 4703
stats: finish_users_count 613 1740
stats: page 5706 3045.7724412898556 9131.00021907557 38925.546 0.499 1083.9576356968205 27403
stats: request 6191 2814.4532755612895 8809.61383681803 36373.814 0.499 999.1384461641559 29850
stats: connect 0 0 0 21.614 0.383 1.6837048692324037 4703
stats: 302 151 999
stats: 200 424 2881
stats: 303 4 53
stats: size_rcv 4627848 30913901
stats: newphase 0 9
stats: 502 5614 32115
stats: size_sent 2951166 12310835
stats: connected -639 2976
# stats: dump at 1733876094
stats: users 2669 4668
stats: {cpu,"tsung_controller@ip-172-31-36-25"} 1 11.753086419753087 0.0 24.270884824518042 0.35035035035035034 9.731843557468057 8
stats: {load,"tsung_controller@ip-172-31-36-25"} 1 0.19921875 0.0 0.23046875 0.01171875 0.0517578125 8
stats: {freemem,"tsung_controller@ip-172-31-36-25"} 1 25.75390625 0.0 756.8203125 25.75390625 501.7216796875 8
stats: session 294 42334.31438775514 7665.284232592649 74931.47 5549.536 23884.18084367816 1740
stats: users_count 0 4703
stats: finish_users_count 294 2034
stats: page 3581 6287.752712370832 12991.203065250373 48734.839 0.499 1422.0564994714393 33109
stats: request 4010 5841.746957605979 12567.217495319934 44730.896 0.499 1310.9670332954133 36041
stats: connect 0 0 0 21.614 0.383 1.6837048692324037 4703
stats: 302 537 1536
stats: 200 109 2990
stats: 303 1 54
stats: size_rcv 2483008 33396909
stats: newphase 0 9
stats: 502 3283 35398
stats: size_sent 2116326 14427161
stats: connected -300 2676
stats: 404 80 80
# stats: dump at 1733876104
stats: users 2431 4668
stats: {cpu,"tsung_controller@ip-172-31-36-25"} 1 8.263649778652237 0.0 24.270884824518042 0.35035035035035034 9.95642609772195 9
stats: {load,"tsung_controller@ip-172-31-36-25"} 1 0.23828125 0.0 0.23828125 0.01171875 0.0681423611111111 9
stats: {freemem,"tsung_controller@ip-172-31-36-25"} 1 18.08203125 0.0 756.8203125 18.08203125 448.83637152777777 9
stats: session 238 51695.25497478992 7798.081900791514 80682.886 5549.536 26551.01430580138 2034
stats: users_count 0 4703
stats: finish_users_count 238 2272
stats: request 2723 12265.767887991173 14181.231636838249 49096.603 0.499 1764.599339517115 40051
stats: connect 0 0 0 21.614 0.383 1.6837048692324037 4703
stats: page 2378 13236.240425988211 14657.016771339911 56462.202 0.499 1896.9558763695786 36690
stats: 302 1081 2617
stats: 200 101 3091
stats: 303 1 55
stats: size_rcv 3619687 37016596
stats: newphase 0 9
stats: 502 1259 36657
stats: size_sent 1232613 15659774
stats: connected -237 2439
stats: 404 281 361
# stats: dump at 1733876114
stats: users 1956 4668
stats: {cpu,"tsung_controller@ip-172-31-36-25"} 1 8.113391984359726 0.0 24.270884824518042 0.35035035035035034 9.787148465814978 10
stats: {load,"tsung_controller@ip-172-31-36-25"} 1 0.19921875 0.0 0.23828125 0.01171875 0.08515625 10
stats: {freemem,"tsung_controller@ip-172-31-36-25"} 1 15.1015625 0.0 756.8203125 15.1015625 405.7609375 10
stats: session 475 61892.99353052631 7028.934356833656 87725.824 5549.536 29184.96205193662 2272
stats: users_count 0 4703
stats: finish_users_count 475 2747
stats: connect 1 23.747 0.0 23.747 0.383 1.6837048692324037 4703
stats: page 3847 8124.95289160383 9914.934301509218 68293.326 0.38 2587.158053573252 39068
stats: request 4305 6902.75484390244 8380.929421929268 68293.326 0.38 2433.1054871183414 42774
stats: 302 2351 4968
stats: 200 431 3522
stats: 303 13 68
stats: size_rcv 9732746 46749342
stats: newphase 0 9
stats: 502 774 37431
stats: size_sent 1713665 17373439
stats: connected -474 1965
stats: 404 734 1095
# stats: dump at 1733876124
stats: users 1037 4668
stats: {cpu,"tsung_controller@ip-172-31-36-25"} 1 12.387706855791961 0.0 24.270884824518042 0.35035035035035034 9.634988785682681 11
stats: {load,"tsung_controller@ip-172-31-36-25"} 1 0.171875 0.0 0.23828125 0.01171875 0.09552556818181818 11
stats: {freemem,"tsung_controller@ip-172-31-36-25"} 1 0.0 0.0 756.8203125 0.0 370.2464488636364 11
stats: session 919 71903.05592709452 6675.141117770685 99565.386 5549.536 34840.70102257008 2747
stats: users_count 0 4703
stats: finish_users_count 919 3666
stats: connect 2 12.3965 11.1125 23.747 0.383 1.6883951955782301 4704
stats: page 5344 2807.7290828967107 4577.339532109458 73975.868 0.38 3083.578809530461 42915
stats: request 5757 2354.64070540212 3567.957566319128 73975.868 0.38 2841.819361265106 47079
stats: 302 3307 8275
stats: 200 790 4312
stats: 303 132 200
stats: size_rcv 16996654 63745996
stats: newphase 0 9
stats: 502 107 37538
stats: size_sent 2451653 19825092
stats: connected -897 1068
stats: 404 1417 2512
# stats: dump at 1733876134
stats: users 164 4668
stats: {cpu,"tsung_controller@ip-172-31-36-25"} 1 13.339970134395221 0.0 24.270884824518042 0.35035035035035034 9.864381958191787 12
stats: {load,"tsung_controller@ip-172-31-36-25"} 1 0.140625 0.0 0.23828125 0.01171875 0.10188802083333333 12
stats: {freemem,"tsung_controller@ip-172-31-36-25"} 1 148.09375 0.0 756.8203125 0.0 339.392578125 12
stats: session 873 80191.37376288639 5859.089392831531 99681.938 5549.536 44131.56413147842 3666
stats: users_count 0 4703
stats: finish_users_count 873 4539
stats: request 3097 267.99973845656945 2090.8923072232737 82042.513 0.38 2788.736472291618 52836
stats: 302 1830 10105
stats: connect 2 1.6665 0.1835 23.747 0.383 1.69294602634934 4706
stats: 200 568 4880
stats: 303 265 465
stats: page 2987 281.4769290257773 2132.2508918151752 82042.513 0.38 3053.032363496959 48259
stats: size_rcv 9502330 73248326
stats: newphase 0 9
stats: 502 0 37538
stats: size_sent 1640493 21465585
stats: connected -901 167
stats: 404 431 2943
# stats: dump at 1733876144
stats: users 18 4668
stats: {cpu,"tsung_controller@ip-172-31-36-25"} 1 6.124497991967871 0.0 24.270884824518042 0.35035035035035034 10.131734894822822 13
stats: {load,"tsung_controller@ip-172-31-36-25"} 1 0.19921875 0.0 0.23828125 0.01171875 0.10486778846153846 13
stats: {freemem,"tsung_controller@ip-172-31-36-25"} 1 470.2109375 0.0 756.8203125 0.0 324.67728365384613 13
stats: session 146 89060.83095205479 5037.005975924689 107408.833 5549.536 51067.059572813334 4539
stats: users_count 0 4703
stats: finish_users_count 146 4685
stats: request 432 437.8549560185187 6106.5987512690235 90996.105 0.38 2649.1637394740123 55933
stats: connect 2 1.203 0.09899999999999998 23.747 0.383 1.692934791843669 4708
stats: 302 238 10343
stats: page 420 450.3701761904761 6192.769551468236 90996.105 0.38 2891.4853923623255 51246
stats: 200 117 4997
stats: 303 52 517
stats: size_rcv 1612884 74861210
stats: newphase 0 9
stats: 502 0 37538
stats: size_sent 284706 21750291
stats: connected -148 19
stats: 404 20 2963
# stats: dump at 1733876154
stats: users 5 4668
stats: {cpu,"tsung_controller@ip-172-31-36-25"} 1 0.9054325955734407 0.0 24.270884824518042 0.35035035035035034 9.84550368747604 14
stats: {load,"tsung_controller@ip-172-31-36-25"} 1 0.16015625 0.0 0.23828125 0.01171875 0.11160714285714286 14
stats: {freemem,"tsung_controller@ip-172-31-36-25"} 1 665.26171875 0.0 756.8203125 0.0 335.07254464285717 14
stats: session 13 97923.59615384616 5083.944149560652 110024.936 5549.536 52251.070377801436 4685
stats: users_count 0 4703
stats: finish_users_count 13 4698
stats: request 54 21.819833333333328 18.140896448458765 90996.105 0.38 2632.215537674087 56365
stats: connect 0 0 0 23.747 0.383 1.6927267515923554 4710
stats: page 51 23.11376470588235 19.353510312985414 90996.105 0.38 2871.64123197073 51666
stats: 302 23 10366
stats: 200 22 5019
stats: 303 9 526
stats: size_rcv 245718 75106928
stats: newphase 0 9
stats: 502 0 37538
stats: size_sent 38193 21788484
stats: connected -14 5
stats: 404 0 2963
# stats: dump at 1733876164
stats: users 1 4668
stats: {cpu,"tsung_controller@ip-172-31-36-25"} 1 0.20030045067601399 0.0 24.270884824518042 0.20030045067601399 9.249498948015866 15
stats: {load,"tsung_controller@ip-172-31-36-25"} 1 0.140625 0.0 0.23828125 0.01171875 0.11484375 15
stats: {freemem,"tsung_controller@ip-172-31-36-25"} 1 672.67578125 0.0 756.8203125 0.0 357.08515625 15
stats: session 4 105932.7775 3596.255580158721 111272.325 5549.536 52377.45242017874 4698
stats: users_count 0 4703
stats: finish_users_count 4 4702
stats: request 15 28.715 37.426683523924474 90996.105 0.38 2629.7170643223017 56419
stats: connect 0 0 0 23.747 0.383 1.6927267515923554 4710
stats: page 14 30.775571428571425 38.7920690618848 90996.105 0.38 2868.832196241076 51717
stats: 302 8 10374
stats: 200 5 5024
stats: 303 2 528
stats: size_rcv 61153 75168081
stats: newphase 0 9
stats: 502 0 37538
stats: size_sent 11193 21799677
stats: connected -4 1
stats: 404 0 2963
# stats: dump at 1733876174
stats: users 0 4668
stats: {cpu,"tsung_controller@ip-172-31-36-25"} 1 0.15 0.0 24.270884824518042 0.15 8.683924041932126 16
stats: {load,"tsung_controller@ip-172-31-36-25"} 1 0.12109375 0.0 0.23828125 0.01171875 0.116455078125 16
stats: {freemem,"tsung_controller@ip-172-31-36-25"} 1 679.3046875 0.0 756.8203125 0.0 376.8095703125 16
stats: session 1 115563.723 0.0 115563.723 5549.536 52423.012033177314 4702
stats: users_count 0 4703
stats: finish_users_count 1 4703
stats: request 2 26.1655 21.6235 90996.105 0.38 2629.0257252188385 56434
stats: connect 0 0 0 23.747 0.383 1.6927267515923554 4710
stats: page 2 26.1655 21.6235 90996.105 0.38 2868.064130811307 51731
stats: 302 1 10375
stats: 200 1 5025
stats: 303 0 528
stats: size_rcv 12226 75180307
stats: newphase 0 9
stats: 502 0 37538
stats: size_sent 1413 21801090
stats: connected -1 0
stats: 404 0 2963
# stats: dump at 1733876175
stats: users 0 4668
stats: {cpu,"tsung_controller@ip-172-31-36-25"} 1 0.09995002498750624 0.0 24.270884824518042 0.09995002498750624 8.181928510053766 17
stats: {load,"tsung_controller@ip-172-31-36-25"} 1 0.1015625 0.0 0.23828125 0.01171875 0.11672794117647059 17
stats: {freemem,"tsung_controller@ip-172-31-36-25"} 1 680.80078125 0.0 756.8203125 0.0 394.60340073529414 17
stats: session 0 0 0 115563.723 5549.536 52436.43765745263 4703
stats: users_count 0 4703
stats: finish_users_count 0 4703
stats: request 0 0 0 90996.105 0.38 2628.9334840881693 56436
stats: connect 0 0 0 23.747 0.383 1.6927267515923554 4710
stats: page 0 0 0 90996.105 0.38 2867.9542628882864 51733
stats: 302 0 10375
stats: 200 0 5025
stats: 303 0 528
stats: size_rcv 0 75180307
stats: newphase 0 9
stats: 502 0 37538
stats: size_sent 0 21801090
stats: connected 0 0
stats: 404 0 2963
EndMonitor:{1733,876175,795430}
