# stats: dump at 1733865542
stats: users 13 13
stats: {load,"tsung_controller@ip-172-31-42-85"} 1 0.16015625 0 0.16015625 0.16015625 0 0
stats: {freemem,"tsung_controller@ip-172-31-42-85"} 1 664.33984375 0 664.33984375 664.33984375 0 0
stats: {cpu,"tsung_controller@ip-172-31-42-85"} 1 7.437076785486138 0 7.437076785486138 7.437076785486138 0 0
stats: users_count 13 13
stats: finish_users_count 0 0
stats: request 30 129.79383333333337 173.45032218958897 545.867 9.955 0 0
stats: connect 12 2.3300833333333335 1.5483506524865598 7.184 1.416 0 0
stats: page 29 134.2750344827586 175.01383023526884 545.867 9.955 0 0
stats: 302 10 10
stats: 200 20 20
stats: size_rcv 159752 159752
stats: newphase 1 1
stats: size_sent 13698 13698
stats: connected 12 12
# stats: dump at 1733865552
stats: users 60 60
stats: {load,"tsung_controller@ip-172-31-42-85"} 1 0.12890625 0.0 0.16015625 0.12890625 0.16015625 1
stats: {freemem,"tsung_controller@ip-172-31-42-85"} 1 659.75390625 0.0 664.33984375 659.75390625 664.33984375 1
stats: {cpu,"tsung_controller@ip-172-31-42-85"} 1 1.6898608349900597 0.0 7.437076785486138 1.6898608349900597 7.437076785486138 1
stats: session 1 17660.402 0 17660.402 17660.402 0 0
stats: users_count 48 61
stats: finish_users_count 1 1
stats: request 168 99.54388690476195 173.87012370843362 1246.427 6.58 129.79383333333337 30
stats: connect 44 1.8050227272727275 0.5322520971663864 7.184 1.342 2.3300833333333335 12
stats: page 155 107.90688387096779 179.30702292098468 1246.427 6.58 134.2750344827586 29
stats: 302 59 69
stats: 200 108 128
stats: 303 1 1
stats: size_rcv 912773 1072525
stats: newphase 2 3
stats: size_sent 97647 111345
stats: connected 43 55
# stats: dump at 1733865562
stats: users 237 237
stats: {load,"tsung_controller@ip-172-31-42-85"} 1 0.109375 0.0 0.16015625 0.109375 0.14453125 2
stats: {freemem,"tsung_controller@ip-172-31-42-85"} 1 636.66796875 0.0 664.33984375 636.66796875 662.046875 2
stats: {cpu,"tsung_controller@ip-172-31-42-85"} 1 2.127659574468085 0.0 7.437076785486138 1.6898608349900597 4.563468810238099 2
stats: session 7 13489.071285714284 2458.2672209736747 17660.402 9945.222 17660.402 1
stats: users_count 184 245
stats: finish_users_count 7 8
stats: request 275 669.6078509090908 1312.2495031173426 7601.249 6.58 104.12721212121217 198
stats: connect 175 2.102954285714285 1.3903502449471106 16.978 1.279 1.9175357142857143 56
stats: page 263 689.5059201520911 1334.8093449319704 7601.249 6.58 112.0627336956522 184
stats: 302 76 145
stats: 200 186 314
stats: 303 13 14
stats: size_rcv 1506459 2578984
stats: newphase 2 5
stats: size_sent 198373 309718
stats: connected 168 223
# stats: dump at 1733865572
stats: users 1016 1016
stats: {load,"tsung_controller@ip-172-31-42-85"} 1 0.1015625 0.0 0.16015625 0.1015625 0.1328125 3
stats: {freemem,"tsung_controller@ip-172-31-42-85"} 1 617.1796875 0.0 664.33984375 617.1796875 653.5872395833334 3
stats: {cpu,"tsung_controller@ip-172-31-42-85"} 1 3.734643734643735 0.0 7.437076785486138 1.6898608349900597 3.7515323983147613 3
stats: session 1 19444.837 0.0 19444.837 9945.222 14010.487625 8
stats: users_count 780 1025
stats: finish_users_count 1 9
stats: connect 749 1.8695460614152202 1.2224389122051338 24.008 1.15 2.0580043290043286 231
stats: 302 79 224
stats: request 346 6358.771841040461 1802.3104813315954 11675.729 6.58 432.8950253699788 473
stats: page 338 6393.2118224852065 1821.1072740287864 11675.729 6.58 451.8111856823266 447
stats: 200 264 578
stats: 303 3 17
stats: size_rcv 1972540 4551524
stats: newphase 2 7
stats: size_sent 260001 569719
stats: connected 748 971
# stats: dump at 1733865582
stats: users 4209 4209
stats: {load,"tsung_controller@ip-172-31-42-85"} 1 0.16015625 0.0 0.16015625 0.1015625 0.125 4
stats: {freemem,"tsung_controller@ip-172-31-42-85"} 1 544.2109375 0.0 664.33984375 544.2109375 644.4853515625 4
stats: {cpu,"tsung_controller@ip-172-31-42-85"} 1 9.557774607703282 0.0 9.557774607703282 1.6898608349900597 3.7473102323970044 4
stats: session 8 24483.159375 12743.101833434119 42763.726 6026.307 14614.304222222223 9
stats: users_count 3201 4226
stats: finish_users_count 8 17
stats: page 7954 349.5316101332662 1911.2589997687662 17702.492 1.621 3010.0193579617835 785
stats: request 8142 341.50745615327827 1877.2497498610242 17004.696 1.621 2936.379003663003 819
stats: connect 8309 1.8137367914309743 1.1305114931095641 35.141 0.854 1.9139683673469385 980
stats: 302 57 281
stats: error_send_einval 8 8
stats: 200 222 800
stats: 303 2 19
stats: size_rcv 1681786 6233310
stats: newphase 2 9
stats: size_sent 1540284 2110003
stats: connected 53 1024
stats: error_connection_closed 34 34
# stats: dump at 1733865592
stats: users 3992 5025
stats: {load,"tsung_controller@ip-172-31-42-85"} 1 0.2890625 0.0 0.2890625 0.1015625 0.13203125 5
stats: {freemem,"tsung_controller@ip-172-31-42-85"} 1 373.66015625 0.0 664.33984375 373.66015625 624.43046875 5
stats: {cpu,"tsung_controller@ip-172-31-42-85"} 1 47.02137335152342 0.0 47.02137335152342 1.6898608349900597 4.90940310745826 5
stats: session 1042 14839.538987523982 6653.355342876967 46548.746 4827.258 19258.47135294118 17
stats: users_count 825 5051
stats: finish_users_count 1042 1059
stats: request 18764 336.1621614794241 2440.8111558410205 22773.606 0.277 578.6684646802803 8961
stats: 302 61 342
stats: connect 20712 3.577712244109676 9.247374012012623 1005.035 0.834 1.8243113359888004 9289
stats: page 16892 371.9278382666322 2566.567906785306 22773.606 0.277 588.5158053553038 8739
stats: error_send_einval 128 136
stats: 200 286 1086
stats: 303 1 20
stats: size_rcv 2074462 8307772
stats: newphase 0 9
stats: size_sent 3734765 5844768
stats: connected -1 1023
stats: error_connection_closed 1522 1556
stats: error_abort_max_send_retries 306 306
# stats: dump at 1733865602
stats: users 2377 5025
stats: {load,"tsung_controller@ip-172-31-42-85"} 1 0.7109375 0.0 0.7109375 0.1015625 0.158203125 6
stats: {freemem,"tsung_controller@ip-172-31-42-85"} 1 289.2265625 0.0 664.33984375 289.2265625 582.6354166666666 6
stats: {cpu,"tsung_controller@ip-172-31-42-85"} 1 66.8677494199536 0.0 66.8677494199536 1.6898608349900597 11.928064814802454 6
stats: session 1615 18013.932931269355 6498.966972635122 60205.16 4827.258 14910.47557884796 1059
stats: users_count 0 5051
stats: finish_users_count 1615 2674
stats: connect 14147 10.247512122711576 13.868460677183373 1005.035 0.834 3.034818972700896 30001
stats: request 9785 592.2850910577379 3915.798181611325 31485.3 0.277 414.54264779079915 27725
stats: page 8661 669.237094099986 4155.943691006251 31485.3 0.277 445.7744398189673 25631
stats: 302 47 389
stats: error_send_einval 84 220
stats: 200 171 1257
stats: 303 1 21
stats: size_rcv 1235355 9543127
stats: newphase 0 9
stats: size_sent 2343598 8188366
stats: connected -2 1021
stats: error_connection_closed 3219 4775
stats: error_abort_max_send_retries 1061 1367
# stats: dump at 1733865612
stats: users 1627 5025
stats: {load,"tsung_controller@ip-172-31-42-85"} 1 0.98828125 0.0 0.98828125 0.1015625 0.23716517857142858 7
stats: {freemem,"tsung_controller@ip-172-31-42-85"} 1 303.48046875 0.0 664.33984375 289.2265625 540.7198660714286 7
stats: {cpu,"tsung_controller@ip-172-31-42-85"} 1 46.16432137993645 0.0 66.8677494199536 1.6898608349900597 19.7765911869669 7
stats: session 750 28484.588758666676 7449.694989055083 73175.612 4827.258 16784.852401645472 2674
stats: users_count 0 5051
stats: finish_users_count 750 3424
stats: request 5022 1932.6263379131829 7858.810736085165 39777.385 0.277 460.90921157024457 37510
stats: page 4675 2061.747413689844 8100.9024101227 39777.385 0.277 502.2135524028908 34292
stats: 302 71 460
stats: connect 5054 1.836481203007515 1.319384677915061 1005.035 0.82 5.346089471776756 44148
stats: error_send_einval 16 236
stats: 200 214 1471
stats: 303 2 23
stats: size_rcv 1557658 11100785
stats: newphase 0 9
stats: size_sent 1721977 9910343
stats: connected 1 1022
stats: error_connection_closed 22 4797
stats: error_abort_max_send_retries 1 1368
# stats: dump at 1733865622
stats: users 1383 5025
stats: {load,"tsung_controller@ip-172-31-42-85"} 1 1.0703125 0.0 1.0703125 0.1015625 0.3310546875 8
stats: {freemem,"tsung_controller@ip-172-31-42-85"} 1 304.36328125 0.0 664.33984375 289.2265625 511.06494140625 8
stats: {cpu,"tsung_controller@ip-172-31-42-85"} 1 26.15666513971599 0.0 66.8677494199536 1.6898608349900597 23.075057461088093 8
stats: session 244 40897.81076639348 7850.033183862402 74085.591 4827.258 19347.58670882009 3424
stats: users_count 0 5051
stats: finish_users_count 244 3668
stats: request 2451 6442.902919216651 13524.090352037078 44271.876 0.277 634.6833912113203 42532
stats: connect 2417 1.8353289201489444 0.9666349736713279 1005.035 0.82 4.985584610381696 49202
stats: 302 364 824
stats: error_send_einval 5 241
stats: 200 50 1521
stats: 303 0 23
stats: size_rcv 816227 11917012
stats: newphase 0 9
stats: size_sent 1148855 11059198
stats: connected -1 1021
stats: error_connection_closed 8 4805
stats: error_abort_max_send_retries 0 1368
stats: 404 44 44
stats: page 2230 6542.0081412556065 13702.341255480198 51276.797 0.277 689.315992968408 38967
# stats: dump at 1733865632
stats: users 1162 5025
stats: {load,"tsung_controller@ip-172-31-42-85"} 1 0.98046875 0.0 1.0703125 0.1015625 0.4131944444444444 9
stats: {freemem,"tsung_controller@ip-172-31-42-85"} 1 315.296875 0.0 664.33984375 289.2265625 488.09809027777777 9
stats: {cpu,"tsung_controller@ip-172-31-42-85"} 1 15.453264443400657 0.0 66.8677494199536 1.6898608349900597 23.41745831426897 9
stats: session 221 50644.46566515836 7694.011460452318 76749.026 4827.258 20781.1348740458 3668
stats: users_count 0 5051
stats: finish_users_count 221 3889
stats: connect 1388 1.94076729106628 1.464841545028853 1005.035 0.82 4.83807752959182 51619
stats: 302 1095 1919
stats: error_send_einval 0 241
stats: 200 112 1633
stats: request 1754 11823.444267388859 9172.693027910072 44271.876 0.237 951.1573049818795 44983
stats: 303 2 25
stats: size_rcv 3587298 15504310
stats: page 1569 13573.145619502895 10629.820288566161 51463.562 0.277 1006.1231267568016 41197
stats: newphase 0 9
stats: size_sent 596985 11656183
stats: connected -7 1014
stats: error_connection_closed 3 4808
stats: error_abort_max_send_retries 0 1368
stats: 404 350 394
# stats: dump at 1733865642
stats: users 683 5025
stats: {load,"tsung_controller@ip-172-31-42-85"} 1 0.828125 0.0 1.0703125 0.1015625 0.469921875 10
stats: {freemem,"tsung_controller@ip-172-31-42-85"} 1 321.75390625 0.0 664.33984375 289.2265625 470.81796875 10
stats: {cpu,"tsung_controller@ip-172-31-42-85"} 1 13.30188679245283 0.0 66.8677494199536 1.6898608349900597 22.621038927182138 10
stats: session 479 62832.22977661793 7962.32561608672 97956.007 4827.258 22478.176814091024 3889
stats: users_count 0 5051
stats: finish_users_count 479 4368
stats: connect 152 1.888934210526316 1.0112923445760187 1005.035 0.82 4.762210821212296 53007
stats: page 3013 2759.5323501493535 2618.144566313551 51463.562 0.277 1467.1823394752842 42766
stats: request 3330 2265.907552852838 1767.0565994828687 44271.876 0.237 1359.1850203265067 46737
stats: 302 2120 4039
stats: error_send_einval 0 241
stats: 200 396 2029
stats: 303 19 44
stats: size_rcv 9055665 24559975
stats: newphase 0 9
stats: size_sent 1161629 12817812
stats: connected -324 690
stats: error_connection_closed 0 4808
stats: error_abort_max_send_retries 0 1368
stats: 404 795 1189
# stats: dump at 1733865652
stats: users 130 5025
stats: {load,"tsung_controller@ip-172-31-42-85"} 1 0.69921875 0.0 1.0703125 0.1015625 0.5024857954545454 11
stats: {freemem,"tsung_controller@ip-172-31-42-85"} 1 314.09375 0.0 664.33984375 289.2265625 457.26669034090907 11
stats: {cpu,"tsung_controller@ip-172-31-42-85"} 1 16.237350505979762 0.0 66.8677494199536 1.6898608349900597 21.773843278570382 11
stats: session 553 71598.39778119352 7175.534713232822 97956.007 4827.258 26903.44956341575 4368
stats: users_count 0 5051
stats: finish_users_count 553 4921
stats: request 2184 328.3555091575095 230.50079884932214 44271.876 0.237 1419.4919297341542 50067
stats: connect 4 1.75025 0.2031531134391003 1005.035 0.82 4.753995127824078 53159
stats: page 2107 346.04256146179375 279.73633633199563 51463.562 0.277 1552.2399113348918 45779
stats: 302 1293 5332
stats: error_send_einval 0 241
stats: 200 311 2340
stats: 303 136 180
stats: size_rcv 6270262 30830237
stats: newphase 0 9
stats: size_sent 977303 13795115
stats: connected -556 134
stats: error_connection_closed 0 4808
stats: error_abort_max_send_retries 0 1368
stats: 404 444 1633
# stats: dump at 1733865662
stats: users 11 5025
stats: {load,"tsung_controller@ip-172-31-42-85"} 1 0.58984375 0.0 1.0703125 0.1015625 0.5188802083333334 12
stats: {freemem,"tsung_controller@ip-172-31-42-85"} 1 497.23046875 0.0 664.33984375 289.2265625 445.3356119791667 12
stats: {cpu,"tsung_controller@ip-172-31-42-85"} 1 11.571025399811854 0.0 66.8677494199536 1.6898608349900597 21.312468880854496 12
stats: session 119 81136.5405294117 6425.492780956967 97956.007 4827.258 31926.06821093274 4921
stats: users_count 0 5051
stats: finish_users_count 119 5040
stats: request 337 24.541195845697345 29.17163645256629 44271.876 0.237 1373.884344376182 52251
stats: page 331 24.988646525679748 29.863548459368083 51463.562 0.277 1499.1668249175127 47886
stats: connect 0 0 0 1005.035 0.82 4.75376912514343 53163
stats: 302 189 5521
stats: error_send_einval 0 241
stats: 200 82 2422
stats: 303 45 225
stats: size_rcv 1200140 32030377
stats: newphase 0 9
stats: size_sent 211042 14006157
stats: connected -123 11
stats: error_connection_closed 0 4808
stats: error_abort_max_send_retries 0 1368
stats: 404 21 1654
# stats: dump at 1733865672
stats: users 1 5025
stats: {load,"tsung_controller@ip-172-31-42-85"} 1 0.5 0.0 1.0703125 0.1015625 0.5243389423076923 13
stats: {freemem,"tsung_controller@ip-172-31-42-85"} 1 605.44921875 0.0 664.33984375 289.2265625 449.32752403846155 13
stats: {cpu,"tsung_controller@ip-172-31-42-85"} 1 2.026693030153238 0.0 66.8677494199536 1.6898608349900597 20.563127074620446 13
stats: session 10 89054.6598 4921.229718525422 97956.007 4827.258 33087.982140674605 5040
stats: users_count 0 5051
stats: finish_users_count 10 5050
stats: request 22 19.779227272727272 22.87312379773539 44271.876 0.237 1365.2373404769128 52588
stats: connect 0 0 0 1005.035 0.82 4.75376912514343 53163
stats: page 21 20.72752380952381 25.55318494102811 51463.562 0.277 1489.046888441836 48217
stats: 302 14 5535
stats: error_send_einval 0 241
stats: 200 6 2428
stats: 303 2 227
stats: size_rcv 72460 32102837
stats: newphase 0 9
stats: size_sent 15647 14021804
stats: connected -10 1
stats: error_connection_closed 0 4808
stats: error_abort_max_send_retries 0 1368
stats: 404 0 1654
# stats: dump at 1733865675
stats: users 0 5025
stats: {load,"tsung_controller@ip-172-31-42-85"} 1 0.4296875 0.0 1.0703125 0.1015625 0.5226004464285714 14
stats: {freemem,"tsung_controller@ip-172-31-42-85"} 1 618.00390625 0.0 664.33984375 289.2265625 460.4790736607143 14
stats: {cpu,"tsung_controller@ip-172-31-42-85"} 1 0.2997002997002997 0.0 66.8677494199536 0.2997002997002997 19.239096071444216 14
stats: session 1 99887.025 0.0 99887.025 4827.258 33198.8072449505 5050
stats: users_count 0 5051
stats: finish_users_count 1 5051
stats: connect 0 0 0 1005.035 0.82 4.75376912514343 53163
stats: 302 1 5536
stats: request 2 25.58 21.384 44271.876 0.237 1364.6747083064035 52610
stats: error_send_einval 0 241
stats: 200 1 2429
stats: 303 0 227
stats: page 2 25.58 21.384 51463.562 0.277 1488.4076681869067 48238
stats: size_rcv 12206 32115043
stats: newphase 0 9
stats: size_sent 1419 14023223
stats: connected -1 0
stats: error_connection_closed 0 4808
stats: error_abort_max_send_retries 0 1368
stats: 404 0 1654
EndMonitor:{1733,865675,9497}
