# stats: dump at 1733869364
stats: users 3 3
stats: {freemem,"tsung_controller@ip-172-31-34-126"} 1 675.8828125 0 675.8828125 675.8828125 0 0
stats: {load,"tsung_controller@ip-172-31-34-126"} 1 0.21875 0 0.21875 0.21875 0 0
stats: {cpu,"tsung_controller@ip-172-31-34-126"} 1 6.406091808973614 0 6.406091808973614 6.406091808973614 0 0
stats: users_count 3 3
stats: finish_users_count 0 0
stats: request 7 117.93328571428573 147.65648426931853 389.589 8.811 0 0
stats: connect 3 3.236666666666667 2.2948791301988485 6.458 1.284 0 0
stats: page 7 117.93328571428573 147.65648426931853 389.589 8.811 0 0
stats: 302 2 2
stats: 200 5 5
stats: size_rcv 44850 44850
stats: size_sent 2929 2929
stats: connected 3 3
# stats: dump at 1733869374
stats: users 14 14
stats: {freemem,"tsung_controller@ip-172-31-34-126"} 1 676.35546875 0.0 676.35546875 675.8828125 675.8828125 1
stats: {load,"tsung_controller@ip-172-31-34-126"} 1 0.19140625 0.0 0.21875 0.19140625 0.21875 1
stats: {cpu,"tsung_controller@ip-172-31-34-126"} 1 0.24987506246876562 0.0 6.406091808973614 0.24987506246876562 6.406091808973614 1
stats: users_count 11 14
stats: finish_users_count 0 0
stats: page 26 101.12569230769229 136.23845287040186 389.589 8.811 117.93328571428573 7
stats: 302 8 10
stats: 200 18 23
stats: size_rcv 151459 196309
stats: request 26 101.12569230769229 136.23845287040186 389.589 8.811 117.93328571428573 7
stats: newphase 1 1
stats: connect 11 1.5663636363636364 0.5365142161511021 6.458 1.145 3.236666666666667 3
stats: size_sent 11081 14010
stats: connected 11 14
# stats: dump at 1733869384
stats: users 53 53
stats: {freemem,"tsung_controller@ip-172-31-34-126"} 1 672.51953125 0.0 676.35546875 672.51953125 676.119140625 2
stats: {load,"tsung_controller@ip-172-31-34-126"} 1 0.16015625 0.0 0.21875 0.16015625 0.205078125 2
stats: {cpu,"tsung_controller@ip-172-31-34-126"} 1 0.25012506253126565 0.0 6.406091808973614 0.24987506246876562 3.32798343572119 2
stats: session 5 17403.600000000002 4661.984473173072 22224.679 11264.191 0 0
stats: users_count 44 58
stats: finish_users_count 5 5
stats: request 146 223.16839726027416 476.994529649464 2461.522 7.535 104.69093939393937 33
stats: connect 40 1.6899000000000002 0.9487836107353458 6.458 1.126 1.9242857142857144 14
stats: page 146 223.16839726027416 476.994529649464 2461.522 7.535 104.69093939393937 33
stats: 302 50 60
stats: 200 96 119
stats: size_rcv 915242 1111551
stats: newphase 2 3
stats: size_sent 86876 100886
stats: connected 35 49
# stats: dump at 1733869394
stats: users 277 277
stats: {freemem,"tsung_controller@ip-172-31-34-126"} 1 650.34765625 0.0 676.35546875 650.34765625 674.9192708333334 3
stats: {load,"tsung_controller@ip-172-31-34-126"} 1 0.2109375 0.0 0.21875 0.16015625 0.19010416666666666 3
stats: {cpu,"tsung_controller@ip-172-31-34-126"} 1 1.6898608349900597 0.0 6.406091808973614 0.24987506246876562 2.3020306446578815 3
stats: session 6 10682.1635 2276.8308789888742 22224.679 8651.659 17403.600000000002 5
stats: users_count 230 288
stats: finish_users_count 6 11
stats: request 251 801.1986175298805 1372.5297565355959 7348.988 7.535 201.32618435754208 179
stats: connect 219 1.6676940639269413 1.3516487792266356 16.978 0.978 1.7506666666666666 54
stats: page 251 801.1986175298805 1372.5297565355959 7348.988 7.535 201.32618435754208 179
stats: 302 69 129
stats: 200 182 301
stats: size_rcv 1594282 2705833
stats: newphase 2 5
stats: size_sent 192810 293696
stats: connected 213 262
# stats: dump at 1733869404
stats: users 1053 1053
stats: {freemem,"tsung_controller@ip-172-31-34-126"} 1 617.2890625 0.0 676.35546875 617.2890625 668.7763671875 4
stats: {load,"tsung_controller@ip-172-31-34-126"} 1 0.1796875 0.0 0.21875 0.16015625 0.1953125 4
stats: {cpu,"tsung_controller@ip-172-31-34-126"} 1 3.8611925708699903 0.0 6.406091808973614 0.24987506246876562 2.1489881922409264 4
stats: session 3 24610.41 5394.555577978226 29886.92 8651.659 13737.361909090912 11
stats: users_count 779 1067
stats: finish_users_count 3 14
stats: request 346 6296.8012341040485 1816.75856121908 12470.958 7.535 551.4842790697676 430
stats: page 346 6296.8012341040485 1816.75856121908 12470.958 7.535 551.4842790697676 430
stats: connect 751 1.5677816245006662 1.0233319317756915 16.978 0.822 1.6841062271062277 273
stats: 302 78 207
stats: 200 268 569
stats: size_rcv 1989988 4695821
stats: newphase 2 7
stats: size_sent 284507 578203
stats: connected 711 973
# stats: dump at 1733869414
stats: users 3171 3799
stats: {freemem,"tsung_controller@ip-172-31-34-126"} 1 550.8125 0.0 676.35546875 550.8125 658.47890625 5
stats: {load,"tsung_controller@ip-172-31-34-126"} 1 0.23046875 0.0 0.23046875 0.16015625 0.1921875 5
stats: {cpu,"tsung_controller@ip-172-31-34-126"} 1 9.857142857142858 0.0 9.857142857142858 0.24987506246876562 2.491429067966739 5
stats: session 854 5418.356961358313 6084.958480331414 40741.425 64.693 16067.300785714286 14
stats: users_count 2972 4039
stats: finish_users_count 854 868
stats: request 8020 364.5308761845374 2017.755246518926 17150.91 1.131 3113.1848801546407 776
stats: connect 11112 4.304082703383722 5.286296169118294 29.763 0.626 1.5987939453125004 1024
stats: page 8020 364.5308761845374 2017.755246518926 17150.91 1.131 3113.1848801546407 776
stats: 302 61 268
stats: error_send_einval 139 139
stats: 200 202 771
stats: size_rcv 1579745 6275566
stats: newphase 2 9
stats: size_sent 1525508 2103711
stats: connected 49 1022
stats: error_connection_closed 2286 2286
stats: error_abort_max_send_retries 590 590
# stats: dump at 1733869424
stats: users 2797 3799
stats: {freemem,"tsung_controller@ip-172-31-34-126"} 1 398.93359375 0.0 676.35546875 398.93359375 640.5345052083334 6
stats: {load,"tsung_controller@ip-172-31-34-126"} 1 0.4296875 0.0 0.4296875 0.16015625 0.19856770833333334 6
stats: {cpu,"tsung_controller@ip-172-31-34-126"} 1 52.502316960148285 0.0 52.502316960148285 0.24987506246876562 3.7190480328294253 6
stats: session 820 12786.903332926839 6711.999102373655 50541.352 51.775 5590.114119815668 868
stats: users_count 446 4485
stats: finish_users_count 820 1688
stats: connect 13124 2.3456385248400013 9.26785102400259 1022.725 0.626 4.075818391562287 12136
stats: page 11441 468.19315898959735 2960.3713855690125 24231.915 1.131 607.0224072305583 8796
stats: request 11441 468.19315898959735 2960.3713855690125 24231.915 1.131 607.0224072305583 8796
stats: 302 61 329
stats: error_send_einval 167 306
stats: 200 219 990
stats: size_rcv 1641725 7917291
stats: newphase 0 9
stats: size_sent 2432578 4536289
stats: connected 0 1022
stats: error_connection_closed 1229 3515
stats: error_abort_max_send_retries 290 880
# stats: dump at 1733869434
stats: users 1657 3799
stats: {freemem,"tsung_controller@ip-172-31-34-126"} 1 351.1953125 0.0 676.35546875 351.1953125 606.0200892857143 7
stats: {load,"tsung_controller@ip-172-31-34-126"} 1 0.8203125 0.0 0.8203125 0.16015625 0.23158482142857142 7
stats: {cpu,"tsung_controller@ip-172-31-34-126"} 1 42.69458352298589 0.0 52.502316960148285 0.24987506246876562 10.688086451017835 7
stats: session 1140 19682.468641228028 7263.989319561008 58682.401 51.775 9086.184709123228 1688
stats: users_count 0 4485
stats: finish_users_count 1140 2828
stats: request 5916 1290.9308720419192 5821.776696684338 31880.717 1.131 528.5352090724897 20237
stats: page 5916 1290.9308720419192 5821.776696684338 31880.717 1.131 528.5352090724897 20237
stats: 302 56 385
stats: error_send_einval 28 334
stats: 200 223 1213
stats: size_rcv 1610250 9527541
stats: newphase 0 9
stats: size_sent 1769159 6305448
stats: connected 0 1022
stats: error_connection_closed 71 3586
stats: error_abort_max_send_retries 3 883
stats: connect 6018 1.7638831837819926 2.5495631743509186 1022.725 0.626 3.1768920031670667 25260
# stats: dump at 1733869444
stats: users 1302 3799
stats: {freemem,"tsung_controller@ip-172-31-34-126"} 1 376.77734375 0.0 676.35546875 351.1953125 574.1669921875 8
stats: {load,"tsung_controller@ip-172-31-34-126"} 1 0.78125 0.0 0.8203125 0.16015625 0.30517578125 8
stats: {cpu,"tsung_controller@ip-172-31-34-126"} 1 26.730418943533696 0.0 52.502316960148285 0.24987506246876562 14.688898585013842 8
stats: session 355 31676.62934366197 8861.067293281534 58682.401 51.775 13357.671159830255 2828
stats: users_count 0 4485
stats: finish_users_count 355 3183
stats: connect 2318 2.066557808455565 2.126759708257331 1022.725 0.626 2.905024010486608 31278
stats: page 2261 3700.5044046881894 10807.148805787281 40428.937 1.131 700.994687607539 26153
stats: request 2261 3700.5044046881894 10807.148805787281 40428.937 1.131 700.994687607539 26153
stats: 302 62 447
stats: error_send_einval 35 369
stats: 200 176 1389
stats: size_rcv 1295478 10823019
stats: newphase 0 9
stats: size_sent 1074795 7380243
stats: connected -1 1021
stats: error_connection_closed 24 3610
stats: error_abort_max_send_retries 1 884
# stats: dump at 1733869454
stats: users 1215 3799
stats: {freemem,"tsung_controller@ip-172-31-34-126"} 1 372.59375 0.0 676.35546875 351.1953125 552.2348090277778 9
stats: {load,"tsung_controller@ip-172-31-34-126"} 1 0.73828125 0.0 0.8203125 0.16015625 0.3580729166666667 9
stats: {cpu,"tsung_controller@ip-172-31-34-126"} 1 15.803939532753091 0.0 52.502316960148285 0.24987506246876562 16.026845291516047 9
stats: session 87 46615.03505747123 6485.473037942877 64254.875 51.775 15400.784623625497 3183
stats: users_count 0 4485
stats: finish_users_count 87 3270
stats: request 1124 6418.9256548042795 14658.116306926075 47389.135 1.131 939.676023227985 28414
stats: connect 1135 1.6490431718061662 1.187111742746297 1022.725 0.626 2.847172937254439 33596
stats: page 1124 6418.9256548042795 14658.116306926075 47389.135 1.131 939.676023227985 28414
stats: 302 110 557
stats: error_send_einval 6 375
stats: 200 71 1460
stats: size_rcv 588516 11411535
stats: newphase 0 9
stats: size_sent 622387 8002630
stats: connected 1 1022
stats: error_connection_closed 7 3617
stats: error_abort_max_send_retries 0 884
# stats: dump at 1733869464
stats: users 1073 3799
stats: {freemem,"tsung_controller@ip-172-31-34-126"} 1 374.65234375 0.0 676.35546875 351.1953125 534.270703125 10
stats: {load,"tsung_controller@ip-172-31-34-126"} 1 0.62109375 0.0 0.8203125 0.16015625 0.39609375 10
stats: {cpu,"tsung_controller@ip-172-31-34-126"} 1 8.718437351119581 0.0 52.502316960148285 0.24987506246876562 16.00455471563975 10
stats: session 142 51077.78004225351 6477.829021993528 78687.64 51.775 16231.255506727815 3270
stats: users_count 0 4485
stats: finish_users_count 142 3412
stats: request 893 26783.997929451285 14015.834988315455 49988.262 1.131 1148.1761446272587 29538
stats: connect 820 1.5562231707317058 1.0277301820147609 1022.725 0.626 2.80801836975613 34731
stats: page 893 26783.997929451285 14015.834988315455 49988.262 1.131 1148.1761446272587 29538
stats: 302 692 1249
stats: error_send_einval 9 384
stats: 200 38 1498
stats: size_rcv 849590 12261125
stats: newphase 0 9
stats: size_sent 329531 8332161
stats: connected -52 970
stats: error_connection_closed 0 3617
stats: error_abort_max_send_retries 0 884
# stats: dump at 1733869474
stats: users 991 3799
stats: {freemem,"tsung_controller@ip-172-31-34-126"} 1 426.11328125 0.0 676.35546875 351.1953125 519.7599431818181 11
stats: {load,"tsung_controller@ip-172-31-34-126"} 1 0.53125 0.0 0.8203125 0.16015625 0.41654829545454547 11
stats: {cpu,"tsung_controller@ip-172-31-34-126"} 1 6.404657933042213 0.0 52.502316960148285 0.24987506246876562 15.34218040977428 11
stats: session 82 65026.64908536587 7629.79319264392 94125.258 51.775 17681.491873681112 3412
stats: users_count 0 4485
stats: finish_users_count 82 3494
stats: request 655 18252.637169465652 6749.771093959939 49988.262 1.131 1900.4612766915307 30431
stats: connect 335 1.4981134328358214 0.9233236066815252 1022.725 0.626 2.7791451435965273 35551
stats: page 655 18252.637169465652 6749.771093959939 49988.262 1.131 1900.4612766915307 30431
stats: 302 555 1804
stats: error_send_einval 0 384
stats: 200 100 1598
stats: size_rcv 1512018 13773143
stats: newphase 0 9
stats: size_sent 256907 8589068
stats: connected 10 980
stats: error_connection_closed 0 3617
stats: error_abort_max_send_retries 0 884
# stats: dump at 1733869484
stats: users 583 3799
stats: {freemem,"tsung_controller@ip-172-31-34-126"} 1 425.95703125 0.0 676.35546875 351.1953125 511.95605468749994 12
stats: {load,"tsung_controller@ip-172-31-34-126"} 1 0.44921875 0.0 0.8203125 0.16015625 0.4261067708333333 12
stats: {cpu,"tsung_controller@ip-172-31-34-126"} 1 3.9901477832512313 0.0 52.502316960148285 0.24987506246876562 14.597386870046607 12
stats: session 408 73425.77925735292 7427.32506299389 94618.626 51.775 18792.62607269604 3494
stats: users_count 0 4485
stats: finish_users_count 408 3902
stats: request 1865 6295.916695442362 4262.2551443426855 49988.262 1.131 2245.011080775911 31086
stats: connect 21 1.9610952380952384 1.141778600203247 1022.725 0.626 2.7671865630050756 35886
stats: page 1865 6295.916695442362 4262.2551443426855 49988.262 1.131 2245.011080775911 31086
stats: 302 1515 3319
stats: error_send_einval 0 384
stats: 200 350 1948
stats: size_rcv 4822709 18595852
stats: newphase 0 9
stats: size_sent 658258 9247326
stats: connected -389 591
stats: error_connection_closed 0 3617
stats: error_abort_max_send_retries 0 884
# stats: dump at 1733869494
stats: users 119 3799
stats: {freemem,"tsung_controller@ip-172-31-34-126"} 1 391.2265625 0.0 676.35546875 351.1953125 505.3407451923076 13
stats: {load,"tsung_controller@ip-172-31-34-126"} 1 0.37890625 0.0 0.8203125 0.16015625 0.42788461538461536 13
stats: {cpu,"tsung_controller@ip-172-31-34-126"} 1 7.187350263536177 0.0 52.502316960148285 0.24987506246876562 13.781445401831578 13
stats: session 464 83828.85291163779 7210.867090003515 106223.864 51.775 24505.164898769846 3902
stats: users_count 0 4485
stats: finish_users_count 464 4366
stats: connect 2 1.3405 0.07450000000000001 1022.725 0.626 2.7667151251845086 35907
stats: page 1524 1063.910553149605 685.2285896871742 49988.262 1.131 2474.289068434948 32951
stats: 302 1181 4500
stats: error_send_einval 0 384
stats: 200 343 2291
stats: size_rcv 4907782 23503634
stats: newphase 0 9
stats: size_sent 735652 9982978
stats: connected -467 124
stats: error_connection_closed 0 3617
stats: error_abort_max_send_retries 0 884
stats: request 1524 1063.910553149605 685.2285896871742 49988.262 1.131 2474.289068434948 32951
# stats: dump at 1733869504
stats: users 7 3799
stats: {freemem,"tsung_controller@ip-172-31-34-126"} 1 527.671875 0.0 676.35546875 351.1953125 497.18973214285705 14
stats: {load,"tsung_controller@ip-172-31-34-126"} 1 0.3203125 0.0 0.8203125 0.16015625 0.4243861607142857 14
stats: {cpu,"tsung_controller@ip-172-31-34-126"} 1 7.799711121810303 0.0 52.502316960148285 0.24987506246876562 13.31043860623905 14
stats: session 112 91164.75042857147 6224.292783407832 107403.465 51.775 30809.835360971112 4366
stats: users_count 0 4485
stats: finish_users_count 112 4478
stats: connect 0 0 0 1022.725 0.626 2.7666356902169413 35909
stats: 302 199 4699
stats: request 270 30.439011111111103 41.63282871934059 49988.262 1.131 2411.9419514720807 34475
stats: page 270 30.439011111111103 41.63282871934059 49988.262 1.131 2411.9419514720807 34475
stats: error_send_einval 0 384
stats: 200 71 2362
stats: size_rcv 1026368 24530002
stats: newphase 0 9
stats: size_sent 184550 10167528
stats: connected -117 7
stats: error_connection_closed 0 3617
stats: error_abort_max_send_retries 0 884
# stats: dump at 1733869514
stats: users 2 3799
stats: {freemem,"tsung_controller@ip-172-31-34-126"} 1 573.99609375 0.0 676.35546875 351.1953125 499.22187499999995 15
stats: {load,"tsung_controller@ip-172-31-34-126"} 1 0.26953125 0.0 0.8203125 0.16015625 0.41744791666666664 15
stats: {cpu,"tsung_controller@ip-172-31-34-126"} 1 1.4406358668653751 0.0 52.502316960148285 0.24987506246876562 12.9430567739438 15
stats: session 5 100805.94039999999 4082.7701637847117 107403.465 51.775 32319.382142474293 4478
stats: users_count 0 4485
stats: finish_users_count 5 4483
stats: request 13 11.246846153846151 12.73229707262449 49988.262 1.131 2393.4355248237152 34745
stats: connect 0 0 0 1022.725 0.626 2.7666356902169413 35909
stats: page 13 11.246846153846151 12.73229707262449 49988.262 1.131 2393.4355248237152 34745
stats: 302 11 4710
stats: error_send_einval 0 384
stats: 200 2 2364
stats: size_rcv 34612 24564614
stats: newphase 0 9
stats: size_sent 9089 10176617
stats: connected -5 2
stats: error_connection_closed 0 3617
stats: error_abort_max_send_retries 0 884
# stats: dump at 1733869521
stats: users 0 3799
stats: {freemem,"tsung_controller@ip-172-31-34-126"} 1 587.61328125 0.0 676.35546875 351.1953125 503.89526367187494 16
stats: {load,"tsung_controller@ip-172-31-34-126"} 1 0.23046875 0.0 0.8203125 0.16015625 0.408203125 16
stats: {cpu,"tsung_controller@ip-172-31-34-126"} 1 0.199700449326011 0.0 52.502316960148285 0.199700449326011 12.224155467251398 16
stats: session 2 108243.2355 3051.6875 111294.923 51.775 32395.766882890894 4483
stats: users_count 0 4485
stats: finish_users_count 2 4485
stats: connect 0 0 0 1022.725 0.626 2.7666356902169413 35909
stats: request 4 14.48725 13.959818665996346 49988.262 1.131 2392.5445514413946 34758
stats: page 4 14.48725 13.959818665996346 49988.262 1.131 2392.5445514413946 34758
stats: 302 3 4713
stats: error_send_einval 0 384
stats: 200 1 2365
stats: size_rcv 15018 24579632
stats: newphase 0 9
stats: size_sent 2894 10179511
stats: connected -2 0
stats: error_connection_closed 0 3617
stats: error_abort_max_send_retries 0 884
EndMonitor:{1733,869521,306376}
