# stats: dump at 1733874907
stats: users 15 15
stats: {cpu,"tsung_controller@ip-172-31-36-25"} 1 1.2623876673889105 0 1.2623876673889105 1.2623876673889105 0 0
stats: {load,"tsung_controller@ip-172-31-36-25"} 1 0.05078125 0 0.05078125 0.05078125 0 0
stats: {freemem,"tsung_controller@ip-172-31-36-25"} 1 682.5 0 682.5 682.5 0 0
stats: users_count 15 15
stats: finish_users_count 0 0
stats: request 41 147.06309756097562 184.4886086416369 774.317 7.355 0 0
stats: connect 15 2.1892 1.9764691143551931 9.14 0.819 0 0
stats: page 41 147.06309756097562 184.4886086416369 774.317 7.355 0 0
stats: 302 12 12
stats: 200 23 23
stats: size_rcv 203654 203654
stats: newphase 1 1
stats: size_sent 18696 18696
stats: connected 15 15
stats: 404 6 6
# stats: dump at 1733874917
stats: users 64 64
stats: {cpu,"tsung_controller@ip-172-31-36-25"} 1 0.2997002997002997 0.0 1.2623876673889105 0.2997002997002997 1.2623876673889105 1
stats: {load,"tsung_controller@ip-172-31-36-25"} 1 0.0390625 0.0 0.05078125 0.0390625 0.05078125 1
stats: {freemem,"tsung_controller@ip-172-31-36-25"} 1 676.42578125 0.0 682.5 676.42578125 682.5 1
stats: users_count 49 64
stats: finish_users_count 0 0
stats: request 162 108.19398148148152 169.5547031397123 774.317 7.352 147.06309756097562 41
stats: connect 47 1.8867872340425542 1.268623595504621 9.14 0.819 2.1892 15
stats: page 162 108.19398148148152 169.5547031397123 774.317 7.352 147.06309756097562 41
stats: 302 35 47
stats: 200 81 104
stats: size_rcv 838436 1042090
stats: newphase 2 3
stats: size_sent 84977 103673
stats: connected 47 62
stats: 404 46 52
# stats: dump at 1733874927
stats: users 290 290
stats: {cpu,"tsung_controller@ip-172-31-36-25"} 1 0.9528585757271816 0.0 1.2623876673889105 0.2997002997002997 0.7810439835446051 2
stats: {load,"tsung_controller@ip-172-31-36-25"} 1 0.03125 0.0 0.05078125 0.03125 0.044921875 2
stats: {freemem,"tsung_controller@ip-172-31-36-25"} 1 656.0859375 0.0 682.5 656.0859375 679.462890625 2
stats: session 3 19720.02433333333 4015.1772999864193 23737.087 14235.881 0 0
stats: users_count 229 293
stats: finish_users_count 3 3
stats: request 560 280.44630535714293 651.3666461036374 4850.115 7.149 116.04439408866997 203
stats: connect 219 1.9370730593607306 2.0277198261329072 23.723 0.663 1.9599516129032266 62
stats: page 560 280.44630535714293 651.3666461036374 4850.115 7.149 116.04439408866997 203
stats: 302 61 108
stats: 200 325 429
stats: size_rcv 3209586 4251676
stats: newphase 2 5
stats: size_sent 339322 442995
stats: connected 216 278
stats: 404 174 226
# stats: dump at 1733874937
stats: users 1112 1112
stats: {cpu,"tsung_controller@ip-172-31-36-25"} 1 2.7094831911690918 0.0 2.7094831911690918 0.2997002997002997 0.8383155142721307 3
stats: {load,"tsung_controller@ip-172-31-36-25"} 1 0.03125 0.0 0.05078125 0.03125 0.040364583333333336 3
stats: {freemem,"tsung_controller@ip-172-31-36-25"} 1 599.78125 0.0 682.5 599.78125 671.6705729166666 3
stats: session 4 24260.566499999997 3050.515347660499 27045.056 14235.881 19720.02433333333 3
stats: users_count 826 1119
stats: finish_users_count 4 7
stats: connect 782 1.7239705882352927 1.447087214739781 23.723 0.535 1.9421209964412816 281
stats: 302 121 229
stats: request 492 5191.236955284545 2915.967868981108 10375.928 7.149 236.7063473132373 763
stats: page 492 5191.236955284545 2915.967868981108 10375.928 7.149 236.7063473132373 763
stats: 200 300 729
stats: size_rcv 2550586 6802262
stats: newphase 2 7
stats: size_sent 376228 819223
stats: connected 778 1056
stats: 404 71 297
# stats: dump at 1733874947
stats: users 4191 4191
stats: {cpu,"tsung_controller@ip-172-31-36-25"} 1 5.929247633283508 0.0 5.929247633283508 0.2997002997002997 1.306107433496371 4
stats: {load,"tsung_controller@ip-172-31-36-25"} 1 0.01953125 0.0 0.05078125 0.01953125 0.0380859375 4
stats: {freemem,"tsung_controller@ip-172-31-36-25"} 1 497.34765625 0.0 682.5 497.34765625 653.6982421875 4
stats: session 4 32418.238000000005 4515.092369052101 39609.057 14235.881 22314.619857142854 7
stats: users_count 3083 4202
stats: finish_users_count 4 11
stats: request 4479 1256.1222185755732 2800.1734403654755 15454.485 0.837 2179.0402589641403 1255
stats: connect 2966 1.6750475387727612 1.3534388834719042 25.213 0.369 1.7816378174976473 1063
stats: page 4479 1256.1222185755732 2800.1734403654755 15454.485 0.837 2179.0402589641403 1255
stats: 302 106 335
stats: 200 704 1433
stats: size_rcv 6159563 12961825
stats: newphase 2 9
stats: 502 3623 3623
stats: size_sent 1332695 2151918
stats: connected 2962 4018
stats: 404 47 344
# stats: dump at 1733874957
stats: users 4737 4787
stats: {cpu,"tsung_controller@ip-172-31-36-25"} 1 24.729064039408865 0.0 24.729064039408865 0.2997002997002997 2.230735473453798 5
stats: {load,"tsung_controller@ip-172-31-36-25"} 1 0.01953125 0.0 0.05078125 0.01953125 0.034375 5
stats: {freemem,"tsung_controller@ip-172-31-36-25"} 1 262.109375 0.0 682.5 262.109375 622.428125 5
stats: session 52 24522.227788461532 13810.62986239706 51111.401 6116.046 25988.662818181816 11
stats: users_count 598 4800
stats: finish_users_count 52 63
stats: request 12601 524.0127255773348 2766.927296558316 19685.199 0.406 1458.1211967213094 5734
stats: connect 771 2.2804357976653717 2.2338173429409682 25.213 0.369 1.7031700173740405 4029
stats: page 12601 524.0127255773348 2766.927296558316 19685.199 0.406 1458.1211967213094 5734
stats: 302 124 459
stats: 200 304 1737
stats: size_rcv 5657803 18619628
stats: newphase 0 9
stats: 502 12157 15780
stats: size_sent 2944163 5096081
stats: connected 727 4745
stats: 404 18 362
# stats: dump at 1733874967
stats: users 4215 4787
stats: {cpu,"tsung_controller@ip-172-31-36-25"} 1 19.310344827586206 0.0 24.729064039408865 0.2997002997002997 5.980456901112976 6
stats: {load,"tsung_controller@ip-172-31-36-25"} 1 0.1015625 0.0 0.1015625 0.01953125 0.031901041666666664 6
stats: {freemem,"tsung_controller@ip-172-31-36-25"} 1 120.84765625 0.0 682.5 120.84765625 562.375 6
stats: session 522 21337.441750957856 6985.790462856708 51111.401 6116.046 24778.271999999994 63
stats: users_count 0 4800
stats: finish_users_count 522 585
stats: request 10930 901.1441440073173 4400.102264115768 28099.841 0.406 816.1413306244878 18335
stats: connect 0 0 0 25.213 0.369 1.7958933333333358 4800
stats: 302 117 576
stats: page 10930 901.1441440073173 4400.102264115768 28099.841 0.406 816.1413306244878 18335
stats: 200 302 2039
stats: size_rcv 5213892 23833520
stats: newphase 0 9
stats: 502 10486 26266
stats: size_sent 3377974 8474055
stats: connected -508 4237
stats: 404 25 387
# stats: dump at 1733874977
stats: users 3383 4787
stats: {cpu,"tsung_controller@ip-172-31-36-25"} 1 17.77777777777778 0.0 24.729064039408865 0.2997002997002997 7.884726604894865 7
stats: {load,"tsung_controller@ip-172-31-36-25"} 1 0.078125 0.0 0.1015625 0.01953125 0.04185267857142857 7
stats: {freemem,"tsung_controller@ip-172-31-36-25"} 1 62.99609375 0.0 682.5 62.99609375 499.29966517857144 7
stats: session 832 29903.826633413464 7615.8999177966625 70216.416 6116.046 21707.992700854702 585
stats: users_count 0 4800
stats: finish_users_count 832 1417
stats: connect 0 0 0 25.213 0.369 1.7958933333333358 4800
stats: page 7863 2311.345950146261 8169.022335792596 36611.368 0.406 847.8884944814613 29265
stats: request 7863 2311.345950146261 8169.022335792596 36611.368 0.406 847.8884944814613 29265
stats: 302 135 711
stats: 200 417 2456
stats: size_rcv 5162571 28996091
stats: newphase 0 9
stats: 502 7277 33543
stats: size_sent 3118790 11592845
stats: connected -835 3402
stats: 404 34 421
# stats: dump at 1733874987
stats: users 2965 4787
stats: {cpu,"tsung_controller@ip-172-31-36-25"} 1 12.853598014888338 0.0 24.729064039408865 0.2997002997002997 9.121358001505229 8
stats: {load,"tsung_controller@ip-172-31-36-25"} 1 0.21875 0.0 0.21875 0.01953125 0.04638671875 8
stats: {freemem,"tsung_controller@ip-172-31-36-25"} 1 59.46484375 0.0 682.5 59.46484375 444.76171875 8
stats: session 418 41007.28853349281 8594.227737228184 76126.765 6116.046 26520.22546859563 1417
stats: users_count 0 4800
stats: finish_users_count 418 1835
stats: request 4898 3656.399273581046 11315.45423697485 45073.032 0.406 1157.8207820782163 37128
stats: connect 0 0 0 25.213 0.369 1.7958933333333358 4800
stats: 302 175 886
stats: page 4898 3656.399273581046 11315.45423697485 45073.032 0.406 1157.8207820782163 37128
stats: 200 274 2730
stats: size_rcv 3333364 32329455
stats: newphase 0 9
stats: 502 4434 37977
stats: size_sent 2525954 14118799
stats: connected -428 2974
stats: 404 16 437
# stats: dump at 1733874997
stats: users 2715 4787
stats: {cpu,"tsung_controller@ip-172-31-36-25"} 1 9.108813392417527 0.0 24.729064039408865 0.2997002997002997 9.536051336325574 9
stats: {load,"tsung_controller@ip-172-31-36-25"} 1 0.1796875 0.0 0.21875 0.01953125 0.06553819444444445 9
stats: {freemem,"tsung_controller@ip-172-31-36-25"} 1 49.9453125 0.0 682.5 49.9453125 401.9509548611111 9
stats: session 250 52530.50836799998 8051.21758937352 94684.456 6116.046 29820.275801634878 1835
stats: users_count 0 4800
stats: finish_users_count 250 2085
stats: request 3641 14442.71207223293 15369.195405631546 49170.84 0.402 1449.0223585161564 42026
stats: connect 0 0 0 25.213 0.369 1.7958933333333358 4800
stats: 302 1623 2509
stats: page 3641 14442.71207223293 15369.195405631546 49170.84 0.402 1449.0223585161564 42026
stats: 200 128 2858
stats: size_rcv 3349080 35678535
stats: newphase 0 9
stats: 502 1728 39705
stats: size_sent 1668144 15786943
stats: connected -255 2719
stats: 404 162 599
# stats: dump at 1733875007
stats: users 2294 4787
stats: {cpu,"tsung_controller@ip-172-31-36-25"} 1 7.264529058116233 0.0 24.729064039408865 0.2997002997002997 9.49332754193477 10
stats: {load,"tsung_controller@ip-172-31-36-25"} 1 0.23046875 0.0 0.23046875 0.01953125 0.076953125 10
stats: {freemem,"tsung_controller@ip-172-31-36-25"} 1 39.17578125 0.0 682.5 39.17578125 366.750390625 10
stats: session 421 62890.55761520195 7718.909055016623 94684.456 6116.046 32543.32527002398 2085
stats: users_count 0 4800
stats: finish_users_count 421 2506
stats: connect 1 7.582 0.0 25.213 0.369 1.7958933333333358 4800
stats: page 4541 5872.2028628055405 4408.25613026445 66712.75 0.402 2485.000729060374 45667
stats: 302 3248 5757
stats: request 4541 5872.2028628055405 4408.25613026445 66712.75 0.402 2485.000729060374 45667
stats: 200 466 3324
stats: size_rcv 9027812 44706347
stats: newphase 0 9
stats: 502 209 39914
stats: size_sent 1719776 17506719
stats: connected -409 2310
stats: 404 616 1215
# stats: dump at 1733875017
stats: users 1357 4787
stats: {cpu,"tsung_controller@ip-172-31-36-25"} 1 11.208576998050681 0.0 24.729064039408865 0.2997002997002997 9.290709497951267 11
stats: {load,"tsung_controller@ip-172-31-36-25"} 1 0.3515625 0.0 0.3515625 0.01953125 0.09090909090909091 11
stats: {freemem,"tsung_controller@ip-172-31-36-25"} 1 45.4921875 0.0 682.5 39.17578125 336.9708806818182 11
stats: session 937 72389.74237353244 7671.200078000066 109530.556 6116.046 37641.56342537909 2506
stats: users_count 0 4800
stats: finish_users_count 937 3443
stats: request 6818 998.4466831915531 1464.120879886411 77180.171 0.402 2791.3520055369677 50208
stats: 302 4882 10639
stats: connect 1 0.99 0.0 25.213 0.369 1.7970985211414312 4801
stats: page 6818 998.4466831915531 1464.120879886411 77180.171 0.402 2791.3520055369677 50208
stats: 200 665 3989
stats: size_rcv 15044029 59750376
stats: newphase 0 9
stats: 502 0 39914
stats: size_sent 2970949 20477668
stats: connected -935 1375
stats: 404 1269 2484
# stats: dump at 1733875027
stats: users 443 4787
stats: {cpu,"tsung_controller@ip-172-31-36-25"} 1 12.748597654258031 0.0 24.729064039408865 0.2997002997002997 9.450531789626218 12
stats: {load,"tsung_controller@ip-172-31-36-25"} 1 0.30078125 0.0 0.3515625 0.01953125 0.11263020833333333 12
stats: {freemem,"tsung_controller@ip-172-31-36-25"} 1 38.359375 0.0 682.5 38.359375 312.6809895833333 12
stats: session 914 80833.01135667387 6236.7736510425075 109530.556 6116.046 47098.154675573605 3443
stats: users_count 0 4800
stats: finish_users_count 914 4357
stats: request 3958 209.353892369884 331.1770021301245 77180.171 0.402 2576.9931431276973 57026
stats: page 3958 209.353892369884 331.1770021301245 77180.171 0.402 2576.9931431276973 57026
stats: connect 1 2.224 0.0 25.213 0.369 1.7969304456476491 4802
stats: 302 2649 13288
stats: 200 539 4528
stats: size_rcv 9988462 69738838
stats: newphase 0 9
stats: 502 0 39914
stats: size_sent 1980932 22458600
stats: connected -924 451
stats: 404 768 3252
# stats: dump at 1733875037
stats: users 86 4787
stats: {cpu,"tsung_controller@ip-172-31-36-25"} 1 9.149040826364978 0.0 24.729064039408865 0.2997002997002997 9.704229163828666 13
stats: {load,"tsung_controller@ip-172-31-36-25"} 1 0.25 0.0 0.3515625 0.01953125 0.1271033653846154 13
stats: {freemem,"tsung_controller@ip-172-31-36-25"} 1 311.32421875 0.0 682.5 38.359375 291.5793269230769 13
stats: session 357 90403.35031372549 5652.099730229255 112981.296 6116.046 54174.96417902223 4357
stats: users_count 0 4800
stats: finish_users_count 357 4714
stats: connect 0 0 0 25.213 0.369 1.797019362898191 4803
stats: page 1148 15.93949128919859 17.81018317378352 77180.171 0.402 2423.3279825200066 60984
stats: 302 706 13994
stats: request 1148 15.93949128919859 17.81018317378352 77180.171 0.402 2423.3279825200066 60984
stats: 200 214 4742
stats: size_rcv 3342292 73081130
stats: newphase 0 9
stats: 502 0 39914
stats: size_sent 693057 23151657
stats: connected -363 88
stats: 404 228 3480
# stats: dump at 1733875047
stats: users 16 4787
stats: {cpu,"tsung_controller@ip-172-31-36-25"} 1 2.7149321266968327 0.0 24.729064039408865 0.2997002997002997 9.664572854009831 14
stats: {load,"tsung_controller@ip-172-31-36-25"} 1 0.2109375 0.0 0.3515625 0.01953125 0.13588169642857142 14
stats: {freemem,"tsung_controller@ip-172-31-36-25"} 1 574.19140625 0.0 682.5 38.359375 292.9896763392857 14
stats: session 70 99151.53247142852 4606.882068442349 112981.296 6116.046 56918.60733771741 4714
stats: users_count 0 4800
stats: finish_users_count 70 4784
stats: connect 1 1.85 0.0 25.213 0.369 1.797019362898191 4803
stats: 302 126 14120
stats: request 205 499.18930243902423 6919.039193148081 99322.08 0.402 2378.8471676752733 62132
stats: 200 41 4783
stats: size_rcv 600702 73681832
stats: newphase 0 9
stats: 502 0 39914
stats: page 205 499.18930243902423 6919.039193148081 99322.08 0.402 2378.8471676752733 62132
stats: size_sent 129537 23281194
stats: connected -71 17
stats: 404 36 3516
# stats: dump at 1733875057
stats: users 6 4787
stats: {cpu,"tsung_controller@ip-172-31-36-25"} 1 0.7014028056112225 0.0 24.729064039408865 0.2997002997002997 9.201263472188964 15
stats: {load,"tsung_controller@ip-172-31-36-25"} 1 0.1796875 0.0 0.3515625 0.01953125 0.14088541666666668 15
stats: {freemem,"tsung_controller@ip-172-31-36-25"} 1 620.53125 0.0 682.5 38.359375 311.73645833333336 15
stats: session 10 109136.504 4303.0469264926705 120850.007 6116.046 57536.564018185585 4784
stats: users_count 0 4800
stats: finish_users_count 10 4794
stats: connect 0 0 0 25.213 0.369 1.797030391340552 4804
stats: 302 15 14135
stats: request 48 21.158979166666665 26.63869741676695 99322.08 0.402 2372.6657687890033 62337
stats: 200 15 4798
stats: size_rcv 215820 73897652
stats: page 48 21.158979166666665 26.63869741676695 99322.08 0.402 2372.6657687890033 62337
stats: newphase 0 9
stats: 502 0 39914
stats: size_sent 32554 23313748
stats: connected -11 6
stats: 404 18 3534
# stats: dump at 1733875067
stats: users 1 4787
stats: {cpu,"tsung_controller@ip-172-31-36-25"} 1 0.14992503748125938 0.0 24.729064039408865 0.14992503748125938 8.670022180527855 16
stats: {load,"tsung_controller@ip-172-31-36-25"} 1 0.1484375 0.0 0.3515625 0.01953125 0.143310546875 16
stats: {freemem,"tsung_controller@ip-172-31-36-25"} 1 633.50390625 0.0 682.5 38.359375 331.0361328125 16
stats: session 5 119255.268 4420.120956337733 124646.473 6116.046 57644.19843617018 4794
stats: users_count 0 4800
stats: finish_users_count 5 4799
stats: request 14 17.773285714285713 15.069029779312133 99322.08 0.402 2370.8564824877794 62385
stats: page 14 17.773285714285713 15.069029779312133 99322.08 0.402 2370.8564824877794 62385
stats: connect 0 0 0 25.213 0.369 1.797030391340552 4804
stats: 302 5 14140
stats: 200 5 4803
stats: size_rcv 62137 73959789
stats: newphase 0 9
stats: 502 0 39914
stats: size_sent 10367 23324115
stats: connected -5 1
stats: 404 4 3538
# stats: dump at 1733875069
stats: users 0 4787
stats: {cpu,"tsung_controller@ip-172-31-36-25"} 1 0.10015022533800699 0.0 24.729064039408865 0.10015022533800699 8.168839995642761 17
stats: {load,"tsung_controller@ip-172-31-36-25"} 1 0.12890625 0.0 0.3515625 0.01953125 0.14361213235294118 17
stats: {freemem,"tsung_controller@ip-172-31-36-25"} 1 638.5546875 0.0 682.5 38.359375 348.82835477941177 17
stats: session 1 132853.747 0.0 132853.747 6116.046 57708.3900068764 4799
stats: users_count 0 4800
stats: finish_users_count 1 4800
stats: page 1 5.614 0.0 99322.08 0.402 2370.328538694532 62399
stats: request 1 5.614 0.0 99322.08 0.402 2370.328538694532 62399
stats: connect 0 0 0 25.213 0.369 1.797030391340552 4804
stats: 302 1 14141
stats: 200 0 4803
stats: size_rcv 1072 73960861
stats: newphase 0 9
stats: 502 0 39914
stats: size_sent 739 23324854
stats: connected -1 0
stats: 404 0 3538
EndMonitor:{1733,875069,320671}
