# stats: dump at 1733630483
stats: users 12 12
stats: {freemem,"tsung_controller@ip-172-31-42-158"} 1 678.94140625 0 678.94140625 678.94140625 0 0
stats: {load,"tsung_controller@ip-172-31-42-158"} 1 0.08984375 0 0.08984375 0.08984375 0 0
stats: {cpu,"tsung_controller@ip-172-31-42-158"} 1 9.55369972884087 0 9.55369972884087 9.55369972884087 0 0
stats: users_count 12 12
stats: finish_users_count 0 0
stats: page 28 105.74696428571427 150.26243726762144 379.585 5.066 0 0
stats: 302 19 19
stats: request 28 105.74696428571427 150.26243726762144 379.585 5.066 0 0
stats: 200 7 7
stats: size_rcv 75345 75345
stats: connect 11 2.17509090909091 1.61273874650013 7.227 1.448 0 0
stats: newphase 1 1
stats: size_sent 9423 9423
stats: connected 11 11
stats: 404 2 2
# stats: dump at 1733630493
stats: users 65 65
stats: {freemem,"tsung_controller@ip-172-31-42-158"} 1 678.59375 0.0 678.94140625 678.59375 678.94140625 1
stats: {load,"tsung_controller@ip-172-31-42-158"} 1 0.078125 0.0 0.08984375 0.078125 0.08984375 1
stats: {cpu,"tsung_controller@ip-172-31-42-158"} 1 0.44999999999999996 0.0 9.55369972884087 0.44999999999999996 9.55369972884087 1
stats: users_count 53 65
stats: finish_users_count 0 0
stats: request 179 143.96354748603352 269.5456188596818 1679.068 5.066 105.74696428571427 28
stats: connect 50 1.8127000000000004 0.6468215596283102 7.227 1.236 2.17509090909091 11
stats: page 176 146.41885227272735 271.2385571571738 1679.068 5.066 105.74696428571427 28
stats: 302 93 112
stats: 200 69 76
stats: size_rcv 705983 781328
stats: newphase 2 3
stats: size_sent 80952 90375
stats: connected 50 61
stats: 404 17 19
# stats: dump at 1733630503
stats: users 278 278
stats: {freemem,"tsung_controller@ip-172-31-42-158"} 1 664.6171875 0.0 678.94140625 664.6171875 678.767578125 2
stats: {load,"tsung_controller@ip-172-31-42-158"} 1 0.05859375 0.0 0.08984375 0.05859375 0.083984375 2
stats: {cpu,"tsung_controller@ip-172-31-42-158"} 1 0.8008008008008007 0.0 9.55369972884087 0.44999999999999996 5.001849864420435 2
stats: users_count 213 278
stats: finish_users_count 0 0
stats: request 267 976.3556704119851 1605.4422556382112 7577.944 5.066 138.79415458937197 207
stats: connect 198 1.835525252525252 1.2479811522747517 15.131 1.164 1.8780491803278694 61
stats: page 256 997.3023750000002 1642.0285077045019 7577.944 5.066 140.83643627450988 204
stats: 302 132 244
stats: 200 115 191
stats: size_rcv 1087223 1868551
stats: newphase 2 5
stats: size_sent 162456 252831
stats: connected 198 259
stats: 404 20 39
# stats: dump at 1733630513
stats: users 1130 1130
stats: {freemem,"tsung_controller@ip-172-31-42-158"} 1 645.7734375 0.0 678.94140625 645.7734375 674.05078125 3
stats: {load,"tsung_controller@ip-172-31-42-158"} 1 0.05078125 0.0 0.08984375 0.05078125 0.07552083333333333 3
stats: {cpu,"tsung_controller@ip-172-31-42-158"} 1 1.6524787180771157 0.0 9.55369972884087 0.44999999999999996 3.601500176547223 3
stats: session 2 30840.0395 1932.9844999999987 32773.024 28907.055 0 0
stats: users_count 854 1132
stats: finish_users_count 2 2
stats: request 578 5344.372569204154 1777.3582100380886 13201.74 5.066 610.5851350210971 474
stats: page 575 5359.467558260868 1798.4737231547979 13201.74 5.066 617.4783500000002 460
stats: connect 816 2.1101200980392103 1.6871287217671789 23.238 0.971 1.84554054054054 259
stats: 302 475 719
stats: 200 96 287
stats: size_rcv 1043162 2911713
stats: newphase 2 7
stats: size_sent 212503 465334
stats: connected 732 991
stats: 404 7 46
# stats: dump at 1733630523
stats: users 3159 3159
stats: {freemem,"tsung_controller@ip-172-31-42-158"} 1 592.859375 0.0 678.94140625 592.859375 666.9814453125 4
stats: {load,"tsung_controller@ip-172-31-42-158"} 1 0.0390625 0.0 0.08984375 0.0390625 0.0693359375 4
stats: {cpu,"tsung_controller@ip-172-31-42-158"} 1 8.874878758486906 0.0 9.55369972884087 0.44999999999999996 3.1142448119296966 4
stats: session 483 6579.09576397515 7224.425482366828 46440.579 113.279 30840.0395 2
stats: users_count 2512 3644
stats: finish_users_count 483 485
stats: request 6843 797.0479522139423 2608.039867810444 15427.923 1.446 3211.468345057035 1052
stats: connect 9382 6.023225858025989 7.990127874356071 56.239 0.779 2.046374883720926 1075
stats: page 6820 799.5082714076254 2613.42640680592 15427.923 1.446 3251.9167990338156 1035
stats: 302 427 1146
stats: error_send_einval 76 76
stats: 200 193 480
stats: size_rcv 1613312 4525025
stats: newphase 2 9
stats: size_sent 1163926 1629260
stats: connected 28 1019
stats: error_connection_closed 1893 1893
stats: error_abort_max_send_retries 480 480
stats: 404 8 54
# stats: dump at 1733630533
stats: users 3350 3658
stats: {freemem,"tsung_controller@ip-172-31-42-158"} 1 471.53125 0.0 678.94140625 471.53125 652.15703125 5
stats: {load,"tsung_controller@ip-172-31-42-158"} 1 0.3515625 0.0 0.3515625 0.0390625 0.06328125 5
stats: {cpu,"tsung_controller@ip-172-31-42-158"} 1 44.59962756052141 0.0 44.59962756052141 0.44999999999999996 4.266371601241138 5
stats: session 316 9337.242452531644 9804.004249852575 52316.046 113.279 6679.1408927835 485
stats: users_count 507 4151
stats: finish_users_count 316 801
stats: request 12939 544.3142185640286 2752.3595611505116 20474.33 1.435 1118.7667936668786 7895
stats: connect 14853 3.0531654884535073 4.071177682360619 56.239 0.779 5.6143978196423285 10457
stats: page 12382 568.2117261347107 2811.2153525204153 20474.33 1.446 1122.6454866963722 7855
stats: 302 347 1493
stats: error_send_einval 151 227
stats: 200 143 623
stats: size_rcv 1194609 5719634
stats: newphase 0 9
stats: size_sent 2385199 4014459
stats: connected 7 1026
stats: error_connection_closed 1472 3365
stats: error_abort_max_send_retries 288 768
stats: 404 2 56
# stats: dump at 1733630543
stats: users 2733 3658
stats: {freemem,"tsung_controller@ip-172-31-42-158"} 1 384.3828125 0.0 678.94140625 384.3828125 622.052734375 6
stats: {load,"tsung_controller@ip-172-31-42-158"} 1 0.44140625 0.0 0.44140625 0.0390625 0.111328125 6
stats: {cpu,"tsung_controller@ip-172-31-42-158"} 1 50.13623978201635 0.0 50.13623978201635 0.44999999999999996 10.98858092778785 6
stats: session 617 21846.03768881685 8062.329670684743 63065.669 113.279 7727.780209737824 801
stats: users_count 0 4151
stats: finish_users_count 617 1418
stats: connect 12920 3.031143343653263 3.7754612562042986 57.813 0.777 4.111356183326739 25310
stats: page 9792 502.8237410130703 3248.64599341121 31596.774 1.446 783.41542180165 20237
stats: 302 163 1656
stats: error_send_einval 136 363
stats: 200 67 690
stats: size_rcv 592804 6312438
stats: request 10900 452.74132926605336 3081.911835228999 26117.937 1.435 762.0018004223851 20834
stats: newphase 0 9
stats: size_sent 2098730 6113189
stats: connected -3 1023
stats: error_connection_closed 1487 4852
stats: error_abort_max_send_retries 403 1171
stats: 404 1 57
# stats: dump at 1733630553
stats: users 2037 3658
stats: {freemem,"tsung_controller@ip-172-31-42-158"} 1 356.265625 0.0 678.94140625 356.265625 588.0998883928571 7
stats: {load,"tsung_controller@ip-172-31-42-158"} 1 0.609375 0.0 0.609375 0.0390625 0.15848214285714285 7
stats: {cpu,"tsung_controller@ip-172-31-42-158"} 1 43.44186046511628 0.0 50.13623978201635 0.44999999999999996 16.581103621249063 7
stats: session 696 31679.31056465516 7403.818873830766 63349.325 113.279 13870.914811001405 1418
stats: users_count 0 4151
stats: finish_users_count 696 2114
stats: connect 7722 1.7598651903651943 1.2076936374212643 57.813 0.777 3.7462934083180732 38230
stats: request 7618 728.0408563927549 4468.051578215055 33149.371 1.435 655.7769584357457 31734
stats: page 7154 767.5713329605823 4584.91349571507 33149.371 1.446 691.9187439808178 30029
stats: 302 144 1800
stats: error_send_einval 33 396
stats: 200 52 742
stats: size_rcv 474091 6786529
stats: newphase 0 9
stats: size_sent 1796462 7909651
stats: connected -1 1022
stats: error_connection_closed 76 4928
stats: error_abort_max_send_retries 2 1173
stats: 404 1 58
# stats: dump at 1733630563
stats: users 1543 3658
stats: {freemem,"tsung_controller@ip-172-31-42-158"} 1 392.203125 0.0 678.94140625 356.265625 559.12060546875 8
stats: {load,"tsung_controller@ip-172-31-42-158"} 1 0.58984375 0.0 0.609375 0.0390625 0.21484375 8
stats: {cpu,"tsung_controller@ip-172-31-42-158"} 1 30.269775948788297 0.0 50.13623978201635 0.44999999999999996 19.938698226732463 8
stats: session 494 41451.62978744936 8224.330420039714 68356.674 113.279 19734.03848391674 2114
stats: users_count 0 4151
stats: finish_users_count 494 2608
stats: request 3985 1784.5410577164346 7690.6220454542945 40236.694 0.449 669.7662442315501 39352
stats: connect 4032 1.7472472718253973 1.4187404749758907 57.813 0.777 3.4124842444289687 45952
stats: page 3773 1880.1112642459557 7895.5435290786545 48980.226 1.446 706.4742833821904 37183
stats: 302 162 1962
stats: error_send_einval 15 411
stats: 200 41 783
stats: size_rcv 414740 7201269
stats: newphase 0 9
stats: size_sent 1235942 9145593
stats: connected 0 1022
stats: error_connection_closed 30 4958
stats: error_abort_max_send_retries 4 1177
stats: 404 1 59
# stats: dump at 1733630573
stats: users 1351 3658
stats: {freemem,"tsung_controller@ip-172-31-42-158"} 1 409.34375 0.0 678.94140625 356.265625 540.57421875 9
stats: {load,"tsung_controller@ip-172-31-42-158"} 1 0.71875 0.0 0.71875 0.0390625 0.2565104166666667 9
stats: {cpu,"tsung_controller@ip-172-31-42-158"} 1 19.92533831077928 0.0 50.13623978201635 0.44999999999999996 21.086595751405333 9
stats: session 192 53104.05525520837 8613.528545501289 85643.639 113.279 23847.723339723914 2608
stats: users_count 0 4151
stats: finish_users_count 192 2800
stats: connect 2332 2.380128644939965 2.2607561178608666 57.813 0.777 3.27815655009603 49984
stats: 302 172 2134
stats: request 2239 3804.4458012505484 12180.160095830208 46367.115 0.449 772.2739773865277 43337
stats: page 2076 4019.3592085741743 12482.478350767731 48980.226 1.446 814.593541337044 40956
stats: error_send_einval 67 478
stats: 200 27 810
stats: size_rcv 310925 7512194
stats: newphase 0 9
stats: size_sent 859788 10005381
stats: connected 0 1022
stats: error_connection_closed 28 4986
stats: error_abort_max_send_retries 6 1183
stats: 404 0 59
# stats: dump at 1733630583
stats: users 1254 3658
stats: {freemem,"tsung_controller@ip-172-31-42-158"} 1 424.109375 0.0 678.94140625 356.265625 527.451171875 10
stats: {load,"tsung_controller@ip-172-31-42-158"} 1 0.76953125 0.0 0.76953125 0.0390625 0.302734375 10
stats: {cpu,"tsung_controller@ip-172-31-42-158"} 1 13.965436711816908 0.0 50.13623978201635 0.44999999999999996 20.970470007342726 10
stats: session 97 64160.35759793816 7968.844636168488 88019.971 113.279 25853.871813928567 2800
stats: users_count 0 4151
stats: finish_users_count 97 2897
stats: connect 1548 2.178886304909561 2.0207287045542106 57.813 0.777 3.2381267107577028 52316
stats: page 1462 16619.41129206566 19559.08990768293 61038.336 1.446 969.2015894218247 43032
stats: 302 663 2797
stats: error_send_einval 23 501
stats: 200 23 833
stats: size_rcv 625010 8137204
stats: request 1586 16506.453218789393 19415.591702605394 52786.987 0.138 921.2346741047903 45576
stats: newphase 0 9
stats: size_sent 515319 10520700
stats: connected -10 1012
stats: error_connection_closed 8 4994
stats: error_abort_max_send_retries 2 1185
stats: 404 5 64
# stats: dump at 1733630593
stats: users 1151 3658
stats: {freemem,"tsung_controller@ip-172-31-42-158"} 1 433.0859375 0.0 678.94140625 356.265625 518.0564630681819 11
stats: {load,"tsung_controller@ip-172-31-42-158"} 1 0.73046875 0.0 0.76953125 0.0390625 0.34517045454545453 11
stats: {cpu,"tsung_controller@ip-172-31-42-158"} 1 11.965811965811966 0.0 50.13623978201635 0.44999999999999996 20.33364879865856 11
stats: session 103 72143.50791262132 8135.767730079225 107272.034 113.279 27136.484558508797 2897
stats: users_count 0 4151
stats: finish_users_count 103 3000
stats: connect 1020 1.8044568627450974 1.1222032500459471 57.813 0.777 3.2076851514926474 53864
stats: 302 1118 3915
stats: request 1296 11664.401122685189 8504.152039144641 52986.633 0.138 1445.3463871761144 47162
stats: page 1187 13889.767705981483 11735.190286572382 61038.336 1.446 1483.4418596889457 44494
stats: error_send_einval 0 501
stats: 200 63 896
stats: size_rcv 1519260 9656464
stats: newphase 0 9
stats: size_sent 404073 10924773
stats: connected -26 986
stats: error_connection_closed 2 4996
stats: error_abort_max_send_retries 0 1185
stats: 404 33 97
# stats: dump at 1733630603
stats: users 1005 3658
stats: {freemem,"tsung_controller@ip-172-31-42-158"} 1 433.8203125 0.0 678.94140625 356.265625 510.97558593750006 12
stats: {load,"tsung_controller@ip-172-31-42-158"} 1 0.69140625 0.0 0.76953125 0.0390625 0.3772786458333333 12
stats: {cpu,"tsung_controller@ip-172-31-42-158"} 1 8.624031007751938 0.0 50.13623978201635 0.44999999999999996 19.636329062588015 12
stats: session 146 82500.53834246573 7627.631316591638 107272.034 113.279 28681.725693666664 3000
stats: users_count 0 4151
stats: finish_users_count 146 3146
stats: request 1740 6237.14155574712 2045.1464479543113 52986.633 0.138 1718.653063828468 48458
stats: connect 347 1.7274063400576365 0.7828698621449824 57.813 0.777 3.1816066431018144 54884
stats: page 1591 7156.794076052794 3265.8186261696487 61038.336 1.446 1805.8145918872174 45681
stats: 302 1559 5474
stats: error_send_einval 0 501
stats: 200 121 1017
stats: size_rcv 2542800 12199264
stats: newphase 0 9
stats: size_sent 519160 11443933
stats: connected 14 1000
stats: error_connection_closed 0 4996
stats: error_abort_max_send_retries 0 1185
stats: 404 60 157
# stats: dump at 1733630613
stats: users 722 3658
stats: {freemem,"tsung_controller@ip-172-31-42-158"} 1 420.96875 0.0 678.94140625 356.265625 505.04056490384625 13
stats: {load,"tsung_controller@ip-172-31-42-158"} 1 0.578125 0.0 0.76953125 0.0390625 0.4014423076923077 13
stats: {cpu,"tsung_controller@ip-172-31-42-158"} 1 5.944055944055944 0.0 50.13623978201635 0.44999999999999996 18.789229212216007 13
stats: session 283 92838.62690459362 7376.452814896611 121511.532 113.279 31179.35654132231 3146
stats: users_count 0 4151
stats: finish_users_count 283 3429
stats: request 2645 2210.141101323259 866.8838446687491 52986.633 0.138 1875.276235587073 50198
stats: 302 2234 7708
stats: connect 7 1.413285714285714 0.08595300092112512 57.813 0.777 3.172470333689413 55231
stats: page 2484 2445.086586553956 1316.8939233067545 61038.336 1.446 1985.9086932433572 47272
stats: error_send_einval 0 501
stats: 200 313 1330
stats: size_rcv 5042067 17241331
stats: newphase 0 9
stats: size_sent 863226 12307159
stats: connected -270 730
stats: error_connection_closed 0 4996
stats: error_abort_max_send_retries 0 1185
stats: 404 98 255
# stats: dump at 1733630623
stats: users 312 3658
stats: {freemem,"tsung_controller@ip-172-31-42-158"} 1 386.015625 0.0 678.94140625 356.265625 499.0354352678572 14
stats: {load,"tsung_controller@ip-172-31-42-158"} 1 0.48828125 0.0 0.76953125 0.0390625 0.4140625 14
stats: {cpu,"tsung_controller@ip-172-31-42-158"} 1 8.296514482081491 0.0 50.13623978201635 0.44999999999999996 17.87171683591886 14
stats: session 410 101629.08092195111 6923.765249300014 130803.095 113.279 36268.17937970253 3429
stats: users_count 0 4151
stats: finish_users_count 410 3839
stats: request 2327 680.3135414697038 502.83344225795884 52986.633 0.138 1892.0375392577996 52843
stats: 302 1847 9555
stats: connect 0 0 0 57.813 0.777 3.1722474021506932 55238
stats: page 2242 719.8975294380025 587.0822622889091 61038.336 1.446 2008.8325192539594 49756
stats: error_send_einval 0 501
stats: 200 385 1715
stats: size_rcv 5505844 22747175
stats: newphase 0 9
stats: size_sent 878761 13185920
stats: connected -413 317
stats: error_connection_closed 0 4996
stats: error_abort_max_send_retries 0 1185
stats: 404 95 350
# stats: dump at 1733630633
stats: users 73 3658
stats: {freemem,"tsung_controller@ip-172-31-42-158"} 1 424.25 0.0 678.94140625 356.265625 491.50078125000005 15
stats: {load,"tsung_controller@ip-172-31-42-158"} 1 0.421875 0.0 0.76953125 0.0390625 0.41901041666666666 15
stats: {cpu,"tsung_controller@ip-172-31-42-158"} 1 8.272148800783162 0.0 50.13623978201635 0.44999999999999996 17.233370012329704 15
stats: session 239 109962.79080334732 6733.373427148265 133293.387 113.279 43248.63513180514 3839
stats: users_count 0 4151
stats: finish_users_count 239 4078
stats: 302 585 10140
stats: request 863 92.95373117033583 209.76010495135785 52986.633 0.138 1840.928571651258 55170
stats: error_send_einval 0 501
stats: 200 273 1988
stats: connect 0 0 0 57.813 0.777 3.1722474021506932 55238
stats: size_rcv 3136048 25883223
stats: newphase 0 9
stats: size_sent 486981 13672901
stats: page 858 93.49783449883425 210.95461130328357 61038.336 1.446 1953.257453921305 51998
stats: connected -243 74
stats: error_connection_closed 0 4996
stats: error_abort_max_send_retries 0 1185
stats: 404 5 355
# stats: dump at 1733630643
stats: users 14 3658
stats: {freemem,"tsung_controller@ip-172-31-42-158"} 1 487.86328125 0.0 678.94140625 356.265625 487.29760742187506 16
stats: {load,"tsung_controller@ip-172-31-42-158"} 1 0.3515625 0.0 0.76953125 0.0390625 0.419189453125 16
stats: {cpu,"tsung_controller@ip-172-31-42-158"} 1 3.1093279839518555 0.0 50.13623978201635 0.44999999999999996 16.673293686608044 16
stats: session 59 118824.32762711866 6209.591207331657 138192.037 113.279 47158.562352378605 4078
stats: users_count 0 4151
stats: finish_users_count 59 4137
stats: request 181 38.12316574585633 43.79401298312246 52986.633 0.138 1814.0068953652294 56033
stats: connect 0 0 0 57.813 0.777 3.1722474021506932 55238
stats: page 181 38.12316574585633 43.79401298312246 61038.336 1.446 1923.0683788217048 52856
stats: 302 112 10252
stats: error_send_einval 0 501
stats: 200 69 2057
stats: size_rcv 788658 26671881
stats: newphase 0 9
stats: size_sent 122450 13795351
stats: connected -60 14
stats: error_connection_closed 0 4996
stats: error_abort_max_send_retries 0 1185
stats: 404 0 355
# stats: dump at 1733630653
stats: users 0 3658
stats: {freemem,"tsung_controller@ip-172-31-42-158"} 1 564.625 0.0 678.94140625 356.265625 487.33088235294116 17
stats: {load,"tsung_controller@ip-172-31-42-158"} 1 0.30078125 0.0 0.76953125 0.0390625 0.41521139705882354 17
stats: {cpu,"tsung_controller@ip-172-31-42-158"} 1 0.6516290726817042 0.0 50.13623978201635 0.44999999999999996 15.87541335115768 17
stats: session 14 129944.75935714284 8173.010023870428 144231.007 113.279 48180.626686729505 4137
stats: users_count 0 4151
stats: finish_users_count 14 4151
stats: request 22 26.749818181818185 51.089355982378706 52986.633 0.138 1808.2888366065374 56214
stats: connect 0 0 0 57.813 0.777 3.1722474021506932 55238
stats: page 22 26.749818181818185 51.089355982378706 61038.336 1.446 1916.635603899165 53037
stats: 302 17 10269
stats: error_send_einval 0 501
stats: 200 5 2062
stats: size_rcv 66911 26738792
stats: newphase 0 9
stats: size_sent 16113 13811464
stats: connected -14 0
stats: error_connection_closed 0 4996
stats: error_abort_max_send_retries 0 1185
stats: 404 0 355
# stats: dump at 1733630655
stats: users 0 3658
stats: {freemem,"tsung_controller@ip-172-31-42-158"} 1 580.75 0.0 678.94140625 356.265625 491.625 18
stats: {load,"tsung_controller@ip-172-31-42-158"} 1 0.25 0.0 0.76953125 0.0390625 0.4088541666666667 18
stats: {cpu,"tsung_controller@ip-172-31-42-158"} 1 0.15 0.0 50.13623978201635 0.15 15.029647557909016 18
stats: session 0 0 0 144231.007 113.279 48456.39104649481 4151
stats: users_count 0 4151
stats: finish_users_count 0 4151
stats: request 0 0 0 52986.633 0.138 1807.591883437654 56236
stats: page 0 0 0 61038.336 1.446 1915.8519953259583 53059
stats: 302 0 10269
stats: connect 0 0 0 57.813 0.777 3.1722474021506932 55238
stats: error_send_einval 0 501
stats: 200 0 2062
stats: size_rcv 0 26738792
stats: newphase 0 9
stats: size_sent 0 13811464
stats: connected 0 0
stats: error_connection_closed 0 4996
stats: error_abort_max_send_retries 0 1185
stats: 404 0 355
EndMonitor:{1733,630655,499154}
