# stats: dump at 1733870361
stats: users 12 12
stats: {freemem,"tsung_controller@ip-172-31-32-209"} 1 681.28125 0 681.28125 681.28125 0 0
stats: {load,"tsung_controller@ip-172-31-32-209"} 1 0.0 0 0.0 0.0 0 0
stats: {cpu,"tsung_controller@ip-172-31-32-209"} 1 5.006308857019757 0 5.006308857019757 5.006308857019757 0 0
stats: users_count 12 12
stats: finish_users_count 0 0
stats: request 24 115.22041666666668 124.14637719171023 356.062 8.285 0 0
stats: connect 10 2.1015000000000006 2.0535405157921773 8.255 1.241 0 0
stats: page 24 115.22041666666668 124.14637719171023 356.062 8.285 0 0
stats: 302 7 7
stats: 200 14 14
stats: size_rcv 119857 119857
stats: newphase 1 1
stats: size_sent 10108 10108
stats: connected 10 10
stats: 404 3 3
# stats: dump at 1733870371
stats: users 60 60
stats: {freemem,"tsung_controller@ip-172-31-32-209"} 1 677.52734375 0.0 681.28125 677.52734375 681.28125 1
stats: {load,"tsung_controller@ip-172-31-32-209"} 1 0.0 0.0 0.0 0.0 0.0 1
stats: {cpu,"tsung_controller@ip-172-31-32-209"} 1 0.3498250874562719 0.0 5.006308857019757 0.3498250874562719 5.006308857019757 1
stats: session 1 15551.177 0 15551.177 15551.177 0 0
stats: users_count 49 61
stats: finish_users_count 1 1
stats: request 201 93.69740298507467 161.382013320367 817.774 6.887 115.22041666666668 24
stats: connect 50 1.4795399999999999 0.2804258340452962 8.255 1.169 2.1015000000000006 10
stats: page 201 93.69740298507467 161.382013320367 817.774 6.887 115.22041666666668 24
stats: 302 39 46
stats: 200 97 111
stats: size_rcv 1054473 1174330
stats: newphase 2 3
stats: size_sent 111872 121980
stats: connected 49 59
stats: 404 65 68
# stats: dump at 1733870381
stats: users 253 253
stats: {freemem,"tsung_controller@ip-172-31-32-209"} 1 652.25390625 0.0 681.28125 652.25390625 679.404296875 2
stats: {load,"tsung_controller@ip-172-31-32-209"} 1 0.0 0.0 0.0 0.0 0.0 2
stats: {cpu,"tsung_controller@ip-172-31-32-209"} 1 1.4463840399002494 0.0 5.006308857019757 0.3498250874562719 2.6780669722380144 2
stats: session 4 15035.115 1144.0479084627527 16163.051 13241.459 15551.177 1
stats: users_count 197 258
stats: finish_users_count 4 5
stats: request 357 386.2250532212885 813.7890484546177 6196.052 5.871 95.99319111111116 225
stats: connect 195 1.5741897435897438 1.1329684449845476 16.154 1.024 1.5832 60
stats: page 357 386.2250532212885 813.7890484546177 6196.052 5.871 95.99319111111116 225
stats: 302 35 81
stats: 200 204 315
stats: size_rcv 2058833 3233163
stats: newphase 2 5
stats: size_sent 262129 384109
stats: connected 191 250
stats: 404 118 186
# stats: dump at 1733870391
stats: users 1051 1051
stats: {freemem,"tsung_controller@ip-172-31-32-209"} 1 625.70703125 0.0 681.28125 625.70703125 670.3541666666666 3
stats: {load,"tsung_controller@ip-172-31-32-209"} 1 0.0 0.0 0.0 0.0 0.0 3
stats: {cpu,"tsung_controller@ip-172-31-32-209"} 1 3.0257936507936507 0.0 5.006308857019757 0.3498250874562719 2.2675059947920926 3
stats: session 2 28246.754 2716.763999999999 30963.518 13241.459 15138.3274 5
stats: users_count 800 1058
stats: finish_users_count 2 7
stats: request 364 5767.528381868126 1668.4824129711533 11796.148 5.871 274.0220137457045 582
stats: connect 741 1.5335263157894747 0.9263256122960964 16.154 0.912 1.5763098039215688 255
stats: page 364 5767.528381868126 1668.4824129711533 11796.148 5.871 274.0220137457045 582
stats: 302 71 152
stats: 200 256 571
stats: size_rcv 2015594 5248757
stats: newphase 2 7
stats: size_sent 296740 680849
stats: connected 739 989
stats: 404 38 224
# stats: dump at 1733870401
stats: users 2427 3209
stats: {freemem,"tsung_controller@ip-172-31-32-209"} 1 549.8125 0.0 681.28125 549.8125 659.1923828125 4
stats: {load,"tsung_controller@ip-172-31-32-209"} 1 0.0 0.0 0.0 0.0 0.0 4
stats: {cpu,"tsung_controller@ip-172-31-32-209"} 1 7.759882869692533 0.0 7.759882869692533 0.3498250874562719 2.457077908792482 4
stats: session 953 5444.531540398744 5947.321519215273 38907.049 62.08 18883.592142857146 7
stats: users_count 2329 3387
stats: finish_users_count 953 960
stats: request 6069 595.5425854341751 2412.956761849281 15846.431 1.242 2387.802476744184 946
stats: page 6069 595.5425854341751 2412.956761849281 15846.431 1.242 2387.802476744184 946
stats: connect 10740 19.06647337057732 27.026625408025915 160.249 0.677 1.5444799196787158 996
stats: 302 60 212
stats: error_send_einval 98 98
stats: 200 288 859
stats: size_rcv 2134718 7383475
stats: newphase 2 9
stats: size_sent 1263015 1943864
stats: connected 33 1022
stats: error_connection_closed 3491 3491
stats: error_abort_max_send_retries 976 976
stats: 404 20 244
# stats: dump at 1733870411
stats: users 2323 3209
stats: {freemem,"tsung_controller@ip-172-31-32-209"} 1 408.46484375 0.0 681.28125 408.46484375 637.31640625 5
stats: {load,"tsung_controller@ip-172-31-32-209"} 1 0.30859375 0.0 0.30859375 0.0 0.0 5
stats: {cpu,"tsung_controller@ip-172-31-32-209"} 1 42.80356305672761 0.0 42.80356305672761 0.3498250874562719 3.517638900972492 5
stats: session 417 9340.455630695447 9492.473084458827 51066.436 62.08 5542.524690625004 960
stats: users_count 313 3700
stats: finish_users_count 417 1377
stats: request 5875 1126.0118554893618 4224.8745971236385 22768.989 1.242 837.2357938702788 7015
stats: 302 64 276
stats: connect 7233 7.4589019770496146 17.827756192999278 160.249 0.65 17.5794330265849 11736
stats: page 5875 1126.0118554893618 4224.8745971236385 22768.989 1.242 837.2357938702788 7015
stats: error_send_einval 53 151
stats: 200 304 1163
stats: size_rcv 2262478 9645953
stats: newphase 0 9
stats: size_sent 1575961 3519825
stats: connected 0 1022
stats: error_connection_closed 960 4451
stats: error_abort_max_send_retries 348 1324
stats: 404 25 269
# stats: dump at 1733870421
stats: users 2093 3209
stats: {freemem,"tsung_controller@ip-172-31-32-209"} 1 374.9765625 0.0 681.28125 374.9765625 599.1744791666666 6
stats: {load,"tsung_controller@ip-172-31-32-209"} 1 0.5 0.0 0.5 0.0 0.051432291666666664 6
stats: {cpu,"tsung_controller@ip-172-31-32-209"} 1 32.47113163972286 0.0 42.80356305672761 0.3498250874562719 10.065292926931678 6
stats: session 230 25204.006582608697 8885.226956204133 53052.005 62.08 6692.660639796663 1377
stats: users_count 0 3700
stats: finish_users_count 230 1607
stats: request 5291 1416.1355246645264 5734.455293422794 30364.67 1.242 968.854053141971 12890
stats: 302 69 345
stats: connect 5494 2.0884109938114452 2.0449566215216763 160.249 0.65 13.720410353735055 18969
stats: error_send_einval 62 213
stats: 200 229 1392
stats: page 5291 1416.1355246645264 5734.455293422794 30364.67 1.242 968.854053141971 12890
stats: size_rcv 1656134 11302087
stats: newphase 0 9
stats: size_sent 1880307 5400132
stats: connected 0 1022
stats: error_connection_closed 135 4586
stats: error_abort_max_send_retries 9 1333
stats: 404 7 276
# stats: dump at 1733870431
stats: users 1693 3209
stats: {freemem,"tsung_controller@ip-172-31-32-209"} 1 343.578125 0.0 681.28125 343.578125 567.1462053571429 7
stats: {load,"tsung_controller@ip-172-31-32-209"} 1 0.5 0.0 0.5 0.0 0.11551339285714286 7
stats: {cpu,"tsung_controller@ip-172-31-32-209"} 1 24.72627737226277 0.0 42.80356305672761 0.3498250874562719 13.266127028758989 7
stats: session 400 32562.111020000008 8184.429365464819 60085.179 62.08 9342.075429371504 1607
stats: users_count 0 3700
stats: finish_users_count 400 2007
stats: connect 3892 1.9694437307297001 16.381314451093385 1020.687 0.65 11.1080486448923 24463
stats: request 3821 1720.7733234755292 7181.155846268236 37616.146 1.242 1099.0210552774884 18181
stats: page 3821 1720.7733234755292 7181.155846268236 37616.146 1.242 1099.0210552774884 18181
stats: 302 121 466
stats: error_send_einval 33 246
stats: 200 83 1475
stats: size_rcv 681726 11983813
stats: newphase 0 9
stats: size_sent 1600093 7000225
stats: connected -1 1021
stats: error_connection_closed 38 4624
stats: error_abort_max_send_retries 1 1334
stats: 404 4 280
# stats: dump at 1733870441
stats: users 1457 3209
stats: {freemem,"tsung_controller@ip-172-31-32-209"} 1 333.1875 0.0 681.28125 333.1875 539.2001953125 8
stats: {load,"tsung_controller@ip-172-31-32-209"} 1 0.48828125 0.0 0.5 0.0 0.16357421875 8
stats: {cpu,"tsung_controller@ip-172-31-32-209"} 1 22.28310502283105 0.0 42.80356305672761 0.3498250874562719 14.698645821696962 8
stats: session 236 42848.62313559325 8301.869178511994 73669.427 62.08 13969.885213253618 2007
stats: users_count 0 3700
stats: finish_users_count 236 2243
stats: request 2237 4311.562995082701 11575.733904071765 40622.416 1.242 1206.998303563313 22002
stats: connect 2256 1.711994237588653 1.202215510376065 1020.687 0.65 9.85368608710987 28355
stats: page 2237 4311.562995082701 11575.733904071765 40622.416 1.242 1206.998303563313 22002
stats: 302 241 707
stats: error_send_einval 14 260
stats: 200 22 1497
stats: size_rcv 378205 12362018
stats: newphase 0 9
stats: size_sent 1038349 8038574
stats: connected -2 1019
stats: error_connection_closed 13 4637
stats: error_abort_max_send_retries 0 1334
stats: 404 11 291
# stats: dump at 1733870451
stats: users 1345 3209
stats: {freemem,"tsung_controller@ip-172-31-32-209"} 1 332.39453125 0.0 681.28125 332.39453125 516.3098958333334 9
stats: {load,"tsung_controller@ip-172-31-32-209"} 1 0.5 0.0 0.5 0.0 0.1996527777777778 9
stats: {cpu,"tsung_controller@ip-172-31-32-209"} 1 13.447782546494993 0.0 42.80356305672761 0.3498250874562719 15.541363510711859 9
stats: session 112 54739.22456249998 7185.020155113293 73669.427 62.08 17008.39709451628 2243
stats: users_count 0 3700
stats: finish_users_count 112 2355
stats: request 1788 14822.745322147637 14022.772090808963 44035.479 0.066 1493.5163618548625 24239
stats: connect 1759 1.8511148379761206 1.218805036174342 1020.687 0.65 9.25365156316358 30611
stats: page 1788 14822.745322147637 14022.772090808963 44035.479 0.066 1493.5163618548625 24239
stats: 302 947 1654
stats: error_send_einval 10 270
stats: 200 76 1573
stats: size_rcv 1753517 14115535
stats: newphase 0 9
stats: size_sent 696030 8734604
stats: connected -34 985
stats: error_connection_closed 6 4643
stats: error_abort_max_send_retries 0 1334
stats: 404 102 393
# stats: dump at 1733870461
stats: users 1001 3209
stats: {freemem,"tsung_controller@ip-172-31-32-209"} 1 332.71484375 0.0 681.28125 332.39453125 497.918359375 10
stats: {load,"tsung_controller@ip-172-31-32-209"} 1 0.421875 0.0 0.5 0.0 0.2296875 10
stats: {cpu,"tsung_controller@ip-172-31-32-209"} 1 14.085820895522389 0.0 42.80356305672761 0.3498250874562719 15.332005414290174 10
stats: session 344 64684.69220058137 7698.689540807814 93407.375 62.08 18802.814366878985 2355
stats: users_count 0 3700
stats: finish_users_count 344 2699
stats: request 3384 2932.046846631217 2843.024636620189 44035.479 0.066 2409.20627544473 26027
stats: connect 630 1.9893523809523825 1.942279241105882 1020.687 0.65 8.851394470188456 32370
stats: page 3384 2932.046846631217 2843.024636620189 44035.479 0.066 2409.20627544473 26027
stats: 302 2572 4226
stats: error_send_einval 1 271
stats: 200 298 1871
stats: size_rcv 6576086 20691621
stats: newphase 0 9
stats: size_sent 1154501 9889105
stats: connected 2 987
stats: error_connection_closed 0 4643
stats: error_abort_max_send_retries 0 1334
stats: 404 511 904
# stats: dump at 1733870471
stats: users 431 3209
stats: {freemem,"tsung_controller@ip-172-31-32-209"} 1 307.90234375 0.0 681.28125 307.90234375 482.89985795454544 11
stats: {load,"tsung_controller@ip-172-31-32-209"} 1 0.359375 0.0 0.5 0.0 0.2471590909090909 11
stats: {cpu,"tsung_controller@ip-172-31-32-209"} 1 11.501443695861404 0.0 42.80356305672761 0.3498250874562719 15.218715912584013 11
stats: session 570 73248.65230701749 6837.247865736185 96426.381 62.08 24650.671341608006 2699
stats: users_count 0 3700
stats: finish_users_count 570 3269
stats: connect 15 2.0768 1.1424483766601154 1020.687 0.65 8.720391848484859 33000
stats: page 3129 369.8074915308398 308.14012959585233 44035.479 0.066 2469.363784298393 29411
stats: request 3129 369.8074915308398 308.14012959585233 44035.479 0.066 2469.363784298393 29411
stats: 302 2226 6452
stats: error_send_einval 0 271
stats: 200 332 2203
stats: size_rcv 6938197 27629818
stats: newphase 0 9
stats: size_sent 1342046 11231151
stats: connected -557 430
stats: error_connection_closed 0 4643
stats: error_abort_max_send_retries 0 1334
stats: 404 571 1475
# stats: dump at 1733870481
stats: users 104 3209
stats: {freemem,"tsung_controller@ip-172-31-32-209"} 1 391.18359375 0.0 681.28125 307.90234375 468.3167317708333 12
stats: {load,"tsung_controller@ip-172-31-32-209"} 1 0.30078125 0.0 0.5 0.0 0.2565104166666667 12
stats: {cpu,"tsung_controller@ip-172-31-32-209"} 1 8.783120706575072 0.0 42.80356305672761 0.3498250874562719 14.90894322785713 12
stats: session 327 81870.7749571865 6864.952194423563 110538.498 62.08 33124.470408687666 3269
stats: users_count 0 3700
stats: finish_users_count 327 3596
stats: request 1105 17.182173755656077 20.507205979875224 44035.479 0.066 2267.4734450215133 32540
stats: connect 1 3.625 0.0 1020.687 0.65 8.717373406027573 33015
stats: page 1105 17.182173755656077 20.507205979875224 44035.479 0.066 2267.4734450215133 32540
stats: 302 717 7169
stats: error_send_einval 0 271
stats: 200 178 2381
stats: size_rcv 2932592 30562410
stats: newphase 0 9
stats: size_sent 596862 11828013
stats: connected -321 109
stats: error_connection_closed 0 4643
stats: error_abort_max_send_retries 0 1334
stats: 404 210 1685
# stats: dump at 1733870491
stats: users 15 3209
stats: {freemem,"tsung_controller@ip-172-31-32-209"} 1 525.859375 0.0 681.28125 307.90234375 462.38341346153845 13
stats: {load,"tsung_controller@ip-172-31-32-209"} 1 0.25 0.0 0.5 0.0 0.25991586538461536 13
stats: {cpu,"tsung_controller@ip-172-31-32-209"} 1 4.726735598227474 0.0 42.80356305672761 0.3498250874562719 14.437726110835431 13
stats: session 89 90430.02175280897 6361.468122765676 110538.498 62.08 37557.1849769188 3596
stats: users_count 0 3700
stats: finish_users_count 89 3685
stats: request 256 11.465636718750005 12.951420461613292 44035.479 0.066 2193.567311725369 33645
stats: connect 0 0 0 1020.687 0.65 8.717219166464755 33016
stats: page 256 11.465636718750005 12.951420461613292 44035.479 0.066 2193.567311725369 33645
stats: 302 170 7339
stats: error_send_einval 0 271
stats: 200 47 2428
stats: size_rcv 683183 31245593
stats: newphase 0 9
stats: size_sent 146419 11974432
stats: connected -92 17
stats: error_connection_closed 0 4643
stats: error_abort_max_send_retries 0 1334
stats: 404 39 1724
# stats: dump at 1733870501
stats: users 2 3209
stats: {freemem,"tsung_controller@ip-172-31-32-209"} 1 572.421875 0.0 681.28125 307.90234375 466.9174107142857 14
stats: {load,"tsung_controller@ip-172-31-32-209"} 1 0.2109375 0.0 0.5 0.0 0.25920758928571425 14
stats: {cpu,"tsung_controller@ip-172-31-32-209"} 1 1.14713216957606 0.0 42.80356305672761 0.3498250874562719 13.744083931363434 14
stats: session 13 101581.84207692307 4557.211187273629 110538.498 62.08 38834.16800895522 3685
stats: users_count 0 3700
stats: finish_users_count 13 3698
stats: connect 0 0 0 1020.687 0.65 8.717219166464755 33016
stats: 302 31 7370
stats: request 44 11.914704545454542 13.56682685748176 44035.479 0.066 2177.0893898705062 33901
stats: error_send_einval 0 271
stats: 200 8 2436
stats: size_rcv 110599 31356192
stats: page 44 11.914704545454542 13.56682685748176 44035.479 0.066 2177.0893898705062 33901
stats: newphase 0 9
stats: size_sent 25680 12000112
stats: connected -14 3
stats: error_connection_closed 0 4643
stats: error_abort_max_send_retries 0 1334
stats: 404 5 1729
# stats: dump at 1733870508
stats: users 0 3209
stats: {freemem,"tsung_controller@ip-172-31-32-209"} 1 586.046875 0.0 681.28125 307.90234375 473.95104166666664 15
stats: {load,"tsung_controller@ip-172-31-32-209"} 1 0.1796875 0.0 0.5 0.0 0.2559895833333333 15
stats: {cpu,"tsung_controller@ip-172-31-32-209"} 1 0.2502502502502503 0.0 42.80356305672761 0.2502502502502503 12.904287147244276 15
stats: session 2 112167.4475 338.8084999999992 112506.256 62.08 39054.752044348286 3698
stats: users_count 0 3700
stats: finish_users_count 2 3700
stats: connect 0 0 0 1020.687 0.65 8.717219166464755 33016
stats: page 5 12.0822 12.70474549764772 44035.479 0.066 2174.282859125056 33945
stats: 302 4 7374
stats: request 5 12.0822 12.70474549764772 44035.479 0.066 2174.282859125056 33945
stats: error_send_einval 0 271
stats: 200 1 2437
stats: size_rcv 10757 31366949
stats: newphase 0 9
stats: size_sent 2006 12002118
stats: connected -3 0
stats: error_connection_closed 0 4643
stats: error_abort_max_send_retries 0 1334
stats: 404 0 1729
EndMonitor:{1733,870508,811050}
