# stats: dump at 1733868756
stats: users 12 12
stats: {freemem,"tsung_controller@ip-172-31-34-126"} 1 675.0 0 675.0 675.0 0 0
stats: {load,"tsung_controller@ip-172-31-34-126"} 1 0.05859375 0 0.05859375 0.05859375 0 0
stats: {cpu,"tsung_controller@ip-172-31-34-126"} 1 3.929486894295365 0 3.929486894295365 3.929486894295365 0 0
stats: users_count 12 12
stats: finish_users_count 0 0
stats: request 27 159.0916666666666 225.77198966525364 721.255 7.209 0 0
stats: connect 12 2.3885 2.7264123098558177 11.323 1.238 0 0
stats: page 27 159.0916666666666 225.77198966525364 721.255 7.209 0 0
stats: 302 9 9
stats: 200 18 18
stats: size_rcv 150004 150004
stats: newphase 1 1
stats: size_sent 11134 11134
stats: connected 12 12
# stats: dump at 1733868766
stats: users 52 52
stats: {freemem,"tsung_controller@ip-172-31-34-126"} 1 672.84765625 0.0 675.0 672.84765625 675.0 1
stats: {load,"tsung_controller@ip-172-31-34-126"} 1 0.05078125 0.0 0.05859375 0.05078125 0.05859375 1
stats: {cpu,"tsung_controller@ip-172-31-34-126"} 1 0.95 0.0 3.929486894295365 0.95 3.929486894295365 1
stats: users_count 40 52
stats: finish_users_count 0 0
stats: request 145 157.08134482758618 284.098655267676 1306.887 7.209 159.0916666666666 27
stats: connect 37 1.5894594594594595 0.6566121729405888 11.323 1.09 2.3885 12
stats: page 145 157.08134482758618 284.098655267676 1306.887 7.209 159.0916666666666 27
stats: 302 45 54
stats: 200 100 118
stats: size_rcv 893215 1043219
stats: newphase 2 3
stats: size_sent 83418 94552
stats: connected 37 49
# stats: dump at 1733868776
stats: users 240 240
stats: {freemem,"tsung_controller@ip-172-31-34-126"} 1 649.78515625 0.0 675.0 649.78515625 673.923828125 2
stats: {load,"tsung_controller@ip-172-31-34-126"} 1 0.0390625 0.0 0.05859375 0.0390625 0.0546875 2
stats: {cpu,"tsung_controller@ip-172-31-34-126"} 1 0.6012024048096193 0.0 3.929486894295365 0.6012024048096193 2.4397434471476824 2
stats: session 3 18504.976 5237.064842690607 25300.813 12557.014 0 0
stats: users_count 191 243
stats: finish_users_count 3 3
stats: 302 65 119
stats: request 284 490.86713732394344 921.1221973959333 6839.351 7.209 157.39691860465112 172
stats: 200 219 337
stats: size_rcv 1864818 2908037
stats: newphase 2 5
stats: connect 178 1.7199325842696624 1.6469884112876427 17.284 1.039 1.7851428571428574 49
stats: size_sent 209749 304301
stats: connected 175 224
stats: page 284 490.86713732394344 921.1221973959333 6839.351 7.209 157.39691860465112 172
# stats: dump at 1733868786
stats: users 981 981
stats: {freemem,"tsung_controller@ip-172-31-34-126"} 1 627.38671875 0.0 675.0 627.38671875 665.8776041666666 3
stats: {load,"tsung_controller@ip-172-31-34-126"} 1 0.0390625 0.0 0.05859375 0.0390625 0.049479166666666664 3
stats: {cpu,"tsung_controller@ip-172-31-34-126"} 1 1.558572146807441 0.0 3.929486894295365 0.6012024048096193 1.8268964330349948 3
stats: session 1 25861.221 0.0 25861.221 12557.014 18504.976 3
stats: users_count 742 985
stats: finish_users_count 1 4
stats: request 393 5423.441979643771 1835.2666396655425 11739.687 7.209 365.0845109649121 456
stats: page 393 5423.441979643771 1835.2666396655425 11739.687 7.209 365.0845109649121 456
stats: 302 87 206
stats: connect 697 1.7839426111908183 1.251164882587829 17.284 0.808 1.7340088105726867 227
stats: 200 306 643
stats: size_rcv 2284228 5192265
stats: newphase 2 7
stats: size_sent 294790 599091
stats: connected 696 920
# stats: dump at 1733868796
stats: users 3741 3743
stats: {freemem,"tsung_controller@ip-172-31-34-126"} 1 551.578125 0.0 675.0 551.578125 656.2548828125 4
stats: {load,"tsung_controller@ip-172-31-34-126"} 1 0.03125 0.0 0.05859375 0.03125 0.046875 4
stats: {cpu,"tsung_controller@ip-172-31-34-126"} 1 6.985832926233512 0.0 6.985832926233512 0.6012024048096193 1.7598153614781062 4
stats: session 42 9260.561738095235 12232.593024359932 42434.691 65.759 20344.03725 4
stats: users_count 2802 3787
stats: finish_users_count 42 46
stats: connect 7317 1.588316659833263 1.4425203441154606 18.682 0.636 1.771675324675325 924
stats: page 6952 449.85148806098886 2189.151767176195 15522.13 1.179 2706.5856713780945 849
stats: 302 66 272
stats: error_send_einval 41 41
stats: request 6952 449.85148806098886 2189.151767176195 15522.13 1.179 2706.5856713780945 849
stats: 200 230 873
stats: size_rcv 1702906 6895171
stats: newphase 2 9
stats: size_sent 1376624 1975715
stats: connected 102 1022
stats: error_connection_closed 149 149
# stats: dump at 1733868806
stats: users 3309 4313
stats: {freemem,"tsung_controller@ip-172-31-34-126"} 1 379.84765625 0.0 675.0 379.84765625 635.31953125 5
stats: {load,"tsung_controller@ip-172-31-34-126"} 1 0.3515625 0.0 0.3515625 0.03125 0.04375 5
stats: {cpu,"tsung_controller@ip-172-31-34-126"} 1 38.30944142362828 0.0 38.30944142362828 0.6012024048096193 2.8050188744291873 5
stats: session 1241 6237.2094294923545 6774.195871204206 47758.372 55.063 10224.3422173913 46
stats: users_count 809 4596
stats: finish_users_count 1241 1287
stats: request 10646 332.6405673492403 2500.6587360069416 23061.135 1.167 695.4568363030377 7801
stats: connect 16302 4.210084652189916 4.52795611091108 28.652 0.636 1.6088752578570544 8241
stats: page 10646 332.6405673492403 2500.6587360069416 23061.135 1.167 695.4568363030377 7801
stats: 302 55 327
stats: error_send_einval 181 222
stats: 200 131 1004
stats: size_rcv 1012020 7907191
stats: newphase 0 9
stats: size_sent 2145840 4121555
stats: connected 0 1022
stats: error_connection_closed 4256 4405
stats: error_abort_max_send_retries 1219 1219
# stats: dump at 1733868816
stats: users 2780 4313
stats: {freemem,"tsung_controller@ip-172-31-34-126"} 1 329.78125 0.0 675.0 329.78125 592.7408854166666 6
stats: {load,"tsung_controller@ip-172-31-34-126"} 1 0.51953125 0.0 0.51953125 0.03125 0.09505208333333333 6
stats: {cpu,"tsung_controller@ip-172-31-34-126"} 1 46.046046046046044 0.0 46.046046046046044 0.6012024048096193 8.722422632629035 6
stats: session 529 22667.944291115295 7638.573577606518 62589.986 55.063 6379.717672105681 1287
stats: users_count 0 4596
stats: finish_users_count 529 1816
stats: connect 9295 1.7962068854222746 1.5804013743513263 28.652 0.636 3.336655706311371 24543
stats: page 9014 739.3226799423119 4343.500172128142 31415.066 1.167 486.0709199327809 18447
stats: request 9014 739.3226799423119 4343.500172128142 31415.066 1.167 486.0709199327809 18447
stats: 302 57 384
stats: error_send_einval 80 302
stats: 200 198 1202
stats: size_rcv 1438336 9345527
stats: newphase 0 9
stats: size_sent 2278427 6399982
stats: connected 0 1022
stats: error_connection_closed 193 4598
stats: error_abort_max_send_retries 8 1227
# stats: dump at 1733868826
stats: users 2048 4313
stats: {freemem,"tsung_controller@ip-172-31-34-126"} 1 312.49609375 0.0 675.0 312.49609375 555.1752232142857 7
stats: {load,"tsung_controller@ip-172-31-34-126"} 1 0.671875 0.0 0.671875 0.03125 0.15569196428571427 7
stats: {cpu,"tsung_controller@ip-172-31-34-126"} 1 30.18322082931533 0.0 46.046046046046044 0.6012024048096193 14.054368834545752 7
stats: session 732 29602.491942622917 7156.473292799854 74467.332 55.063 11124.470910792952 1816
stats: users_count 0 4596
stats: finish_users_count 732 2548
stats: request 6206 1552.7517025459176 7094.605653195488 39674.769 1.167 569.2001346272899 27461
stats: page 6206 1552.7517025459176 7094.605653195488 39674.769 1.167 569.2001346272899 27461
stats: connect 6316 1.795336447118421 1.484951080625502 28.652 0.636 2.913508008747563 33838
stats: 302 53 437
stats: error_send_einval 43 345
stats: 200 231 1433
stats: size_rcv 1669208 11014735
stats: newphase 0 9
stats: size_sent 2030338 8430320
stats: connected 0 1022
stats: error_connection_closed 64 4662
stats: error_abort_max_send_retries 4 1231
# stats: dump at 1733868836
stats: users 1599 4313
stats: {freemem,"tsung_controller@ip-172-31-34-126"} 1 305.171875 0.0 675.0 305.171875 524.84033203125 8
stats: {load,"tsung_controller@ip-172-31-34-126"} 1 0.5703125 0.0 0.671875 0.03125 0.22021484375 8
stats: {cpu,"tsung_controller@ip-172-31-34-126"} 1 22.24926971762415 0.0 46.046046046046044 0.6012024048096193 16.07047533389195 8
stats: session 449 39916.646209354025 7592.367898784936 74467.332 55.063 16432.913373626365 2548
stats: users_count 0 4596
stats: finish_users_count 449 2997
stats: connect 3541 1.802985879694994 3.287764123752689 57.452 0.636 2.7376258654181393 40154
stats: page 3497 2558.4796905919366 9932.815348068105 47494.733 1.167 750.502924614607 33667
stats: request 3497 2558.4796905919366 9932.815348068105 47494.733 1.167 750.502924614607 33667
stats: 302 131 568
stats: error_send_einval 27 372
stats: 200 87 1520
stats: size_rcv 706481 11721216
stats: newphase 0 9
stats: size_sent 1530595 9960915
stats: connected 0 1022
stats: error_connection_closed 19 4681
stats: error_abort_max_send_retries 1 1232
# stats: dump at 1733868846
stats: users 1405 4313
stats: {freemem,"tsung_controller@ip-172-31-34-126"} 1 304.1328125 0.0 675.0 304.1328125 500.43272569444446 9
stats: {load,"tsung_controller@ip-172-31-34-126"} 1 0.48046875 0.0 0.671875 0.03125 0.2591145833333333 9
stats: {cpu,"tsung_controller@ip-172-31-34-126"} 1 15.891472868217054 0.0 46.046046046046044 0.6012024048096193 16.757008043195526 9
stats: session 194 52034.1685927835 6842.242244553461 77539.64 55.063 19951.16363830495 2997
stats: users_count 0 4596
stats: finish_users_count 194 3191
stats: request 2121 11861.887273927403 15939.770247079905 51880.908 1.167 920.627097217737 37164
stats: 302 755 1323
stats: connect 2110 1.785850710900473 1.3799650651485003 57.452 0.636 2.661883556470991 43695
stats: error_send_einval 6 378
stats: 200 44 1564
stats: size_rcv 846313 12567529
stats: newphase 0 9
stats: size_sent 856549 10817464
stats: page 2121 11861.887273927403 15939.770247079905 51880.908 1.167 920.627097217737 37164
stats: connected -7 1015
stats: error_connection_closed 6 4687
stats: error_abort_max_send_retries 0 1232
# stats: dump at 1733868856
stats: users 1161 4313
stats: {freemem,"tsung_controller@ip-172-31-34-126"} 1 304.44140625 0.0 675.0 304.1328125 480.802734375 10
stats: {load,"tsung_controller@ip-172-31-34-126"} 1 0.55078125 0.0 0.671875 0.03125 0.28125 10
stats: {cpu,"tsung_controller@ip-172-31-34-126"} 1 12.821734985700667 0.0 46.046046046046044 0.6012024048096193 16.67045452569768 10
stats: session 244 63343.99613934424 7816.982552229159 86393.049 55.063 21901.681645565634 3191
stats: users_count 0 4596
stats: finish_users_count 244 3435
stats: request 1953 7497.274155145929 5339.604404319382 51880.908 1.167 1511.3465279114166 39285
stats: 302 1581 2904
stats: page 1953 7497.274155145929 5339.604404319382 51880.908 1.167 1511.3465279114166 39285
stats: error_send_einval 1 379
stats: 200 233 1797
stats: size_rcv 3415934 15983463
stats: newphase 0 9
stats: size_sent 700630 11518094
stats: connected 46 1061
stats: error_connection_closed 4 4691
stats: error_abort_max_send_retries 0 1232
stats: connect 1422 1.716345991561179 1.2717806015873756 57.452 0.636 2.6215292435323643 45805
# stats: dump at 1733868866
stats: users 829 4313
stats: {freemem,"tsung_controller@ip-172-31-34-126"} 1 299.12109375 0.0 675.0 299.12109375 464.7698863636364 11
stats: {load,"tsung_controller@ip-172-31-34-126"} 1 0.46875 0.0 0.671875 0.03125 0.3057528409090909 11
stats: {cpu,"tsung_controller@ip-172-31-34-126"} 1 10.68148864185597 0.0 46.046046046046044 0.6012024048096193 16.320570931152496 11
stats: session 332 72522.0551054216 7881.148661092179 104931.759 55.063 24845.47341746723 3435
stats: users_count 0 4596
stats: finish_users_count 332 3767
stats: request 2443 2760.616980761356 681.0097591766992 51880.908 1.167 1794.8354618070712 41238
stats: connect 107 2.207598130841122 4.626614464081577 57.452 0.636 2.5942742710737487 47227
stats: page 2443 2760.616980761356 681.0097591766992 51880.908 1.167 1794.8354618070712 41238
stats: 302 2086 4990
stats: error_send_einval 0 379
stats: 200 357 2154
stats: size_rcv 4903364 20886827
stats: newphase 0 9
stats: size_sent 908913 12427007
stats: connected -224 837
stats: error_connection_closed 0 4691
stats: error_abort_max_send_retries 0 1232
# stats: dump at 1733868876
stats: users 388 4313
stats: {freemem,"tsung_controller@ip-172-31-34-126"} 1 309.390625 0.0 675.0 299.12109375 450.9658203125 12
stats: {load,"tsung_controller@ip-172-31-34-126"} 1 0.46875 0.0 0.671875 0.03125 0.31933593749999994 12
stats: {cpu,"tsung_controller@ip-172-31-34-126"} 1 6.277805239742956 0.0 46.046046046046044 0.6012024048096193 15.85064740704445 12
stats: session 441 82975.63859183663 7217.103227142412 107470.208 55.063 29047.391421290125 3767
stats: users_count 0 4596
stats: finish_users_count 441 4208
stats: 302 1792 6782
stats: request 2160 1258.3762009259249 519.6496759984414 51880.908 1.167 1848.8498902955519 43681
stats: error_send_einval 0 379
stats: 200 368 2522
stats: connect 3 2.04 0.724881139681994 57.452 0.636 2.593400177462288 47334
stats: size_rcv 4908051 25794878
stats: newphase 0 9
stats: page 2160 1258.3762009259249 519.6496759984414 51880.908 1.167 1848.8498902955519 43681
stats: size_sent 875547 13302554
stats: connected -442 395
stats: error_connection_closed 0 4691
stats: error_abort_max_send_retries 0 1232
# stats: dump at 1733868886
stats: users 88 4313
stats: {freemem,"tsung_controller@ip-172-31-34-126"} 1 388.21484375 0.0 675.0 299.12109375 440.0754206730769 13
stats: {load,"tsung_controller@ip-172-31-34-126"} 1 0.3984375 0.0 0.671875 0.03125 0.33082932692307687 13
stats: {cpu,"tsung_controller@ip-172-31-34-126"} 1 5.670611439842209 0.0 46.046046046046044 0.6012024048096193 15.114274932636643 13
stats: session 300 91664.00378666665 6838.806227045744 112073.678 55.063 34699.09222980035 4208
stats: users_count 0 4596
stats: finish_users_count 300 4508
stats: connect 0 0 0 57.452 0.636 2.5933651055199936 47337
stats: 302 786 7568
stats: error_send_einval 0 379
stats: page 1032 45.90089922480612 83.5710171208296 51880.908 1.167 1821.0271296873977 45841
stats: 200 246 2768
stats: size_rcv 3054938 28849816
stats: newphase 0 9
stats: size_sent 561450 13864004
stats: connected -305 90
stats: error_connection_closed 0 4691
stats: error_abort_max_send_retries 0 1232
stats: request 1032 45.90089922480612 83.5710171208296 51880.908 1.167 1821.0271296873977 45841
# stats: dump at 1733868896
stats: users 16 4313
stats: {freemem,"tsung_controller@ip-172-31-34-126"} 1 524.10546875 0.0 675.0 299.12109375 436.37109375 14
stats: {load,"tsung_controller@ip-172-31-34-126"} 1 0.33984375 0.0 0.671875 0.03125 0.3356584821428571 14
stats: {cpu,"tsung_controller@ip-172-31-34-126"} 1 2.788844621513944 0.0 46.046046046046044 0.6012024048096193 14.439727540294184 14
stats: session 72 101227.55575 5644.701169798184 116588.825 55.063 38490.01358451639 4508
stats: users_count 0 4596
stats: finish_users_count 72 4580
stats: connect 0 0 0 57.452 0.636 2.5933651055199936 47337
stats: 302 152 7720
stats: request 209 17.18375598086125 16.925716531029934 51880.908 1.167 1781.9442830627438 46873
stats: error_send_einval 0 379
stats: 200 57 2825
stats: page 209 17.18375598086125 16.925716531029934 51880.908 1.167 1781.9442830627438 46873
stats: size_rcv 704853 29554669
stats: newphase 0 9
stats: size_sent 136036 14000040
stats: connected -74 16
stats: error_connection_closed 0 4691
stats: error_abort_max_send_retries 0 1232
# stats: dump at 1733868906
stats: users 3 4313
stats: {freemem,"tsung_controller@ip-172-31-34-126"} 1 562.2109375 0.0 675.0 299.12109375 442.2200520833333 15
stats: {load,"tsung_controller@ip-172-31-34-126"} 1 0.2890625 0.0 0.671875 0.03125 0.33593749999999994 15
stats: {cpu,"tsung_controller@ip-172-31-34-126"} 1 0.5012531328320802 0.0 46.046046046046044 0.5012531328320802 13.6630020123755 15
stats: session 13 108561.09253846154 4726.583834051309 117786.255 55.063 39476.28062292573 4580
stats: users_count 0 4596
stats: finish_users_count 13 4593
stats: request 33 22.617696969696965 23.321478484351104 51880.908 1.167 1774.110398559959 47082
stats: connect 0 0 0 57.452 0.636 2.5933651055199936 47337
stats: page 33 22.617696969696965 23.321478484351104 51880.908 1.167 1774.110398559959 47082
stats: 302 22 7742
stats: error_send_einval 0 379
stats: 200 11 2836
stats: size_rcv 134889 29689558
stats: newphase 0 9
stats: size_sent 23774 14023814
stats: connected -13 3
stats: error_connection_closed 0 4691
stats: error_abort_max_send_retries 0 1232
# stats: dump at 1733868916
stats: users 0 4313
stats: {freemem,"tsung_controller@ip-172-31-34-126"} 1 573.58984375 0.0 675.0 299.12109375 449.719482421875 16
stats: {load,"tsung_controller@ip-172-31-34-126"} 1 0.23828125 0.0 0.671875 0.03125 0.33300781249999994 16
stats: {cpu,"tsung_controller@ip-172-31-34-126"} 1 0.19990004997501248 0.0 46.046046046046044 0.19990004997501248 12.840392707404037 16
stats: session 3 118219.32666666666 8670.150950972205 129921.469 55.063 39671.817865447396 4593
stats: users_count 0 4596
stats: finish_users_count 3 4596
stats: 302 6 7748
stats: request 7 13.125714285714285 15.789910700139103 51880.908 1.167 1772.8836287594183 47115
stats: error_send_einval 0 379
stats: 200 1 2837
stats: size_rcv 16284 29705842
stats: connect 0 0 0 57.452 0.636 2.5933651055199936 47337
stats: newphase 0 9
stats: size_sent 4882 14028696
stats: connected -3 0
stats: page 7 13.125714285714285 15.789910700139103 51880.908 1.167 1772.8836287594183 47115
stats: error_connection_closed 0 4691
stats: error_abort_max_send_retries 0 1232
# stats: dump at 1733868919
stats: users 0 4313
stats: {freemem,"tsung_controller@ip-172-31-34-126"} 1 581.375 0.0 675.0 299.12109375 457.00597426470586 17
stats: {load,"tsung_controller@ip-172-31-34-126"} 1 0.19921875 0.0 0.671875 0.03125 0.32743566176470584 17
stats: {cpu,"tsung_controller@ip-172-31-34-126"} 1 0.05 0.0 46.046046046046044 0.05 12.096834315790565 17
stats: session 0 0 0 129921.469 55.063 39723.08908529153 4596
stats: users_count 0 4596
stats: finish_users_count 0 4596
stats: request 0 0 0 51880.908 1.167 1772.6222157166503 47122
stats: connect 0 0 0 57.452 0.636 2.5933651055199936 47337
stats: page 0 0 0 51880.908 1.167 1772.6222157166503 47122
stats: 302 0 7748
stats: error_send_einval 0 379
stats: 200 0 2837
stats: size_rcv 0 29705842
stats: newphase 0 9
stats: size_sent 0 14028696
stats: connected 0 0
stats: error_connection_closed 0 4691
stats: error_abort_max_send_retries 0 1232
EndMonitor:{1733,868919,656609}
