# stats: dump at 1733885041
stats: users 13 13
stats: {load,"tsung_controller@ip-172-31-12-74"} 1 0.0390625 0 0.0390625 0.0390625 0 0
stats: {freemem,"tsung_controller@ip-172-31-12-74"} 1 7459.375 0 7459.375 7459.375 0 0
stats: {cpu,"tsung_controller@ip-172-31-12-74"} 1 12.187362464633763 0 12.187362464633763 12.187362464633763 0 0
stats: users_count 13 13
stats: finish_users_count 0 0
stats: request 23 107.83978260869567 133.8010046062749 363.708 7.712 0 0
stats: connect 12 2.250833333333334 2.4580492208705307 10.224 0.792 0 0
stats: page 23 107.83978260869567 133.8010046062749 363.708 7.712 0 0
stats: 302 8 8
stats: 200 15 15
stats: size_rcv 122566 122566
stats: newphase 1 1
stats: size_sent 9603 9603
stats: connected 12 12
# stats: dump at 1733885051
stats: users 59 59
stats: {load,"tsung_controller@ip-172-31-12-74"} 1 0.03125 0.0 0.0390625 0.03125 0.0390625 1
stats: {freemem,"tsung_controller@ip-172-31-12-74"} 1 7457.83203125 0.0 7459.375 7457.83203125 7459.375 1
stats: {cpu,"tsung_controller@ip-172-31-12-74"} 1 0.7481296758104738 0.0 12.187362464633763 0.7481296758104738 12.187362464633763 1
stats: session 5 11578.807400000002 4585.1237411682405 17738.986 6383.819 0 0
stats: users_count 51 64
stats: finish_users_count 5 5
stats: request 177 88.9666553672317 125.90184735531125 491.319 6.729 107.83978260869567 23
stats: connect 48 1.3710416666666665 0.484873521237469 10.224 0.792 2.250833333333334 12
stats: page 177 88.9666553672317 125.90184735531125 491.319 6.729 107.83978260869567 23
stats: 302 59 67
stats: 200 118 133
stats: size_rcv 1136919 1259485
stats: newphase 2 3
stats: size_sent 95018 104621
stats: connected 44 56
# stats: dump at 1733885061
stats: users 211 211
stats: {load,"tsung_controller@ip-172-31-12-74"} 1 0.03125 0.0 0.0390625 0.03125 0.03515625 2
stats: {freemem,"tsung_controller@ip-172-31-12-74"} 1 7434.8125 0.0 7459.375 7434.8125 7458.603515625 2
stats: {cpu,"tsung_controller@ip-172-31-12-74"} 1 2.028698664027709 0.0 12.187362464633763 0.7481296758104738 6.467746070222118 2
stats: session 23 13256.345782608694 3788.988594185077 19871.039 6383.819 11578.807400000002 5
stats: users_count 175 239
stats: finish_users_count 23 28
stats: request 646 93.27531114551087 141.4341614413244 938.492 4.018 91.13706500000006 200
stats: connect 166 1.4175783132530129 0.6954261347744096 10.224 0.72 1.547 60
stats: page 646 93.27531114551087 141.4341614413244 938.492 4.018 91.13706500000006 200
stats: 302 235 302
stats: 200 411 544
stats: size_rcv 4020176 5279661
stats: newphase 2 5
stats: size_sent 355949 460570
stats: connected 142 198
# stats: dump at 1733885071
stats: users 906 906
stats: {load,"tsung_controller@ip-172-31-12-74"} 1 0.01953125 0.0 0.0390625 0.01953125 0.033854166666666664 3
stats: {freemem,"tsung_controller@ip-172-31-12-74"} 1 7363.1796875 0.0 7459.375 7363.1796875 7450.673177083333 3
stats: {cpu,"tsung_controller@ip-172-31-12-74"} 1 6.316297010607522 0.0 12.187362464633763 0.7481296758104738 4.988063601490649 3
stats: session 45 13168.147533333335 4169.997915199642 22902.429 5070.66 12956.785357142857 28
stats: users_count 740 979
stats: finish_users_count 45 73
stats: connect 699 1.6213991416309 1.4544537901942503 17.371 0.55 1.4519380530973458 226
stats: 302 308 610
stats: request 1091 598.5265994500455 1208.7211215227223 7017.405 4.018 92.76981560283693 846
stats: page 1091 598.5265994500455 1208.7211215227223 7017.405 4.018 92.76981560283693 846
stats: 200 785 1329
stats: size_rcv 6975783 12255444
stats: newphase 2 7
stats: size_sent 803181 1263751
stats: connected 655 853
# stats: dump at 1733885081
stats: users 3863 3863
stats: {load,"tsung_controller@ip-172-31-12-74"} 1 0.01953125 0.0 0.0390625 0.01953125 0.0302734375 4
stats: {freemem,"tsung_controller@ip-172-31-12-74"} 1 7244.13671875 0.0 7459.375 7244.13671875 7428.7998046875 4
stats: {cpu,"tsung_controller@ip-172-31-12-74"} 1 14.452214452214452 0.0 14.452214452214452 0.7481296758104738 5.320121953769867 4
stats: session 20 22901.4675 4398.626425134164 36798.5 5070.66 13087.077109589041 73
stats: users_count 2977 3956
stats: finish_users_count 20 93
stats: connect 2834 1.4995864502470015 1.2029839240682232 20.689 0.36 1.5799956756756748 925
stats: request 1284 5672.14622274144 1892.430196494824 11746.69 4.018 377.6333422818791 1937
stats: page 1284 5672.14622274144 1892.430196494824 11746.69 4.018 377.6333422818791 1937
stats: 302 351 961
stats: 200 934 2263
stats: size_rcv 7400127 19655571
stats: newphase 2 9
stats: size_sent 1065518 2329269
stats: connected 2813 3666
# stats: dump at 1733885091
stats: users 4906 4950
stats: {load,"tsung_controller@ip-172-31-12-74"} 1 0.16015625 0.0 0.16015625 0.01953125 0.028125 5
stats: {freemem,"tsung_controller@ip-172-31-12-74"} 1 6973.59765625 0.0 7459.375 6973.59765625 7391.8671875 5
stats: {cpu,"tsung_controller@ip-172-31-12-74"} 1 30.450289790459205 0.0 30.450289790459205 0.7481296758104738 7.146540453458783 5
stats: session 47 28173.69542553191 7664.693012144113 40293.955 5070.66 15197.698698924733 93
stats: users_count 1090 5046
stats: finish_users_count 47 140
stats: request 4288 3278.145670475749 4914.083927124864 16793.651 0.61 2488.2060024837037 3221
stats: connect 1287 1.4053356643356614 1.3100496396204326 20.689 0.36 1.519373237563182 3759
stats: page 4288 3278.145670475749 4914.083927124864 16793.651 0.61 2488.2060024837037 3221
stats: 302 278 1239
stats: 200 1111 3374
stats: size_rcv 9395807 29051378
stats: newphase 0 9
stats: 502 2899 2899
stats: size_sent 1877653 4206922
stats: connected 1242 4908
# stats: dump at 1733885101
stats: users 4846 4950
stats: {load,"tsung_controller@ip-172-31-12-74"} 1 0.2109375 0.0 0.2109375 0.01953125 0.050130208333333336 6
stats: {freemem,"tsung_controller@ip-172-31-12-74"} 1 6746.14453125 0.0 7459.375 6746.14453125 7322.155598958333 6
stats: {cpu,"tsung_controller@ip-172-31-12-74"} 1 22.630646589902568 0.0 30.450289790459205 0.7481296758104738 11.030498676292188 6
stats: session 60 27110.280883333337 10157.432532121566 49260.851 5070.66 19553.92617142857 140
stats: users_count 0 5046
stats: finish_users_count 60 200
stats: connect 0 0 0 20.689 0.36 1.4902875544986125 5046
stats: 302 268 1507
stats: request 3996 7136.009283033046 8560.715686809446 23375.644 0.546 2939.2995297642856 7509
stats: 200 1391 4765
stats: size_rcv 10859866 39911244
stats: newphase 0 9
stats: page 3996 7136.009283033046 8560.715686809446 23375.644 0.546 2939.2995297642856 7509
stats: 502 2337 5236
stats: size_sent 2295581 6502503
stats: connected -60 4848
# stats: dump at 1733885111
stats: users 4804 4950
stats: {load,"tsung_controller@ip-172-31-12-74"} 1 0.33984375 0.0 0.33984375 0.01953125 0.07310267857142858 7
stats: {freemem,"tsung_controller@ip-172-31-12-74"} 1 6489.58984375 0.0 7459.375 6489.58984375 7239.868303571428 7
stats: {cpu,"tsung_controller@ip-172-31-12-74"} 1 20.47872340425532 0.0 30.450289790459205 0.7481296758104738 12.687662663950814 7
stats: session 42 37131.94533333332 8061.970736404476 52853.843 5070.66 21820.832585 200
stats: users_count 0 5046
stats: finish_users_count 42 242
stats: page 3591 8303.690033695353 11716.998729089431 30669.332 0.546 4396.93118331161 11505
stats: 302 321 1828
stats: request 3591 8303.690033695353 11716.998729089431 30669.332 0.546 4396.93118331161 11505
stats: connect 0 0 0 20.689 0.36 1.4902875544986125 5046
stats: 200 891 5656
stats: size_rcv 7330909 47242153
stats: newphase 0 9
stats: 502 2379 7615
stats: size_sent 2131218 8633721
stats: connected -38 4810
# stats: dump at 1733885121
stats: users 4651 4950
stats: {load,"tsung_controller@ip-172-31-12-74"} 1 0.2890625 0.0 0.33984375 0.01953125 0.1064453125 8
stats: {freemem,"tsung_controller@ip-172-31-12-74"} 1 6329.51171875 0.0 7459.375 6329.51171875 7146.08349609375 8
stats: {cpu,"tsung_controller@ip-172-31-12-74"} 1 19.054054054054053 0.0 30.450289790459205 0.7481296758104738 13.661545256488877 8
stats: session 153 41101.5123986928 7692.347025918756 63828.034 5070.66 24478.133144628096 242
stats: users_count 0 5046
stats: finish_users_count 153 395
stats: request 3251 6698.953162103959 12857.469598493206 38902.619 0.546 5326.261537824595 15096
stats: connect 0 0 0 20.689 0.36 1.4902875544986125 5046
stats: 302 548 2376
stats: page 3251 6698.953162103959 12857.469598493206 38902.619 0.546 5326.261537824595 15096
stats: 200 150 5806
stats: size_rcv 2615495 49857648
stats: newphase 0 9
stats: 502 2553 10168
stats: size_sent 1909061 10542782
stats: connected -152 4658
# stats: dump at 1733885131
stats: users 4528 4950
stats: {load,"tsung_controller@ip-172-31-12-74"} 1 0.390625 0.0 0.390625 0.01953125 0.1267361111111111 9
stats: {freemem,"tsung_controller@ip-172-31-12-74"} 1 6291.30859375 0.0 7459.375 6291.30859375 7055.353298611111 9
stats: {cpu,"tsung_controller@ip-172-31-12-74"} 1 16.824537663509247 0.0 30.450289790459205 0.7481296758104738 14.260712900662785 9
stats: session 123 53021.22975609753 9365.816257383702 75200.41 5070.66 30917.062324050625 395
stats: users_count 0 5046
stats: finish_users_count 123 518
stats: connect 1 4.315 0.0 20.689 0.36 1.4902875544986125 5046
stats: page 2410 15671.726177593348 17178.97145748129 60370.326 0.546 5569.495879707857 18347
stats: 302 931 3307
stats: request 2410 15671.726177593348 17178.97145748129 60370.326 0.546 5569.495879707857 18347
stats: 200 173 5979
stats: size_rcv 3115845 52973493
stats: newphase 0 9
stats: 502 1304 11472
stats: size_sent 1407899 11950681
stats: connected -127 4531
# stats: dump at 1733885141
stats: users 4406 4950
stats: {load,"tsung_controller@ip-172-31-12-74"} 1 0.48046875 0.0 0.48046875 0.01953125 0.153125 10
stats: {freemem,"tsung_controller@ip-172-31-12-74"} 1 6253.3359375 0.0 7459.375 6253.3359375 6978.948828125 10
stats: {cpu,"tsung_controller@ip-172-31-12-74"} 1 13.410138248847927 0.0 30.450289790459205 0.7481296758104738 14.51709537694743 10
stats: session 122 63171.753852459035 7746.364682512819 83674.548 5070.66 36165.73528571427 518
stats: users_count 0 5046
stats: finish_users_count 122 640
stats: request 1865 14285.78171420911 18974.996160050974 65878.294 0.546 6742.41947261165 20757
stats: page 1865 14285.78171420911 18974.996160050974 65878.294 0.546 6742.41947261165 20757
stats: 302 554 3861
stats: 200 123 6102
stats: size_rcv 2229012 55202505
stats: connect 2 1.4625 0.02250000000000013 20.689 0.36 1.490847235981771 5047
stats: newphase 0 9
stats: 502 1186 12658
stats: size_sent 1183407 13134088
stats: connected -120 4411
# stats: dump at 1733885151
stats: users 4359 4950
stats: {load,"tsung_controller@ip-172-31-12-74"} 1 0.48828125 0.0 0.48828125 0.01953125 0.18288352272727273 11
stats: {freemem,"tsung_controller@ip-172-31-12-74"} 1 6228.01171875 0.0 7459.375 6228.01171875 6912.984019886364 11
stats: {cpu,"tsung_controller@ip-172-31-12-74"} 1 10.284360189573459 0.0 30.450289790459205 0.7481296758104738 14.416462910756564 11
stats: session 47 73475.38634042552 8355.854007287868 95263.561 5070.66 41313.75757499999 640
stats: users_count 0 5046
stats: finish_users_count 47 687
stats: request 1514 26887.28472589163 21375.025835480526 65878.294 0.546 7364.308367518345 22622
stats: connect 0 0 0 20.689 0.36 1.4908360071301245 5049
stats: 302 792 4653
stats: page 1514 26887.28472589163 21375.025835480526 65878.294 0.546 7364.308367518345 22622
stats: 200 139 6241
stats: size_rcv 2466126 57668631
stats: newphase 0 9
stats: 502 583 13241
stats: size_sent 964513 14098601
stats: connected -51 4360
# stats: dump at 1733885161
stats: users 4190 4950
stats: {load,"tsung_controller@ip-172-31-12-74"} 1 0.41015625 0.0 0.48828125 0.01953125 0.20833333333333334 12
stats: {freemem,"tsung_controller@ip-172-31-12-74"} 1 6181.60546875 0.0 7459.375 6181.60546875 6855.902994791667 12
stats: {cpu,"tsung_controller@ip-172-31-12-74"} 1 9.605325725154541 0.0 30.450289790459205 0.7481296758104738 14.072121017324639 12
stats: session 169 82498.24486390536 7291.698990108145 105657.851 5070.66 43514.04367685589 687
stats: users_count 0 5046
stats: finish_users_count 169 856
stats: page 2817 29774.362842385337 16628.825960065213 65878.294 0.546 8588.943195434204 24136
stats: request 2817 29774.362842385337 16628.825960065213 65878.294 0.546 8588.943195434204 24136
stats: connect 0 0 0 20.689 0.36 1.4908360071301245 5049
stats: 302 1804 6457
stats: 200 544 6785
stats: size_rcv 7803352 65471983
stats: newphase 0 9
stats: 502 469 13710
stats: size_sent 1383636 15482237
stats: connected -170 4190
# stats: dump at 1733885171
stats: users 3753 4950
stats: {load,"tsung_controller@ip-172-31-12-74"} 1 0.3515625 0.0 0.48828125 0.01953125 0.22385817307692307 13
stats: {freemem,"tsung_controller@ip-172-31-12-74"} 1 6114.25 0.0 7459.375 6114.25 6804.033954326923 13
stats: {cpu,"tsung_controller@ip-172-31-12-74"} 1 15.895556573522676 0.0 30.450289790459205 0.7481296758104738 13.728521379465398 13
stats: session 437 91242.72670709393 6976.635078314488 115229.434 5070.66 51210.69087383177 856
stats: users_count 0 5046
stats: finish_users_count 437 1293
stats: request 4641 15123.078685843531 13166.768420571014 65878.294 0.546 10803.142993061974 26953
stats: connect 0 0 0 20.689 0.36 1.4908360071301245 5049
stats: 302 2984 9441
stats: page 4641 15123.078685843531 13166.768420571014 65878.294 0.546 10803.142993061974 26953
stats: 200 1389 8174
stats: size_rcv 18215429 83687412
stats: newphase 0 9
stats: 502 266 13976
stats: size_sent 2594378 18076615
stats: connected -417 3773
# stats: dump at 1733885181
stats: users 2936 4950
stats: {load,"tsung_controller@ip-172-31-12-74"} 1 0.37109375 0.0 0.48828125 0.01953125 0.23297991071428573 14
stats: {freemem,"tsung_controller@ip-172-31-12-74"} 1 6013.390625 0.0 7459.375 6013.390625 6754.763671875 14
stats: {cpu,"tsung_controller@ip-172-31-12-74"} 1 23.39309138609532 0.0 30.450289790459205 0.7481296758104738 13.883309607612347 14
stats: session 817 100877.3357894736 6411.004704214628 124417.59 5070.66 64740.466325599424 1293
stats: users_count 0 5046
stats: finish_users_count 817 2110
stats: request 5207 6286.823020165168 3353.790952469539 65878.294 0.546 11437.719860511465 31594
stats: connect 0 0 0 20.689 0.36 1.4908360071301245 5049
stats: page 5207 6286.823020165168 3353.790952469539 65878.294 0.546 11437.719860511465 31594
stats: 302 3703 13144
stats: 200 1489 9663
stats: size_rcv 20020462 103707874
stats: newphase 0 9
stats: 502 15 13991
stats: size_sent 2852780 20929395
stats: connected -821 2952
# stats: dump at 1733885191
stats: users 1879 4950
stats: {load,"tsung_controller@ip-172-31-12-74"} 1 0.46875 0.0 0.48828125 0.01953125 0.2421875 15
stats: {freemem,"tsung_controller@ip-172-31-12-74"} 1 5983.15625 0.0 7459.375 5983.15625 6705.338802083334 15
stats: {cpu,"tsung_controller@ip-172-31-12-74"} 1 24.24507658643326 0.0 30.450289790459205 0.7481296758104738 14.517295059511211 15
stats: session 1057 109637.25372942296 5680.676810639631 128945.139 5070.66 78732.79919383884 2110
stats: users_count 0 5046
stats: finish_users_count 1057 3167
stats: page 4193 4721.511396851913 2260.507267412998 65878.294 0.546 10708.915756066392 36801
stats: 302 3026 16170
stats: request 4193 4721.511396851913 2260.507267412998 65878.294 0.546 10708.915756066392 36801
stats: connect 0 0 0 20.689 0.36 1.4908360071301245 5049
stats: 200 1167 10830
stats: size_rcv 16803885 120511759
stats: newphase 0 9
stats: 502 0 13991
stats: size_sent 2366155 23295550
stats: connected -1066 1886
# stats: dump at 1733885201
stats: users 528 4950
stats: {load,"tsung_controller@ip-172-31-12-74"} 1 0.62109375 0.0 0.62109375 0.01953125 0.25634765625 16
stats: {freemem,"tsung_controller@ip-172-31-12-74"} 1 6120.3046875 0.0 7459.375 5983.15625 6660.202392578125 16
stats: {cpu,"tsung_controller@ip-172-31-12-74"} 1 20.89817696754113 0.0 30.450289790459205 0.7481296758104738 15.12528140494384 16
stats: session 1351 118641.95713027396 4819.243789519881 136927.393 5070.66 89047.29507136093 3167
stats: users_count 0 5046
stats: finish_users_count 1351 4518
stats: page 3388 3541.0652373081625 2630.806088706258 65878.294 0.546 10096.504513489763 40994
stats: request 3388 3541.0652373081625 2630.806088706258 65878.294 0.546 10096.504513489763 40994
stats: connect 0 0 0 20.689 0.36 1.4908360071301245 5049
stats: 302 2268 18438
stats: 200 1120 11950
stats: size_rcv 15815277 136327036
stats: newphase 0 9
stats: 502 0 13991
stats: size_sent 1647449 24942999
stats: connected -1339 547
# stats: dump at 1733885211
stats: users 19 4950
stats: {load,"tsung_controller@ip-172-31-12-74"} 1 0.609375 0.0 0.62109375 0.01953125 0.27780330882352944 17
stats: {freemem,"tsung_controller@ip-172-31-12-74"} 1 6959.5625 0.0 7459.375 5983.15625 6628.443704044118 17
stats: {cpu,"tsung_controller@ip-172-31-12-74"} 1 17.183226982680036 0.0 30.450289790459205 0.7481296758104738 15.464863496861327 17
stats: session 509 124592.51914734775 3581.430877495136 142971.355 5070.66 97896.87197299695 4518
stats: users_count 0 5046
stats: finish_users_count 509 5027
stats: request 987 1321.5447456940237 2011.0756163243434 65878.294 0.546 9596.080281420382 44382
stats: page 987 1321.5447456940237 2011.0756163243434 65878.294 0.546 9596.080281420382 44382
stats: 302 671 19109
stats: 200 316 12266
stats: size_rcv 4516803 140843839
stats: newphase 0 9
stats: 502 0 13991
stats: size_sent 523872 25466871
stats: connected -526 21
stats: connect 0 0 0 20.689 0.36 1.4908360071301245 5049
# stats: dump at 1733885221
stats: users 2 4950
stats: {load,"tsung_controller@ip-172-31-12-74"} 1 0.51171875 0.0 0.62109375 0.01953125 0.2962239583333333 18
stats: {freemem,"tsung_controller@ip-172-31-12-74"} 1 7246.83984375 0.0 7459.375 5983.15625 6646.839192708333 18
stats: {cpu,"tsung_controller@ip-172-31-12-74"} 1 5.2657240370550955 0.0 30.450289790459205 0.7481296758104738 15.560328134962365 18
stats: session 17 134073.03464705887 3621.142743303612 142971.355 5070.66 100599.89254426102 5027
stats: users_count 0 5046
stats: finish_users_count 17 5044
stats: request 41 19.76914634146341 20.601830054350515 65878.294 0.546 9416.068234124608 45369
stats: connect 0 0 0 20.689 0.36 1.4908360071301245 5049
stats: page 41 19.76914634146341 20.601830054350515 65878.294 0.546 9416.068234124608 45369
stats: 302 29 19138
stats: 200 12 12278
stats: size_rcv 175569 141019408
stats: newphase 0 9
stats: 502 0 13991
stats: size_sent 29970 25496841
stats: connected -19 2
# stats: dump at 1733885231
stats: users 0 4950
stats: {load,"tsung_controller@ip-172-31-12-74"} 1 0.4296875 0.0 0.62109375 0.01953125 0.30756578947368424 19
stats: {freemem,"tsung_controller@ip-172-31-12-74"} 1 7292.1640625 0.0 7459.375 5983.15625 6678.418174342105 19
stats: {cpu,"tsung_controller@ip-172-31-12-74"} 1 0.399400898652022 0.0 30.450289790459205 0.399400898652022 15.018506866651457 19
stats: session 2 145195.7615 4145.940499999997 149341.702 5070.66 100712.70844746237 5044
stats: users_count 0 5046
stats: finish_users_count 2 5046
stats: request 4 6.678249999999999 1.803900270940719 65878.294 0.546 9407.584458247067 45410
stats: connect 0 0 0 20.689 0.36 1.4908360071301245 5049
stats: page 4 6.678249999999999 1.803900270940719 65878.294 0.546 9407.584458247067 45410
stats: 302 4 19142
stats: 200 0 12278
stats: size_rcv 3913 141023321
stats: newphase 0 9
stats: 502 0 13991
stats: size_sent 2519 25499360
stats: connected -2 0
# stats: dump at 1733885233
stats: users 0 4950
stats: {load,"tsung_controller@ip-172-31-12-74"} 1 0.37109375 0.0 0.62109375 0.01953125 0.31367187500000004 20
stats: {freemem,"tsung_controller@ip-172-31-12-74"} 1 7297.6875 0.0 7459.375 5983.15625 6709.10546875 20
stats: {cpu,"tsung_controller@ip-172-31-12-74"} 1 0.24975024975024976 0.0 30.450289790459205 0.24975024975024976 14.287551568251484 20
stats: session 0 0 0 149341.702 5070.66 100730.33946333734 5046
stats: users_count 0 5046
stats: finish_users_count 0 5046
stats: request 0 0 0 65878.294 0.546 9406.756439908382 45414
stats: connect 0 0 0 20.689 0.36 1.4908360071301245 5049
stats: page 0 0 0 65878.294 0.546 9406.756439908382 45414
stats: 302 0 19142
stats: 200 0 12278
stats: size_rcv 0 141023321
stats: newphase 0 9
stats: 502 0 13991
stats: size_sent 0 25499360
stats: connected 0 0
EndMonitor:{1733,885233,683597}
