# stats: dump at 1733884730
stats: users 8 8
stats: {load,"tsung_controller@ip-172-31-12-74"} 1 0.66015625 0 0.66015625 0.66015625 0 0
stats: {freemem,"tsung_controller@ip-172-31-12-74"} 1 7463.203125 0 7463.203125 7463.203125 0 0
stats: {cpu,"tsung_controller@ip-172-31-12-74"} 1 34.65595178302361 0 34.65595178302361 34.65595178302361 0 0
stats: users_count 8 8
stats: finish_users_count 0 0
stats: request 14 167.09207142857142 244.95175723875107 630.689 9.466 0 0
stats: connect 8 2.23925 2.3604203412739855 8.397 0.979 0 0
stats: page 14 167.09207142857142 244.95175723875107 630.689 9.466 0 0
stats: 302 3 3
stats: 200 11 11
stats: size_rcv 89046 89046
stats: newphase 1 1
stats: size_sent 5334 5334
stats: connected 8 8
# stats: dump at 1733884740
stats: users 41 41
stats: {load,"tsung_controller@ip-172-31-12-74"} 1 0.55859375 0.0 0.66015625 0.55859375 0.66015625 1
stats: {freemem,"tsung_controller@ip-172-31-12-74"} 1 7461.5234375 0.0 7463.203125 7461.5234375 7463.203125 1
stats: {cpu,"tsung_controller@ip-172-31-12-74"} 1 0.400200100050025 0.0 34.65595178302361 0.400200100050025 34.65595178302361 1
stats: users_count 33 41
stats: finish_users_count 0 0
stats: request 107 98.89192523364486 133.13380245590614 630.689 7.566 167.09207142857142 14
stats: connect 32 1.4386249999999994 0.6052332582360292 8.397 0.799 2.23925 8
stats: page 107 98.89192523364486 133.13380245590614 630.689 7.566 167.09207142857142 14
stats: 302 33 36
stats: 200 74 85
stats: size_rcv 683578 772624
stats: newphase 2 3
stats: size_sent 56173 61507
stats: connected 32 40
# stats: dump at 1733884750
stats: users 162 162
stats: {load,"tsung_controller@ip-172-31-12-74"} 1 0.46875 0.0 0.66015625 0.46875 0.609375 2
stats: {freemem,"tsung_controller@ip-172-31-12-74"} 1 7443.12109375 0.0 7463.203125 7443.12109375 7462.36328125 2
stats: {cpu,"tsung_controller@ip-172-31-12-74"} 1 0.6509764646970456 0.0 34.65595178302361 0.400200100050025 17.528075941536816 2
stats: session 4 17341.99875 1026.6319474423092 18485.003 15823.503 0 0
stats: users_count 125 166
stats: finish_users_count 4 4
stats: request 422 110.73769431279628 173.66990966209897 930.591 4.864 106.78285123966941 121
stats: connect 112 1.5190089285714286 0.8657154194192689 8.397 0.781 1.5987499999999994 40
stats: page 422 110.73769431279628 173.66990966209897 930.591 4.864 106.78285123966941 121
stats: 302 136 172
stats: 200 286 371
stats: size_rcv 2701320 3473944
stats: newphase 2 5
stats: size_sent 230278 291785
stats: connected 108 148
# stats: dump at 1733884760
stats: users 716 716
stats: {load,"tsung_controller@ip-172-31-12-74"} 1 0.3984375 0.0 0.66015625 0.3984375 0.5625 3
stats: {freemem,"tsung_controller@ip-172-31-12-74"} 1 7386.49609375 0.0 7463.203125 7386.49609375 7455.94921875 3
stats: {cpu,"tsung_controller@ip-172-31-12-74"} 1 1.6574585635359116 0.0 34.65595178302361 0.400200100050025 11.902376115923559 3
stats: session 10 21282.6598 6067.712869519071 32154.255 9103.582 17341.99875 4
stats: users_count 564 730
stats: finish_users_count 10 14
stats: request 1133 417.3385286849075 767.2945188582432 5866.785 4.864 109.85641252302031 543
stats: page 1133 417.3385286849075 767.2945188582432 5866.785 4.864 109.85641252302031 543
stats: 302 273 445
stats: connect 527 1.5544743833017078 1.2023802274626447 16.278 0.634 1.5399934210526312 152
stats: 200 860 1231
stats: size_rcv 7612677 11086621
stats: newphase 2 7
stats: size_sent 767211 1058996
stats: connected 517 665
# stats: dump at 1733884770
stats: users 2928 2928
stats: {load,"tsung_controller@ip-172-31-12-74"} 1 0.33984375 0.0 0.66015625 0.33984375 0.521484375 4
stats: {freemem,"tsung_controller@ip-172-31-12-74"} 1 7253.80078125 0.0 7463.203125 7253.80078125 7438.5859375 4
stats: {cpu,"tsung_controller@ip-172-31-12-74"} 1 6.2058526740666 0.0 34.65595178302361 0.400200100050025 9.341146727826647 4
stats: session 4 30570.84475 9315.034576364178 45362.511 9103.582 20156.75664285714 14
stats: users_count 2216 2946
stats: finish_users_count 4 18
stats: connect 2067 1.479433478471215 1.1354002066331876 21.145 0.437 1.5512326951399116 679
stats: request 1173 5535.672571184998 2265.6173816544842 10893.373 4.864 317.71872613365167 1676
stats: page 1173 5535.672571184998 2265.6173816544842 10893.373 4.864 317.71872613365167 1676
stats: 302 328 773
stats: 200 846 2077
stats: size_rcv 6697328 17783949
stats: newphase 2 9
stats: size_sent 927258 1986254
stats: connected 2063 2728
# stats: dump at 1733884780
stats: users 4868 4871
stats: {load,"tsung_controller@ip-172-31-12-74"} 1 0.28125 0.0 0.66015625 0.28125 0.48515625 5
stats: {freemem,"tsung_controller@ip-172-31-12-74"} 1 6989.38671875 0.0 7463.203125 6989.38671875 7401.62890625 5
stats: {cpu,"tsung_controller@ip-172-31-12-74"} 1 14.753246753246755 0.0 34.65595178302361 0.400200100050025 8.714087917074638 5
stats: session 4 35339.2655 6505.5591974217905 45362.511 9103.582 22470.998444444445 18
stats: users_count 1944 4890
stats: finish_users_count 4 22
stats: request 3517 3259.040499573494 4407.9119633971195 16668.819 0.441 2466.0724854334862 2849
stats: connect 2144 1.3711529850746274 1.033593776619092 22.033 0.37 1.4971871813546984 2746
stats: page 3517 3259.040499573494 4407.9119633971195 16668.819 0.441 2466.0724854334862 2849
stats: 302 241 1014
stats: 200 1128 3205
stats: size_rcv 9256553 27040502
stats: newphase 0 9
stats: 502 2148 2148
stats: size_sent 1785450 3771704
stats: connected 2140 4868
# stats: dump at 1733884790
stats: users 4853 4871
stats: {load,"tsung_controller@ip-172-31-12-74"} 1 0.30859375 0.0 0.66015625 0.28125 0.451171875 6
stats: {freemem,"tsung_controller@ip-172-31-12-74"} 1 6770.40625 0.0 7463.203125 6770.40625 7332.921875 6
stats: {cpu,"tsung_controller@ip-172-31-12-74"} 1 13.66906474820144 0.0 34.65595178302361 0.400200100050025 9.72061438976999 6
stats: session 15 37084.372933333325 11261.309193128665 48947.025 9103.582 24810.683363636363 22
stats: users_count 0 4890
stats: finish_users_count 15 37
stats: connect 0 0 0 22.033 0.37 1.4419280163599186 4890
stats: page 3616 5773.1997273230145 7794.627293647445 22075.294 0.441 2904.160532202322 6366
stats: request 3616 5773.1997273230145 7794.627293647445 22075.294 0.441 2904.160532202322 6366
stats: 302 269 1283
stats: 200 1037 4242
stats: size_rcv 8421688 35462190
stats: newphase 0 9
stats: 502 2310 4458
stats: size_sent 2030024 5801728
stats: connected -15 4853
# stats: dump at 1733884800
stats: users 4843 4871
stats: {load,"tsung_controller@ip-172-31-12-74"} 1 0.3515625 0.0 0.66015625 0.28125 0.43080357142857145 7
stats: {freemem,"tsung_controller@ip-172-31-12-74"} 1 6577.60546875 0.0 7463.203125 6577.60546875 7252.5625 7
stats: {cpu,"tsung_controller@ip-172-31-12-74"} 1 8.008109477952356 0.0 34.65595178302361 0.400200100050025 10.284678726688767 7
stats: session 10 46887.25480000001 11587.678132712006 68809.432 9103.582 29786.50345945946 37
stats: users_count 0 4890
stats: finish_users_count 10 47
stats: request 3431 8853.949007286503 11306.82095267916 29549.784 0.441 3943.4758727709877 9982
stats: connect 0 0 0 22.033 0.37 1.4419280163599186 4890
stats: page 3431 8853.949007286503 11306.82095267916 29549.784 0.441 3943.4758727709877 9982
stats: 302 252 1535
stats: 200 1067 5309
stats: size_rcv 8401006 43863196
stats: newphase 0 9
stats: 502 2113 6571
stats: size_sent 2047317 7849045
stats: connected -10 4843
# stats: dump at 1733884810
stats: users 4825 4871
stats: {load,"tsung_controller@ip-172-31-12-74"} 1 0.2890625 0.0 0.66015625 0.28125 0.4208984375 8
stats: {freemem,"tsung_controller@ip-172-31-12-74"} 1 6399.54296875 0.0 7463.203125 6399.54296875 7168.19287109375 8
stats: {cpu,"tsung_controller@ip-172-31-12-74"} 1 7.273652085452696 0.0 34.65595178302361 0.400200100050025 10.000107570596716 8
stats: session 18 53213.58805555555 10334.528465563011 68809.432 9103.582 33424.96119148936 47
stats: users_count 0 4890
stats: finish_users_count 18 65
stats: request 3345 8927.922793124088 14171.528503544201 38360.502 0.441 5199.5582797286215 13413
stats: connect 0 0 0 22.033 0.37 1.4419280163599186 4890
stats: 302 434 1969
stats: page 3345 8927.922793124088 14171.528503544201 38360.502 0.441 5199.5582797286215 13413
stats: 200 521 5830
stats: size_rcv 4919048 48782244
stats: newphase 0 9
stats: 502 2390 8961
stats: size_sent 2008402 9857447
stats: connected -18 4825
# stats: dump at 1733884820
stats: users 4784 4871
stats: {load,"tsung_controller@ip-172-31-12-74"} 1 0.25 0.0 0.66015625 0.25 0.40625 9
stats: {freemem,"tsung_controller@ip-172-31-12-74"} 1 6304.03125 0.0 7463.203125 6304.03125 7082.787326388889 9
stats: {cpu,"tsung_controller@ip-172-31-12-74"} 1 6.5775950668037 0.0 34.65595178302361 0.400200100050025 9.697168072247381 9
stats: session 41 57955.19999999999 13258.620867880823 79865.692 9103.582 38904.88863076923 65
stats: users_count 0 4890
stats: finish_users_count 41 106
stats: request 3051 12823.176798426784 16829.175680779135 44274.607 0.441 5943.762796813467 16758
stats: 302 882 2851
stats: connect 0 0 0 22.033 0.37 1.4419280163599186 4890
stats: page 3051 12823.176798426784 16829.175680779135 44274.607 0.441 5943.762796813467 16758
stats: 200 251 6081
stats: size_rcv 3883364 52665608
stats: newphase 0 9
stats: 502 1918 10879
stats: size_sent 1783712 11641159
stats: connected -41 4784
# stats: dump at 1733884830
stats: users 4750 4871
stats: {load,"tsung_controller@ip-172-31-12-74"} 1 0.2890625 0.0 0.66015625 0.25 0.390625 10
stats: {freemem,"tsung_controller@ip-172-31-12-74"} 1 6249.75 0.0 7463.203125 6249.75 7004.91171875 10
stats: {cpu,"tsung_controller@ip-172-31-12-74"} 1 5.677749360613811 0.0 34.65595178302361 0.400200100050025 9.385210771703012 10
stats: session 34 66386.74720588232 11042.975309297795 91538.297 9103.582 46273.40529245282 106
stats: users_count 0 4890
stats: finish_users_count 34 140
stats: request 2808 11924.205958689445 17331.99369974129 66819.434 0.441 7003.3363300015235 19809
stats: page 2808 11924.205958689445 17331.99369974129 66819.434 0.441 7003.3363300015235 19809
stats: 302 712 3563
stats: connect 0 0 0 22.033 0.37 1.4419280163599186 4890
stats: 200 197 6278
stats: size_rcv 3260477 55926085
stats: newphase 0 9
stats: 502 1898 12777
stats: size_sent 1717295 13358454
stats: connected -34 4750
# stats: dump at 1733884840
stats: users 4709 4871
stats: {load,"tsung_controller@ip-172-31-12-74"} 1 0.23828125 0.0 0.66015625 0.23828125 0.38139204545454547 11
stats: {freemem,"tsung_controller@ip-172-31-12-74"} 1 6195.0625 0.0 7463.203125 6195.0625 6936.260653409091 11
stats: {cpu,"tsung_controller@ip-172-31-12-74"} 1 4.892966360856269 0.0 34.65595178302361 0.400200100050025 9.048168825240358 11
stats: session 41 74619.61614634143 10449.520784480692 97210.847 9103.582 51158.07404285713 140
stats: users_count 0 4890
stats: finish_users_count 41 181
stats: request 2699 13700.060796961845 19148.107521091883 66819.434 0.441 7614.283932130705 22617
stats: page 2699 13700.060796961845 19148.107521091883 66819.434 0.441 7614.283932130705 22617
stats: connect 1 3.748 0.0 22.033 0.37 1.4419280163599186 4890
stats: 302 749 4312
stats: 200 170 6448
stats: size_rcv 3016265 58942350
stats: newphase 0 9
stats: 502 1779 14556
stats: size_sent 1687586 15046040
stats: connected -41 4709
# stats: dump at 1733884850
stats: users 4662 4871
stats: {load,"tsung_controller@ip-172-31-12-74"} 1 0.2109375 0.0 0.66015625 0.2109375 0.3694661458333333 12
stats: {freemem,"tsung_controller@ip-172-31-12-74"} 1 6134.03125 0.0 7463.203125 6134.03125 6874.494140625 12
stats: {cpu,"tsung_controller@ip-172-31-12-74"} 1 5.201427842937277 0.0 34.65595178302361 0.400200100050025 8.70190195320835 12
stats: session 47 83790.90227659573 10932.150163782044 110117.324 9103.582 56472.56700552484 181
stats: users_count 0 4890
stats: finish_users_count 47 228
stats: request 2999 22497.313011670558 18774.03923363467 66819.434 0.441 8263.103325327862 25316
stats: 302 1377 5689
stats: connect 0 0 0 22.033 0.37 1.4423995093028015 4891
stats: page 2999 22497.313011670558 18774.03923363467 66819.434 0.441 8263.103325327862 25316
stats: 200 450 6898
stats: size_rcv 6291046 65233396
stats: newphase 0 9
stats: 502 1172 15728
stats: size_sent 1734526 16780566
stats: connected -45 4664
# stats: dump at 1733884860
stats: users 4483 4871
stats: {load,"tsung_controller@ip-172-31-12-74"} 1 0.171875 0.0 0.66015625 0.171875 0.35727163461538464 13
stats: {freemem,"tsung_controller@ip-172-31-12-74"} 1 6061.41796875 0.0 7463.203125 6061.41796875 6817.5354567307695 13
stats: {cpu,"tsung_controller@ip-172-31-12-74"} 1 8.195072900955253 0.0 34.65595178302361 0.400200100050025 8.43263471395673 13
stats: session 179 93472.97084916201 10287.245846340295 119147.175 9103.582 62103.97822368419 228
stats: users_count 0 4890
stats: finish_users_count 179 407
stats: page 6222 13748.253228865293 12131.114320738525 80180.152 0.441 9770.728077202903 28315
stats: request 6222 13748.253228865293 12131.114320738525 80180.152 0.441 9770.728077202903 28315
stats: connect 1 1.301 0.0 22.033 0.37 1.4423995093028015 4891
stats: 302 3872 9561
stats: 200 1956 8854
stats: size_rcv 23715393 88948789
stats: newphase 0 9
stats: 502 392 16120
stats: size_sent 3340116 20120682
stats: connected -178 4486
# stats: dump at 1733884870
stats: users 4175 4871
stats: {load,"tsung_controller@ip-172-31-12-74"} 1 0.2890625 0.0 0.66015625 0.171875 0.34402901785714285 14
stats: {freemem,"tsung_controller@ip-172-31-12-74"} 1 5902.9609375 0.0 7463.203125 5902.9609375 6763.527064732143 14
stats: {cpu,"tsung_controller@ip-172-31-12-74"} 1 15.070564516129032 0.0 34.65595178302361 0.400200100050025 8.415666013028053 14
stats: session 308 101283.38563636364 8715.838535895085 132592.303 9103.582 75900.16908353807 407
stats: users_count 0 4890
stats: finish_users_count 308 715
stats: request 6966 4188.46985357449 2628.963151619013 80180.152 0.441 10487.297596664448 34537
stats: 302 4367 13928
stats: 200 2182 11036
stats: connect 0 0 0 22.033 0.37 1.4423706050695015 4892
stats: size_rcv 26324653 115273442
stats: newphase 0 9
stats: 502 417 16537
stats: page 6966 4188.46985357449 2628.963151619013 80180.152 0.441 10487.297596664448 34537
stats: size_sent 4198431 24319113
stats: connected -302 4184
# stats: dump at 1733884880
stats: users 3638 4871
stats: {load,"tsung_controller@ip-172-31-12-74"} 1 0.328125 0.0 0.66015625 0.171875 0.34036458333333336 15
stats: {freemem,"tsung_controller@ip-172-31-12-74"} 1 5835.171875 0.0 7463.203125 5835.171875 6706.155989583333 15
stats: {cpu,"tsung_controller@ip-172-31-12-74"} 1 16.09780947529292 0.0 34.65595178302361 0.400200100050025 8.859325913234786 15
stats: session 537 109065.25950465552 7372.397711032324 133649.65 9103.582 86834.47775244755 715
stats: users_count 0 4890
stats: finish_users_count 537 1252
stats: request 6771 3743.2862153300903 2712.3263174983877 80180.152 0.441 9430.081634966145 41503
stats: connect 0 0 0 22.033 0.37 1.4423706050695015 4892
stats: 302 4408 18336
stats: page 6771 3743.2862153300903 2712.3263174983877 80180.152 0.441 9430.081634966145 41503
stats: 200 2111 13147
stats: size_rcv 25946429 141219871
stats: newphase 0 9
stats: 502 252 16789
stats: size_sent 4215334 28534447
stats: connected -534 3650
# stats: dump at 1733884890
stats: users 2805 4871
stats: {load,"tsung_controller@ip-172-31-12-74"} 1 0.4296875 0.0 0.66015625 0.171875 0.339599609375 16
stats: {freemem,"tsung_controller@ip-172-31-12-74"} 1 5842.7890625 0.0 7463.203125 5835.171875 6651.719482421875 16
stats: {cpu,"tsung_controller@ip-172-31-12-74"} 1 15.505050505050505 0.0 34.65595178302361 0.400200100050025 9.311731135863418 16
stats: session 833 118586.3014609844 6104.649110499723 144485.325 9103.582 96369.56545287541 1252
stats: users_count 0 4890
stats: finish_users_count 833 2085
stats: request 5849 3951.8637457684918 2678.0432686396625 80180.152 0.441 8632.441253262627 48274
stats: 302 3905 22241
stats: connect 0 0 0 22.033 0.37 1.4423706050695015 4892
stats: page 5849 3951.8637457684918 2678.0432686396625 80180.152 0.441 8632.441253262627 48274
stats: 200 1901 15048
stats: size_rcv 23407709 164627580
stats: newphase 0 9
stats: 502 43 16832
stats: size_sent 3506016 32040463
stats: connected -826 2824
# stats: dump at 1733884900
stats: users 1702 4871
stats: {load,"tsung_controller@ip-172-31-12-74"} 1 0.359375 0.0 0.66015625 0.171875 0.34489889705882354 17
stats: {freemem,"tsung_controller@ip-172-31-12-74"} 1 5943.4140625 0.0 7463.203125 5835.171875 6604.13534007353 17
stats: {cpu,"tsung_controller@ip-172-31-12-74"} 1 14.400805639476335 0.0 34.65595178302361 0.400200100050025 9.676044039933247 17
stats: session 1103 128104.3860362648 6086.031969298997 151197.796 9103.582 105245.60434724222 2085
stats: users_count 0 4890
stats: finish_users_count 1103 3188
stats: connect 0 0 0 22.033 0.37 1.4423706050695015 4892
stats: page 4784 3486.762286998333 2626.4866129436346 80180.152 0.441 8126.617521367994 54123
stats: request 4784 3486.762286998333 2626.4866129436346 80180.152 0.441 8126.617521367994 54123
stats: 302 3182 25423
stats: 200 1602 16650
stats: size_rcv 19946950 184574530
stats: newphase 0 9
stats: 502 0 16832
stats: size_sent 2752525 34792988
stats: connected -1113 1711
# stats: dump at 1733884910
stats: users 396 4871
stats: {load,"tsung_controller@ip-172-31-12-74"} 1 0.30078125 0.0 0.66015625 0.171875 0.345703125 18
stats: {freemem,"tsung_controller@ip-172-31-12-74"} 1 6227.2109375 0.0 7463.203125 5835.171875 6567.428602430556 18
stats: {cpu,"tsung_controller@ip-172-31-12-74"} 1 12.651209677419356 0.0 34.65595178302361 0.400200100050025 9.93853079546342 18
stats: session 1306 136561.6281738133 5269.033905718185 156080.626 9103.582 113154.3986392723 3188
stats: users_count 0 4890
stats: finish_users_count 1306 4494
stats: request 3741 2136.210684843624 2400.5506712296065 80180.152 0.441 7749.802075984178 58907
stats: page 3741 2136.210684843624 2400.5506712296065 80180.152 0.441 7749.802075984178 58907
stats: 302 2416 27839
stats: 200 1325 17975
stats: size_rcv 16762531 201337061
stats: newphase 0 9
stats: 502 0 16832
stats: size_sent 1964931 36757919
stats: connected -1304 407
stats: connect 0 0 0 22.033 0.37 1.4423706050695015 4892
# stats: dump at 1733884920
stats: users 41 4871
stats: {load,"tsung_controller@ip-172-31-12-74"} 1 0.26171875 0.0 0.66015625 0.171875 0.3433388157894737 19
stats: {freemem,"tsung_controller@ip-172-31-12-74"} 1 6982.62890625 0.0 7463.203125 5835.171875 6549.522409539473 19
stats: {cpu,"tsung_controller@ip-172-31-12-74"} 1 10.100000000000001 0.0 34.65595178302361 0.400200100050025 10.081303368197943 19
stats: session 355 143239.2469971832 4015.8670767014846 156080.626 9103.582 119956.76663484653 4494
stats: users_count 0 4890
stats: finish_users_count 355 4849
stats: request 831 134.41072924187696 459.57469298023534 80180.152 0.441 7414.5887348678325 62648
stats: page 831 134.41072924187696 459.57469298023534 80180.152 0.441 7414.5887348678325 62648
stats: connect 0 0 0 22.033 0.37 1.4423706050695015 4892
stats: 302 543 28382
stats: 200 288 18263
stats: size_rcv 3838867 205175928
stats: newphase 0 9
stats: 502 0 16832
stats: size_sent 581277 37339196
stats: connected -366 41
# stats: dump at 1733884930
stats: users 3 4871
stats: {load,"tsung_controller@ip-172-31-12-74"} 1 0.30078125 0.0 0.66015625 0.171875 0.3392578125 20
stats: {freemem,"tsung_controller@ip-172-31-12-74"} 1 7278.21484375 0.0 7463.203125 5835.171875 6571.177734375 20
stats: {cpu,"tsung_controller@ip-172-31-12-74"} 1 2.1105527638190953 0.0 34.65595178302361 0.400200100050025 10.082238199788046 20
stats: session 38 153167.7845789474 4616.370370508152 168951.271 9103.582 121661.29963724487 4849
stats: users_count 0 4890
stats: finish_users_count 38 4887
stats: connect 0 0 0 22.033 0.37 1.4423706050695015 4892
stats: 302 55 28437
stats: request 85 27.7724588235294 26.19777606841194 80180.152 0.441 7319.284336205674 63479
stats: 200 30 18293
stats: size_rcv 400801 205576729
stats: newphase 0 9
stats: page 85 27.7724588235294 26.19777606841194 80180.152 0.441 7319.284336205674 63479
stats: 502 0 16832
stats: size_sent 64410 37403606
stats: connected -38 3
# stats: dump at 1733884940
stats: users 0 4871
stats: {load,"tsung_controller@ip-172-31-12-74"} 1 0.25 0.0 0.66015625 0.171875 0.33742559523809523 21
stats: {freemem,"tsung_controller@ip-172-31-12-74"} 1 7311.20703125 0.0 7463.203125 5835.171875 6604.8461681547615 21
stats: {cpu,"tsung_controller@ip-172-31-12-74"} 1 0.15052684395383845 0.0 34.65595178302361 0.15052684395383845 9.702634131408573 21
stats: session 3 167343.11033333334 5554.55707341789 173860.221 9103.582 121906.28560568864 4887
stats: users_count 0 4890
stats: finish_users_count 3 4890
stats: connect 0 0 0 22.033 0.37 1.4423706050695015 4892
stats: request 6 24.199 20.761433629047232 80180.152 0.441 7309.533871955823 63564
stats: page 6 24.199 20.761433629047232 80180.152 0.441 7309.533871955823 63564
stats: 302 4 28441
stats: 200 2 18295
stats: size_rcv 27734 205604463
stats: newphase 0 9
stats: 502 0 16832
stats: size_sent 4614 37408220
stats: connected -3 0
# stats: dump at 1733884950
stats: users 0 4871
stats: {load,"tsung_controller@ip-172-31-12-74"} 1 0.2109375 0.0 0.66015625 0.171875 0.33345170454545453 22
stats: {freemem,"tsung_controller@ip-172-31-12-74"} 1 7319.36328125 0.0 7463.203125 5835.171875 6636.953480113636 22
stats: {cpu,"tsung_controller@ip-172-31-12-74"} 1 0.15 0.0 34.65595178302361 0.15 9.268447436524266 22
stats: session 0 0 0 173860.221 9103.582 121934.16095828227 4890
stats: users_count 0 4890
stats: finish_users_count 0 4890
stats: request 0 0 0 80180.152 0.441 7308.846251864086 63570
stats: connect 0 0 0 22.033 0.37 1.4423706050695015 4892
stats: page 0 0 0 80180.152 0.441 7308.846251864086 63570
stats: 302 0 28441
stats: 200 0 18295
stats: size_rcv 0 205604463
stats: newphase 0 9
stats: 502 0 16832
stats: size_sent 0 37408220
stats: connected 0 0
# stats: dump at 1733884954
stats: users 0 4871
stats: {load,"tsung_controller@ip-172-31-12-74"} 1 0.1796875 0.0 0.66015625 0.171875 0.328125 23
stats: {freemem,"tsung_controller@ip-172-31-12-74"} 1 7320.30859375 0.0 7463.203125 5835.171875 6666.623471467391 23
stats: {cpu,"tsung_controller@ip-172-31-12-74"} 1 0.10010010010010009 0.0 34.65595178302361 0.10010010010010009 8.871993200153645 23
stats: session 0 0 0 173860.221 9103.582 121934.16095828227 4890
stats: users_count 0 4890
stats: finish_users_count 0 4890
stats: request 0 0 0 80180.152 0.441 7308.846251864086 63570
stats: connect 0 0 0 22.033 0.37 1.4423706050695015 4892
stats: page 0 0 0 80180.152 0.441 7308.846251864086 63570
stats: 302 0 28441
stats: 200 0 18295
stats: size_rcv 0 205604463
stats: newphase 0 9
stats: 502 0 16832
stats: size_sent 0 37408220
stats: connected 0 0
EndMonitor:{1733,884954,707529}
