# stats: dump at 1733510227
stats: users 15 15
stats: {freemem,"tsung_controller@ip-172-31-43-86"} 1 686.78125 0 686.78125 686.78125 0 0
stats: {cpu,"tsung_controller@ip-172-31-43-86"} 1 5.484416270470153 0 5.484416270470153 5.484416270470153 0 0
stats: {load,"tsung_controller@ip-172-31-43-86"} 1 0.0703125 0 0.0703125 0.0703125 0 0
stats: users_count 15 15
stats: finish_users_count 0 0
stats: request 44 117.26922727272728 138.93777402015488 442.612 8.084 0 0
stats: connect 15 1.8780666666666666 1.2133185603496257 5.901 1.237 0 0
stats: page 44 117.26922727272728 138.93777402015488 442.612 8.084 0 0
stats: 302 15 15
stats: 200 29 29
stats: size_rcv 263956 263956
stats: newphase 1 1
stats: size_sent 22415 22415
stats: connected 15 15
# stats: dump at 1733510237
stats: users 52 53
stats: {freemem,"tsung_controller@ip-172-31-43-86"} 1 684.69140625 0.0 686.78125 684.69140625 686.78125 1
stats: {cpu,"tsung_controller@ip-172-31-43-86"} 1 0.250501002004008 0.0 5.484416270470153 0.250501002004008 5.484416270470153 1
stats: {load,"tsung_controller@ip-172-31-43-86"} 1 0.05859375 0.0 0.0703125 0.05859375 0.0703125 1
stats: session 8 10730.384125 1703.2320327010232 13238.251 8227.497 0 0
stats: users_count 45 60
stats: finish_users_count 8 8
stats: request 173 118.49343352601157 170.60468923588962 646.465 4.253 117.26922727272728 44
stats: connect 41 1.6151951219512195 1.0575154319236635 7.676 0.951 1.8780666666666666 15
stats: page 173 118.49343352601157 170.60468923588962 646.465 4.253 117.26922727272728 44
stats: 302 64 79
stats: 200 109 138
stats: size_rcv 1060354 1324310
stats: newphase 2 3
stats: size_sent 96210 118625
stats: connected 34 49
# stats: dump at 1733510247
stats: users 238 238
stats: {freemem,"tsung_controller@ip-172-31-43-86"} 1 667.14453125 0.0 686.78125 667.14453125 685.736328125 2
stats: {cpu,"tsung_controller@ip-172-31-43-86"} 1 0.7021063189568706 0.0 5.484416270470153 0.250501002004008 2.867458636237081 2
stats: {load,"tsung_controller@ip-172-31-43-86"} 1 0.05078125 0.0 0.0703125 0.05078125 0.064453125 2
stats: session 13 13292.316769230772 3482.105488564379 20061.279 8227.497 10730.384125 8
stats: users_count 199 259
stats: finish_users_count 13 21
stats: request 236 884.344559322034 1452.997289996933 7586.629 4.253 118.2452073732719 217
stats: connect 190 1.4986684210526307 1.2104516819212274 16.385 0.896 1.6856071428571429 56
stats: page 236 884.344559322034 1452.997289996933 7586.629 4.253 118.2452073732719 217
stats: 302 64 143
stats: 200 172 310
stats: size_rcv 1475273 2799583
stats: newphase 2 5
stats: size_sent 181077 299702
stats: connected 176 225
# stats: dump at 1733510257
stats: users 1007 1007
stats: {freemem,"tsung_controller@ip-172-31-43-86"} 1 639.66015625 0.0 686.78125 639.66015625 679.5390625 3
stats: {cpu,"tsung_controller@ip-172-31-43-86"} 1 1.1083123425692696 0.0 5.484416270470153 0.250501002004008 2.145674530477011 3
stats: {load,"tsung_controller@ip-172-31-43-86"} 1 0.0390625 0.0 0.0703125 0.0390625 0.059895833333333336 3
stats: session 1 16632.005 0.0 20061.279 8227.497 12316.342428571432 21
stats: users_count 770 1029
stats: finish_users_count 1 22
stats: connect 734 1.46333514986376 0.8319271589245735 16.385 0.871 1.5412235772357716 246
stats: 302 74 217
stats: request 285 6599.268571929822 2216.8322584440903 12334.919 4.253 517.3609845474614 453
stats: 200 211 521
stats: page 285 6599.268571929822 2216.8322584440903 12334.919 4.253 517.3609845474614 453
stats: size_rcv 1624981 4424564
stats: newphase 2 7
stats: size_sent 235623 535325
stats: connected 733 958
# stats: dump at 1733510267
stats: users 4219 4219
stats: {freemem,"tsung_controller@ip-172-31-43-86"} 1 573.2421875 0.0 686.78125 573.2421875 669.5693359375 4
stats: {cpu,"tsung_controller@ip-172-31-43-86"} 1 4.614604462474645 0.0 5.484416270470153 0.250501002004008 1.8863339835000754 4
stats: {load,"tsung_controller@ip-172-31-43-86"} 1 0.03125 0.0 0.0703125 0.03125 0.0546875 4
stats: session 68 11752.110441176468 10280.835647325464 41716.446 395.393 12512.508909090911 22
stats: users_count 3280 4309
stats: finish_users_count 68 90
stats: request 8667 386.4789916926269 2084.8570418149034 17470.219 1.194 2866.0651341463404 738
stats: page 8667 386.4789916926269 2084.8570418149034 17470.219 1.194 2866.0651341463404 738
stats: 302 55 272
stats: connect 8846 1.4389987565001174 0.9781083232648912 19.286 0.65 1.4828867346938772 980
stats: error_send_einval 22 22
stats: 200 244 765
stats: size_rcv 1821470 6246034
stats: newphase 2 9
stats: size_sent 1665538 2200863
stats: connected 64 1022
stats: error_connection_closed 35 35
# stats: dump at 1733510277
stats: users 2927 4852
stats: {freemem,"tsung_controller@ip-172-31-43-86"} 1 378.48046875 0.0 686.78125 378.48046875 650.30390625 5
stats: {cpu,"tsung_controller@ip-172-31-43-86"} 1 35.61643835616438 0.0 35.61643835616438 0.250501002004008 2.4319880792949897 5
stats: {load,"tsung_controller@ip-172-31-43-86"} 1 0.1015625 0.0 0.1015625 0.03125 0.05 5
stats: session 1984 8665.325291834683 6701.1841108364515 45844.155 94.718 11937.985622222219 90
stats: users_count 692 5001
stats: finish_users_count 1984 2074
stats: request 12499 437.40531986559023 2888.1717916814787 24192.414 1.194 581.0493875598082 9405
stats: connect 18171 7.581174398767325 10.634076291485332 51.279 0.65 1.443375941380016 9826
stats: page 12499 437.40531986559023 2888.1717916814787 24192.414 1.194 581.0493875598082 9405
stats: 302 56 328
stats: error_send_einval 77 99
stats: 200 226 991
stats: size_rcv 1683165 7929199
stats: newphase 0 9
stats: size_sent 2494836 4695699
stats: connected 0 1022
stats: error_connection_closed 4315 4350
stats: error_abort_max_send_retries 1280 1280
# stats: dump at 1733510287
stats: users 1810 4852
stats: {freemem,"tsung_controller@ip-172-31-43-86"} 1 325.04296875 0.0 686.78125 325.04296875 605.0 6
stats: {cpu,"tsung_controller@ip-172-31-43-86"} 1 44.43800695249131 0.0 44.43800695249131 0.250501002004008 7.962729792106555 6
stats: {load,"tsung_controller@ip-172-31-43-86"} 1 0.390625 0.0 0.390625 0.03125 0.05859375 6
stats: session 1117 18788.886675022397 6620.471838453926 55645.395 94.718 8807.340445998077 2074
stats: users_count 0 5001
stats: finish_users_count 1117 3191
stats: request 6721 1488.8614201755674 5930.474180890707 31657.57 1.194 499.0822946950332 21904
stats: page 6721 1488.8614201755674 5930.474180890707 31657.57 1.194 499.0822946950332 21904
stats: 302 42 370
stats: error_send_einval 1 100
stats: 200 358 1349
stats: size_rcv 2543189 10472388
stats: newphase 0 9
stats: size_sent 2018613 6714312
stats: connected 0 1022
stats: error_connection_closed 10 4360
stats: error_abort_max_send_retries 1 1281
stats: connect 6730 1.5024872213967462 1.609846537562627 51.279 0.65 5.427014751580566 27997
# stats: dump at 1733510297
stats: users 1377 4852
stats: {freemem,"tsung_controller@ip-172-31-43-86"} 1 312.828125 0.0 686.78125 312.828125 565.0061383928571 7
stats: {cpu,"tsung_controller@ip-172-31-43-86"} 1 13.623354321694334 0.0 44.43800695249131 0.250501002004008 13.17348367216152 7
stats: {load,"tsung_controller@ip-172-31-43-86"} 1 0.48828125 0.0 0.48828125 0.03125 0.10602678571428571 7
stats: session 433 31709.94329792145 8333.958449866375 63139.565 94.718 12301.350830774061 3191
stats: users_count 0 5001
stats: finish_users_count 433 3624
stats: request 2584 2602.4067945046527 8835.868373571686 39180.656 1.194 731.477246742358 28625
stats: connect 2591 1.4448197607101514 0.9837651929080455 51.279 0.65 4.666451781034963 34727
stats: page 2584 2602.4067945046527 8835.868373571686 39180.656 1.194 731.477246742358 28625
stats: 302 106 476
stats: error_send_einval 10 110
stats: 200 101 1450
stats: size_rcv 792764 11265152
stats: newphase 0 9
stats: size_sent 1199863 7914175
stats: connected -1 1021
stats: error_connection_closed 2 4362
stats: error_abort_max_send_retries 0 1281
# stats: dump at 1733510307
stats: users 1189 4852
stats: {freemem,"tsung_controller@ip-172-31-43-86"} 1 309.33984375 0.0 686.78125 309.33984375 533.48388671875 8
stats: {cpu,"tsung_controller@ip-172-31-43-86"} 1 8.354822073233626 0.0 44.43800695249131 0.250501002004008 13.229717503353122 8
stats: {load,"tsung_controller@ip-172-31-43-86"} 1 0.41015625 0.0 0.48828125 0.03125 0.15380859375 8
stats: session 188 42150.54748936171 6536.695222181692 66898.527 94.718 14620.313451710821 3624
stats: users_count 0 5001
stats: finish_users_count 188 3812
stats: request 1332 11629.190243993991 15272.560817586984 42305.613 1.194 886.3839067256247 31209
stats: connect 1359 2.1022362030905115 2.007450448528098 51.279 0.65 4.442772897797341 37318
stats: page 1332 11629.190243993991 15272.560817586984 42305.613 1.194 886.3839067256247 31209
stats: 302 452 928
stats: error_send_einval 37 147
stats: 200 45 1495
stats: size_rcv 611751 11876903
stats: newphase 0 9
stats: size_sent 589507 8503682
stats: connected -22 999
stats: error_connection_closed 15 4377
stats: error_abort_max_send_retries 1 1282
# stats: dump at 1733510317
stats: users 1061 4852
stats: {freemem,"tsung_controller@ip-172-31-43-86"} 1 311.5625 0.0 686.78125 309.33984375 508.57899305555554 9
stats: {cpu,"tsung_controller@ip-172-31-43-86"} 1 6.748768472906404 0.0 44.43800695249131 0.250501002004008 12.688062455562067 9
stats: {load,"tsung_controller@ip-172-31-43-86"} 1 0.421875 0.0 0.48828125 0.03125 0.18229166666666666 9
stats: session 128 51982.93490624999 8202.832855712952 77944.752 94.718 15978.047974029387 3812
stats: users_count 0 5001
stats: finish_users_count 128 3940
stats: connect 677 1.4766469719350064 0.7582539928126882 51.279 0.65 4.360533081676479 38677
stats: page 771 20816.738988326815 7977.442080910568 43668.003 1.194 1326.1189499400762 32541
stats: request 771 20816.738988326815 7977.442080910568 43668.003 1.194 1326.1189499400762 32541
stats: 302 701 1629
stats: error_send_einval 0 147
stats: 200 54 1549
stats: size_rcv 1102675 12979578
stats: newphase 0 9
stats: size_sent 286215 8789897
stats: connected -24 975
stats: error_connection_closed 0 4377
stats: error_abort_max_send_retries 0 1282
# stats: dump at 1733510327
stats: users 766 4852
stats: {freemem,"tsung_controller@ip-172-31-43-86"} 1 327.99609375 0.0 686.78125 309.33984375 488.87734375 10
stats: {cpu,"tsung_controller@ip-172-31-43-86"} 1 7.110438729198185 0.0 44.43800695249131 0.250501002004008 12.0941330572965 10
stats: {load,"tsung_controller@ip-172-31-43-86"} 1 0.44140625 0.0 0.48828125 0.03125 0.20625 10
stats: session 295 61285.28725084741 7035.177713613851 85095.652 94.718 17147.749884517772 3940
stats: users_count 0 5001
stats: finish_users_count 295 4235
stats: connect 122 1.5730245901639353 0.9910958040663614 51.279 0.65 4.310922091782314 39354
stats: page 1497 8907.509540414163 4222.600869355185 43668.003 1.194 1777.2256997478382 33312
stats: request 1497 8907.509540414163 4222.600869355185 43668.003 1.194 1777.2256997478382 33312
stats: 302 1291 2920
stats: error_send_einval 0 147
stats: 200 206 1755
stats: size_rcv 3112123 16091701
stats: newphase 0 9
stats: size_sent 469978 9259875
stats: connected -208 767
stats: error_connection_closed 0 4377
stats: error_abort_max_send_retries 0 1282
# stats: dump at 1733510337
stats: users 238 4852
stats: {freemem,"tsung_controller@ip-172-31-43-86"} 1 342.12890625 0.0 686.78125 309.33984375 474.2517755681818 11
stats: {cpu,"tsung_controller@ip-172-31-43-86"} 1 5.032712632108707 0.0 44.43800695249131 0.250501002004008 11.64106993656029 11
stats: {load,"tsung_controller@ip-172-31-43-86"} 1 0.51953125 0.0 0.51953125 0.03125 0.2276278409090909 11
stats: session 528 72605.94611742425 7947.960472802155 97115.541 94.718 20222.26547438017 4235
stats: users_count 0 5001
stats: finish_users_count 528 4763
stats: page 1717 2283.5594641817124 1283.5306552297034 43668.003 1.194 2083.8715358671607 34809
stats: request 1717 2283.5594641817124 1283.5306552297034 43668.003 1.194 2083.8715358671607 34809
stats: connect 6 1.9326666666666668 1.525941421622148 51.279 0.65 4.302460659641332 39476
stats: 302 1422 4342
stats: error_send_einval 0 147
stats: 200 295 2050
stats: size_rcv 4242536 20334237
stats: newphase 0 9
stats: size_sent 635055 9894930
stats: connected -516 251
stats: error_connection_closed 0 4377
stats: error_abort_max_send_retries 0 1282
# stats: dump at 1733510347
stats: users 30 4852
stats: {freemem,"tsung_controller@ip-172-31-43-86"} 1 419.75390625 0.0 686.78125 309.33984375 463.2415364583333 12
stats: {cpu,"tsung_controller@ip-172-31-43-86"} 1 3.701825557809331 0.0 44.43800695249131 0.250501002004008 11.090373494522659 12
stats: {load,"tsung_controller@ip-172-31-43-86"} 1 0.44140625 0.0 0.51953125 0.03125 0.251953125 12
stats: session 208 82819.09607692309 6978.65004763954 103974.733 94.718 26029.232381692214 4763
stats: users_count 0 5001
stats: finish_users_count 208 4971
stats: request 634 422.2324164037857 750.2562654418075 43668.003 1.194 2093.2583883261236 36526
stats: page 634 422.2324164037857 750.2562654418075 43668.003 1.194 2093.2583883261236 36526
stats: connect 0 0 0 51.279 0.65 4.30210052682238 39482
stats: 302 416 4758
stats: error_send_einval 0 147
stats: 200 218 2268
stats: size_rcv 2902708 23236945
stats: newphase 0 9
stats: size_sent 391801 10286731
stats: connected -219 32
stats: error_connection_closed 0 4377
stats: error_abort_max_send_retries 0 1282
# stats: dump at 1733510357
stats: users 4 4852
stats: {freemem,"tsung_controller@ip-172-31-43-86"} 1 588.734375 0.0 686.78125 309.33984375 459.89633413461536 13
stats: {cpu,"tsung_controller@ip-172-31-43-86"} 1 1.954887218045113 0.0 44.43800695249131 0.250501002004008 10.522023653237019 13
stats: {load,"tsung_controller@ip-172-31-43-86"} 1 0.37109375 0.0 0.51953125 0.03125 0.2665264423076923 13
stats: session 26 88356.8896923077 6654.691943392121 108083.176 94.718 28405.472906457457 4971
stats: users_count 0 5001
stats: finish_users_count 26 4997
stats: request 66 28.65850000000001 33.40541941845256 43668.003 1.194 2064.748418837459 37160
stats: connect 0 0 0 51.279 0.65 4.30210052682238 39482
stats: 302 47 4805
stats: page 66 28.65850000000001 33.40541941845256 43668.003 1.194 2064.748418837459 37160
stats: error_send_einval 0 147
stats: 200 19 2287
stats: size_rcv 267600 23504545
stats: newphase 0 9
stats: size_sent 45514 10332245
stats: connected -28 4
stats: error_connection_closed 0 4377
stats: error_abort_max_send_retries 0 1282
# stats: dump at 1733510367
stats: users 0 4852
stats: {freemem,"tsung_controller@ip-172-31-43-86"} 1 600.98828125 0.0 686.78125 309.33984375 469.0990513392857 14
stats: {cpu,"tsung_controller@ip-172-31-43-86"} 1 0.2001000500250125 0.0 44.43800695249131 0.2001000500250125 9.910085336437598 14
stats: {load,"tsung_controller@ip-172-31-43-86"} 1 0.30859375 0.0 0.51953125 0.03125 0.2739955357142857 14
stats: session 4 102305.52849999999 5752.758450319314 110704.86 94.718 28717.40743446068 4997
stats: users_count 0 5001
stats: finish_users_count 4 5001
stats: request 9 18.026888888888887 27.301805631962004 43668.003 1.194 2061.138524284102 37226
stats: page 9 18.026888888888887 27.301805631962004 43668.003 1.194 2061.138524284102 37226
stats: connect 0 0 0 51.279 0.65 4.30210052682238 39482
stats: 302 8 4813
stats: error_send_einval 0 147
stats: 200 1 2288
stats: size_rcv 19212 23523757
stats: newphase 0 9
stats: size_sent 4998 10337243
stats: connected -4 0
stats: error_connection_closed 0 4377
stats: error_abort_max_send_retries 0 1282
# stats: dump at 1733510369
stats: users 0 4852
stats: {freemem,"tsung_controller@ip-172-31-43-86"} 1 603.6484375 0.0 686.78125 309.33984375 477.89166666666665 15
stats: {cpu,"tsung_controller@ip-172-31-43-86"} 1 0.050050050050050046 0.0 44.43800695249131 0.050050050050050046 9.262752984010092 15
stats: {load,"tsung_controller@ip-172-31-43-86"} 1 0.26171875 0.0 0.51953125 0.03125 0.27630208333333334 15
stats: session 0 0 0 110704.86 94.718 28776.266159568087 5001
stats: users_count 0 5001
stats: finish_users_count 0 5001
stats: request 0 0 0 43668.003 1.194 2060.6446877131725 37235
stats: connect 0 0 0 51.279 0.65 4.30210052682238 39482
stats: page 0 0 0 43668.003 1.194 2060.6446877131725 37235
stats: 302 0 4813
stats: error_send_einval 0 147
stats: 200 0 2288
stats: size_rcv 0 23523757
stats: newphase 0 9
stats: size_sent 0 10337243
stats: connected 0 0
stats: error_connection_closed 0 4377
stats: error_abort_max_send_retries 0 1282
EndMonitor:{1733,510369,758335}
