# stats: dump at 1733297145
stats: users 15 15
stats: {cpu,"tsung_controller@ip-172-31-44-72"} 1 0.9106217565616307 0 0.9106217565616307 0.9106217565616307 0 0
stats: {load,"tsung_controller@ip-172-31-44-72"} 1 0.21875 0 0.21875 0.21875 0 0
stats: {freemem,"tsung_controller@ip-172-31-44-72"} 1 660.0625 0 660.0625 660.0625 0 0
stats: users_count 15 15
stats: finish_users_count 0 0
stats: request 28 115.32153571428572 160.82048606898005 420.219 7.39 0 0
stats: connect 12 1.8437499999999991 2.046034828841712 8.38 0.859 0 0
stats: page 28 115.32153571428572 160.82048606898005 420.219 7.39 0 0
stats: 302 8 8
stats: 200 20 20
stats: size_rcv 96680 96680
stats: newphase 1 1
stats: size_sent 11370 11370
stats: connected 12 12
# stats: dump at 1733297155
stats: users 58 58
stats: {cpu,"tsung_controller@ip-172-31-44-72"} 1 1.543824701195219 0.0 1.543824701195219 0.9106217565616307 0.9106217565616307 1
stats: {load,"tsung_controller@ip-172-31-44-72"} 1 0.1796875 0.0 0.21875 0.1796875 0.21875 1
stats: {freemem,"tsung_controller@ip-172-31-44-72"} 1 654.890625 0.0 660.0625 654.890625 660.0625 1
stats: session 9 9469.690555555555 3915.053418510521 15397.788 4456.215 0 0
stats: users_count 52 67
stats: finish_users_count 9 9
stats: request 163 146.85303067484676 288.0409011803115 1453.771 4.169 115.32153571428572 28
stats: connect 48 1.3046874999999998 0.8348316735588577 8.38 0.778 1.8437499999999991 12
stats: page 163 146.85303067484676 288.0409011803115 1453.771 4.169 115.32153571428572 28
stats: 302 55 63
stats: 200 108 128
stats: size_rcv 565470 662150
stats: newphase 2 3
stats: size_sent 89567 100937
stats: connected 39 51
# stats: dump at 1733297165
stats: users 241 241
stats: {cpu,"tsung_controller@ip-172-31-44-72"} 1 1.8334985133795838 0.0 1.8334985133795838 0.9106217565616307 1.2272232288784248 2
stats: {load,"tsung_controller@ip-172-31-44-72"} 1 0.16015625 0.0 0.21875 0.16015625 0.19921875 2
stats: {freemem,"tsung_controller@ip-172-31-44-72"} 1 642.7109375 0.0 660.0625 642.7109375 657.4765625 2
stats: session 13 12175.684692307694 3299.6750674829373 19191.651 4456.215 9469.690555555555 9
stats: users_count 196 263
stats: finish_users_count 13 22
stats: request 211 764.1935734597154 1383.6069831877112 7878.129 4.169 142.23061256544514 191
stats: connect 194 2.0683969072164965 2.3390931744048022 15.431 0.751 1.4124999999999994 60
stats: page 211 764.1935734597154 1383.6069831877112 7878.129 4.169 142.23061256544514 191
stats: 302 55 118
stats: 200 156 284
stats: size_rcv 772755 1434905
stats: newphase 2 5
stats: size_sent 167460 268397
stats: connected 181 232
# stats: dump at 1733297175
stats: users 1071 1071
stats: {cpu,"tsung_controller@ip-172-31-44-72"} 1 6.256062075654705 0.0 6.256062075654705 0.9106217565616307 1.429314990378811 3
stats: {load,"tsung_controller@ip-172-31-44-72"} 1 0.37109375 0.0 0.37109375 0.16015625 0.18619791666666666 3
stats: {freemem,"tsung_controller@ip-172-31-44-72"} 1 631.83984375 0.0 660.0625 631.83984375 652.5546875 3
stats: session 8 20172.496874999997 3170.1268909228797 26283.595 4456.215 11068.687090909092 22
stats: users_count 838 1101
stats: finish_users_count 8 30
stats: connect 795 1.5157949685534597 1.5605278382850893 21.026 0.497 1.9134606299212613 254
stats: page 381 7140.2855590551135 1910.7762389045706 12699.456 4.169 468.6838084577114 402
stats: request 381 7140.2855590551135 1910.7762389045706 12699.456 4.169 468.6838084577114 402
stats: 302 82 200
stats: 200 299 583
stats: size_rcv 1399696 2834601
stats: newphase 2 7
stats: size_sent 243855 512252
stats: connected 788 1020
# stats: dump at 1733297185
stats: users 2827 3194
stats: {cpu,"tsung_controller@ip-172-31-44-72"} 1 12.511671335200747 0.0 12.511671335200747 0.9106217565616307 2.636001761697784 4
stats: {load,"tsung_controller@ip-172-31-44-72"} 1 0.46875 0.0 0.46875 0.16015625 0.232421875 4
stats: {freemem,"tsung_controller@ip-172-31-44-72"} 1 568.21875 0.0 660.0625 568.21875 647.3759765625 4
stats: session 1098 4446.147233151175 5812.847064894172 34680.136 47.203 13496.369700000001 30
stats: users_count 2854 3955
stats: finish_users_count 1098 1128
stats: connect 11361 3.6387331220843366 5.710917398008384 54.571 0.311 1.6120838894184948 1049
stats: 302 44 244
stats: error_send_einval 333 333
stats: request 6371 430.27520420656265 2094.3365633847493 17552.638 0.509 3715.0187598978264 783
stats: 200 240 823
stats: size_rcv 1071855 3906456
stats: page 6371 430.27520420656265 2094.3365633847493 17552.638 0.509 3715.0187598978264 783
stats: newphase 2 9
stats: size_sent 1218755 1731007
stats: connected 5 1025
stats: error_connection_closed 3566 3566
stats: error_abort_max_send_retries 970 970
# stats: dump at 1733297195
stats: users 1931 3194
stats: {cpu,"tsung_controller@ip-172-31-44-72"} 1 57.0448307410796 0.0 57.0448307410796 0.9106217565616307 4.611135676398376 5
stats: {load,"tsung_controller@ip-172-31-44-72"} 1 0.69921875 0.0 0.69921875 0.16015625 0.2796875 5
stats: {freemem,"tsung_controller@ip-172-31-44-72"} 1 464.78515625 0.0 660.0625 464.78515625 631.54453125 5
stats: session 1238 8402.107981421654 7494.274138783999 46106.612 46.861 4686.844639184388 1128
stats: users_count 342 4297
stats: finish_users_count 1238 2366
stats: request 5830 1016.0738540308736 4086.1116689553082 22565.307 0.509 789.7879528934873 7154
stats: connect 9266 2.9164974098856065 4.07167253388934 54.571 0.278 3.467423287671245 12410
stats: page 5830 1016.0738540308736 4086.1116689553082 22565.307 0.509 789.7879528934873 7154
stats: 302 56 300
stats: error_send_einval 313 646
stats: 200 287 1110
stats: size_rcv 1284809 5191265
stats: newphase 0 9
stats: size_sent 1334879 3065886
stats: connected -3 1022
stats: error_connection_closed 2412 5978
stats: error_abort_max_send_retries 715 1685
# stats: dump at 1733297205
stats: users 1355 3194
stats: {cpu,"tsung_controller@ip-172-31-44-72"} 1 33.495360141405214 0.0 57.0448307410796 0.9106217565616307 13.350084853845246 6
stats: {load,"tsung_controller@ip-172-31-44-72"} 1 0.75 0.0 0.75 0.16015625 0.349609375 6
stats: {freemem,"tsung_controller@ip-172-31-44-72"} 1 451.50390625 0.0 660.0625 451.50390625 603.7513020833334 6
stats: session 576 20828.185199652784 7675.745678747381 50991.214 46.861 6630.8412654268795 2366
stats: users_count 0 4297
stats: finish_users_count 576 2942
stats: request 2613 2411.6254894757017 7578.82565695951 31105.084 0.509 891.39352926679 12984
stats: page 2613 2411.6254894757017 7578.82565695951 31105.084 0.509 891.39352926679 12984
stats: 302 63 363
stats: connect 2736 1.4368453947368471 1.4243730940704518 54.571 0.278 3.23191492895369 21676
stats: error_send_einval 62 708
stats: 200 179 1289
stats: size_rcv 846512 6037777
stats: newphase 0 9
stats: size_sent 948977 4014863
stats: connected 0 1022
stats: error_connection_closed 59 6037
stats: error_abort_max_send_retries 3 1688
# stats: dump at 1733297215
stats: users 1186 3194
stats: {cpu,"tsung_controller@ip-172-31-44-72"} 1 17.4370709382151 0.0 57.0448307410796 0.9106217565616307 16.22798132349667 7
stats: {load,"tsung_controller@ip-172-31-44-72"} 1 0.62890625 0.0 0.75 0.16015625 0.4068080357142857 7
stats: {freemem,"tsung_controller@ip-172-31-44-72"} 1 448.93359375 0.0 660.0625 448.93359375 582.0016741071429 7
stats: session 169 34330.70575739645 8251.953072166429 58715.085 46.861 9410.470805234534 2942
stats: users_count 0 4297
stats: finish_users_count 169 3111
stats: page 1134 5716.932217813061 12939.21107462008 39775.559 0.509 1146.081361030968 15597
stats: 302 63 426
stats: request 1134 5716.932217813061 12939.21107462008 39775.559 0.509 1146.081361030968 15597
stats: connect 1144 1.3679248251748268 2.5161485000033346 54.571 0.278 3.030730665246608 24412
stats: error_send_einval 14 722
stats: 200 123 1412
stats: size_rcv 607654 6645431
stats: newphase 0 9
stats: size_sent 593580 4608443
stats: connected -2 1020
stats: error_connection_closed 7 6044
stats: error_abort_max_send_retries 0 1688
# stats: dump at 1733297225
stats: users 1123 3194
stats: {cpu,"tsung_controller@ip-172-31-44-72"} 1 9.528392685274301 0.0 57.0448307410796 0.9106217565616307 16.379117525336476 8
stats: {load,"tsung_controller@ip-172-31-44-72"} 1 0.609375 0.0 0.75 0.16015625 0.4345703125 8
stats: {freemem,"tsung_controller@ip-172-31-44-72"} 1 451.11328125 0.0 660.0625 448.93359375 565.3681640625 8
stats: session 63 48490.99533333334 5966.724823157544 61969.264 46.861 10764.221916425586 3111
stats: users_count 0 4297
stats: finish_users_count 63 3174
stats: connect 592 1.4651908783783794 1.3147613077420994 54.571 0.278 2.9562960948505324 25556
stats: request 594 12877.414094276084 19208.4838442161 48507.225 0.509 1455.8862066224385 16731
stats: page 594 12877.414094276084 19208.4838442161 48507.225 0.509 1455.8862066224385 16731
stats: 302 111 537
stats: error_send_einval 5 727
stats: 200 74 1486
stats: size_rcv 419644 7065075
stats: newphase 0 9
stats: size_sent 340515 4948958
stats: connected -5 1015
stats: error_connection_closed 3 6047
stats: error_abort_max_send_retries 0 1688
# stats: dump at 1733297235
stats: users 1062 3194
stats: {cpu,"tsung_controller@ip-172-31-44-72"} 1 5.782312925170068 0.0 57.0448307410796 0.9106217565616307 15.617925876440678 9
stats: {load,"tsung_controller@ip-172-31-44-72"} 1 0.51953125 0.0 0.75 0.16015625 0.4539930555555556 9
stats: {freemem,"tsung_controller@ip-172-31-44-72"} 1 450.81640625 0.0 660.0625 448.93359375 552.6731770833334 9
stats: session 61 53669.848491803285 5655.368916540793 75622.425 46.861 11513.052012602395 3174
stats: users_count 0 4297
stats: finish_users_count 61 3235
stats: request 464 28444.920564655167 21383.99228992785 52170.853 0.509 1847.4814484848494 17325
stats: 302 280 817
stats: connect 395 1.371356962025318 1.0669979946932322 54.571 0.278 2.922536943552096 26148
stats: error_send_einval 4 731
stats: 200 18 1504
stats: page 464 28444.920564655167 21383.99228992785 52170.853 0.509 1847.4814484848494 17325
stats: size_rcv 260828 7325903
stats: newphase 0 9
stats: size_sent 167556 5116514
stats: connected -34 981
stats: error_connection_closed 0 6047
stats: error_abort_max_send_retries 1 1689
# stats: dump at 1733297245
stats: users 963 3194
stats: {cpu,"tsung_controller@ip-172-31-44-72"} 1 5.669599217986314 0.0 57.0448307410796 0.9106217565616307 14.634364581313616 10
stats: {load,"tsung_controller@ip-172-31-44-72"} 1 0.51171875 0.0 0.75 0.16015625 0.460546875 10
stats: {freemem,"tsung_controller@ip-172-31-44-72"} 1 451.16796875 0.0 660.0625 448.93359375 542.4875 10
stats: session 99 60627.977353535345 9119.987487702638 96652.025 46.861 12307.971513446677 3235
stats: users_count 0 4297
stats: finish_users_count 99 3334
stats: 302 446 1263
stats: request 508 36843.13906299209 6420.984709123825 54600.846 0.509 2541.2366764292547 17789
stats: error_send_einval 0 731
stats: 200 62 1566
stats: connect 103 1.1996504854368928 0.6229118080097831 54.571 0.278 2.8994530384658934 26543
stats: size_rcv 731036 8056939
stats: newphase 0 9
stats: page 508 36843.13906299209 6420.984709123825 54600.846 0.509 2541.2366764292547 17789
stats: size_sent 204644 5321158
stats: connected -25 956
stats: error_connection_closed 0 6047
stats: error_abort_max_send_retries 0 1689
# stats: dump at 1733297255
stats: users 876 3194
stats: {cpu,"tsung_controller@ip-172-31-44-72"} 1 4.362745098039215 0.0 57.0448307410796 0.9106217565616307 13.819385911920223 11
stats: {load,"tsung_controller@ip-172-31-44-72"} 1 0.4296875 0.0 0.75 0.16015625 0.46519886363636365 11
stats: {freemem,"tsung_controller@ip-172-31-44-72"} 1 446.953125 0.0 660.0625 446.953125 534.1857244318181 11
stats: session 87 76556.21519540236 7426.977714066005 100709.185 46.861 13742.788723455309 3334
stats: users_count 0 4297
stats: finish_users_count 87 3421
stats: page 528 24588.983530303067 7595.165025082591 54600.846 0.509 3493.5986162212384 18297
stats: 302 420 1683
stats: request 528 24588.983530303067 7595.165025082591 54600.846 0.509 3493.5986162212384 18297
stats: error_send_einval 0 731
stats: 200 108 1674
stats: connect 6 0.9366666666666666 0.10939022909849959 54.571 0.278 2.8928824589056594 26646
stats: size_rcv 894164 8951103
stats: newphase 0 9
stats: size_sent 186807 5507965
stats: connected -74 882
stats: error_connection_closed 0 6047
stats: error_abort_max_send_retries 0 1689
# stats: dump at 1733297265
stats: users 278 3194
stats: {cpu,"tsung_controller@ip-172-31-44-72"} 1 3.70004933399112 0.0 57.0448307410796 0.9106217565616307 13.031332510763475 12
stats: {load,"tsung_controller@ip-172-31-44-72"} 1 0.359375 0.0 0.75 0.16015625 0.4622395833333333 12
stats: {freemem,"tsung_controller@ip-172-31-44-72"} 1 436.9921875 0.0 660.0625 436.9921875 526.9163411458333 12
stats: session 598 85498.93558026754 7559.154874135138 108281.09 46.861 15340.207052323884 3421
stats: users_count 0 4297
stats: finish_users_count 598 4019
stats: connect 1 3.99 0.0 54.571 0.278 2.892442068137483 26652
stats: page 1959 6012.485115875451 6687.603355428982 54600.846 0.509 4085.277938114211 18825
stats: request 1959 6012.485115875451 6687.603355428982 54600.846 0.509 4085.277938114211 18825
stats: 302 1418 3101
stats: error_send_einval 0 731
stats: 200 541 2215
stats: size_rcv 5663887 14614990
stats: newphase 0 9
stats: size_sent 695593 6203558
stats: connected -585 297
stats: error_connection_closed 0 6047
stats: error_abort_max_send_retries 0 1689
# stats: dump at 1733297275
stats: users 18 3194
stats: {cpu,"tsung_controller@ip-172-31-44-72"} 1 11.22592766557069 0.0 57.0448307410796 0.9106217565616307 12.313541497165602 13
stats: {load,"tsung_controller@ip-172-31-44-72"} 1 0.390625 0.0 0.75 0.16015625 0.4543269230769231 13
stats: {freemem,"tsung_controller@ip-172-31-44-72"} 1 410.328125 0.0 660.0625 410.328125 519.9990985576923 13
stats: session 260 91749.24144230764 6501.359415622992 108281.09 46.861 25779.351033341627 4019
stats: users_count 0 4297
stats: finish_users_count 260 4279
stats: request 602 25.721352159468502 41.47292655482809 54600.846 0.509 4266.927228974212 20784
stats: page 602 25.721352159468502 41.47292655482809 54600.846 0.509 4266.927228974212 20784
stats: 302 422 3523
stats: error_send_einval 0 731
stats: 200 180 2395
stats: size_rcv 1478290 16093280
stats: newphase 0 9
stats: size_sent 399675 6603233
stats: connected -276 21
stats: error_connection_closed 0 6047
stats: error_abort_max_send_retries 0 1689
stats: connect 0 0 0 54.571 0.278 2.8924832476644355 26653
# stats: dump at 1733297285
stats: users 0 3194
stats: {cpu,"tsung_controller@ip-172-31-44-72"} 1 3.5096391497775583 0.0 57.0448307410796 0.9106217565616307 12.235854794908821 14
stats: {load,"tsung_controller@ip-172-31-44-72"} 1 0.328125 0.0 0.75 0.16015625 0.4497767857142857 14
stats: {freemem,"tsung_controller@ip-172-31-44-72"} 1 503.75 0.0 660.0625 410.328125 512.1654575892857 14
stats: session 18 100193.30700000003 5933.9402989751015 108637.286 46.861 29787.80429492872 4279
stats: users_count 0 4297
stats: finish_users_count 18 4297
stats: page 43 7.345604651162792 3.560641411642564 54600.846 0.509 4147.5404367810725 21386
stats: request 43 7.345604651162792 3.560641411642564 54600.846 0.509 4147.5404367810725 21386
stats: connect 0 0 0 54.571 0.278 2.8924832476644355 26653
stats: 302 30 3553
stats: error_send_einval 0 731
stats: 200 13 2408
stats: size_rcv 85157 16178437
stats: newphase 0 9
stats: size_sent 29778 6633011
stats: connected -21 0
stats: error_connection_closed 0 6047
stats: error_abort_max_send_retries 0 1689
# stats: dump at 1733297286
stats: users 0 3194
stats: {cpu,"tsung_controller@ip-172-31-44-72"} 1 0.4491017964071856 0.0 57.0448307410796 0.4491017964071856 11.654107085233404 15
stats: {load,"tsung_controller@ip-172-31-44-72"} 1 0.28125 0.0 0.75 0.16015625 0.44166666666666665 15
stats: {freemem,"tsung_controller@ip-172-31-44-72"} 1 517.84375 0.0 660.0625 410.328125 511.6044270833333 15
stats: session 0 0 0 108637.286 46.861 30082.730766581335 4297
stats: users_count 0 4297
stats: finish_users_count 0 4297
stats: request 0 0 0 54600.846 0.509 4139.232611974428 21429
stats: connect 0 0 0 54.571 0.278 2.8924832476644355 26653
stats: page 0 0 0 54600.846 0.509 4139.232611974428 21429
stats: 302 0 3553
stats: error_send_einval 0 731
stats: 200 0 2408
stats: size_rcv 0 16178437
stats: newphase 0 9
stats: size_sent 0 6633011
stats: connected 0 0
stats: error_connection_closed 0 6047
stats: error_abort_max_send_retries 0 1689
EndMonitor:{1733,297286,954985}
