# stats: dump at 1733337849
stats: users 14 14
stats: {freemem,"tsung_controller@ip-172-31-32-26"} 1 678.88671875 0 678.88671875 678.88671875 0 0
stats: {cpu,"tsung_controller@ip-172-31-32-26"} 1 1.6232023823874773 0 1.6232023823874773 1.6232023823874773 0 0
stats: {load,"tsung_controller@ip-172-31-32-26"} 1 0.0 0 0.0 0.0 0 0
stats: session 1 6918.07 0 6918.07 6918.07 0 0
stats: users_count 15 15
stats: finish_users_count 1 1
stats: request 29 209.72517241379308 331.4650156544916 1241.839 4.033 0 0
stats: connect 13 1.6520769230769228 2.0566220048919823 8.704 0.82 0 0
stats: page 29 209.72517241379308 331.4650156544916 1241.839 4.033 0 0
stats: 302 9 9
stats: 200 20 20
stats: size_rcv 212008 212008
stats: newphase 1 1
stats: size_sent 15781 15781
stats: connected 12 12
# stats: dump at 1733337859
stats: users 54 54
stats: {freemem,"tsung_controller@ip-172-31-32-26"} 1 666.7421875 0.0 678.88671875 666.7421875 678.88671875 1
stats: {cpu,"tsung_controller@ip-172-31-32-26"} 1 39.23375363724539 0.0 39.23375363724539 1.6232023823874773 1.6232023823874773 1
stats: {load,"tsung_controller@ip-172-31-32-26"} 1 0.078125 0.0 0.078125 0.0 0.0 1
stats: session 3 9313.314333333334 1795.3288117988 11516.924 6918.07 6918.07 1
stats: users_count 43 58
stats: finish_users_count 3 4
stats: request 99 607.4391818181816 964.6865335030068 4169.238 4.033 209.72517241379308 29
stats: connect 42 1.5914285714285714 1.3652841522285866 8.704 0.652 1.6520769230769228 13
stats: page 99 607.4391818181816 964.6865335030068 4169.238 4.033 209.72517241379308 29
stats: 302 33 42
stats: 200 66 86
stats: size_rcv 781422 993430
stats: newphase 2 3
stats: size_sent 50881 66662
stats: connected 39 51
# stats: dump at 1733337869
stats: users 263 263
stats: {freemem,"tsung_controller@ip-172-31-32-26"} 1 644.58203125 0.0 678.88671875 644.58203125 672.814453125 2
stats: {cpu,"tsung_controller@ip-172-31-32-26"} 1 34.85215705283567 0.0 39.23375363724539 1.6232023823874773 20.428478009816434 2
stats: {load,"tsung_controller@ip-172-31-32-26"} 1 0.140625 0.0 0.140625 0.0 0.0390625 2
stats: session 1 19409.561 0.0 19409.561 6918.07 8714.50325 4
stats: users_count 210 268
stats: finish_users_count 1 5
stats: request 123 2435.4299837398376 2883.913467883613 10858.828 4.033 517.3321015624998 128
stats: page 123 2435.4299837398376 2883.913467883613 10858.828 4.033 517.3321015624998 128
stats: connect 198 1.176888888888889 1.6910029442172159 20.609 0.399 1.6057636363636365 55
stats: 302 29 71
stats: 200 94 180
stats: size_rcv 611284 1604714
stats: newphase 2 5
stats: size_sent 99939 166601
stats: connected 197 248
# stats: dump at 1733337879
stats: users 1036 1036
stats: {freemem,"tsung_controller@ip-172-31-32-26"} 1 626.0703125 0.0 678.88671875 626.0703125 663.4036458333334 3
stats: {cpu,"tsung_controller@ip-172-31-32-26"} 1 1.597603594608088 0.0 39.23375363724539 1.597603594608088 25.23637102415618 3
stats: {load,"tsung_controller@ip-172-31-32-26"} 1 0.12109375 0.0 0.140625 0.0 0.07291666666666667 3
stats: session 0 0 0 19409.561 6918.07 10853.5148 5
stats: users_count 773 1041
stats: finish_users_count 0 5
stats: request 232 7109.925793103451 2630.1686582269012 18925.679 4.033 1457.2764820717132 251
stats: connect 735 1.1149115646258458 0.916868782109935 20.609 0.38 1.2701225296442689 253
stats: page 232 7109.925793103451 2630.1686582269012 18925.679 4.033 1457.2764820717132 251
stats: 302 58 129
stats: 200 174 354
stats: size_rcv 1035920 2640634
stats: newphase 2 7
stats: size_sent 204042 370643
stats: connected 731 979
# stats: dump at 1733337889
stats: users 2886 2886
stats: {freemem,"tsung_controller@ip-172-31-32-26"} 1 577.36328125 0.0 678.88671875 577.36328125 654.0703125 4
stats: {cpu,"tsung_controller@ip-172-31-32-26"} 1 6.381934216985763 0.0 39.23375363724539 1.597603594608088 19.326679166769157 4
stats: {load,"tsung_controller@ip-172-31-32-26"} 1 0.1015625 0.0 0.140625 0.0 0.0849609375 4
stats: session 1046 3652.568024856597 5265.3653361709175 37989.708 42.207 10853.5148 5
stats: users_count 2896 3937
stats: finish_users_count 1046 1051
stats: request 6036 322.7001752816425 2062.073119647407 23708.454 0.481 4172.420664596275 483
stats: connect 11278 1.9001014364249085 1.5799712331340683 20.716 0.285 1.15465688259109 988
stats: page 6036 322.7001752816425 2062.073119647407 23708.454 0.481 4172.420664596275 483
stats: 302 39 168
stats: error_send_einval 479 479
stats: 200 112 466
stats: size_rcv 747452 3388086
stats: newphase 2 9
stats: size_sent 970273 1340916
stats: connected 45 1024
stats: error_connection_closed 3727 3727
stats: error_abort_max_send_retries 953 953
# stats: dump at 1733337899
stats: users 2011 3144
stats: {freemem,"tsung_controller@ip-172-31-32-26"} 1 484.10546875 0.0 678.88671875 484.10546875 638.72890625 5
stats: {cpu,"tsung_controller@ip-172-31-32-26"} 1 53.34928229665071 0.0 53.34928229665071 1.597603594608088 16.73773017681248 5
stats: {load,"tsung_controller@ip-172-31-32-26"} 1 0.46875 0.0 0.46875 0.0 0.08828125 5
stats: session 1364 8760.809978005876 7034.908403342816 52177.941 42.207 3686.8256213130353 1051
stats: users_count 489 4426
stats: finish_users_count 1364 2415
stats: connect 10054 1.7239653869106866 2.023668037459693 20.716 0.271 1.8400574759497892 12266
stats: page 7247 572.8957808748459 3475.743029304571 30621.159 0.44 607.9302713606373 6519
stats: request 7247 572.8957808748459 3475.743029304571 30621.159 0.44 607.9302713606373 6519
stats: 302 40 208
stats: error_send_einval 233 712
stats: 200 156 622
stats: size_rcv 1194356 4582442
stats: newphase 0 9
stats: size_sent 1317973 2658889
stats: connected -2 1022
stats: error_connection_closed 1970 5697
stats: error_abort_max_send_retries 606 1559
# stats: dump at 1733337909
stats: users 1387 3144
stats: {freemem,"tsung_controller@ip-172-31-32-26"} 1 454.74609375 0.0 678.88671875 454.74609375 612.9583333333334 6
stats: {cpu,"tsung_controller@ip-172-31-32-26"} 1 34.50210378681627 0.0 53.34928229665071 1.597603594608088 22.83965553011885 6
stats: {load,"tsung_controller@ip-172-31-32-26"} 1 0.3984375 0.0 0.46875 0.0 0.15169270833333334 6
stats: session 624 18383.456429487156 8190.879339130438 56152.248 42.207 6552.628794202905 2415
stats: users_count 0 4426
stats: finish_users_count 624 3039
stats: request 2886 3101.4319355509438 8909.72629955664 36569.913 0.44 589.4866455760572 13766
stats: connect 3028 1.2086578599735776 1.2165232346989499 23.576 0.271 1.787764023297498 22320
stats: 302 35 243
stats: error_send_einval 79 791
stats: 200 279 901
stats: size_rcv 1875100 6457542
stats: newphase 0 9
stats: size_sent 908594 3567483
stats: connected -3 1019
stats: error_connection_closed 60 5757
stats: error_abort_max_send_retries 11 1570
stats: page 2886 3101.4319355509438 8909.72629955664 36569.913 0.44 589.4866455760572 13766
# stats: dump at 1733337919
stats: users 1285 3144
stats: {freemem,"tsung_controller@ip-172-31-32-26"} 1 452.859375 0.0 678.88671875 452.859375 590.3565848214286 7
stats: {cpu,"tsung_controller@ip-172-31-32-26"} 1 15.663801337153775 0.0 53.34928229665071 1.597603594608088 24.50571956678991 7
stats: {load,"tsung_controller@ip-172-31-32-26"} 1 0.33984375 0.0 0.46875 0.0 0.18694196428571427 7
stats: session 102 36999.88470588232 10052.924443709633 69416.27 42.207 8981.860924646266 3039
stats: users_count 0 4426
stats: finish_users_count 102 3141
stats: request 1433 10912.262818562458 16097.154016098037 44308.277 0.44 1024.838201357196 16652
stats: connect 1475 1.1290318644067792 0.953184638062793 23.576 0.271 1.7185856477828685 25348
stats: page 1433 10912.262818562458 16097.154016098037 44308.277 0.44 1024.838201357196 16652
stats: 302 91 334
stats: error_send_einval 30 821
stats: 200 362 1263
stats: size_rcv 2100555 8558097
stats: newphase 0 9
stats: size_sent 763028 4330511
stats: connected 2 1021
stats: error_connection_closed 12 5769
stats: error_abort_max_send_retries 2 1572
# stats: dump at 1733337929
stats: users 1122 3144
stats: {freemem,"tsung_controller@ip-172-31-32-26"} 1 432.53125 0.0 678.88671875 432.53125 573.16943359375 8
stats: {cpu,"tsung_controller@ip-172-31-32-26"} 1 9.157688540646426 0.0 53.34928229665071 1.597603594608088 23.400479788085395 8
stats: {load,"tsung_controller@ip-172-31-32-26"} 1 0.2890625 0.0 0.46875 0.0 0.2060546875 8
stats: session 163 42924.752932515315 7305.329095767178 69416.27 42.207 9891.710789557466 3141
stats: users_count 0 4426
stats: finish_users_count 163 3304
stats: request 915 13090.861748633892 14996.766224660216 50769.173 0.44 1808.2874397567061 18085
stats: connect 923 1.185279523293608 0.9399539544535929 23.576 0.271 1.6861660142415147 26823
stats: page 915 13090.861748633892 14996.766224660216 50769.173 0.44 1808.2874397567061 18085
stats: 302 380 714
stats: error_send_einval 14 835
stats: 200 35 1298
stats: size_rcv 768070 9326167
stats: newphase 0 9
stats: size_sent 410592 4741103
stats: connected -10 1011
stats: error_connection_closed 9 5778
stats: error_abort_max_send_retries 1 1573
# stats: dump at 1733337939
stats: users 1067 3144
stats: {freemem,"tsung_controller@ip-172-31-32-26"} 1 425.93359375 0.0 678.88671875 425.93359375 557.54296875 9
stats: {cpu,"tsung_controller@ip-172-31-32-26"} 1 7.156767283349562 0.0 53.34928229665071 1.597603594608088 21.817947427258844 9
stats: {load,"tsung_controller@ip-172-31-32-26"} 1 0.23828125 0.0 0.46875 0.0 0.2152777777777778 9
stats: session 55 50004.0348909091 9113.69759670638 79648.692 42.207 11521.367529661018 3304
stats: users_count 0 4426
stats: finish_users_count 55 3359
stats: request 364 19890.83133791209 12125.21695417316 51843.009 0.44 2351.6324656842125 19000
stats: connect 360 1.168819444444445 0.7573653222115334 23.576 0.271 1.6695034959994286 27746
stats: page 364 19890.83133791209 12125.21695417316 51843.009 0.44 2351.6324656842125 19000
stats: 302 271 985
stats: error_send_einval 1 836
stats: 200 10 1308
stats: size_rcv 451818 9777985
stats: newphase 0 9
stats: size_sent 173412 4914515
stats: connected 0 1011
stats: error_connection_closed 0 5778
stats: error_abort_max_send_retries 0 1573
# stats: dump at 1733337949
stats: users 1050 3144
stats: {freemem,"tsung_controller@ip-172-31-32-26"} 1 413.60546875 0.0 678.88671875 413.60546875 544.38203125 10
stats: {cpu,"tsung_controller@ip-172-31-32-26"} 1 2.4888003982080638 0.0 53.34928229665071 1.597603594608088 20.351829412867914 10
stats: {load,"tsung_controller@ip-172-31-32-26"} 1 0.19921875 0.0 0.46875 0.0 0.217578125 10
stats: session 17 68249.00423529412 7014.478227295648 83514.471 42.207 12151.479677582614 3359
stats: users_count 0 4426
stats: finish_users_count 17 3376
stats: request 193 27406.56229015544 9629.565941714109 51843.009 0.44 2681.33027551126 19364
stats: connect 180 1.3309055555555558 0.9686530378556164 23.576 0.271 1.6630904077421245 28106
stats: page 193 27406.56229015544 9629.565941714109 51843.009 0.44 2681.33027551126 19364
stats: 302 146 1131
stats: error_send_einval 1 837
stats: 200 28 1336
stats: size_rcv 720433 10498418
stats: newphase 0 9
stats: size_sent 111331 5025846
stats: connected -8 1003
stats: error_connection_closed 1 5779
stats: error_abort_max_send_retries 0 1573
# stats: dump at 1733337959
stats: users 949 3144
stats: {freemem,"tsung_controller@ip-172-31-32-26"} 1 405.0859375 0.0 678.88671875 405.0859375 532.4932528409091 11
stats: {cpu,"tsung_controller@ip-172-31-32-26"} 1 1.8905472636815919 0.0 53.34928229665071 1.597603594608088 18.727917684262476 11
stats: {load,"tsung_controller@ip-172-31-32-26"} 1 0.171875 0.0 0.46875 0.0 0.2159090909090909 11
stats: session 101 74628.06584158416 7050.560293531287 97437.467 42.207 12433.961288210901 3376
stats: users_count 0 4426
stats: finish_users_count 101 3477
stats: request 557 31727.667375224395 2907.643096113175 51843.009 0.44 2925.333434422459 19557
stats: connect 221 1.127841628959276 0.49232501063330514 23.576 0.271 1.660976525489647 28286
stats: page 557 31727.667375224395 2907.643096113175 51843.009 0.44 2925.333434422459 19557
stats: 302 516 1647
stats: error_send_einval 0 837
stats: 200 41 1377
stats: size_rcv 1139575 11637993
stats: newphase 0 9
stats: size_sent 192630 5218476
stats: connected -63 940
stats: error_connection_closed 0 5779
stats: error_abort_max_send_retries 0 1573
# stats: dump at 1733337969
stats: users 925 3144
stats: {freemem,"tsung_controller@ip-172-31-32-26"} 1 433.24609375 0.0 678.88671875 405.0859375 521.8759765625 12
stats: {cpu,"tsung_controller@ip-172-31-32-26"} 1 3.028798411122145 0.0 53.34928229665071 1.597603594608088 17.324803482547402 12
stats: {load,"tsung_controller@ip-172-31-32-26"} 1 0.140625 0.0 0.46875 0.0 0.21223958333333334 12
stats: session 24 75221.41424999999 6010.8201568158065 97437.467 42.207 14240.577497555363 3477
stats: users_count 0 4426
stats: finish_users_count 24 3501
stats: request 100 29793.246370000004 5254.068402488885 52144.308 0.44 3722.9321221537252 20114
stats: connect 13 1.4715384615384615 1.244164199859897 23.576 0.271 1.6568434068825253 28507
stats: page 100 29793.246370000004 5254.068402488885 52144.308 0.44 3722.9321221537252 20114
stats: 302 89 1736
stats: error_send_einval 0 837
stats: 200 11 1388
stats: size_rcv 303456 11941449
stats: newphase 0 9
stats: size_sent 87374 5305850
stats: connected -16 924
stats: error_connection_closed 0 5779
stats: error_abort_max_send_retries 0 1573
# stats: dump at 1733337979
stats: users 899 3144
stats: {freemem,"tsung_controller@ip-172-31-32-26"} 1 431.09765625 0.0 678.88671875 405.0859375 515.0582932692307 13
stats: {cpu,"tsung_controller@ip-172-31-32-26"} 1 0.10010010010010009 0.0 53.34928229665071 0.10010010010010009 16.22511078474546 13
stats: {load,"tsung_controller@ip-172-31-32-26"} 1 0.12109375 0.0 0.46875 0.0 0.20673076923076922 13
stats: session 26 97249.34488461539 7771.075748203937 112213.697 42.207 14658.61236818052 3501
stats: users_count 0 4426
stats: finish_users_count 26 3527
stats: request 151 41908.729841059605 5659.319100263166 53688.159 0.44 3851.903697536362 20214
stats: connect 2 0.9245000000000001 0.0065000000000000335 23.576 0.271 1.6567589410939743 28520
stats: page 151 41908.729841059605 5659.319100263166 53688.159 0.44 3851.903697536362 20214
stats: 302 100 1836
stats: error_send_einval 0 837
stats: 200 51 1439
stats: size_rcv 1453426 13394875
stats: newphase 0 9
stats: size_sent 51046 5356896
stats: connected -24 900
stats: error_connection_closed 0 5779
stats: error_abort_max_send_retries 0 1573
# stats: dump at 1733337989
stats: users 887 3144
stats: {freemem,"tsung_controller@ip-172-31-32-26"} 1 421.9140625 0.0 678.88671875 405.0859375 509.0611049107142 14
stats: {cpu,"tsung_controller@ip-172-31-32-26"} 1 0.5015045135406219 0.0 53.34928229665071 0.10010010010010009 15.073324307270791 14
stats: {load,"tsung_controller@ip-172-31-32-26"} 1 0.1015625 0.0 0.46875 0.0 0.20061383928571427 14
stats: session 12 105115.57791666668 8921.480922201226 117019.706 42.207 15267.446801247519 3527
stats: users_count 0 4426
stats: finish_users_count 12 3539
stats: request 79 42131.36899999997 5142.863781493671 54439.136 0.44 4134.082963319422 20365
stats: connect 0 0 0 23.576 0.271 1.6567075941378637 28522
stats: page 79 42131.36899999997 5142.863781493671 54439.136 0.44 4134.082963319422 20365
stats: 302 48 1884
stats: error_send_einval 0 837
stats: 200 31 1470
stats: size_rcv 883367 14278242
stats: newphase 0 9
stats: size_sent 66109 5423005
stats: connected -13 887
stats: error_connection_closed 0 5779
stats: error_abort_max_send_retries 0 1573
# stats: dump at 1733337999
stats: users 874 3144
stats: {freemem,"tsung_controller@ip-172-31-32-26"} 1 416.109375 0.0 678.88671875 405.0859375 503.25130208333326 15
stats: {cpu,"tsung_controller@ip-172-31-32-26"} 1 0.2502502502502503 0.0 53.34928229665071 0.10010010010010009 14.101869654355447 15
stats: {load,"tsung_controller@ip-172-31-32-26"} 1 0.08984375 0.0 0.46875 0.0 0.19401041666666666 15
stats: session 13 126304.72392307693 6717.258469368623 138559.791 42.207 15572.102798248094 3539
stats: users_count 0 4426
stats: finish_users_count 13 3552
stats: request 92 51124.383793478264 5467.936338766986 60005.245 0.44 4280.912624682059 20444
stats: connect 0 0 0 23.576 0.271 1.6567075941378637 28522
stats: page 92 51124.383793478264 5467.936338766986 60005.245 0.44 4280.912624682059 20444
stats: 302 60 1944
stats: error_send_einval 0 837
stats: 504 9 9
stats: 200 23 1493
stats: size_rcv 713149 14991391
stats: newphase 0 9
stats: size_sent 35765 5458770
stats: connected -13 874
stats: error_connection_closed 0 5779
stats: error_abort_max_send_retries 0 1573
# stats: dump at 1733338009
stats: users 825 3144
stats: {freemem,"tsung_controller@ip-172-31-32-26"} 1 407.9296875 0.0 678.88671875 405.0859375 497.80493164062494 16
stats: {cpu,"tsung_controller@ip-172-31-32-26"} 1 0.6506506506506506 0.0 53.34928229665071 0.10010010010010009 13.236143441598871 16
stats: {load,"tsung_controller@ip-172-31-32-26"} 1 0.0703125 0.0 0.46875 0.0 0.1875 16
stats: session 49 121671.46395918369 6394.5516068679735 141648.608 42.207 15977.374215653153 3552
stats: users_count 0 4426
stats: finish_users_count 49 3601
stats: request 230 50213.387630434765 5237.769122869332 60005.245 0.44 4490.768455784963 20536
stats: connect 0 0 0 23.576 0.271 1.6567075941378637 28522
stats: page 230 50213.387630434765 5237.769122869332 60005.245 0.44 4490.768455784963 20536
stats: 302 168 2112
stats: error_send_einval 0 837
stats: 504 26 35
stats: 200 36 1529
stats: size_rcv 1091483 16082874
stats: newphase 0 9
stats: size_sent 116545 5575315
stats: connected -49 825
stats: error_connection_closed 0 5779
stats: error_abort_max_send_retries 0 1573
# stats: dump at 1733338019
stats: users 768 3144
stats: {freemem,"tsung_controller@ip-172-31-32-26"} 1 402.0546875 0.0 678.88671875 402.0546875 492.5181525735294 17
stats: {cpu,"tsung_controller@ip-172-31-32-26"} 1 0.4008016032064128 0.0 53.34928229665071 0.10010010010010009 12.495820336248975 17
stats: {load,"tsung_controller@ip-172-31-32-26"} 1 0.05859375 0.0 0.46875 0.0 0.18060661764705882 17
stats: session 57 132779.39840350876 7420.245614945892 160814.171 42.207 17415.588710913635 3601
stats: users_count 0 4426
stats: finish_users_count 57 3658
stats: request 194 58816.92696907221 1776.866003311408 60008.123 0.44 4997.182902966388 20766
stats: connect 0 0 0 23.576 0.271 1.6567075941378637 28522
stats: page 194 58816.92696907221 1776.866003311408 60008.123 0.44 4997.182902966388 20766
stats: 302 85 2197
stats: error_send_einval 0 837
stats: 504 108 143
stats: 200 1 1530
stats: size_rcv 103810 16186684
stats: newphase 0 9
stats: size_sent 66208 5641523
stats: connected -54 771
stats: error_connection_closed 0 5779
stats: error_abort_max_send_retries 0 1573
# stats: dump at 1733338029
stats: users 685 3144
stats: {freemem,"tsung_controller@ip-172-31-32-26"} 1 400.77734375 0.0 678.88671875 400.77734375 487.4924045138889 18
stats: {cpu,"tsung_controller@ip-172-31-32-26"} 1 0.7007007007007007 0.0 53.34928229665071 0.10010010010010009 11.823874851079944 18
stats: {load,"tsung_controller@ip-172-31-32-26"} 1 0.05078125 0.0 0.46875 0.0 0.173828125 18
stats: session 83 145527.5738433735 9994.712473396985 170939.883 42.207 19213.220518589394 3658
stats: users_count 0 4426
stats: finish_users_count 83 3741
stats: request 363 52676.29585399444 6979.386872271175 60015.182 0.44 5495.323663883588 20960
stats: connect 0 0 0 23.576 0.271 1.6567075941378637 28522
stats: page 363 52676.29585399444 6979.386872271175 60015.182 0.44 5495.323663883588 20960
stats: 302 212 2409
stats: error_send_einval 0 837
stats: 504 95 238
stats: 200 56 1586
stats: size_rcv 828521 17015205
stats: newphase 0 9
stats: size_sent 141626 5783149
stats: connected -85 686
stats: error_connection_closed 0 5779
stats: error_abort_max_send_retries 0 1573
# stats: dump at 1733338039
stats: users 643 3144
stats: {freemem,"tsung_controller@ip-172-31-32-26"} 1 385.88671875 0.0 678.88671875 385.88671875 482.92845394736844 19
stats: {cpu,"tsung_controller@ip-172-31-32-26"} 1 1.0025062656641603 0.0 53.34928229665071 0.10010010010010009 11.238444632638933 19
stats: {load,"tsung_controller@ip-172-31-32-26"} 1 0.0390625 0.0 0.46875 0.0 0.16735197368421054 19
stats: session 42 158379.20185714285 7277.230688048797 178319.607 42.207 22015.704166265707 3741
stats: users_count 0 4426
stats: finish_users_count 42 3783
stats: request 141 35962.70919148936 4827.929358299758 60015.182 0.44 6298.52644515312 21323
stats: connect 0 0 0 23.576 0.271 1.6567075941378637 28522
stats: page 141 35962.70919148936 4827.929358299758 60015.182 0.44 6298.52644515312 21323
stats: 302 103 2512
stats: error_send_einval 0 837
stats: 504 5 243
stats: 200 33 1619
stats: size_rcv 477192 17492397
stats: newphase 0 9
stats: size_sent 78870 5862019
stats: connected -43 643
stats: error_connection_closed 0 5779
stats: error_abort_max_send_retries 0 1573
# stats: dump at 1733338049
stats: users 483 3144
stats: {freemem,"tsung_controller@ip-172-31-32-26"} 1 380.05078125 0.0 678.88671875 380.05078125 478.0763671875 20
stats: {cpu,"tsung_controller@ip-172-31-32-26"} 1 0.6003001500750376 0.0 53.34928229665071 0.10010010010010009 10.726647714290193 20
stats: {load,"tsung_controller@ip-172-31-32-26"} 1 0.0390625 0.0 0.46875 0.0 0.1609375 20
stats: session 160 165216.08839374984 7129.141784168296 187189.751 42.207 23529.65259423738 3783
stats: users_count 0 4426
stats: finish_users_count 160 3943
stats: request 478 26254.147121338938 7603.396800645556 60015.182 0.44 6493.394585631754 21464
stats: connect 0 0 0 23.576 0.271 1.6567075941378637 28522
stats: page 478 26254.147121338938 7603.396800645556 60015.182 0.44 6493.394585631754 21464
stats: 302 359 2871
stats: error_send_einval 0 837
stats: 504 8 251
stats: 200 111 1730
stats: size_rcv 1665327 19157724
stats: newphase 0 9
stats: size_sent 175297 6037316
stats: connected -160 483
stats: error_connection_closed 0 5779
stats: error_abort_max_send_retries 0 1573
# stats: dump at 1733338059
stats: users 416 3144
stats: {freemem,"tsung_controller@ip-172-31-32-26"} 1 399.53125 0.0 678.88671875 380.05078125 473.40848214285717 21
stats: {cpu,"tsung_controller@ip-172-31-32-26"} 1 1.4007003501750876 0.0 53.34928229665071 0.10010010010010009 10.244440687422806 21
stats: {load,"tsung_controller@ip-172-31-32-26"} 1 0.03125 0.0 0.46875 0.0 0.15513392857142858 21
stats: session 67 177206.02213432835 7225.128260298083 197012.649 42.207 29279.03877935582 3943
stats: users_count 0 4426
stats: finish_users_count 67 4010
stats: request 207 16010.37357487922 9625.507701025193 60015.182 0.44 6923.876752802843 21942
stats: connect 0 0 0 23.576 0.271 1.6567075941378637 28522
stats: page 207 16010.37357487922 9625.507701025193 60015.182 0.44 6923.876752802843 21942
stats: 302 196 3067
stats: error_send_einval 0 837
stats: 504 0 251
stats: 200 11 1741
stats: size_rcv 553623 19711347
stats: newphase 0 9
stats: size_sent 124536 6161852
stats: connected -67 416
stats: error_connection_closed 0 5779
stats: error_abort_max_send_retries 0 1573
# stats: dump at 1733338069
stats: users 338 3144
stats: {freemem,"tsung_controller@ip-172-31-32-26"} 1 404.265625 0.0 678.88671875 380.05078125 470.0504261363636 22
stats: {cpu,"tsung_controller@ip-172-31-32-26"} 1 0.551654964894684 0.0 53.34928229665071 0.10010010010010009 9.842452490275182 22
stats: {load,"tsung_controller@ip-172-31-32-26"} 1 0.01953125 0.0 0.46875 0.0 0.1495028409090909 22
stats: session 78 183568.1177948718 5506.743207539243 197012.649 42.207 31750.63675561097 4010
stats: users_count 0 4426
stats: finish_users_count 78 4088
stats: request 188 22557.09013829787 14023.497217408923 60015.182 0.44 7008.7972838502865 22149
stats: 302 143 3210
stats: connect 0 0 0 23.576 0.271 1.6567075941378637 28522
stats: page 188 22557.09013829787 14023.497217408923 60015.182 0.44 7008.7972838502865 22149
stats: error_send_einval 0 837
stats: 504 0 251
stats: 200 45 1786
stats: size_rcv 1607529 21318876
stats: newphase 0 9
stats: size_sent 86094 6247946
stats: connected -78 338
stats: error_connection_closed 0 5779
stats: error_abort_max_send_retries 0 1573
# stats: dump at 1733338079
stats: users 317 3144
stats: {freemem,"tsung_controller@ip-172-31-32-26"} 1 413.01953125 0.0 678.88671875 380.05078125 467.1902173913044 23
stats: {cpu,"tsung_controller@ip-172-31-32-26"} 1 0.8986520219670495 0.0 53.34928229665071 0.10010010010010009 9.438504771780378 23
stats: {load,"tsung_controller@ip-172-31-32-26"} 1 0.01953125 0.0 0.46875 0.0 0.14385190217391305 23
stats: session 21 193686.83776190472 2766.9969099733753 202180.646 42.207 34647.34994569471 4088
stats: users_count 0 4426
stats: finish_users_count 21 4109
stats: 302 34 3244
stats: request 49 24799.285183673474 7079.673231466703 60015.182 0.44 7139.659935801585 22337
stats: error_send_einval 0 837
stats: 504 0 251
stats: 200 15 1801
stats: connect 0 0 0 23.576 0.271 1.6567075941378637 28522
stats: size_rcv 523156 21842032
stats: newphase 0 9
stats: size_sent 30848 6278794
stats: page 49 24799.285183673474 7079.673231466703 60015.182 0.44 7139.659935801585 22337
stats: connected -21 317
stats: error_connection_closed 0 5779
stats: error_abort_max_send_retries 0 1573
# stats: dump at 1733338089
stats: users 291 3144
stats: {freemem,"tsung_controller@ip-172-31-32-26"} 1 415.0859375 0.0 678.88671875 380.05078125 464.93310546875 24
stats: {cpu,"tsung_controller@ip-172-31-32-26"} 1 0.3996003996003996 0.0 53.34928229665071 0.10010010010010009 9.08267757387149 24
stats: {load,"tsung_controller@ip-172-31-32-26"} 1 0.01953125 0.0 0.46875 0.0 0.13867187500000003 24
stats: session 26 208494.14184615386 7592.962889358295 226594.034 42.207 35460.15823095643 4109
stats: users_count 0 4426
stats: finish_users_count 26 4135
stats: request 76 33497.7649868421 4077.431372104648 60015.182 0.44 7178.314525149647 22386
stats: page 76 33497.7649868421 4077.431372104648 60015.182 0.44 7178.314525149647 22386
stats: connect 0 0 0 23.576 0.271 1.6567075941378637 28522
stats: 302 38 3282
stats: error_send_einval 0 837
stats: 504 0 251
stats: 200 38 1839
stats: size_rcv 1277760 23119792
stats: newphase 0 9
stats: size_sent 30909 6309703
stats: connected -24 293
stats: error_connection_closed 0 5779
stats: error_abort_max_send_retries 0 1573
# stats: dump at 1733338099
stats: users 274 3144
stats: {freemem,"tsung_controller@ip-172-31-32-26"} 1 421.4609375 0.0 678.88671875 380.05078125 462.93921875 25
stats: {cpu,"tsung_controller@ip-172-31-32-26"} 1 0.45045045045045046 0.0 53.34928229665071 0.10010010010010009 8.735354486900645 25
stats: {load,"tsung_controller@ip-172-31-32-26"} 1 0.01171875 0.0 0.46875 0.0 0.13390625000000003 25
stats: session 17 211268.61617647056 8156.869128767022 229832.115 42.207 36548.15909528415 4135
stats: users_count 0 4426
stats: finish_users_count 17 4152
stats: request 45 36332.761311111106 5215.4170952231225 60015.182 0.44 7267.366178390171 22462
stats: connect 0 0 0 23.576 0.271 1.6567075941378637 28522
stats: page 45 36332.761311111106 5215.4170952231225 60015.182 0.44 7267.366178390171 22462
stats: 302 20 3302
stats: error_send_einval 0 837
stats: 504 0 251
stats: 200 25 1864
stats: size_rcv 834041 23953833
stats: newphase 0 9
stats: size_sent 28457 6338160
stats: connected -19 274
stats: error_connection_closed 0 5779
stats: error_abort_max_send_retries 0 1573
# stats: dump at 1733338109
stats: users 215 3144
stats: {freemem,"tsung_controller@ip-172-31-32-26"} 1 423.40234375 0.0 678.88671875 380.05078125 461.34390024038464 26
stats: {cpu,"tsung_controller@ip-172-31-32-26"} 1 0.20020020020020018 0.0 53.34928229665071 0.10010010010010009 8.41670433165256 26
stats: {load,"tsung_controller@ip-172-31-32-26"} 1 0.01171875 0.0 0.46875 0.0 0.1292067307692308 26
stats: session 59 233817.64361016947 9766.057634941706 248311.152 42.207 37263.53668930635 4152
stats: users_count 0 4426
stats: finish_users_count 59 4211
stats: request 107 43862.21957009347 4898.399843091238 60015.182 0.44 7325.478889145599 22507
stats: page 107 43862.21957009347 4898.399843091238 60015.182 0.44 7325.478889145599 22507
stats: 302 60 3362
stats: connect 0 0 0 23.576 0.271 1.6567075941378637 28522
stats: error_send_einval 0 837
stats: 504 0 251
stats: 200 47 1911
stats: size_rcv 1593694 25547527
stats: newphase 0 9
stats: size_sent 32519 6370679
stats: connected -59 215
stats: error_connection_closed 0 5779
stats: error_abort_max_send_retries 0 1573
# stats: dump at 1733338119
stats: users 197 3144
stats: {freemem,"tsung_controller@ip-172-31-32-26"} 1 444.81640625 0.0 678.88671875 380.05078125 459.9386574074074 27
stats: {cpu,"tsung_controller@ip-172-31-32-26"} 1 0.798004987531172 0.0 53.34928229665071 0.10010010010010009 8.112389363820993 27
stats: {load,"tsung_controller@ip-172-31-32-26"} 1 0.01171875 0.0 0.46875 0.0 0.12485532407407411 27
stats: session 18 241811.91383333338 5421.941736776908 249239.704 42.207 40017.441298266436 4211
stats: users_count 0 4426
stats: finish_users_count 18 4229
stats: connect 0 0 0 23.576 0.271 1.6567075941378637 28522
stats: request 36 44218.91522222222 8093.481461457903 60015.182 0.44 7498.355481206332 22614
stats: page 36 44218.91522222222 8093.481461457903 60015.182 0.44 7498.355481206332 22614
stats: 302 18 3380
stats: error_send_einval 0 837
stats: 504 0 251
stats: 200 18 1929
stats: size_rcv 605547 26153074
stats: newphase 0 9
stats: size_sent 18642 6389321
stats: connected -18 197
stats: error_connection_closed 0 5779
stats: error_abort_max_send_retries 0 1573
# stats: dump at 1733338129
stats: users 22 3144
stats: {freemem,"tsung_controller@ip-172-31-32-26"} 1 446.55859375 0.0 678.88671875 380.05078125 459.39857700892856 28
stats: {cpu,"tsung_controller@ip-172-31-32-26"} 1 0.10015022533800699 0.0 53.34928229665071 0.10010010010010009 7.85116135038207 28
stats: {load,"tsung_controller@ip-172-31-32-26"} 1 0.01171875 0.0 0.46875 0.0 0.12081473214285718 28
stats: session 175 243897.95338857136 5910.606761734888 254825.959 42.207 40876.34423173326 4229
stats: users_count 0 4426
stats: finish_users_count 175 4404
stats: request 225 26784.72023111111 21007.827945385456 60015.182 0.44 7556.719284768213 22650
stats: connect 0 0 0 23.576 0.271 1.6567075941378637 28522
stats: page 225 26784.72023111111 21007.827945385456 60015.182 0.44 7556.719284768213 22650
stats: 302 170 3550
stats: error_send_einval 0 837
stats: 504 3 254
stats: 200 52 1981
stats: size_rcv 1875281 28028355
stats: newphase 0 9
stats: size_sent 37987 6427308
stats: connected -170 27
stats: error_connection_closed 0 5779
stats: error_abort_max_send_retries 0 1573
# stats: dump at 1733338136
stats: users 0 3144
stats: {freemem,"tsung_controller@ip-172-31-32-26"} 1 544.0390625 0.0 678.88671875 380.05078125 458.95581896551727 29
stats: {cpu,"tsung_controller@ip-172-31-32-26"} 1 1.2475049900199602 0.0 53.34928229665071 0.10010010010010009 7.5838851046908955 29
stats: {load,"tsung_controller@ip-172-31-32-26"} 1 0.01171875 0.0 0.46875 0.0 0.11705280172413796 29
stats: session 22 250732.63068181818 4178.518545277525 254825.959 42.207 48943.733333106255 4404
stats: users_count 0 4426
stats: finish_users_count 22 4426
stats: request 47 19393.663042553195 22847.09904254393 60015.182 0.44 7745.847162928962 22875
stats: connect 0 0 0 23.576 0.271 1.6567075941378637 28522
stats: page 47 19393.663042553195 22847.09904254393 60015.182 0.44 7745.847162928962 22875
stats: 302 27 3577
stats: error_send_einval 0 837
stats: 504 0 254
stats: 200 20 2001
stats: size_rcv 680242 28708597
stats: newphase 0 9
stats: size_sent 20919 6448227
stats: connected -27 0
stats: error_connection_closed 0 5779
stats: error_abort_max_send_retries 0 1573
EndMonitor:{1733,338136,143208}
