# stats: dump at 1733876681
stats: users 12 12
stats: {cpu,"tsung_controller@ip-172-31-36-25"} 1 2.423988736253282 0 2.423988736253282 2.423988736253282 0 0
stats: {load,"tsung_controller@ip-172-31-36-25"} 1 0.0 0 0.0 0.0 0 0
stats: {freemem,"tsung_controller@ip-172-31-36-25"} 1 757.53515625 0 757.53515625 757.53515625 0 0
stats: users_count 12 12
stats: finish_users_count 0 0
stats: 302 8 8
stats: 200 20 20
stats: request 28 130.96921428571426 165.78270182668058 612.623 8.539 0 0
stats: size_rcv 173814 173814
stats: newphase 1 1
stats: size_sent 12754 12754
stats: connect 10 2.3733 2.5457038339131284 9.784 0.852 0 0
stats: connected 10 10
stats: page 28 130.96921428571426 165.78270182668058 612.623 8.539 0 0
# stats: dump at 1733876691
stats: users 46 47
stats: {cpu,"tsung_controller@ip-172-31-36-25"} 1 0.4497751124437781 0.0 2.423988736253282 0.4497751124437781 2.423988736253282 1
stats: {load,"tsung_controller@ip-172-31-36-25"} 1 0.0 0.0 0.0 0.0 0.0 1
stats: {freemem,"tsung_controller@ip-172-31-36-25"} 1 753.2265625 0.0 757.53515625 753.2265625 757.53515625 1
stats: session 2 13817.447 4633.34 18450.787 9184.107 0 0
stats: users_count 36 48
stats: finish_users_count 2 2
stats: request 137 79.2345693430657 113.96952892217085 612.623 4.862 130.96921428571426 28
stats: connect 37 1.5770270270270268 0.7054043305366151 9.784 0.788 2.3733 10
stats: page 137 79.2345693430657 113.96952892217085 612.623 4.862 130.96921428571426 28
stats: 302 48 56
stats: 200 89 109
stats: size_rcv 841615 1015429
stats: newphase 2 3
stats: size_sent 75885 88639
stats: connected 36 46
# stats: dump at 1733876701
stats: users 183 183
stats: {cpu,"tsung_controller@ip-172-31-36-25"} 1 0.998502246630055 0.0 2.423988736253282 0.4497751124437781 1.43688192434853 2
stats: {load,"tsung_controller@ip-172-31-36-25"} 1 0.0 0.0 0.0 0.0 0.0 2
stats: {freemem,"tsung_controller@ip-172-31-36-25"} 1 734.05859375 0.0 757.53515625 734.05859375 755.380859375 2
stats: session 22 13911.904363636364 3792.3083737115303 22212.153 7608.699 13817.447 2
stats: users_count 159 207
stats: finish_users_count 22 24
stats: request 475 215.5808231578948 465.3169282833758 2249.752 4.862 88.01378181818181 165
stats: connect 144 1.8220763888888891 1.2805122134860565 9.784 0.668 1.7464468085106382 47
stats: page 475 215.5808231578948 465.3169282833758 2249.752 4.862 88.01378181818181 165
stats: 302 164 220
stats: 200 311 420
stats: size_rcv 2920477 3935906
stats: newphase 2 5
stats: size_sent 273390 362029
stats: connected 121 167
# stats: dump at 1733876711
stats: users 880 880
stats: {cpu,"tsung_controller@ip-172-31-36-25"} 1 4.082636497786522 0.0 4.082636497786522 0.4497751124437781 1.2907553651090382 3
stats: {load,"tsung_controller@ip-172-31-36-25"} 1 0.0 0.0 0.0 0.0 0.0 3
stats: {freemem,"tsung_controller@ip-172-31-36-25"} 1 683.58203125 0.0 757.53515625 683.58203125 748.2734375 3
stats: session 15 15271.799933333336 4499.040923763351 26160.907 7608.699 13904.032916666669 24
stats: users_count 712 919
stats: finish_users_count 15 39
stats: request 496 2179.6613487903223 2314.8169343982195 9599.984 4.862 182.69244531250007 640
stats: connect 675 1.9442474074074088 1.7202431368561497 22.963 0.663 1.8034659685863874 191
stats: page 496 2179.6613487903223 2314.8169343982195 9599.984 4.862 182.69244531250007 640
stats: 302 133 353
stats: 200 364 784
stats: size_rcv 2984211 6920117
stats: newphase 2 7
stats: size_sent 423272 785301
stats: connected 660 827
# stats: dump at 1733876721
stats: users 3716 3716
stats: {cpu,"tsung_controller@ip-172-31-36-25"} 1 11.152764761012184 0.0 11.152764761012184 0.4497751124437781 1.9887256482784093 4
stats: {load,"tsung_controller@ip-172-31-36-25"} 1 0.0 0.0 0.0 0.0 0.0 4
stats: {freemem,"tsung_controller@ip-172-31-36-25"} 1 604.0859375 0.0 757.53515625 604.0859375 732.1005859375 4
stats: session 9 23923.460000000003 2607.4037723689826 28144.11 7608.699 14430.097153846156 39
stats: users_count 2845 3764
stats: finish_users_count 9 48
stats: page 2985 1747.00070753769 3448.700674659536 14751.344 0.904 1054.6084454225352 1136
stats: 302 157 510
stats: request 2985 1747.00070753769 3448.700674659536 14751.344 0.904 1054.6084454225352 1136
stats: connect 2719 2.02250128723796 2.421410838153998 39.685 0.367 1.9131974595842967 866
stats: 200 494 1278
stats: size_rcv 4413123 11333240
stats: newphase 2 9
stats: 502 2335 2335
stats: size_sent 884152 1669453
stats: connected 2711 3538
# stats: dump at 1733876731
stats: users 4509 4849
stats: {cpu,"tsung_controller@ip-172-31-36-25"} 1 29.096545615589015 0.0 29.096545615589015 0.4497751124437781 3.8215334708251647 5
stats: {load,"tsung_controller@ip-172-31-36-25"} 1 0.1484375 0.0 0.1484375 0.0 0.0 5
stats: {freemem,"tsung_controller@ip-172-31-36-25"} 1 378.70703125 0.0 757.53515625 378.70703125 706.49765625 5
stats: session 358 14049.906955307257 8545.920686952084 40268.964 1921.953 16210.102687500003 48
stats: users_count 1151 4915
stats: finish_users_count 358 406
stats: request 13814 833.1552133342942 3261.3831585586718 20212.421 0.379 1556.134992962874 4121
stats: connect 1330 1.9560481203007525 2.0118648119952276 39.685 0.367 1.996097629009767 3585
stats: page 13814 833.1552133342942 3261.3831585586718 20212.421 0.379 1556.134992962874 4121
stats: 302 137 647
stats: 200 735 2013
stats: size_rcv 8985298 20318538
stats: newphase 0 9
stats: 502 12946 15281
stats: size_sent 3525265 5194718
stats: connected 1007 4545
# stats: dump at 1733876741
stats: users 3350 4849
stats: {cpu,"tsung_controller@ip-172-31-36-25"} 1 37.78764634638676 0.0 37.78764634638676 0.4497751124437781 8.034035494952473 6
stats: {load,"tsung_controller@ip-172-31-36-25"} 1 0.44140625 0.0 0.44140625 0.0 0.024739583333333332 6
stats: {freemem,"tsung_controller@ip-172-31-36-25"} 1 131.21484375 0.0 757.53515625 131.21484375 651.8658854166666 6
stats: session 1159 18843.18047540984 7112.056218003 54145.891 1921.953 14305.299554187188 406
stats: users_count 0 4915
stats: finish_users_count 1159 1565
stats: request 9101 1824.6069175914731 5854.33528786541 26569.472 0.379 999.2773026484497 17935
stats: connect 0 0 0 39.685 0.367 1.9852602238046826 4915
stats: page 9101 1824.6069175914731 5854.33528786541 26569.472 0.379 999.2773026484497 17935
stats: 302 141 788
stats: 200 682 2695
stats: size_rcv 7218255 27536793
stats: newphase 0 9
stats: 502 8279 23560
stats: size_sent 3488815 8683533
stats: connected -1161 3384
# stats: dump at 1733876751
stats: users 2760 4849
stats: {cpu,"tsung_controller@ip-172-31-36-25"} 1 29.37062937062937 0.0 37.78764634638676 0.4497751124437781 12.284551330871656 7
stats: {load,"tsung_controller@ip-172-31-36-25"} 1 0.44140625 0.0 0.44140625 0.0 0.08426339285714286 7
stats: {freemem,"tsung_controller@ip-172-31-36-25"} 1 67.87890625 0.0 757.53515625 67.87890625 577.4871651785714 7
stats: session 590 29817.81472372881 6862.213292400634 54145.891 1921.953 17665.94107987221 1565
stats: users_count 0 4915
stats: finish_users_count 590 2155
stats: request 4916 2887.8817864117063 8193.015328596506 33580.871 0.379 1277.1040827045401 27036
stats: connect 0 0 0 39.685 0.367 1.9852602238046826 4915
stats: 302 301 1089
stats: 200 248 2943
stats: size_rcv 3183784 30720577
stats: newphase 0 9
stats: 502 4368 27928
stats: size_sent 2461115 11144648
stats: connected -607 2777
stats: page 4916 2887.8817864117063 8193.015328596506 33580.871 0.379 1277.1040827045401 27036
# stats: dump at 1733876761
stats: users 2438 4849
stats: {cpu,"tsung_controller@ip-172-31-36-25"} 1 21.059431524547804 0.0 37.78764634638676 0.4497751124437781 14.420311085841371 8
stats: {load,"tsung_controller@ip-172-31-36-25"} 1 0.6796875 0.0 0.6796875 0.0 0.12890625 8
stats: {freemem,"tsung_controller@ip-172-31-36-25"} 1 50.296875 0.0 757.53515625 50.296875 513.7861328125 8
stats: session 322 39968.322276397565 6665.710242592743 63513.025 1921.953 20992.904165661257 2155
stats: users_count 0 4915
stats: finish_users_count 322 2477
stats: request 2734 12617.848821872716 12711.446513518902 35883.6 0.379 1524.9315486354496 31952
stats: connect 0 0 0 39.685 0.367 1.9852602238046826 4915
stats: 302 1339 2428
stats: page 2734 12617.848821872716 12711.446513518902 35883.6 0.379 1524.9315486354496 31952
stats: 200 79 3022
stats: size_rcv 2160227 32880804
stats: newphase 0 9
stats: 502 1316 29244
stats: size_sent 1218539 12363187
stats: connected -329 2448
# stats: dump at 1733876771
stats: users 1875 4849
stats: {cpu,"tsung_controller@ip-172-31-36-25"} 1 13.563218390804598 0.0 37.78764634638676 0.4497751124437781 15.157991134586531 9
stats: {load,"tsung_controller@ip-172-31-36-25"} 1 0.6484375 0.0 0.6796875 0.0 0.19010416666666666 9
stats: {freemem,"tsung_controller@ip-172-31-36-25"} 1 39.76171875 0.0 757.53515625 39.76171875 462.2873263888889 9
stats: session 563 51014.26898579038 6405.793146830711 74762.406 1921.953 23459.631913605175 2477
stats: users_count 0 4915
stats: finish_users_count 563 3040
stats: connect 1 7.963 0.0 39.685 0.367 1.9852602238046826 4915
stats: page 3315 9384.38883408746 7406.405661853833 64638.933 0.379 2399.291112293141 34686
stats: request 3315 9384.38883408746 7406.405661853833 64638.933 0.379 2399.291112293141 34686
stats: 302 2615 5043
stats: 200 398 3420
stats: size_rcv 6407857 39288661
stats: newphase 0 9
stats: 502 301 29545
stats: size_sent 1167439 13530626
stats: connected -538 1910
# stats: dump at 1733876781
stats: users 494 4849
stats: {cpu,"tsung_controller@ip-172-31-36-25"} 1 16.303360581289734 0.0 37.78764634638676 0.4497751124437781 14.998513860208337 10
stats: {load,"tsung_controller@ip-172-31-36-25"} 1 0.62890625 0.0 0.6796875 0.0 0.2359375 10
stats: {freemem,"tsung_controller@ip-172-31-36-25"} 1 28.796875 0.0 757.53515625 28.796875 420.034765625 10
stats: session 1381 59620.92401375817 6292.630480913081 82452.137 1921.953 28562.678187171055 3040
stats: users_count 0 4915
stats: finish_users_count 1381 4421
stats: page 4861 1923.6401376259973 2445.674197301041 68136.214 0.379 3008.632944027784 38001
stats: request 4861 1923.6401376259973 2445.674197301041 68136.214 0.379 3008.632944027784 38001
stats: connect 1 1.665 0.0 39.685 0.367 1.986476200162737 4916
stats: 302 4037 9080
stats: 200 821 4241
stats: size_rcv 12293237 51581898
stats: newphase 0 9
stats: 502 0 29545
stats: size_sent 1924535 15455161
stats: connected -1393 517
# stats: dump at 1733876791
stats: users 55 4849
stats: {cpu,"tsung_controller@ip-172-31-36-25"} 1 18.713711478338542 0.0 37.78764634638676 0.4497751124437781 15.117136289397553 11
stats: {load,"tsung_controller@ip-172-31-36-25"} 1 0.53125 0.0 0.6796875 0.0 0.2716619318181818 11
stats: {freemem,"tsung_controller@ip-172-31-36-25"} 1 256.9453125 0.0 757.53515625 28.796875 384.46768465909093 11
stats: session 439 67989.47205922565 5696.011590325289 87016.967 1921.953 38264.428353766125 4421
stats: users_count 0 4915
stats: finish_users_count 439 4860
stats: request 1216 267.508900493421 4234.436097885566 75970.951 0.379 2885.5833888992534 42862
stats: connect 3 1.7036666666666669 0.4370463997741609 39.685 0.367 1.9864108196054535 4917
stats: 302 915 9995
stats: page 1216 267.508900493421 4234.436097885566 75970.951 0.379 2885.5833888992534 42862
stats: 200 294 4535
stats: size_rcv 4343442 55925340
stats: newphase 0 9
stats: 502 0 29545
stats: size_sent 758668 16213829
stats: connected -460 57
# stats: dump at 1733876801
stats: users 6 4849
stats: {cpu,"tsung_controller@ip-172-31-36-25"} 1 5.8422590068159685 0.0 37.78764634638676 0.4497751124437781 15.41685088847597 12
stats: {load,"tsung_controller@ip-172-31-36-25"} 1 0.44921875 0.0 0.6796875 0.0 0.2932942708333333 12
stats: {freemem,"tsung_controller@ip-172-31-36-25"} 1 589.4375 0.0 757.53515625 28.796875 373.8408203125 12
stats: session 49 77331.34869387753 5863.460506375336 92259.19 1921.953 40949.46830987656 4860
stats: users_count 0 4915
stats: finish_users_count 49 4909
stats: request 132 616.3192878787876 6817.823889622331 78648.571 0.379 2813.3573673487863 44078
stats: connect 2 1.1465 0.1935000000000001 39.685 0.367 1.9862384146341496 4920
stats: page 132 616.3192878787876 6817.823889622331 78648.571 0.379 2813.3573673487863 44078
stats: 302 93 10088
stats: 200 36 4571
stats: size_rcv 513218 56438558
stats: newphase 0 9
stats: 502 0 29545
stats: size_sent 83192 16297021
stats: connected -50 7
# stats: dump at 1733876811
stats: users 2 4849
stats: {cpu,"tsung_controller@ip-172-31-36-25"} 1 0.7488766849725411 0.0 37.78764634638676 0.4497751124437781 14.68034382065597 13
stats: {load,"tsung_controller@ip-172-31-36-25"} 1 0.37890625 0.0 0.6796875 0.0 0.30528846153846156 13
stats: {freemem,"tsung_controller@ip-172-31-36-25"} 1 637.23828125 0.0 757.53515625 28.796875 390.42518028846155 13
stats: session 4 87888.34449999999 3370.8011254449225 92259.19 1921.953 41312.62010022409 4909
stats: users_count 0 4915
stats: finish_users_count 4 4913
stats: request 13 6659.2640769230775 22998.1149281156 86327.054 0.379 2806.797561275725 44210
stats: connect 0 0 0 39.685 0.367 1.9858971962616854 4922
stats: page 13 6659.2640769230775 22998.1149281156 86327.054 0.379 2806.797561275725 44210
stats: 302 7 10095
stats: 200 5 4576
stats: size_rcv 63706 56502264
stats: newphase 0 9
stats: 502 0 29545
stats: size_sent 8216 16305237
stats: connected -6 1
# stats: dump at 1733876821
stats: users 2 4849
stats: {cpu,"tsung_controller@ip-172-31-36-25"} 1 0.10015022533800699 0.0 37.78764634638676 0.10015022533800699 13.685239025250011 14
stats: {load,"tsung_controller@ip-172-31-36-25"} 1 0.3203125 0.0 0.6796875 0.0 0.310546875 14
stats: {freemem,"tsung_controller@ip-172-31-36-25"} 1 647.30078125 0.0 757.53515625 28.796875 408.0546875 14
stats: session 0 0 0 92259.19 1921.953 41350.54049460615 4913
stats: users_count 0 4915
stats: finish_users_count 0 4913
stats: 302 2 10097
stats: request 8 67.242875 98.29270033862826 86327.054 0.379 2807.9300503584063 44223
stats: 200 5 4581
stats: size_rcv 59729 56561993
stats: newphase 0 9
stats: connect 1 1.603 0.0 39.685 0.367 1.9858971962616854 4922
stats: 502 0 29545
stats: size_sent 5174 16310411
stats: connected 1 2
stats: page 8 67.242875 98.29270033862826 86327.054 0.379 2807.9300503584063 44223
# stats: dump at 1733876831
stats: users 1 4849
stats: {cpu,"tsung_controller@ip-172-31-36-25"} 1 0.14977533699450823 0.0 37.78764634638676 0.10015022533800699 12.77956643858921 15
stats: {load,"tsung_controller@ip-172-31-36-25"} 1 0.26953125 0.0 0.6796875 0.0 0.3111979166666667 15
stats: {freemem,"tsung_controller@ip-172-31-36-25"} 1 649.61328125 0.0 757.53515625 28.796875 424.0044270833333 15
stats: session 1 102658.814 0.0 102658.814 1921.953 41350.54049460615 4913
stats: users_count 0 4915
stats: finish_users_count 1 4914
stats: request 1 5.659 0.0 86327.054 0.379 2807.434346046886 44231
stats: 302 1 10098
stats: connect 0 0 0 39.685 0.367 1.9858194190534257 4923
stats: page 1 5.659 0.0 86327.054 0.379 2807.434346046886 44231
stats: 200 0 4581
stats: size_rcv 1058 56563051
stats: newphase 0 9
stats: 502 0 29545
stats: size_sent 765 16311176
stats: connected -1 1
# stats: dump at 1733876839
stats: users 0 4849
stats: {cpu,"tsung_controller@ip-172-31-36-25"} 1 0.05 0.0 37.78764634638676 0.05 11.990204494739542 16
stats: {load,"tsung_controller@ip-172-31-36-25"} 1 0.23046875 0.0 0.6796875 0.0 0.30859375 16
stats: {freemem,"tsung_controller@ip-172-31-36-25"} 1 651.24609375 0.0 757.53515625 28.796875 438.10498046875 16
stats: session 1 114906.763 0.0 114906.763 1921.953 41363.01674074075 4914
stats: users_count 0 4915
stats: finish_users_count 1 4915
stats: page 3 20.10233333333333 15.810730118779741 86327.054 0.379 2807.3710033233815 44232
stats: 302 2 10100
stats: request 3 20.10233333333333 15.810730118779741 86327.054 0.379 2807.3710033233815 44232
stats: 200 1 4582
stats: size_rcv 14077 56577128
stats: connect 0 0 0 39.685 0.367 1.9858194190534257 4923
stats: newphase 0 9
stats: 502 0 29545
stats: size_sent 2290 16313466
stats: connected -1 0
EndMonitor:{1733,876839,851441}
