
=INFO REPORT==== 11-Dec-2024::00:24:31 ===
    ts_config_server:(5:<0.127.0>) Config server started, logdir is "/home/ec2-user/.tsung/log/20241211-0024"
 
=INFO REPORT==== 11-Dec-2024::00:24:31 ===
              ts_mon:(5:<0.110.0>) starting monitor, global 

=INFO REPORT==== 11-Dec-2024::00:24:31 ===
           ts_config:(5:<0.127.0>) Reading config file: tsung_social.xml

=INFO REPORT==== 11-Dec-2024::00:24:31 ===
           ts_config:(5:<0.127.0>) Session name for id 1 is "rsvp"

=INFO REPORT==== 11-Dec-2024::00:24:31 ===
    ts_config_server:(4:<0.127.0>) SYSINFO:Tsung version: 1.7.0

=INFO REPORT==== 11-Dec-2024::00:24:31 ===
    ts_config_server:(4:<0.127.0>) SYSINFO:Erlang version: Erlang/OTP 22 [erts-10.6] [source] [64-bit] [smp:2:2] [ds:2:2:10] [async-threads:8] [hipe]


=INFO REPORT==== 11-Dec-2024::00:24:31 ===
    ts_config_server:(4:<0.127.0>) SYSINFO:System architecture x86_64-redhat-linux-gnu

=INFO REPORT==== 11-Dec-2024::00:24:31 ===
    ts_config_server:(4:<0.127.0>) SYSINFO:Current path: /usr/lib/tsung/tsung-1.7.0/ebin/tsung.beam

=INFO REPORT==== 11-Dec-2024::00:24:31 ===
              ts_mon:(5:<0.128.0>) Activate clients with text backend

=INFO REPORT==== 11-Dec-2024::00:24:31 ===
              ts_mon:(5:<0.128.0>) Starting tsung clients on hosts: [localhost]

=INFO REPORT==== 11-Dec-2024::00:24:31 ===
    ts_config_server:(5:<0.127.0>) Start a launcher on the controller beam localhost

=INFO REPORT==== 11-Dec-2024::00:24:31 ===
  ts_launcher_static:(5:<0.182.0>) Launch msg receive ("localhost")

=INFO REPORT==== 11-Dec-2024::00:24:31 ===
         ts_launcher:(5:<0.183.0>) Launch msg receive ("localhost")

=INFO REPORT==== 11-Dec-2024::00:24:31 ===
    ts_config_server:(5:<0.127.0>) New arrival phase 1 for client "localhost" (last ? true): will start 5 users

=INFO REPORT==== 11-Dec-2024::00:24:31 ===
    ts_config_server:(5:<0.127.0>) New arrival phase 2 for client "localhost" (last ? true): will start 10 users

=INFO REPORT==== 11-Dec-2024::00:24:31 ===
    ts_config_server:(5:<0.127.0>) New arrival phase 3 for client "localhost" (last ? true): will start 20 users

=INFO REPORT==== 11-Dec-2024::00:24:31 ===
    ts_config_server:(5:<0.127.0>) New arrival phase 4 for client "localhost" (last ? true): will start 40 users

=INFO REPORT==== 11-Dec-2024::00:24:31 ===
    ts_config_server:(5:<0.127.0>) New arrival phase 5 for client "localhost" (last ? true): will start 80 users

=INFO REPORT==== 11-Dec-2024::00:24:31 ===
    ts_config_server:(5:<0.127.0>) New arrival phase 6 for client "localhost" (last ? true): will start 160 users

=INFO REPORT==== 11-Dec-2024::00:24:31 ===
    ts_config_server:(5:<0.127.0>) New arrival phase 7 for client "localhost" (last ? true): will start 320 users

=INFO REPORT==== 11-Dec-2024::00:24:31 ===
    ts_config_server:(5:<0.127.0>) New arrival phase 8 for client "localhost" (last ? true): will start 640 users

=INFO REPORT==== 11-Dec-2024::00:24:31 ===
    ts_config_server:(5:<0.127.0>) New arrival phase 9 for client "localhost" (last ? true): will start 1280 users

=INFO REPORT==== 11-Dec-2024::00:24:31 ===
    ts_config_server:(5:<0.127.0>) New arrival phase 10 for client "localhost" (last ? true): will start 2560 users

=INFO REPORT==== 11-Dec-2024::00:24:31 ===
         ts_launcher:(5:<0.183.0>) Expected duration of first phase: 5.0 sec (5 users) 

=INFO REPORT==== 11-Dec-2024::00:24:31 ===
         ts_launcher:(5:<0.183.0>) Activate launcher (5 users) in 1035 msec 

=INFO REPORT==== 11-Dec-2024::00:24:37 ===
         ts_launcher:(4:<0.183.0>) Need to wait 0.058 sec before changing phase, going to sleep

=INFO REPORT==== 11-Dec-2024::00:24:37 ===
         ts_launcher:(5:<0.183.0>) Waking up

=INFO REPORT==== 11-Dec-2024::00:24:37 ===
         ts_launcher:(5:<0.183.0>) Start a new arrival phase (10 users, 0.002); expected duration=5.0 sec

=INFO REPORT==== 11-Dec-2024::00:24:43 ===
         ts_launcher:(5:<0.183.0>) Start a new arrival phase (20 users, 0.004); expected duration=5.0 sec

=INFO REPORT==== 11-Dec-2024::00:24:49 ===
         ts_launcher:(5:<0.183.0>) Phase duration exceeded, but not all users were launched (4 users, 20.0% of phase)

=INFO REPORT==== 11-Dec-2024::00:24:49 ===
         ts_launcher:(5:<0.183.0>) Start a new arrival phase (40 users, 0.008); expected duration=5.0 sec

=INFO REPORT==== 11-Dec-2024::00:24:54 ===
         ts_launcher:(5:<0.183.0>) Phase duration exceeded, but not all users were launched (8 users, 20.0% of phase)

=INFO REPORT==== 11-Dec-2024::00:24:54 ===
         ts_launcher:(5:<0.183.0>) Start a new arrival phase (80 users, 0.016); expected duration=5.0 sec

=INFO REPORT==== 11-Dec-2024::00:24:59 ===
         ts_launcher:(5:<0.183.0>) Phase duration exceeded, but not all users were launched (13 users, 16.3% of phase)

=INFO REPORT==== 11-Dec-2024::00:24:59 ===
         ts_launcher:(5:<0.183.0>) Start a new arrival phase (160 users, 0.032); expected duration=5.0 sec

=INFO REPORT==== 11-Dec-2024::00:25:04 ===
         ts_launcher:(5:<0.183.0>) Phase duration exceeded, but not all users were launched (12 users, 7.5% of phase)

=INFO REPORT==== 11-Dec-2024::00:25:04 ===
         ts_launcher:(5:<0.183.0>) Start a new arrival phase (320 users, 0.064); expected duration=5.0 sec

=INFO REPORT==== 11-Dec-2024::00:25:09 ===
         ts_launcher:(4:<0.183.0>) Need to wait 0.283 sec before changing phase, going to sleep

=INFO REPORT==== 11-Dec-2024::00:25:09 ===
         ts_launcher:(5:<0.183.0>) Waking up

=INFO REPORT==== 11-Dec-2024::00:25:09 ===
         ts_launcher:(5:<0.183.0>) Start a new arrival phase (640 users, 0.128); expected duration=5.0 sec

=INFO REPORT==== 11-Dec-2024::00:25:14 ===
         ts_launcher:(5:<0.183.0>) Phase duration exceeded, but not all users were launched (22 users, 3.4% of phase)

=INFO REPORT==== 11-Dec-2024::00:25:14 ===
         ts_launcher:(5:<0.183.0>) Start a new arrival phase (1280 users, 0.256); expected duration=5.0 sec

=INFO REPORT==== 11-Dec-2024::00:25:19 ===
         ts_launcher:(5:<0.183.0>) Phase duration exceeded, but not all users were launched (12 users, 0.9% of phase)

=INFO REPORT==== 11-Dec-2024::00:25:19 ===
         ts_launcher:(5:<0.183.0>) Start a new arrival phase (2560 users, 0.512); expected duration=5.0 sec

=INFO REPORT==== 11-Dec-2024::00:25:24 ===
         ts_launcher:(5:<0.183.0>) Phase duration exceeded, but not all users were launched (129 users, 5.0% of phase)

=INFO REPORT==== 11-Dec-2024::00:25:24 ===
         ts_launcher:(5:<0.183.0>) This was the last phase, wait for connected users to finish their session

=INFO REPORT==== 11-Dec-2024::00:25:24 ===
     ts_launcher_mgr:(5:<0.176.0>) Still 4849 active client(s)

=INFO REPORT==== 11-Dec-2024::00:25:31 ===
    alarm_handler: {set,{system_memory_high_watermark,[]}}

=INFO REPORT==== 11-Dec-2024::00:26:31 ===
    alarm_handler: {clear,system_memory_high_watermark}

=INFO REPORT==== 11-Dec-2024::00:27:19 ===
     ts_launcher_mgr:(5:<0.176.0>) No more active users 'tsung_controller@ip-172-31-36-25' "8570"
