# stats: dump at 1733334685
stats: users 6 6
stats: {freemem,"tsung_controller@ip-172-31-32-26"} 1 680.71875 0 680.71875 680.71875 0 0
stats: {cpu,"tsung_controller@ip-172-31-32-26"} 1 1.396704903168236 0 1.396704903168236 1.396704903168236 0 0
stats: {load,"tsung_controller@ip-172-31-32-26"} 1 0.0 0 0.0 0.0 0 0
stats: users_count 6 6
stats: finish_users_count 0 0
stats: 302 6 6
stats: 200 14 14
stats: request 20 104.59214999999999 140.82020215838176 410.886 6.306 0 0
stats: size_rcv 69238 69238
stats: newphase 1 1
stats: connect 6 2.6404999999999994 3.6906073912930193 10.885 0.799 0 0
stats: size_sent 9795 9795
stats: connected 6 6
stats: page 20 104.59214999999999 140.82020215838176 410.886 6.306 0 0
# stats: dump at 1733334695
stats: users 52 52
stats: {freemem,"tsung_controller@ip-172-31-32-26"} 1 680.08984375 0.0 680.71875 680.08984375 680.71875 1
stats: {cpu,"tsung_controller@ip-172-31-32-26"} 1 0.5489021956087825 0.0 1.396704903168236 0.5489021956087825 1.396704903168236 1
stats: {load,"tsung_controller@ip-172-31-32-26"} 1 0.0 0.0 0.0 0.0 0.0 1
stats: session 7 10352.000285714284 4566.916739230394 18304.322 2815.903 0 0
stats: users_count 53 59
stats: finish_users_count 7 7
stats: request 131 141.3615267175572 270.0100849453089 1171.667 3.96 104.59214999999999 20
stats: connect 48 1.1796874999999998 0.5289693656949805 10.885 0.729 2.6404999999999994 6
stats: page 131 141.3615267175572 270.0100849453089 1171.667 3.96 104.59214999999999 20
stats: 302 40 46
stats: 200 91 105
stats: size_rcv 456429 525667
stats: newphase 2 3
stats: size_sent 66803 76598
stats: connected 42 48
# stats: dump at 1733334705
stats: users 241 241
stats: {freemem,"tsung_controller@ip-172-31-32-26"} 1 665.9921875 0.0 680.71875 665.9921875 680.404296875 2
stats: {cpu,"tsung_controller@ip-172-31-32-26"} 1 1.734390485629336 0.0 1.734390485629336 0.5489021956087825 0.9728035493885092 2
stats: {load,"tsung_controller@ip-172-31-32-26"} 1 0.0 0.0 0.0 0.0 0.0 2
stats: session 9 9949.489333333333 2397.3021156709096 18304.322 2815.903 10352.000285714284 7
stats: users_count 198 257
stats: finish_users_count 9 16
stats: request 212 1151.2011179245287 1500.7381650064588 7238.518 3.96 136.49141059602644 151
stats: connect 190 1.2869736842105266 1.6807420649169116 20.447 0.557 1.3419999999999999 54
stats: page 212 1151.2011179245287 1500.7381650064588 7238.518 3.96 136.49141059602644 151
stats: 302 54 100
stats: 200 158 263
stats: size_rcv 801674 1327341
stats: newphase 2 5
stats: size_sent 149705 226303
stats: connected 180 228
# stats: dump at 1733334715
stats: users 1046 1046
stats: {freemem,"tsung_controller@ip-172-31-32-26"} 1 642.9140625 0.0 680.71875 642.9140625 675.6002604166666 3
stats: {cpu,"tsung_controller@ip-172-31-32-26"} 1 3.9100684261974585 0.0 3.9100684261974585 0.5489021956087825 1.2266658614687849 3
stats: {load,"tsung_controller@ip-172-31-32-26"} 1 0.16015625 0.0 0.16015625 0.0 0.0 3
stats: session 5 17620.1276 2745.7852421886605 21017.24 2815.903 10125.587875 16
stats: users_count 810 1067
stats: finish_users_count 5 21
stats: request 283 5246.8057703180175 2318.0104919738087 12126.583 3.96 729.1042424242427 363
stats: connect 778 1.6001580976863772 1.595194845725043 22.842 0.418 1.2991516393442626 244
stats: page 283 5246.8057703180175 2318.0104919738087 12126.583 3.96 729.1042424242427 363
stats: 302 76 176
stats: 200 207 470
stats: size_rcv 1025799 2353140
stats: newphase 2 7
stats: size_sent 255874 482177
stats: connected 737 965
# stats: dump at 1733334725
stats: users 2648 2648
stats: {freemem,"tsung_controller@ip-172-31-32-26"} 1 595.9609375 0.0 680.71875 595.9609375 667.4287109375 4
stats: {cpu,"tsung_controller@ip-172-31-32-26"} 1 10.170293282876063 0.0 10.170293282876063 0.5489021956087825 1.8975165026509533 4
stats: {load,"tsung_controller@ip-172-31-32-26"} 1 0.12890625 0.0 0.16015625 0.0 0.0400390625 4
stats: session 1096 4027.0865875912345 5709.248494535748 32429.448 42.763 11910.002095238095 21
stats: users_count 2698 3765
stats: finish_users_count 1096 1117
stats: request 5279 486.4354521689703 2359.761451084123 17201.994 0.483 2708.2211656346735 646
stats: page 5279 486.4354521689703 2359.761451084123 17201.994 0.483 2708.2211656346735 646
stats: 302 56 232
stats: connect 10704 3.0998135276532213 3.2464913439464556 33.016 0.291 1.5282935420743655 1022
stats: error_send_einval 604 604
stats: 200 165 635
stats: size_rcv 841902 3195042
stats: newphase 2 9
stats: size_sent 906579 1388756
stats: connected 57 1022
stats: error_connection_closed 3730 3730
stats: error_abort_max_send_retries 1037 1037
# stats: dump at 1733334735
stats: users 2056 2826
stats: {freemem,"tsung_controller@ip-172-31-32-26"} 1 506.3984375 0.0 680.71875 506.3984375 653.13515625 5
stats: {cpu,"tsung_controller@ip-172-31-32-26"} 1 52.72473218444341 0.0 52.72473218444341 0.5489021956087825 3.5520718586959754 5
stats: {load,"tsung_controller@ip-172-31-32-26"} 1 0.3515625 0.0 0.3515625 0.0 0.0578125 5
stats: session 1152 8625.883342013882 7361.699468578329 49347.932 41.136 4175.2882220232705 1117
stats: users_count 560 4325
stats: finish_users_count 1152 2269
stats: request 6810 694.1229092510991 3729.362955518399 24989.91 0.464 728.675717299577 5925
stats: 302 59 291
stats: error_send_einval 295 899
stats: 200 171 806
stats: size_rcv 862967 4058009
stats: newphase 0 9
stats: connect 9581 1.7330955015134082 1.8519928222299045 33.016 0.277 2.962844959918138 11726
stats: size_sent 1241728 2630484
stats: connected 2 1024
stats: page 6810 694.1229092510991 3729.362955518399 24989.91 0.464 728.675717299577 5925
stats: error_connection_closed 1929 5659
stats: error_abort_max_send_retries 548 1585
# stats: dump at 1733334745
stats: users 1506 2826
stats: {freemem,"tsung_controller@ip-172-31-32-26"} 1 500.77734375 0.0 680.71875 500.77734375 628.6790364583334 6
stats: {cpu,"tsung_controller@ip-172-31-32-26"} 1 33.912248628884825 0.0 52.72473218444341 0.5489021956087825 11.747515246320548 6
stats: {load,"tsung_controller@ip-172-31-32-26"} 1 0.44921875 0.0 0.44921875 0.0 0.10677083333333333 6
stats: session 550 18798.21355090909 8416.184522921587 57333.901 41.136 6434.911658880557 2269
stats: users_count 0 4325
stats: finish_users_count 550 2819
stats: request 3269 4688.7273569899 10284.541420085425 32246.799 0.464 710.198715115821 12735
stats: page 3269 4688.7273569899 10284.541420085425 32246.799 0.464 710.198715115821 12735
stats: connect 3527 1.3849824213212343 1.3470659886172194 33.016 0.277 2.409870371239501 21307
stats: 302 69 360
stats: error_send_einval 105 1004
stats: 200 496 1302
stats: size_rcv 2277370 6335379
stats: newphase 0 9
stats: size_sent 1104161 3734645
stats: connected -2 1022
stats: error_connection_closed 135 5794
stats: error_abort_max_send_retries 25 1610
# stats: dump at 1733334755
stats: users 1266 2826
stats: {freemem,"tsung_controller@ip-172-31-32-26"} 1 465.2890625 0.0 680.71875 465.2890625 610.4073660714286 7
stats: {cpu,"tsung_controller@ip-172-31-32-26"} 1 21.490231712857792 0.0 52.72473218444341 0.5489021956087825 14.913905729544016 7
stats: {load,"tsung_controller@ip-172-31-32-26"} 1 0.37890625 0.0 0.44921875 0.0 0.15569196428571427 7
stats: session 240 35008.56449583333 7981.37518750429 57333.901 41.136 8847.049310748487 2819
stats: users_count 0 4325
stats: finish_users_count 240 3059
stats: request 1665 4650.220397597597 10926.2876551931 37697.987 0.464 1522.8586832666808 16004
stats: page 1665 4650.220397597597 10926.2876551931 37697.987 0.464 1522.8586832666808 16004
stats: 302 160 520
stats: error_send_einval 67 1071
stats: 200 99 1401
stats: size_rcv 566394 6901773
stats: newphase 0 9
stats: size_sent 830245 4564890
stats: connected -11 1011
stats: error_connection_closed 67 5861
stats: error_abort_max_send_retries 6 1616
stats: connect 1783 1.9443864273695999 2.6007302849399188 33.016 0.277 2.264312676169769 24834
# stats: dump at 1733334765
stats: users 1121 2826
stats: {freemem,"tsung_controller@ip-172-31-32-26"} 1 453.55859375 0.0 680.71875 453.55859375 592.267578125 8
stats: {cpu,"tsung_controller@ip-172-31-32-26"} 1 13.100848256361921 0.0 52.72473218444341 0.5489021956087825 15.735946477458238 8
stats: {load,"tsung_controller@ip-172-31-32-26"} 1 0.46875 0.0 0.46875 0.0 0.18359375 8
stats: session 145 39106.50678620687 8311.927419558671 73546.476 41.136 10899.603624060144 3059
stats: users_count 0 4325
stats: finish_users_count 145 3204
stats: request 712 16254.646605337057 11246.10257077652 37923.159 0.464 1817.5588504725768 17669
stats: connect 745 1.3676966442953016 1.2575254946601602 33.016 0.277 2.242881692151634 26617
stats: page 712 16254.646605337057 11246.10257077652 37923.159 0.464 1817.5588504725768 17669
stats: 302 476 996
stats: error_send_einval 16 1087
stats: 200 26 1427
stats: size_rcv 484012 7385785
stats: newphase 0 9
stats: size_sent 283736 4848626
stats: connected 9 1020
stats: error_connection_closed 3 5864
stats: error_abort_max_send_retries 2 1618
# stats: dump at 1733334775
stats: users 1063 2826
stats: {freemem,"tsung_controller@ip-172-31-32-26"} 1 452.0625 0.0 680.71875 452.0625 576.85546875 9
stats: {cpu,"tsung_controller@ip-172-31-32-26"} 1 6.899902818270165 0.0 52.72473218444341 0.5489021956087825 15.443157786225315 9
stats: {load,"tsung_controller@ip-172-31-32-26"} 1 0.390625 0.0 0.46875 0.0 0.2152777777777778 9
stats: session 58 53719.441672413785 9227.170579874022 75110.748 41.136 12176.133261548057 3204
stats: users_count 0 4325
stats: finish_users_count 58 3262
stats: request 387 20786.835291989686 10164.969165833574 37923.159 0.464 2376.788842391597 18381
stats: connect 367 1.2956158038147143 1.0300312008558845 33.016 0.277 2.2190525546378206 27362
stats: page 387 20786.835291989686 10164.969165833574 37923.159 0.464 2376.788842391597 18381
stats: 302 292 1288
stats: error_send_einval 2 1089
stats: 200 23 1450
stats: size_rcv 430424 7816209
stats: newphase 0 9
stats: size_sent 182938 5031564
stats: connected -17 1003
stats: error_connection_closed 1 5865
stats: error_abort_max_send_retries 0 1618
# stats: dump at 1733334785
stats: users 886 2826
stats: {freemem,"tsung_controller@ip-172-31-32-26"} 1 448.73828125 0.0 680.71875 448.73828125 564.376171875 10
stats: {cpu,"tsung_controller@ip-172-31-32-26"} 1 4.411764705882353 0.0 52.72473218444341 0.5489021956087825 14.5888322894298 10
stats: {load,"tsung_controller@ip-172-31-32-26"} 1 0.328125 0.0 0.46875 0.0 0.2328125 10
stats: session 177 61765.040954802214 7155.366866344719 85431.44 41.136 12914.794171367252 3262
stats: users_count 0 4325
stats: finish_users_count 177 3439
stats: request 804 22095.09501368159 3866.3983183178857 37923.159 0.464 2756.4077669437315 18768
stats: connect 127 1.3729448818897636 1.0056502131917948 33.016 0.277 2.2068306466154586 27729
stats: page 804 22095.09501368159 3866.3983183178857 37923.159 0.464 2756.4077669437315 18768
stats: 302 731 2019
stats: error_send_einval 0 1089
stats: 200 73 1523
stats: size_rcv 1111792 8928001
stats: newphase 0 9
stats: size_sent 267824 5299388
stats: connected -121 882
stats: error_connection_closed 0 5865
stats: error_abort_max_send_retries 0 1618
# stats: dump at 1733334795
stats: users 711 2826
stats: {freemem,"tsung_controller@ip-172-31-32-26"} 1 425.6484375 0.0 680.71875 425.6484375 553.8636363636364 11
stats: {cpu,"tsung_controller@ip-172-31-32-26"} 1 4.283604135893649 0.0 52.72473218444341 0.5489021956087825 13.663644327289122 11
stats: {load,"tsung_controller@ip-172-31-32-26"} 1 0.28125 0.0 0.46875 0.0 0.24147727272727273 11
stats: session 175 73155.24254285722 7241.323610819969 96475.627 41.136 15429.040661820287 3439
stats: users_count 0 4325
stats: finish_users_count 175 3614
stats: request 641 13638.088987519503 3928.605416381826 37923.159 0.464 3550.8234907520928 19572
stats: connect 4 1.2185000000000001 0.30939982223653584 33.016 0.277 2.2030288268236666 27856
stats: page 641 13638.088987519503 3928.605416381826 37923.159 0.464 3550.8234907520928 19572
stats: 302 486 2505
stats: error_send_einval 0 1089
stats: 200 155 1678
stats: size_rcv 2036203 10964204
stats: newphase 0 9
stats: size_sent 251018 5550406
stats: connected -169 713
stats: error_connection_closed 0 5865
stats: error_abort_max_send_retries 0 1618
# stats: dump at 1733334805
stats: users 352 2826
stats: {freemem,"tsung_controller@ip-172-31-32-26"} 1 432.48046875 0.0 680.71875 425.6484375 543.1790364583334 12
stats: {cpu,"tsung_controller@ip-172-31-32-26"} 1 3.92349190779794 0.0 52.72473218444341 0.5489021956087825 12.8819743113395 12
stats: {load,"tsung_controller@ip-172-31-32-26"} 1 0.23828125 0.0 0.46875 0.0 0.24479166666666666 12
stats: session 359 83848.38908913654 7064.380060601625 107579.075 41.136 18224.305003043715 3614
stats: users_count 0 4325
stats: finish_users_count 359 3973
stats: connect 0 0 0 33.016 0.277 2.202887473079686 27860
stats: page 1034 6822.7339526112155 4364.000346933295 37923.159 0.464 3870.7135211002796 20213
stats: 302 784 3289
stats: error_send_einval 0 1089
stats: 200 250 1928
stats: size_rcv 2523957 13488161
stats: newphase 0 9
stats: size_sent 393696 5944102
stats: connected -361 352
stats: error_connection_closed 0 5865
stats: error_abort_max_send_retries 0 1618
stats: request 1034 6822.7339526112155 4364.000346933295 37923.159 0.464 3870.7135211002796 20213
# stats: dump at 1733334815
stats: users 281 2826
stats: {freemem,"tsung_controller@ip-172-31-32-26"} 1 459.94140625 0.0 680.71875 425.6484375 534.6637620192307 13
stats: {cpu,"tsung_controller@ip-172-31-32-26"} 1 5.263157894736842 0.0 52.72473218444341 0.5489021956087825 12.192860280297841 13
stats: {load,"tsung_controller@ip-172-31-32-26"} 1 0.19921875 0.0 0.46875 0.0 0.2442908653846154 13
stats: session 71 92328.2091830986 7175.847374782249 116031.934 41.136 24154.09261615908 3973
stats: users_count 0 4325
stats: finish_users_count 71 4044
stats: connect 0 0 0 33.016 0.277 2.202887473079686 27860
stats: 302 137 3426
stats: request 194 7440.715654639175 3575.2002341399175 37923.159 0.464 4014.3756440438624 21247
stats: error_send_einval 0 1089
stats: 200 57 1985
stats: size_rcv 1074453 14562614
stats: page 194 7440.715654639175 3575.2002341399175 37923.159 0.464 4014.3756440438624 21247
stats: newphase 0 9
stats: size_sent 145610 6089712
stats: connected -68 284
stats: error_connection_closed 0 5865
stats: error_abort_max_send_retries 0 1618
# stats: dump at 1733334825
stats: users 244 2826
stats: {freemem,"tsung_controller@ip-172-31-32-26"} 1 456.86328125 0.0 680.71875 425.6484375 529.3264508928571 14
stats: {cpu,"tsung_controller@ip-172-31-32-26"} 1 1.6336633663366338 0.0 52.72473218444341 0.5489021956087825 11.697881538472057 14
stats: {load,"tsung_controller@ip-172-31-32-26"} 1 0.171875 0.0 0.46875 0.0 0.24107142857142858 14
stats: session 37 110586.68927027026 5378.983396690522 119978.338 41.136 25351.01701681504 4044
stats: users_count 0 4325
stats: finish_users_count 37 4081
stats: request 118 14739.535838983053 3027.1371533079687 37923.159 0.464 4045.377461219157 21441
stats: connect 0 0 0 33.016 0.277 2.202887473079686 27860
stats: page 118 14739.535838983053 3027.1371533079687 37923.159 0.464 4045.377461219157 21441
stats: 302 66 3492
stats: error_send_einval 0 1089
stats: 200 52 2037
stats: size_rcv 1187815 15750429
stats: newphase 0 9
stats: size_sent 58027 6147739
stats: connected -38 246
stats: error_connection_closed 0 5865
stats: error_abort_max_send_retries 0 1618
# stats: dump at 1733334835
stats: users 199 2826
stats: {freemem,"tsung_controller@ip-172-31-32-26"} 1 452.125 0.0 680.71875 425.6484375 524.4955729166667 15
stats: {cpu,"tsung_controller@ip-172-31-32-26"} 1 0.9462151394422311 0.0 52.72473218444341 0.5489021956087825 11.026933660329695 15
stats: {load,"tsung_controller@ip-172-31-32-26"} 1 0.140625 0.0 0.46875 0.0 0.23645833333333333 15
stats: session 45 117690.90186666667 6310.60580361707 130053.929 41.136 26123.79816687087 4081
stats: users_count 0 4325
stats: finish_users_count 45 4126
stats: connect 0 0 0 33.016 0.277 2.202887473079686 27860
stats: 302 75 3567
stats: request 112 20137.413303571433 3936.6104206024197 37923.159 0.464 4103.910356463655 21559
stats: error_send_einval 0 1089
stats: 200 37 2074
stats: page 112 20137.413303571433 3936.6104206024197 37923.159 0.464 4103.910356463655 21559
stats: size_rcv 1087893 16838322
stats: newphase 0 9
stats: size_sent 44977 6192716
stats: connected -47 199
stats: error_connection_closed 0 5865
stats: error_abort_max_send_retries 0 1618
# stats: dump at 1733334845
stats: users 148 2826
stats: {freemem,"tsung_controller@ip-172-31-32-26"} 1 449.515625 0.0 680.71875 425.6484375 519.972412109375 16
stats: {cpu,"tsung_controller@ip-172-31-32-26"} 1 0.8470353761833582 0.0 52.72473218444341 0.5489021956087825 10.39688875277423 16
stats: {load,"tsung_controller@ip-172-31-32-26"} 1 0.12109375 0.0 0.46875 0.0 0.23046875 16
stats: session 51 125110.61405882354 5677.424022352817 135912.194 41.136 27122.46992317015 4126
stats: users_count 0 4325
stats: finish_users_count 51 4177
stats: connect 0 0 0 33.016 0.277 2.202887473079686 27860
stats: 302 63 3630
stats: request 95 21339.217547368426 7713.791287052527 37923.159 0.464 4186.774660375615 21671
stats: error_send_einval 0 1089
stats: 200 32 2106
stats: page 95 21339.217547368426 7713.791287052527 37923.159 0.464 4186.774660375615 21671
stats: size_rcv 1009488 17847810
stats: newphase 0 9
stats: size_sent 38772 6231488
stats: connected -51 148
stats: error_connection_closed 0 5865
stats: error_abort_max_send_retries 0 1618
# stats: dump at 1733334855
stats: users 61 2826
stats: {freemem,"tsung_controller@ip-172-31-32-26"} 1 479.74609375 0.0 680.71875 425.6484375 515.8278952205883 17
stats: {cpu,"tsung_controller@ip-172-31-32-26"} 1 0.9462151394422311 0.0 52.72473218444341 0.5489021956087825 9.835132671798295 17
stats: {load,"tsung_controller@ip-172-31-32-26"} 1 0.1015625 0.0 0.46875 0.0 0.22403492647058823 17
stats: session 87 134223.11616091945 5559.941465619226 148370.868 41.136 28318.87771606417 4177
stats: users_count 0 4325
stats: finish_users_count 87 4264
stats: connect 0 0 0 33.016 0.277 2.202887473079686 27860
stats: request 122 16054.98599180328 13103.462940129393 38805.243 0.464 4261.638304327848 21766
stats: page 122 16054.98599180328 13103.462940129393 38805.243 0.464 4261.638304327848 21766
stats: 302 91 3721
stats: error_send_einval 0 1089
stats: 200 31 2137
stats: size_rcv 1055523 18903333
stats: newphase 0 9
stats: size_sent 24019 6255507
stats: connected -87 61
stats: error_connection_closed 0 5865
stats: error_abort_max_send_retries 0 1618
# stats: dump at 1733334865
stats: users 1 2826
stats: {freemem,"tsung_controller@ip-172-31-32-26"} 1 509.3671875 0.0 680.71875 425.6484375 513.8233506944445 18
stats: {cpu,"tsung_controller@ip-172-31-32-26"} 1 1.1922503725782414 0.0 52.72473218444341 0.5489021956087825 9.341303920000737 18
stats: {load,"tsung_controller@ip-172-31-32-26"} 1 0.08984375 0.0 0.46875 0.0 0.2172309027777778 18
stats: session 60 143984.9703166667 4734.346975151548 153935.477 41.136 30479.68183067543 4264
stats: users_count 0 4325
stats: finish_users_count 60 4324
stats: connect 0 0 0 33.016 0.277 2.202887473079686 27860
stats: 302 60 3781
stats: request 115 14470.973252173915 15672.314572694842 38805.243 0.464 4327.372424296415 21888
stats: error_send_einval 0 1089
stats: 200 55 2192
stats: size_rcv 1840705 20744038
stats: newphase 0 9
stats: page 115 14470.973252173915 15672.314572694842 38805.243 0.464 4327.372424296415 21888
stats: size_sent 44716 6300223
stats: connected -60 1
stats: error_connection_closed 0 5865
stats: error_abort_max_send_retries 0 1618
# stats: dump at 1733334867
stats: users 0 2826
stats: {freemem,"tsung_controller@ip-172-31-32-26"} 1 553.6328125 0.0 680.71875 425.6484375 513.5888157894736 19
stats: {cpu,"tsung_controller@ip-172-31-32-26"} 1 0.9471585244267198 0.0 52.72473218444341 0.5489021956087825 8.912406364873236 19
stats: {load,"tsung_controller@ip-172-31-32-26"} 1 0.0703125 0.0 0.46875 0.0 0.21052631578947367 19
stats: session 1 152903.55 0.0 153935.477 41.136 32054.685833718784 4324
stats: users_count 0 4325
stats: finish_users_count 1 4325
stats: request 1 4.445 0.0 38805.243 0.464 4380.388562786889 22003
stats: page 1 4.445 0.0 38805.243 0.464 4380.388562786889 22003
stats: connect 0 0 0 33.016 0.277 2.202887473079686 27860
stats: 302 1 3782
stats: error_send_einval 0 1089
stats: 200 0 2192
stats: size_rcv 1062 20745100
stats: newphase 0 9
stats: size_sent 725 6300948
stats: connected -1 0
stats: error_connection_closed 0 5865
stats: error_abort_max_send_retries 0 1618
EndMonitor:{1733,334867,906015}
