# stats: dump at 1733372472
stats: users 11 11
stats: {load,"tsung_controller@ip-172-31-42-147"} 1 0.0 0 0.0 0.0 0 0
stats: {cpu,"tsung_controller@ip-172-31-42-147"} 1 2.3443682277163527 0 2.3443682277163527 2.3443682277163527 0 0
stats: {freemem,"tsung_controller@ip-172-31-42-147"} 1 663.23046875 0 663.23046875 663.23046875 0 0
stats: users_count 11 11
stats: finish_users_count 0 0
stats: connect 9 2.461777777777778 1.873587336147648 7.657 1.547 0 0
stats: request 24 195.08737499999998 221.17187212735195 646.878 9.607 0 0
stats: page 24 195.08737499999998 221.17187212735195 646.878 9.607 0 0
stats: 302 7 7
stats: 200 17 17
stats: size_rcv 179346 179346
stats: newphase 1 1
stats: size_sent 11630 11630
stats: connected 9 9
# stats: dump at 1733372482
stats: users 48 48
stats: {load,"tsung_controller@ip-172-31-42-147"} 1 0.0 0.0 0.0 0.0 0.0 1
stats: {cpu,"tsung_controller@ip-172-31-42-147"} 1 0.6979062811565304 0.0 2.3443682277163527 0.6979062811565304 2.3443682277163527 1
stats: {freemem,"tsung_controller@ip-172-31-42-147"} 1 659.8046875 0.0 663.23046875 659.8046875 663.23046875 1
stats: session 1 17054.342 0 17054.342 17054.342 0 0
stats: users_count 38 49
stats: finish_users_count 1 1
stats: request 109 352.6180733944955 478.8758968894195 1591.524 5.183 195.08737499999998 24
stats: connect 36 1.8734166666666665 0.5620395584634392 7.657 1.373 2.461777777777778 9
stats: page 109 352.6180733944955 478.8758968894195 1591.524 5.183 195.08737499999998 24
stats: 302 34 41
stats: 200 75 92
stats: size_rcv 785929 965275
stats: newphase 2 3
stats: size_sent 56919 68549
stats: connected 35 44
# stats: dump at 1733372492
stats: users 209 209
stats: {load,"tsung_controller@ip-172-31-42-147"} 1 0.0 0.0 0.0 0.0 0.0 2
stats: {cpu,"tsung_controller@ip-172-31-42-147"} 1 1.8849206349206349 0.0 2.3443682277163527 0.6979062811565304 1.5211372544364417 2
stats: {freemem,"tsung_controller@ip-172-31-42-147"} 1 645.421875 0.0 663.23046875 645.421875 661.517578125 2
stats: session 0 0 0 17054.342 17054.342 17054.342 1
stats: users_count 161 210
stats: finish_users_count 0 1
stats: connect 154 1.721616883116882 0.7087721246282371 7.657 1.192 1.9910888888888887 45
stats: request 124 1736.3156129032266 2413.1391320474204 7910.578 5.183 324.1914812030076 133
stats: page 124 1736.3156129032266 2413.1391320474204 7910.578 5.183 324.1914812030076 133
stats: 302 37 78
stats: 200 87 179
stats: size_rcv 561685 1526960
stats: newphase 2 5
stats: size_sent 106309 174858
stats: connected 154 198
# stats: dump at 1733372502
stats: users 892 892
stats: {load,"tsung_controller@ip-172-31-42-147"} 1 0.0 0.0 0.0 0.0 0.0 3
stats: {cpu,"tsung_controller@ip-172-31-42-147"} 1 2.952755905511811 0.0 2.952755905511811 0.6979062811565304 1.6423983812645062 3
stats: {freemem,"tsung_controller@ip-172-31-42-147"} 1 628.52734375 0.0 663.23046875 628.52734375 656.15234375 3
stats: session 0 0 0 17054.342 17054.342 17054.342 1
stats: users_count 683 893
stats: finish_users_count 0 1
stats: request 256 5913.864761718748 2241.505059808572 14391.309 5.183 1005.527638132296 257
stats: connect 639 2.0262456964006232 1.4433849530641045 21.848 1.157 1.7825527638190946 199
stats: page 256 5913.864761718748 2241.505059808572 14391.309 5.183 1005.527638132296 257
stats: 302 52 130
stats: 200 204 383
stats: size_rcv 1200444 2727404
stats: newphase 2 7
stats: size_sent 213008 387866
stats: connected 639 837
# stats: dump at 1733372512
stats: users 3503 3503
stats: {load,"tsung_controller@ip-172-31-42-147"} 1 0.0703125 0.0 0.0703125 0.0 0.0 4
stats: {cpu,"tsung_controller@ip-172-31-42-147"} 1 9.514747859181732 0.0 9.514747859181732 0.6979062811565304 1.9699877623263324 4
stats: {freemem,"tsung_controller@ip-172-31-42-147"} 1 583.578125 0.0 663.23046875 583.578125 649.24609375 4
stats: session 1 40286.479 0.0 40286.479 17054.342 17054.342 1
stats: users_count 2612 3505
stats: finish_users_count 1 2
stats: connect 6110 1.8525720130932897 1.2136924967080192 21.848 0.799 1.9683758949880643 838
stats: 302 45 175
stats: error_send_einval 17 17
stats: 200 167 550
stats: size_rcv 1285831 4013235
stats: request 5831 421.3639372320342 2240.4963591899987 20562.828 1.531 3454.9122456140344 513
stats: newphase 2 9
stats: page 5831 421.3639372320342 2240.4963591899987 20562.828 1.531 3454.9122456140344 513
stats: size_sent 1016602 1404468
stats: connected 189 1026
stats: error_connection_closed 61 61
# stats: dump at 1733372522
stats: users 3947 4384
stats: {load,"tsung_controller@ip-172-31-42-147"} 1 0.37890625 0.0 0.37890625 0.0 0.0140625 5
stats: {cpu,"tsung_controller@ip-172-31-42-147"} 1 41.294642857142854 0.0 41.294642857142854 0.6979062811565304 3.478939781697412 5
stats: {freemem,"tsung_controller@ip-172-31-42-147"} 1 430.90625 0.0 663.23046875 430.90625 636.1125 5
stats: session 866 7620.253931870671 7127.039995350307 51729.284 84.612 28670.410499999998 2
stats: users_count 1310 4815
stats: finish_users_count 866 868
stats: request 14134 180.7558635913398 1847.1843851205463 23542.928 1.424 666.6682061790655 6344
stats: 302 38 213
stats: error_send_einval 201 218
stats: 200 94 644
stats: size_rcv 593944 4607179
stats: newphase 0 9
stats: size_sent 2411232 3815700
stats: connected -4 1022
stats: error_connection_closed 3448 3509
stats: error_abort_max_send_retries 801 801
stats: connect 18579 4.563872167500941 6.21107253950862 59.907 0.776 1.866539147956246 6948
stats: page 14134 180.7558635913398 1847.1843851205463 23542.928 1.424 666.6682061790655 6344
# stats: dump at 1733372532
stats: users 3291 4384
stats: {load,"tsung_controller@ip-172-31-42-147"} 1 0.55859375 0.0 0.55859375 0.0 0.07486979166666667 6
stats: {cpu,"tsung_controller@ip-172-31-42-147"} 1 56.323396567299014 0.0 56.323396567299014 0.6979062811565304 9.78155696093832 6
stats: {freemem,"tsung_controller@ip-172-31-42-147"} 1 367.19921875 0.0 663.23046875 367.19921875 601.9114583333334 6
stats: session 656 20851.620327743916 6514.849673097971 60332.275 84.612 7668.756596774196 868
stats: users_count 0 4815
stats: finish_users_count 656 1524
stats: connect 11975 2.2679793736951894 9.574335464518256 1024.787 0.776 3.8297056058291212 25527
stats: request 11692 481.19521724255935 3645.620239930182 32978.728 1.424 331.2895046391243 20478
stats: page 11692 481.19521724255935 3645.620239930182 32978.728 1.424 331.2895046391243 20478
stats: 302 36 249
stats: error_send_einval 90 308
stats: 200 163 807
stats: size_rcv 1155822 5763001
stats: newphase 0 9
stats: size_sent 2368391 6184091
stats: connected 0 1022
stats: error_connection_closed 181 3690
stats: error_abort_max_send_retries 12 813
# stats: dump at 1733372542
stats: users 2336 4384
stats: {load,"tsung_controller@ip-172-31-42-147"} 1 0.78125 0.0 0.78125 0.0 0.14397321428571427 7
stats: {cpu,"tsung_controller@ip-172-31-42-147"} 1 43.9877568867512 0.0 56.323396567299014 0.6979062811565304 16.43039119041842 7
stats: {freemem,"tsung_controller@ip-172-31-42-147"} 1 361.70703125 0.0 663.23046875 361.70703125 568.3811383928571 7
stats: session 955 27352.56142722513 6533.847334541332 68524.055 84.612 13343.270118766413 1524
stats: users_count 0 4815
stats: finish_users_count 955 2479
stats: request 7716 1986.203907465001 8147.1474176045285 41354.399 1.424 385.7718668324523 32170
stats: page 7716 1986.203907465001 8147.1474176045285 41354.399 1.424 385.7718668324523 32170
stats: 302 50 299
stats: connect 7844 2.1640238398775975 1.752578593889312 1024.787 0.776 3.3310209588821897 37502
stats: error_send_einval 36 344
stats: 200 383 1190
stats: size_rcv 1875788 7638789
stats: newphase 0 9
stats: size_sent 2129283 8313374
stats: connected 0 1022
stats: error_connection_closed 90 3780
stats: error_abort_max_send_retries 3 816
# stats: dump at 1733372552
stats: users 1768 4384
stats: {load,"tsung_controller@ip-172-31-42-147"} 1 0.8984375 0.0 0.8984375 0.0 0.2236328125 8
stats: {cpu,"tsung_controller@ip-172-31-42-147"} 1 33.595456531236344 0.0 56.323396567299014 0.6979062811565304 19.87506190246002 8
stats: {freemem,"tsung_controller@ip-172-31-42-147"} 1 352.95703125 0.0 663.23046875 352.95703125 542.546875 8
stats: session 568 38131.44713908456 7962.793333017595 76168.965 84.612 18740.153216619612 2479
stats: users_count 0 4815
stats: finish_users_count 568 3047
stats: connect 4489 1.9823804856315344 1.3615779209688297 1024.787 0.776 3.1291525382613625 45346
stats: 302 81 380
stats: request 4439 2030.7585857174997 8796.809579761926 49599.374 1.424 695.377583763725 39886
stats: error_send_einval 20 364
stats: 200 144 1334
stats: size_rcv 903223 8542012
stats: newphase 0 9
stats: size_sent 1756224 10069598
stats: page 4439 2030.7585857174997 8796.809579761926 49599.374 1.424 695.377583763725 39886
stats: connected -2 1020
stats: error_connection_closed 34 3814
stats: error_abort_max_send_retries 1 817
# stats: dump at 1733372562
stats: users 1464 4384
stats: {load,"tsung_controller@ip-172-31-42-147"} 1 0.76171875 0.0 0.8984375 0.0 0.2986111111111111 9
stats: {cpu,"tsung_controller@ip-172-31-42-147"} 1 24.025676295277396 0.0 56.323396567299014 0.6979062811565304 21.39955019454628 9
stats: {freemem,"tsung_controller@ip-172-31-42-147"} 1 357.99609375 0.0 663.23046875 352.95703125 521.4813368055555 9
stats: session 304 50035.550565789454 7384.299830115987 78588.181 84.612 22354.93987495899 3047
stats: users_count 0 4815
stats: finish_users_count 304 3351
stats: request 2727 7614.000848184811 13018.557332850996 51699.13 1.424 829.1115097123502 44325
stats: connect 2731 2.027324789454411 1.291231659191122 1024.787 0.776 3.0258544597170602 49835
stats: page 2727 7614.000848184811 13018.557332850996 51699.13 1.424 829.1115097123502 44325
stats: 302 735 1115
stats: error_send_einval 7 371
stats: 200 20 1354
stats: size_rcv 667674 9209686
stats: newphase 0 9
stats: size_sent 1071384 11140982
stats: connected -3 1017
stats: error_connection_closed 6 3820
stats: error_abort_max_send_retries 0 817
# stats: dump at 1733372572
stats: users 1271 4384
stats: {load,"tsung_controller@ip-172-31-42-147"} 1 0.7890625 0.0 0.8984375 0.0 0.344921875 10
stats: {cpu,"tsung_controller@ip-172-31-42-147"} 1 19.102153000458085 0.0 56.323396567299014 0.6979062811565304 21.662162804619392 10
stats: {freemem,"tsung_controller@ip-172-31-42-147"} 1 362.25 0.0 663.23046875 352.95703125 505.1328125 10
stats: session 193 58907.74460103623 7681.833883544682 99949.379 84.612 24866.102408534774 3351
stats: users_count 0 4815
stats: finish_users_count 193 3544
stats: connect 1518 1.9661956521739148 1.211970893721245 1024.787 0.776 2.9739771144846423 52566
stats: page 1520 8532.61412960525 7751.232678057943 51699.13 1.424 1222.344384532005 47052
stats: request 1520 8532.61412960525 7751.232678057943 51699.13 1.424 1222.344384532005 47052
stats: 302 922 2037
stats: error_send_einval 1 372
stats: 200 35 1389
stats: size_rcv 1007815 10217501
stats: newphase 0 9
stats: size_sent 600688 11741670
stats: connected 5 1022
stats: error_connection_closed 1 3821
stats: error_abort_max_send_retries 0 817
# stats: dump at 1733372582
stats: users 1137 4384
stats: {load,"tsung_controller@ip-172-31-42-147"} 1 0.671875 0.0 0.8984375 0.0 0.38529829545454547 11
stats: {cpu,"tsung_controller@ip-172-31-42-147"} 1 11.607992388201712 0.0 56.323396567299014 0.6979062811565304 21.429434640604725 11
stats: {freemem,"tsung_controller@ip-172-31-42-147"} 1 360.70703125 0.0 663.23046875 352.95703125 492.14346590909093 11
stats: session 134 68860.44036567165 7507.267296947836 99949.379 84.612 26719.950304458245 3544
stats: users_count 0 4815
stats: finish_users_count 134 3678
stats: request 822 5688.875395377129 7521.594539410341 51699.13 1.424 1451.1101346042965 48572
stats: 302 348 2385
stats: connect 826 2.0612191283293004 1.2984040638413468 1024.787 0.776 2.945691258043039 54084
stats: page 822 5688.875395377129 7521.594539410341 51699.13 1.424 1451.1101346042965 48572
stats: error_send_einval 5 377
stats: 200 40 1429
stats: size_rcv 984119 11201620
stats: newphase 0 9
stats: size_sent 342085 12083755
stats: connected 0 1022
stats: error_connection_closed 1 3822
stats: error_abort_max_send_retries 0 817
# stats: dump at 1733372592
stats: users 1075 4384
stats: {load,"tsung_controller@ip-172-31-42-147"} 1 0.640625 0.0 0.8984375 0.0 0.4091796875 12
stats: {cpu,"tsung_controller@ip-172-31-42-147"} 1 6.80372001957905 0.0 56.323396567299014 0.6979062811565304 20.610981119571143 12
stats: {freemem,"tsung_controller@ip-172-31-42-147"} 1 358.25390625 0.0 663.23046875 352.95703125 481.1904296875 12
stats: session 62 78671.36170967744 7716.510359415164 111992.82 84.612 28255.248202283856 3678
stats: users_count 0 4815
stats: finish_users_count 62 3740
stats: request 622 16800.44769131832 5316.500726386133 51699.13 1.424 1521.6337416082902 49394
stats: connect 510 2.0887725490196054 1.226919301256388 1024.787 0.776 2.932386323074116 54910
stats: page 622 16800.44769131832 5316.500726386133 51699.13 1.424 1521.6337416082902 49394
stats: 302 521 2906
stats: error_send_einval 3 380
stats: 200 57 1486
stats: size_rcv 1582366 12783986
stats: newphase 0 9
stats: size_sent 256658 12340413
stats: connected -35 987
stats: error_connection_closed 1 3823
stats: error_abort_max_send_retries 0 817
# stats: dump at 1733372602
stats: users 932 4384
stats: {load,"tsung_controller@ip-172-31-42-147"} 1 0.5390625 0.0 0.8984375 0.0 0.4269831730769231 13
stats: {cpu,"tsung_controller@ip-172-31-42-147"} 1 5.810546875 0.0 56.323396567299014 0.6979062811565304 19.548884111879445 13
stats: {freemem,"tsung_controller@ip-172-31-42-147"} 1 355.02734375 0.0 663.23046875 352.95703125 471.73377403846155 13
stats: session 143 92282.66597902097 8422.302123485155 115052.742 84.612 29091.023345989313 3740
stats: users_count 0 4815
stats: finish_users_count 143 3883
stats: request 784 17730.765841836743 4034.466714182095 51699.13 1.424 1711.6413846968949 50016
stats: connect 156 1.985948717948719 1.053508380425406 1024.787 0.776 2.9246230061349645 55420
stats: page 784 17730.765841836743 4034.466714182095 51699.13 1.424 1711.6413846968949 50016
stats: 302 694 3600
stats: error_send_einval 0 380
stats: 200 89 1575
stats: size_rcv 1942182 14726168
stats: newphase 0 9
stats: size_sent 237504 12577917
stats: connected -64 923
stats: error_connection_closed 0 3823
stats: error_abort_max_send_retries 0 817
# stats: dump at 1733372612
stats: users 841 4384
stats: {load,"tsung_controller@ip-172-31-42-147"} 1 0.4609375 0.0 0.8984375 0.0 0.4349888392857143 14
stats: {cpu,"tsung_controller@ip-172-31-42-147"} 1 5.058365758754864 0.0 56.323396567299014 0.6979062811565304 18.5675743092452 14
stats: {freemem,"tsung_controller@ip-172-31-42-147"} 1 341.37109375 0.0 663.23046875 341.37109375 463.39760044642856 14
stats: session 91 101198.19379120875 8320.283813972686 121493.586 84.612 31418.19432114345 3883
stats: users_count 0 4815
stats: finish_users_count 91 3974
stats: request 566 12890.409768551242 5191.924051411822 51699.13 1.424 1958.865667657478 50800
stats: connect 10 1.7573 0.1704858058607813 1024.787 0.776 2.921988178350362 55576
stats: page 566 12890.409768551242 5191.924051411822 51699.13 1.424 1958.865667657478 50800
stats: 302 500 4100
stats: error_send_einval 0 380
stats: 200 66 1641
stats: size_rcv 1395219 16121387
stats: newphase 0 9
stats: size_sent 257531 12835448
stats: connected -82 841
stats: error_connection_closed 0 3823
stats: error_abort_max_send_retries 0 817
# stats: dump at 1733372622
stats: users 657 4384
stats: {load,"tsung_controller@ip-172-31-42-147"} 1 0.46875 0.0 0.8984375 0.0 0.43671875 15
stats: {cpu,"tsung_controller@ip-172-31-42-147"} 1 5.948869223205507 0.0 56.323396567299014 0.6979062811565304 17.666960405879177 15
stats: {freemem,"tsung_controller@ip-172-31-42-147"} 1 336.40234375 0.0 663.23046875 336.40234375 455.2625 15
stats: session 184 112061.56046739136 7584.7623381720105 139815.888 84.612 33016.075536990444 3974
stats: users_count 0 4815
stats: finish_users_count 184 4158
stats: request 989 9779.72700505561 4975.216730578462 51699.13 1.424 2079.319936261338 51366
stats: connect 1 1.665 0.0 1024.787 0.776 2.9217786493001783 55586
stats: page 989 9779.72700505561 4975.216730578462 51699.13 1.424 2079.319936261338 51366
stats: 302 891 4991
stats: error_send_einval 0 380
stats: 200 98 1739
stats: size_rcv 2278913 18400300
stats: newphase 0 9
stats: size_sent 364824 13200272
stats: connected -182 659
stats: error_connection_closed 0 3823
stats: error_abort_max_send_retries 0 817
# stats: dump at 1733372632
stats: users 589 4384
stats: {load,"tsung_controller@ip-172-31-42-147"} 1 0.3984375 0.0 0.8984375 0.0 0.438720703125 16
stats: {cpu,"tsung_controller@ip-172-31-42-147"} 1 5.685131195335277 0.0 56.323396567299014 0.6979062811565304 16.934579706962072 16
stats: {freemem,"tsung_controller@ip-172-31-42-147"} 1 322.80859375 0.0 663.23046875 322.80859375 447.833740234375 16
stats: session 68 120387.79902941178 8308.32820592252 141552.785 84.612 36513.99983405484 4158
stats: users_count 0 4815
stats: finish_users_count 68 4226
stats: request 340 9668.081941176482 5648.222271726532 51699.13 1.424 2224.7826922738973 52355
stats: connect 0 0 0 1024.787 0.776 2.921756040081309 55587
stats: page 340 9668.081941176482 5648.222271726532 51699.13 1.424 2224.7826922738973 52355
stats: 302 293 5284
stats: error_send_einval 0 380
stats: 200 47 1786
stats: size_rcv 1134838 19535138
stats: newphase 0 9
stats: size_sent 182195 13382467
stats: connected -70 589
stats: error_connection_closed 0 3823
stats: error_abort_max_send_retries 0 817
# stats: dump at 1733372642
stats: users 475 4384
stats: {load,"tsung_controller@ip-172-31-42-147"} 1 0.33984375 0.0 0.8984375 0.0 0.43635110294117646 17
stats: {cpu,"tsung_controller@ip-172-31-42-147"} 1 3.194103194103194 0.0 56.323396567299014 0.6979062811565304 16.27284744157226 17
stats: {freemem,"tsung_controller@ip-172-31-42-147"} 1 388.1953125 0.0 663.23046875 322.80859375 440.47931985294116 17
stats: session 114 132536.27328070175 8394.94490563047 168504.783 84.612 37863.60190345481 4226
stats: users_count 0 4815
stats: finish_users_count 114 4340
stats: request 555 10355.261529729729 3214.419666027693 51699.13 1.424 2272.808534282188 52695
stats: connect 0 0 0 1024.787 0.776 2.921756040081309 55587
stats: page 555 10355.261529729729 3214.419666027693 51699.13 1.424 2272.808534282188 52695
stats: 302 475 5759
stats: error_send_einval 0 380
stats: 200 80 1866
stats: size_rcv 1780096 21315234
stats: newphase 0 9
stats: size_sent 229259 13611726
stats: connected -113 476
stats: error_connection_closed 0 3823
stats: error_abort_max_send_retries 0 817
# stats: dump at 1733372652
stats: users 335 4384
stats: {load,"tsung_controller@ip-172-31-42-147"} 1 0.28125 0.0 0.8984375 0.0 0.4309895833333333 18
stats: {cpu,"tsung_controller@ip-172-31-42-147"} 1 3.7109375 0.0 56.323396567299014 0.6979062811565304 15.546250538935091 18
stats: {freemem,"tsung_controller@ip-172-31-42-147"} 1 393.34375 0.0 663.23046875 322.80859375 437.57465277777777 18
stats: session 140 144256.82980714296 6798.831643737844 168504.783 84.612 40350.39557557605 4340
stats: users_count 0 4815
stats: finish_users_count 140 4480
stats: request 520 9726.2099423077 5311.43791240527 51699.13 1.424 2357.0481852206553 53250
stats: connect 0 0 0 1024.787 0.776 2.921756040081309 55587
stats: 302 431 6190
stats: page 520 9726.2099423077 5311.43791240527 51699.13 1.424 2357.0481852206553 53250
stats: error_send_einval 0 380
stats: 200 89 1955
stats: size_rcv 1932597 23247831
stats: newphase 0 9
stats: size_sent 196039 13807765
stats: connected -137 339
stats: error_connection_closed 0 3823
stats: error_abort_max_send_retries 0 817
# stats: dump at 1733372662
stats: users 255 4384
stats: {load,"tsung_controller@ip-172-31-42-147"} 1 0.3203125 0.0 0.8984375 0.0 0.4231085526315789 19
stats: {cpu,"tsung_controller@ip-172-31-42-147"} 1 6.989247311827956 0.0 56.323396567299014 0.6979062811565304 14.923339326359558 19
stats: {freemem,"tsung_controller@ip-172-31-42-147"} 1 415.578125 0.0 663.23046875 322.80859375 435.2467105263158 19
stats: session 80 150130.94265000004 6461.199604266607 170612.875 84.612 43597.47164531251 4480
stats: users_count 0 4815
stats: finish_users_count 80 4560
stats: connect 0 0 0 1024.787 0.776 2.921756040081309 55587
stats: 302 207 6397
stats: request 270 7196.671866666667 6286.432363479882 51699.13 1.424 2428.3140233029553 53770
stats: error_send_einval 0 380
stats: 200 63 2018
stats: page 270 7196.671866666667 6286.432363479882 51699.13 1.424 2428.3140233029553 53770
stats: size_rcv 1304927 24552758
stats: newphase 0 9
stats: size_sent 149943 13957708
stats: connected -84 255
stats: error_connection_closed 0 3823
stats: error_abort_max_send_retries 0 817
# stats: dump at 1733372672
stats: users 151 4384
stats: {load,"tsung_controller@ip-172-31-42-147"} 1 0.26953125 0.0 0.8984375 0.0 0.41796875 20
stats: {cpu,"tsung_controller@ip-172-31-42-147"} 1 2.522255192878338 0.0 56.323396567299014 0.6979062811565304 14.526634725632979 20
stats: {freemem,"tsung_controller@ip-172-31-42-147"} 1 441.86328125 0.0 663.23046875 322.80859375 434.26328125 20
stats: session 104 160803.61474999998 6203.008782678739 181938.786 84.612 45466.47990855264 4560
stats: users_count 0 4815
stats: finish_users_count 104 4664
stats: connect 0 0 0 1024.787 0.776 2.921756040081309 55587
stats: page 291 7155.973556701028 5802.633080510712 51699.13 1.424 2452.1381650074 54040
stats: request 291 7155.973556701028 5802.633080510712 51699.13 1.424 2452.1381650074 54040
stats: 302 211 6608
stats: error_send_einval 0 380
stats: 200 80 2098
stats: size_rcv 1666267 26219025
stats: newphase 0 9
stats: size_sent 132926 14090634
stats: connected -104 151
stats: error_connection_closed 0 3823
stats: error_abort_max_send_retries 0 817
# stats: dump at 1733372682
stats: users 102 4384
stats: {load,"tsung_controller@ip-172-31-42-147"} 1 0.23046875 0.0 0.8984375 0.0 0.4109002976190476 21
stats: {cpu,"tsung_controller@ip-172-31-42-147"} 1 1.9801980198019802 0.0 56.323396567299014 0.6979062811565304 13.954997605025616 21
stats: {freemem,"tsung_controller@ip-172-31-42-147"} 1 488.640625 0.0 663.23046875 322.80859375 434.62518601190476 21
stats: session 49 179555.76555102045 10066.213966361804 198313.544 84.612 48038.319965051465 4664
stats: users_count 0 4815
stats: finish_users_count 49 4713
stats: connect 0 0 0 1024.787 0.776 2.921756040081309 55587
stats: page 175 8025.074691428559 7076.318488985721 51699.13 1.424 2477.332181296127 54331
stats: 302 91 6699
stats: request 175 8025.074691428559 7076.318488985721 51699.13 1.424 2477.332181296127 54331
stats: error_send_einval 0 380
stats: 200 84 2182
stats: size_rcv 1714491 27933516
stats: newphase 0 9
stats: size_sent 80220 14170854
stats: connected -47 104
stats: error_connection_closed 0 3823
stats: error_abort_max_send_retries 0 817
# stats: dump at 1733372692
stats: users 77 4384
stats: {load,"tsung_controller@ip-172-31-42-147"} 1 0.26953125 0.0 0.8984375 0.0 0.40269886363636365 22
stats: {cpu,"tsung_controller@ip-172-31-42-147"} 1 3.270564915758176 0.0 56.323396567299014 0.6979062811565304 13.410688532969997 22
stats: {freemem,"tsung_controller@ip-172-31-42-147"} 1 513.1953125 0.0 663.23046875 322.80859375 437.0804332386364 22
stats: session 25 191529.97804 8776.84820421998 210044.502 84.612 49405.67723933801 4713
stats: users_count 0 4815
stats: finish_users_count 25 4738
stats: connect 0 0 0 1024.787 0.776 2.921756040081309 55587
stats: 302 60 6759
stats: request 122 6931.241967213119 7906.265979806342 51699.13 1.424 2495.1440724507374 54506
stats: error_send_einval 0 380
stats: 200 62 2244
stats: page 122 6931.241967213119 7906.265979806342 51699.13 1.424 2495.1440724507374 54506
stats: size_rcv 1333774 29267290
stats: newphase 0 9
stats: size_sent 85456 14256310
stats: connected -24 80
stats: error_connection_closed 0 3823
stats: error_abort_max_send_retries 0 817
# stats: dump at 1733372702
stats: users 21 4384
stats: {load,"tsung_controller@ip-172-31-42-147"} 1 0.21875 0.0 0.8984375 0.0 0.3969089673913043 23
stats: {cpu,"tsung_controller@ip-172-31-42-147"} 1 1.3909587680079483 0.0 56.323396567299014 0.6979062811565304 12.969813593091223 23
stats: {freemem,"tsung_controller@ip-172-31-42-147"} 1 529.58984375 0.0 663.23046875 322.80859375 440.3897758152174 23
stats: session 56 196130.2904642857 7119.313266474692 210044.502 84.612 50155.594402701565 4738
stats: users_count 0 4815
stats: finish_users_count 56 4794
stats: request 144 5326.5427291666665 6156.792228870316 51699.13 1.424 2505.0511520282625 54628
stats: connect 0 0 0 1024.787 0.776 2.921756040081309 55587
stats: page 144 5326.5427291666665 6156.792228870316 51699.13 1.424 2505.0511520282625 54628
stats: 302 71 6830
stats: error_send_einval 0 380
stats: 200 73 2317
stats: size_rcv 1704412 30971702
stats: newphase 0 9
stats: size_sent 77278 14333588
stats: connected -56 24
stats: error_connection_closed 0 3823
stats: error_abort_max_send_retries 0 817
# stats: dump at 1733372712
stats: users 0 4384
stats: {load,"tsung_controller@ip-172-31-42-147"} 1 0.19140625 0.0 0.8984375 0.0 0.3894856770833333 24
stats: {cpu,"tsung_controller@ip-172-31-42-147"} 1 1.5392254220456802 0.0 56.323396567299014 0.6979062811565304 12.487361308712755 24
stats: {freemem,"tsung_controller@ip-172-31-42-147"} 1 569.91796875 0.0 663.23046875 322.80859375 444.1064453125 24
stats: session 21 198432.22419047618 6343.0922522580795 213219.841 84.612 51860.763985398415 4794
stats: users_count 0 4815
stats: finish_users_count 21 4815
stats: request 48 2443.7209583333342 3655.214711963199 51699.13 1.424 2512.4690806616504 54772
stats: connect 0 0 0 1024.787 0.776 2.921756040081309 55587
stats: page 48 2443.7209583333342 3655.214711963199 51699.13 1.424 2512.4690806616504 54772
stats: 302 26 6856
stats: error_send_einval 0 380
stats: 200 22 2339
stats: size_rcv 523126 31494828
stats: newphase 0 9
stats: size_sent 25917 14359505
stats: connected -24 0
stats: error_connection_closed 0 3823
stats: error_abort_max_send_retries 0 817
# stats: dump at 1733372715
stats: users 0 4384
stats: {load,"tsung_controller@ip-172-31-42-147"} 1 0.16015625 0.0 0.8984375 0.0 0.3815625 25
stats: {cpu,"tsung_controller@ip-172-31-42-147"} 1 0.44932601098352476 0.0 56.323396567299014 0.44932601098352476 12.04943587324607 25
stats: {freemem,"tsung_controller@ip-172-31-42-147"} 1 595.3984375 0.0 663.23046875 322.80859375 449.13890625 25
stats: session 0 0 0 213219.841 84.612 52500.01645981309 4815
stats: users_count 0 4815
stats: finish_users_count 0 4815
stats: request 0 0 0 51699.13 1.424 2512.4088852973355 54820
stats: connect 0 0 0 1024.787 0.776 2.921756040081309 55587
stats: page 0 0 0 51699.13 1.424 2512.4088852973355 54820
stats: 302 0 6856
stats: error_send_einval 0 380
stats: 200 0 2339
stats: size_rcv 0 31494828
stats: newphase 0 9
stats: size_sent 0 14359505
stats: connected 0 0
stats: error_connection_closed 0 3823
stats: error_abort_max_send_retries 0 817
EndMonitor:{1733,372715,798607}
