# stats: dump at 1733869181
stats: users 8 8
stats: {freemem,"tsung_controller@ip-172-31-34-126"} 1 674.46484375 0 674.46484375 674.46484375 0 0
stats: {load,"tsung_controller@ip-172-31-34-126"} 1 0.1484375 0 0.1484375 0.1484375 0 0
stats: {cpu,"tsung_controller@ip-172-31-34-126"} 1 5.738178308372692 0 5.738178308372692 5.738178308372692 0 0
stats: users_count 8 8
stats: finish_users_count 0 0
stats: 302 3 3
stats: request 13 112.74607692307691 154.09519474236174 425.182 7.512 0 0
stats: 200 10 10
stats: size_rcv 81017 81017
stats: connect 7 2.0452857142857144 1.763325244635075 6.335 1.206 0 0
stats: newphase 1 1
stats: size_sent 4657 4657
stats: page 13 112.74607692307691 154.09519474236174 425.182 7.512 0 0
stats: connected 7 7
# stats: dump at 1733869191
stats: users 44 44
stats: {freemem,"tsung_controller@ip-172-31-34-126"} 1 674.04296875 0.0 674.46484375 674.04296875 674.46484375 1
stats: {load,"tsung_controller@ip-172-31-34-126"} 1 0.12890625 0.0 0.1484375 0.12890625 0.1484375 1
stats: {cpu,"tsung_controller@ip-172-31-34-126"} 1 0.3498250874562719 0.0 5.738178308372692 0.3498250874562719 5.738178308372692 1
stats: session 1 11796.232 0 11796.232 11796.232 0 0
stats: users_count 37 45
stats: finish_users_count 1 1
stats: request 127 168.59596850393703 273.1922315469554 1161.965 6.971 112.74607692307691 13
stats: connect 33 1.6754848484848484 0.9091653222070037 6.335 1.15 2.0452857142857144 7
stats: page 122 175.51227049180335 276.6846396229753 1161.965 6.971 112.74607692307691 13
stats: 302 46 49
stats: 200 79 89
stats: 303 2 2
stats: size_rcv 675847 756864
stats: newphase 2 3
stats: size_sent 68475 73132
stats: connected 32 39
# stats: dump at 1733869201
stats: users 202 202
stats: {freemem,"tsung_controller@ip-172-31-34-126"} 1 656.58984375 0.0 674.46484375 656.58984375 674.25390625 2
stats: {load,"tsung_controller@ip-172-31-34-126"} 1 0.109375 0.0 0.1484375 0.109375 0.138671875 2
stats: {cpu,"tsung_controller@ip-172-31-34-126"} 1 1.4903129657228018 0.0 5.738178308372692 0.3498250874562719 3.044001697914482 2
stats: session 3 10593.059666666668 982.4975300478985 11796.232 9204.771 11796.232 1
stats: users_count 161 206
stats: finish_users_count 3 4
stats: request 315 239.67177777777783 527.3814900591756 4177.319 6.971 163.40990714285715 140
stats: connect 153 1.6758954248366018 1.9852419656723586 23.882 1.029 1.7402000000000002 40
stats: page 296 248.10597635135142 540.2186126431385 4177.319 6.971 169.4681185185186 135
stats: 302 88 137
stats: 200 218 307
stats: 303 9 11
stats: size_rcv 1749470 2506334
stats: newphase 2 5
stats: size_sent 235327 308459
stats: connected 150 189
# stats: dump at 1733869211
stats: users 812 812
stats: {freemem,"tsung_controller@ip-172-31-34-126"} 1 628.29296875 0.0 674.46484375 628.29296875 668.3658854166666 3
stats: {load,"tsung_controller@ip-172-31-34-126"} 1 0.08984375 0.0 0.1484375 0.08984375 0.12890625 3
stats: {cpu,"tsung_controller@ip-172-31-34-126"} 1 2.7627035027133697 0.0 5.738178308372692 0.3498250874562719 2.5261054538505885 3
stats: session 2 18505.749 3297.5339999999997 21803.283 9204.771 10893.852750000002 4
stats: users_count 612 818
stats: finish_users_count 2 6
stats: request 360 6600.2094194444335 1662.9165338426856 11770.652 6.971 216.20658681318685 455
stats: connect 580 1.7737051724137936 2.0679495694279844 23.882 0.833 1.6892227979274617 193
stats: page 350 6656.550457142852 1712.669257077513 11770.652 6.971 223.4746287703017 431
stats: 302 89 226
stats: 200 262 569
stats: 303 9 20
stats: size_rcv 1990856 4497190
stats: newphase 2 7
stats: size_sent 232734 541193
stats: connected 578 767
# stats: dump at 1733869221
stats: users 3220 3220
stats: {freemem,"tsung_controller@ip-172-31-34-126"} 1 553.38671875 0.0 674.46484375 553.38671875 658.34765625 4
stats: {load,"tsung_controller@ip-172-31-34-126"} 1 0.078125 0.0 0.1484375 0.078125 0.119140625 4
stats: {cpu,"tsung_controller@ip-172-31-34-126"} 1 7.63653939101015 0.0 7.63653939101015 0.3498250874562719 2.585254966066284 4
stats: session 12 30849.76241666666 7095.845770598673 46208.991 9204.771 13431.151500000002 6
stats: users_count 2420 3238
stats: finish_users_count 12 18
stats: request 5095 483.35102100098146 1864.9197993034004 14942.466 1.158 3036.134218404903 815
stats: page 5013 492.1792230201449 1904.6425079326189 14942.466 1.158 3106.415140845068 781
stats: connect 5423 1.5451694633966488 1.2813654301286899 23.882 0.637 1.7526119016817596 773
stats: 302 47 273
stats: error_send_einval 27 27
stats: 200 311 880
stats: 303 0 20
stats: size_rcv 2342974 6840164
stats: newphase 2 9
stats: size_sent 1188956 1730149
stats: connected 255 1022
stats: error_connection_closed 70 70
# stats: dump at 1733869231
stats: users 3594 4889
stats: {freemem,"tsung_controller@ip-172-31-34-126"} 1 412.70703125 0.0 674.46484375 412.70703125 637.35546875 5
stats: {load,"tsung_controller@ip-172-31-34-126"} 1 0.53125 0.0 0.53125 0.078125 0.1109375 5
stats: {cpu,"tsung_controller@ip-172-31-34-126"} 1 34.65300419189567 0.0 34.65300419189567 0.3498250874562719 3.5955118510550568 5
stats: session 1314 7755.989545662086 6795.197657196829 48158.761 238.282 25043.558777777776 18
stats: users_count 1688 4926
stats: finish_users_count 1314 1332
stats: request 14900 244.03447899328873 1996.885143239493 20826.334 0.3 835.3845752961076 5910
stats: connect 20444 4.1002722070044735 5.4056125690012236 39.664 0.623 1.57104954809555 6196
stats: page 13736 264.3266132061756 2080.6463495132425 22762.524 1.157 844.5641473938531 5794
stats: 302 61 334
stats: error_send_einval 293 320
stats: 200 157 1037
stats: 303 1 21
stats: size_rcv 1154381 7994545
stats: newphase 0 9
stats: size_sent 2911550 4641699
stats: connected 2 1024
stats: error_connection_closed 4090 4160
stats: error_abort_max_send_retries 1162 1162
# stats: dump at 1733869241
stats: users 2550 4889
stats: {freemem,"tsung_controller@ip-172-31-34-126"} 1 315.56640625 0.0 674.46484375 315.56640625 599.9140625 6
stats: {load,"tsung_controller@ip-172-31-34-126"} 1 0.75 0.0 0.75 0.078125 0.18098958333333334 6
stats: {cpu,"tsung_controller@ip-172-31-34-126"} 1 64.10635155096011 0.0 64.10635155096011 0.3498250874562719 8.771760574528493 6
stats: session 1044 18945.705863026807 6284.772373689257 53775.526 238.282 7989.605346096082 1332
stats: users_count 0 4926
stats: finish_users_count 1044 2376
stats: request 11540 559.6082328422881 3769.26616722819 30031.976 0.3 411.9767696780393 20810
stats: page 10165 625.5805354648315 3981.141822200565 30031.976 1.157 436.4667193548393 19530
stats: connect 11729 1.4693532270440681 1.204819157360233 39.664 0.623 3.5120190690690496 26640
stats: 302 64 398
stats: error_send_einval 43 363
stats: 200 185 1222
stats: 303 0 21
stats: size_rcv 1363622 9358167
stats: newphase 0 9
stats: size_sent 2779045 7420744
stats: connected -2 1022
stats: error_connection_closed 148 4308
stats: error_abort_max_send_retries 8 1170
# stats: dump at 1733869251
stats: users 1644 4889
stats: {freemem,"tsung_controller@ip-172-31-34-126"} 1 299.75 0.0 674.46484375 299.75 559.29296875 7
stats: {load,"tsung_controller@ip-172-31-34-126"} 1 0.7109375 0.0 0.75 0.078125 0.2622767857142857 7
stats: {cpu,"tsung_controller@ip-172-31-34-126"} 1 42.48458985301091 0.0 64.10635155096011 0.3498250874562719 16.676702142590152 7
stats: session 906 26529.321980132485 6672.849635752487 59251.346 238.282 12803.649512626249 2376
stats: users_count 0 4926
stats: finish_users_count 906 3282
stats: connect 5853 1.45358226550486 1.181037513231855 39.664 0.608 2.8875975918058683 38369
stats: page 5364 1512.186107196122 7089.321538719611 38544.777 1.157 501.202935578381 29695
stats: request 5774 1404.7772055767236 6844.023616212589 38544.777 0.3 464.6403580834622 32350
stats: 302 67 465
stats: error_send_einval 32 395
stats: 200 166 1388
stats: 303 1 22
stats: size_rcv 1216349 10574516
stats: newphase 0 9
stats: size_sent 1896041 9316785
stats: connected -1 1021
stats: error_connection_closed 45 4353
stats: error_abort_max_send_retries 2 1172
# stats: dump at 1733869261
stats: users 1359 4889
stats: {freemem,"tsung_controller@ip-172-31-34-126"} 1 302.73046875 0.0 674.46484375 299.75 526.85009765625 8
stats: {load,"tsung_controller@ip-172-31-34-126"} 1 0.828125 0.0 0.828125 0.078125 0.318359375 8
stats: {cpu,"tsung_controller@ip-172-31-34-126"} 1 24.60093896713615 0.0 64.10635155096011 0.3498250874562719 19.902688106392745 8
stats: session 285 39276.63875789475 8689.788649997328 70572.801 238.282 16592.63770749543 3282
stats: users_count 0 4926
stats: finish_users_count 285 3567
stats: request 2461 3864.502356359203 12224.809934873036 47168.349 0.3 607.0270477651875 38124
stats: connect 2500 1.6674980000000028 1.6538917174942254 39.664 0.608 2.6977985844149814 44222
stats: page 2278 4166.600299824407 12663.42378268768 49360.618 1.157 655.8825822470699 35059
stats: 302 87 552
stats: error_send_einval 22 417
stats: 200 136 1524
stats: 303 0 22
stats: size_rcv 1024500 11599016
stats: newphase 0 9
stats: size_sent 1254182 10570967
stats: connected 1 1022
stats: error_connection_closed 20 4373
stats: error_abort_max_send_retries 0 1172
stats: 404 1 1
# stats: dump at 1733869271
stats: users 1222 4889
stats: {freemem,"tsung_controller@ip-172-31-34-126"} 1 302.7578125 0.0 674.46484375 299.75 501.9479166666667 9
stats: {load,"tsung_controller@ip-172-31-34-126"} 1 0.69921875 0.0 0.828125 0.078125 0.375 9
stats: {cpu,"tsung_controller@ip-172-31-34-126"} 1 14.466885861906997 0.0 64.10635155096011 0.3498250874562719 20.42471597980868 9
stats: session 137 53109.98697080289 6932.2189592331015 76968.034 238.282 18405.068405382677 3567
stats: users_count 0 4926
stats: finish_users_count 137 3704
stats: connect 1519 1.4240631994733386 0.8643436907594473 39.664 0.608 2.6426692778562417 46722
stats: 302 475 1027
stats: request 1680 13359.85473630953 18091.26707278438 53002.453 0.3 804.5543789084638 40585
stats: error_send_einval 6 423
stats: 200 39 1563
stats: page 1521 13690.564274819211 18341.783066183398 58611.763 1.157 870.0780173554389 37337
stats: 303 1 23
stats: size_rcv 1105050 12704066
stats: newphase 0 9
stats: size_sent 795151 11366118
stats: connected -40 982
stats: error_connection_closed 12 4385
stats: error_abort_max_send_retries 0 1172
stats: 404 99 100
# stats: dump at 1733869281
stats: users 1004 4889
stats: {freemem,"tsung_controller@ip-172-31-34-126"} 1 310.01953125 0.0 674.46484375 299.75 482.02890625 10
stats: {load,"tsung_controller@ip-172-31-34-126"} 1 0.58984375 0.0 0.828125 0.078125 0.407421875 10
stats: {cpu,"tsung_controller@ip-172-31-34-126"} 1 11.346153846153847 0.0 64.10635155096011 0.3498250874562719 19.828932968018513 10
stats: session 218 62146.26612385324 8728.552416888266 93884.295 238.282 19688.7006525378 3704
stats: users_count 0 4926
stats: finish_users_count 218 3922
stats: request 1776 9765.241558558546 7923.34826690876 53002.453 0.3 1303.6175422926774 42265
stats: connect 723 1.5464661134163191 0.9845791441907302 39.664 0.608 2.604298128148242 48241
stats: page 1590 11740.44562767297 10190.275150068357 58611.763 0.555 1371.904143188019 38858
stats: 302 1176 2203
stats: error_send_einval 0 423
stats: 200 218 1781
stats: 303 1 24
stats: size_rcv 4909205 17613271
stats: newphase 0 9
stats: size_sent 667163 12033281
stats: connected 5 987
stats: error_connection_closed 1 4386
stats: error_abort_max_send_retries 0 1172
stats: 404 371 471
# stats: dump at 1733869291
stats: users 536 4889
stats: {freemem,"tsung_controller@ip-172-31-34-126"} 1 305.04296875 0.0 674.46484375 299.75 466.39169034090907 11
stats: {load,"tsung_controller@ip-172-31-34-126"} 1 0.5 0.0 0.828125 0.078125 0.4240056818181818 11
stats: {cpu,"tsung_controller@ip-172-31-34-126"} 1 11.48936170212766 0.0 64.10635155096011 0.3498250874562719 19.05777122966718 11
stats: session 468 71056.79073076925 8274.31452645282 105209.983 238.282 22048.657121876597 3922
stats: users_count 0 4926
stats: finish_users_count 468 4390
stats: request 3096 1395.8591224160202 740.4184856674059 53002.453 0.3 1644.841498444631 44041
stats: 302 1906 4109
stats: error_send_einval 0 423
stats: page 2834 1688.0256132674674 1416.1726860721108 58611.763 0.555 1779.4887199367104 40448
stats: 200 422 2203
stats: 303 62 86
stats: size_rcv 8714759 26328030
stats: newphase 0 9
stats: size_sent 1291931 13325212
stats: connected -438 549
stats: error_connection_closed 0 4386
stats: error_abort_max_send_retries 0 1172
stats: 404 706 1177
stats: connect 28 1.621 1.3942312013640863 39.664 0.608 2.5886782329874873 48964
# stats: dump at 1733869301
stats: users 102 4889
stats: {freemem,"tsung_controller@ip-172-31-34-126"} 1 299.671875 0.0 674.46484375 299.671875 452.9459635416667 12
stats: {load,"tsung_controller@ip-172-31-34-126"} 1 0.421875 0.0 0.828125 0.078125 0.4303385416666667 12
stats: {cpu,"tsung_controller@ip-172-31-34-126"} 1 9.675858732462505 0.0 64.10635155096011 0.3498250874562719 18.427070435705552 12
stats: session 434 81958.31699539161 7387.081210443695 105209.983 238.282 27273.214417767656 4390
stats: users_count 0 4926
stats: finish_users_count 434 4824
stats: 302 968 5077
stats: request 1640 247.34034207317137 237.6233512133571 53002.453 0.3 1628.4881149839828 47137
stats: error_send_einval 0 423
stats: 200 285 2488
stats: connect 0 0 0 39.664 0.608 2.5881251837034482 48992
stats: 303 122 208
stats: size_rcv 5023879 31351909
stats: page 1569 260.7357890376039 274.27200296313146 58611.763 0.555 1773.4999383577483 43282
stats: newphase 0 9
stats: size_sent 862684 14187896
stats: connected -442 107
stats: error_connection_closed 0 4386
stats: error_abort_max_send_retries 0 1172
stats: 404 265 1442
# stats: dump at 1733869311
stats: users 7 4889
stats: {freemem,"tsung_controller@ip-172-31-34-126"} 1 473.0 0.0 674.46484375 299.671875 441.15564903846155 13
stats: {load,"tsung_controller@ip-172-31-34-126"} 1 0.359375 0.0 0.828125 0.078125 0.4296875 13
stats: {cpu,"tsung_controller@ip-172-31-34-126"} 1 6.387128230131643 0.0 64.10635155096011 0.3498250874562719 17.753900304686855 13
stats: session 95 89546.29435789472 5623.148539938713 105209.983 238.282 32193.059881840793 4824
stats: users_count 0 4926
stats: finish_users_count 95 4919
stats: connect 0 0 0 39.664 0.608 2.5881251837034482 48992
stats: 302 165 5242
stats: request 301 18.839275747508296 20.202171298726775 53002.453 0.3 1582.05060657687 48777
stats: error_send_einval 0 423
stats: 200 76 2564
stats: 303 39 247
stats: page 293 19.357778156996563 21.698257000553017 58611.763 0.555 1720.579670129987 44851
stats: size_rcv 1091742 32443651
stats: newphase 0 9
stats: size_sent 200054 14387950
stats: connected -99 8
stats: error_connection_closed 0 4386
stats: error_abort_max_send_retries 0 1172
stats: 404 21 1463
# stats: dump at 1733869320
stats: users 0 4889
stats: {freemem,"tsung_controller@ip-172-31-34-126"} 1 565.62109375 0.0 674.46484375 299.671875 443.4302455357143 14
stats: {load,"tsung_controller@ip-172-31-34-126"} 1 0.30078125 0.0 0.828125 0.078125 0.42466517857142855 14
stats: {cpu,"tsung_controller@ip-172-31-34-126"} 1 1.5415216310293387 0.0 64.10635155096011 0.3498250874562719 16.941988013647197 14
stats: session 7 98948.89285714286 4736.687483798185 107391.037 238.282 33300.71535556007 4919
stats: users_count 0 4926
stats: finish_users_count 7 4926
stats: request 16 17.199062499999997 17.192748869322603 53002.453 0.3 1572.4632841395328 49078
stats: connect 0 0 0 39.664 0.608 2.5881251837034482 48992
stats: page 16 17.199062499999997 17.192748869322603 58611.763 0.555 1709.5381582048567 45144
stats: 302 9 5251
stats: error_send_einval 0 423
stats: 200 5 2569
stats: 303 2 249
stats: size_rcv 66859 32510510
stats: newphase 0 9
stats: size_sent 10488 14398438
stats: connected -8 0
stats: error_connection_closed 0 4386
stats: error_abort_max_send_retries 0 1172
stats: 404 0 1463
EndMonitor:{1733,869320,93102}
