# stats: dump at 1733885894
stats: users 15 15
stats: {load,"tsung_controller@ip-172-31-12-74"} 1 0.0703125 0 0.0703125 0.0703125 0 0
stats: {freemem,"tsung_controller@ip-172-31-12-74"} 1 7460.65625 0 7460.65625 7460.65625 0 0
stats: {cpu,"tsung_controller@ip-172-31-12-74"} 1 9.14837729639065 0 9.14837729639065 9.14837729639065 0 0
stats: users_count 15 15
stats: finish_users_count 0 0
stats: page 34 82.17391176470586 136.21165278418033 416.247 5.428 0 0
stats: 302 22 22
stats: connect 15 2.558466666666667 4.703539247087122 20.118 0.881 0 0
stats: 200 12 12
stats: size_rcv 95607 95607
stats: newphase 1 1
stats: size_sent 9521 9521
stats: connected 15 15
stats: request 34 82.17391176470586 136.21165278418033 416.247 5.428 0 0
# stats: dump at 1733885904
stats: users 59 59
stats: {load,"tsung_controller@ip-172-31-12-74"} 1 0.05859375 0.0 0.0703125 0.05859375 0.0703125 1
stats: {freemem,"tsung_controller@ip-172-31-12-74"} 1 7458.2734375 0.0 7460.65625 7458.2734375 7460.65625 1
stats: {cpu,"tsung_controller@ip-172-31-12-74"} 1 0.4 0.0 9.14837729639065 0.4 9.14837729639065 1
stats: users_count 44 59
stats: finish_users_count 0 0
stats: request 172 123.20231395348846 155.89560664955894 487.629 4.444 82.17391176470586 34
stats: connect 39 1.6322307692307687 0.8906573332135655 20.118 0.852 2.558466666666667 15
stats: page 170 124.65275882352948 156.27212023260824 487.629 4.444 82.17391176470586 34
stats: 302 96 118
stats: 200 74 86
stats: size_rcv 668321 763928
stats: newphase 2 3
stats: size_sent 79090 88611
stats: connected 39 54
stats: 404 2 2
# stats: dump at 1733885914
stats: users 257 257
stats: {load,"tsung_controller@ip-172-31-12-74"} 1 0.05078125 0.0 0.0703125 0.05078125 0.064453125 2
stats: {freemem,"tsung_controller@ip-172-31-12-74"} 1 7446.21484375 0.0 7460.65625 7446.21484375 7459.46484375 2
stats: {cpu,"tsung_controller@ip-172-31-12-74"} 1 0.8020050125313283 0.0 9.14837729639065 0.4 4.7741886481953255 2
stats: session 1 23917.41 0 23917.41 23917.41 0 0
stats: users_count 199 258
stats: finish_users_count 1 1
stats: connect 190 1.646073684210526 1.821336592737411 22.309 0.688 1.8895185185185184 54
stats: page 678 143.0509395280237 276.1604042184988 2120.883 4.414 117.57295098039222 204
stats: request 699 138.74866094420597 272.8966933762516 2120.883 4.414 116.43063592233017 206
stats: 302 361 479
stats: 200 317 403
stats: size_rcv 2906285 3670213
stats: newphase 2 5
stats: size_sent 321902 410513
stats: connected 189 243
stats: 404 21 23
# stats: dump at 1733885924
stats: users 1056 1056
stats: {load,"tsung_controller@ip-172-31-12-74"} 1 0.0390625 0.0 0.0703125 0.0390625 0.059895833333333336 3
stats: {freemem,"tsung_controller@ip-172-31-12-74"} 1 7381.77734375 0.0 7460.65625 7381.77734375 7455.048177083333 3
stats: {cpu,"tsung_controller@ip-172-31-12-74"} 1 2.901450725362681 0.0 9.14837729639065 0.4 3.4501274363073264 3
stats: session 7 25931.590428571424 4563.536516477791 34561.8 19039.557 23917.41 1
stats: users_count 806 1064
stats: finish_users_count 7 8
stats: request 1243 898.8499863234097 1612.015830869466 8708.783 4.414 133.6685359116022 905
stats: 302 671 1150
stats: connect 769 1.7850364109232761 1.524784076457578 22.309 0.59 1.6999508196721307 244
stats: 200 547 950
stats: size_rcv 4959746 8629959
stats: page 1211 911.1965606936411 1627.3286807052825 8708.783 4.414 137.1580714285715 882
stats: newphase 2 7
stats: size_sent 654110 1064623
stats: connected 762 1005
stats: 404 25 48
# stats: dump at 1733885934
stats: users 4255 4255
stats: {load,"tsung_controller@ip-172-31-12-74"} 1 0.109375 0.0 0.109375 0.0390625 0.0546875 4
stats: {freemem,"tsung_controller@ip-172-31-12-74"} 1 7277.7421875 0.0 7460.65625 7277.7421875 7436.73046875 4
stats: {cpu,"tsung_controller@ip-172-31-12-74"} 1 9.59244532803181 0.0 9.59244532803181 0.4 3.312958258571165 4
stats: session 6 37219.27816666666 5534.852638522621 43648.973 19039.557 25679.817874999997 8
stats: users_count 3205 4269
stats: finish_users_count 6 14
stats: connect 3062 1.3765235140431076 0.9021692371165225 22.309 0.398 1.7645419545903251 1013
stats: request 1776 4528.914545045042 2315.2574765473314 12932.639 4.414 576.4620847299805 2148
stats: page 1763 4555.651641520121 2324.573601775086 12932.639 4.414 585.0131170568559 2093
stats: 302 1285 2435
stats: 200 477 1427
stats: size_rcv 4377629 13007588
stats: newphase 2 9
stats: size_sent 954213 2018836
stats: connected 3056 4061
stats: 404 14 62
# stats: dump at 1733885944
stats: users 4926 4930
stats: {load,"tsung_controller@ip-172-31-12-74"} 1 0.1015625 0.0 0.109375 0.0390625 0.065625 5
stats: {freemem,"tsung_controller@ip-172-31-12-74"} 1 7081.08203125 0.0 7460.65625 7081.08203125 7404.9328125 5
stats: {cpu,"tsung_controller@ip-172-31-12-74"} 1 23.073097961213325 0.0 23.073097961213325 0.4 4.568855672463294 5
stats: session 4 43288.176250000004 4786.890150763768 51503.307 19039.557 30625.300857142855 14
stats: users_count 675 4944
stats: finish_users_count 4 18
stats: request 4596 3901.374013925156 4928.160304924948 16710.797 0.522 2365.339650866461 3924
stats: page 4571 3914.732855611466 4934.057758434279 17797.618 0.522 2400.4269445020677 3856
stats: 302 1399 3834
stats: 200 464 1891
stats: size_rcv 4929330 17936918
stats: newphase 0 9
stats: 502 2728 2728
stats: size_sent 1318569 3337405
stats: connected 866 4927
stats: 404 5 67
stats: connect 869 1.3612301495972372 1.2124743666255038 22.309 0.372 1.4729806134969314 4075
# stats: dump at 1733885954
stats: users 4920 4930
stats: {load,"tsung_controller@ip-172-31-12-74"} 1 0.16015625 0.0 0.16015625 0.0390625 0.07161458333333333 6
stats: {freemem,"tsung_controller@ip-172-31-12-74"} 1 6938.890625 0.0 7460.65625 6938.890625 7350.957682291667 6
stats: {cpu,"tsung_controller@ip-172-31-12-74"} 1 11.05 0.0 23.073097961213325 0.4 7.652896053921633 6
stats: session 6 43224.818666666666 9123.080720584387 52190.301 19039.557 33439.27316666666 18
stats: users_count 0 4944
stats: finish_users_count 6 24
stats: connect 0 0 0 22.309 0.372 1.4533383899676364 4944
stats: page 4341 8424.451148122555 8012.356091640891 23617.572 0.522 3221.8215475258085 8427
stats: request 4363 8387.889719000677 8007.312807553864 23328.079 0.522 3193.9328354460104 8520
stats: 302 1861 5695
stats: 200 468 2359
stats: size_rcv 4937757 22874675
stats: newphase 0 9
stats: 502 2030 4758
stats: size_sent 1347127 4684532
stats: connected -6 4921
stats: 404 4 71
# stats: dump at 1733885964
stats: users 4912 4930
stats: {load,"tsung_controller@ip-172-31-12-74"} 1 0.140625 0.0 0.16015625 0.0390625 0.08426339285714286 7
stats: {freemem,"tsung_controller@ip-172-31-12-74"} 1 6813.5703125 0.0 7460.65625 6813.5703125 7292.090959821428 7
stats: {cpu,"tsung_controller@ip-172-31-12-74"} 1 8.611955420466058 0.0 23.073097961213325 0.4 8.138196617647113 7
stats: session 8 53400.853125 4024.3314830812105 60315.315 19039.557 35885.65954166666 24
stats: users_count 0 4944
stats: finish_users_count 8 32
stats: connect 0 0 0 22.309 0.372 1.4533383899676364 4944
stats: page 4185 3153.572204540022 7941.345205474438 28763.083 0.522 4990.666714833959 12768
stats: 302 321 6016
stats: request 4355 3035.953464064278 7814.948462412907 28763.083 0.522 4952.93569836218 12883
stats: 200 257 2616
stats: size_rcv 3182728 26057403
stats: newphase 0 9
stats: 502 3776 8534
stats: size_sent 1730051 6414583
stats: connected -9 4912
stats: 404 1 72
# stats: dump at 1733885974
stats: users 4867 4930
stats: {load,"tsung_controller@ip-172-31-12-74"} 1 0.109375 0.0 0.16015625 0.0390625 0.09130859375 8
stats: {freemem,"tsung_controller@ip-172-31-12-74"} 1 6698.56640625 0.0 7460.65625 6698.56640625 7232.27587890625 8
stats: {cpu,"tsung_controller@ip-172-31-12-74"} 1 8.618951612903226 0.0 23.073097961213325 0.4 8.197416467999481 8
stats: session 45 47258.398133333336 10900.990478853011 81222.98 19039.557 40264.457937499996 32
stats: users_count 0 4944
stats: finish_users_count 45 77
stats: request 4305 3838.8185849012807 9994.165658480124 35849.323 0.522 4468.630231929453 17238
stats: connect 0 0 0 22.309 0.372 1.4533383899676364 4944
stats: 302 370 6386
stats: 200 186 2802
stats: size_rcv 2756176 28813579
stats: page 3948 4185.934525582581 10366.418188699623 35849.323 0.522 4537.163469061522 16953
stats: newphase 0 9
stats: 502 3747 12281
stats: size_sent 2059979 8474562
stats: connected -40 4872
stats: 404 2 74
# stats: dump at 1733885984
stats: users 4770 4930
stats: {load,"tsung_controller@ip-172-31-12-74"} 1 0.1015625 0.0 0.16015625 0.0390625 0.09331597222222222 9
stats: {freemem,"tsung_controller@ip-172-31-12-74"} 1 6626.61328125 0.0 7460.65625 6626.61328125 7172.974826388889 9
stats: {cpu,"tsung_controller@ip-172-31-12-74"} 1 8.49440488301119 0.0 23.073097961213325 0.4 8.24425370632212 9
stats: session 97 52958.91503092785 8775.048078459002 81222.98 19039.557 44351.82558441559 77
stats: users_count 0 4944
stats: finish_users_count 97 174
stats: page 3681 6225.266211355614 13811.682915509402 53241.072 0.522 4470.819664035214 20901
stats: 302 394 6780
stats: request 3973 5753.920575887228 13353.29067093158 42840.646 0.522 4342.773148865057 21543
stats: 200 227 3029
stats: size_rcv 2905568 31719147
stats: connect 0 0 0 22.309 0.372 1.4533383899676364 4944
stats: newphase 0 9
stats: 502 3347 15628
stats: size_sent 2171435 10645997
stats: connected -99 4773
stats: 404 5 79
# stats: dump at 1733885994
stats: users 4699 4930
stats: {load,"tsung_controller@ip-172-31-12-74"} 1 0.078125 0.0 0.16015625 0.0390625 0.094140625 10
stats: {freemem,"tsung_controller@ip-172-31-12-74"} 1 6566.22265625 0.0 7460.65625 6566.22265625 7118.338671875 10
stats: {cpu,"tsung_controller@ip-172-31-12-74"} 1 7.3232323232323235 0.0 23.073097961213325 0.4 8.269268823991027 10
stats: session 71 64703.418887323925 10570.022820018758 98984.715 19039.557 49150.030620689664 174
stats: users_count 0 4944
stats: finish_users_count 71 245
stats: request 3502 8948.478051684724 17482.39632795307 49501.517 0.522 4562.497585593348 25516
stats: page 3299 9455.618891482258 17848.772541388345 56523.756 0.522 4733.537007647874 24582
stats: 302 405 7185
stats: 200 323 3352
stats: size_rcv 3453802 35172949
stats: newphase 0 9
stats: 502 2771 18399
stats: size_sent 1987820 12633817
stats: connect 0 0 0 22.309 0.372 1.4533383899676364 4944
stats: connected -74 4699
stats: 404 3 82
# stats: dump at 1733886004
stats: users 4659 4930
stats: {load,"tsung_controller@ip-172-31-12-74"} 1 0.0703125 0.0 0.16015625 0.0390625 0.09268465909090909 11
stats: {freemem,"tsung_controller@ip-172-31-12-74"} 1 6508.17578125 0.0 7460.65625 6508.17578125 7068.146306818182 11
stats: {cpu,"tsung_controller@ip-172-31-12-74"} 1 6.741003547896604 0.0 23.073097961213325 0.4 8.183265505740236 11
stats: session 40 73744.07042499998 8995.994136345882 98984.715 19039.557 53657.33905714286 245
stats: users_count 0 4944
stats: finish_users_count 40 285
stats: request 3066 10169.097889758666 20493.73866906103 57937.315 0.522 5091.813995830167 29018
stats: connect 0 0 0 22.309 0.372 1.4533383899676364 4944
stats: 302 325 7510
stats: 200 284 3636
stats: size_rcv 2957675 38130624
stats: newphase 0 9
stats: 502 2458 20857
stats: size_sent 1770572 14404389
stats: connected -39 4660
stats: 404 0 82
stats: page 2884 10792.718435159512 20952.526276529323 57937.315 0.522 5292.274073562641 27881
# stats: dump at 1733886014
stats: users 4635 4930
stats: {load,"tsung_controller@ip-172-31-12-74"} 1 0.05859375 0.0 0.16015625 0.0390625 0.0908203125 12
stats: {freemem,"tsung_controller@ip-172-31-12-74"} 1 6456.1015625 0.0 7460.65625 6456.1015625 7021.482096354167 12
stats: {cpu,"tsung_controller@ip-172-31-12-74"} 1 7.653826913456728 0.0 23.073097961213325 0.4 8.063077009253268 12
stats: session 24 85624.30808333332 12299.573902055197 122916.663 19039.557 56476.529424561406 285
stats: users_count 0 4944
stats: finish_users_count 24 309
stats: connect 0 0 0 22.309 0.372 1.4533383899676364 4944
stats: page 3238 18300.951523780073 27314.24431914974 75482.711 0.522 5807.901622363076 30765
stats: 302 178 7688
stats: 504 652 652
stats: 200 176 3812
stats: size_rcv 2268885 40399509
stats: newphase 0 9
stats: 502 2387 23244
stats: size_sent 1646416 16050805
stats: connected -24 4636
stats: 404 1 83
stats: request 3393 17494.84494724429 26961.792116731045 60012.426 0.51 5577.007625638943 32084
# stats: dump at 1733886024
stats: users 4610 4930
stats: {load,"tsung_controller@ip-172-31-12-74"} 1 0.05078125 0.0 0.16015625 0.0390625 0.08834134615384616 13
stats: {freemem,"tsung_controller@ip-172-31-12-74"} 1 6425.65625 0.0 7460.65625 6425.65625 6977.991286057692 13
stats: {cpu,"tsung_controller@ip-172-31-12-74"} 1 7.128309572301425 0.0 23.073097961213325 0.4 8.031596232653534 13
stats: session 25 97232.82932 12650.292899845152 124578.97 19039.557 58740.4345631068 309
stats: users_count 0 4944
stats: finish_users_count 25 334
stats: connect 0 0 0 22.309 0.372 1.4533383899676364 4944
stats: page 3325 11459.565043308288 23540.656357078158 83842.095 0.522 6997.575932888272 34003
stats: 302 119 7807
stats: request 3626 10649.156726696063 22868.893953268 60012.426 0.51 6716.822774389033 35477
stats: 504 516 1168
stats: 200 9 3821
stats: size_rcv 1206665 41606174
stats: newphase 0 9
stats: 502 2980 26224
stats: size_sent 1419562 17470367
stats: connected -26 4610
stats: 404 2 85
# stats: dump at 1733886034
stats: users 4529 4930
stats: {load,"tsung_controller@ip-172-31-12-74"} 1 0.0390625 0.0 0.16015625 0.0390625 0.08565848214285714 14
stats: {freemem,"tsung_controller@ip-172-31-12-74"} 1 6401.515625 0.0 7460.65625 6401.515625 6938.538783482143 14
stats: {cpu,"tsung_controller@ip-172-31-12-74"} 1 7.364729458917836 0.0 23.073097961213325 0.4 7.967075756914097 14
stats: session 81 103412.0710246914 8703.934078930188 141835.977 19039.557 61621.60183532934 334
stats: users_count 0 4944
stats: finish_users_count 81 415
stats: request 2867 25173.758334844784 25628.440329761415 60012.426 0.51 7081.465970846219 39103
stats: connect 0 0 0 22.309 0.372 1.4533383899676364 4944
stats: page 2539 26605.702900354543 25673.082295485976 85252.768 0.522 7395.028616989926 37328
stats: 302 1096 8903
stats: 504 104 1272
stats: 200 210 4031
stats: size_rcv 3507367 45113541
stats: newphase 0 9
stats: 502 1441 27665
stats: size_sent 1366541 18836908
stats: connected -81 4529
stats: 404 16 101
# stats: dump at 1733886044
stats: users 4454 4930
stats: {load,"tsung_controller@ip-172-31-12-74"} 1 0.03125 0.0 0.16015625 0.03125 0.08255208333333333 15
stats: {freemem,"tsung_controller@ip-172-31-12-74"} 1 6340.375 0.0 7460.65625 6340.375 6902.737239583334 15
stats: {cpu,"tsung_controller@ip-172-31-12-74"} 1 6.9674185463659155 0.0 23.073097961213325 0.4 7.926919337047679 15
stats: session 75 112732.62846666666 7729.714271722149 141835.977 19039.557 69778.29582168676 415
stats: users_count 0 4944
stats: finish_users_count 75 490
stats: request 2229 22405.808854194715 21098.441924658026 60012.426 0.507 8317.36309278055 41970
stats: connect 0 0 0 22.309 0.372 1.4533383899676364 4944
stats: page 2031 23441.573997538188 21327.849987932284 95070.155 0.507 8618.494190157278 39867
stats: 302 983 9886
stats: 504 35 1307
stats: 200 187 4218
stats: size_rcv 3154347 48267888
stats: newphase 0 9
stats: 502 1001 28666
stats: size_sent 1272656 20109564
stats: connected -75 4454
stats: 404 23 124
# stats: dump at 1733886054
stats: users 4375 4930
stats: {load,"tsung_controller@ip-172-31-12-74"} 1 0.03125 0.0 0.16015625 0.03125 0.079345703125 16
stats: {freemem,"tsung_controller@ip-172-31-12-74"} 1 6289.28125 0.0 7460.65625 6289.28125 6867.589599609375 16
stats: {cpu,"tsung_controller@ip-172-31-12-74"} 1 5.3239578101456555 0.0 23.073097961213325 0.4 7.8669505376300695 16
stats: session 79 126169.8207341772 9244.151140505779 150448.75 19039.557 76352.9385734694 490
stats: users_count 0 4944
stats: finish_users_count 79 569
stats: connect 0 0 0 22.309 0.372 1.4533383899676364 4944
stats: page 3169 19370.456303250223 16899.842916646183 95070.155 0.507 9337.04102028737 41898
stats: request 3546 17015.48549210384 14957.333486990035 60012.426 0.507 9027.857574605754 44199
stats: 302 2046 11932
stats: 504 0 1307
stats: 200 219 4437
stats: size_rcv 4565608 52833496
stats: newphase 0 9
stats: 502 1228 29894
stats: size_sent 1531970 21641534
stats: connected -76 4378
stats: 404 53 177
# stats: dump at 1733886064
stats: users 4210 4930
stats: {load,"tsung_controller@ip-172-31-12-74"} 1 0.01953125 0.0 0.16015625 0.01953125 0.07651654411764706 17
stats: {freemem,"tsung_controller@ip-172-31-12-74"} 1 6246.109375 0.0 7460.65625 6246.109375 6833.571461397059 17
stats: {cpu,"tsung_controller@ip-172-31-12-74"} 1 8.833746898263026 0.0 23.073097961213325 0.4 7.717362730130986 17
stats: session 165 133416.6269333334 8191.859346416369 163142.754 19039.557 83269.51799472759 569
stats: users_count 0 4944
stats: finish_users_count 165 734
stats: page 4753 15004.84023606142 14811.081954107305 109119.415 0.507 10042.565972729497 45067
stats: 302 3964 15896
stats: request 5329 12811.489657721917 12086.506469999289 109119.415 0.507 9621.095161692321 47745
stats: connect 1 3.333 0.0 22.309 0.372 1.4533383899676364 4944
stats: 504 0 1307
stats: 200 610 5047
stats: size_rcv 9742895 62576391
stats: newphase 0 9
stats: 502 675 30569
stats: size_sent 2594923 24236457
stats: connected -162 4216
stats: 404 79 256
# stats: dump at 1733886074
stats: users 3998 4930
stats: {load,"tsung_controller@ip-172-31-12-74"} 1 0.08984375 0.0 0.16015625 0.01953125 0.07335069444444445 18
stats: {freemem,"tsung_controller@ip-172-31-12-74"} 1 6187.9921875 0.0 7460.65625 6187.9921875 6800.934678819444 18
stats: {cpu,"tsung_controller@ip-172-31-12-74"} 1 12.605459057071961 0.0 23.073097961213325 0.4 7.779384072804989 18
stats: session 212 141969.40664622633 8258.453987218689 167198.893 19039.557 94542.36945912808 734
stats: users_count 0 4944
stats: finish_users_count 212 946
stats: request 5170 6740.297465377173 3754.0390834431655 115762.404 0.415 9941.433034649734 53074
stats: 302 4125 20021
stats: page 4595 7904.974501196946 5763.201003981423 115762.404 0.507 10515.984069349663 49820
stats: 504 0 1307
stats: 200 747 5794
stats: size_rcv 11026075 73602466
stats: newphase 0 9
stats: 502 215 30784
stats: size_sent 2608394 26844851
stats: connected -215 4001
stats: 404 81 337
stats: connect 1 0.866 0.0 22.309 0.372 1.453718503538927 4945
# stats: dump at 1733886084
stats: users 3742 4930
stats: {load,"tsung_controller@ip-172-31-12-74"} 1 0.078125 0.0 0.16015625 0.01953125 0.07421875 19
stats: {freemem,"tsung_controller@ip-172-31-12-74"} 1 6136.6484375 0.0 7460.65625 6136.6484375 6768.674547697368 19
stats: {cpu,"tsung_controller@ip-172-31-12-74"} 1 10.827067669172932 0.0 23.073097961213325 0.4 8.033388019345356 19
stats: session 256 151672.1146015625 7453.871115720624 177910.812 19039.557 105170.8386807611 946
stats: users_count 0 4944
stats: finish_users_count 256 1202
stats: request 4661 6536.9166376314015 2434.060873093233 115762.404 0.415 9657.28581101916 58244
stats: 302 3787 23808
stats: page 4260 7311.428047652573 3283.201970657766 115762.404 0.507 10295.5009495176 54415
stats: 504 0 1307
stats: 200 716 6510
stats: size_rcv 10870303 84472769
stats: newphase 0 9
stats: 502 66 30850
stats: size_sent 2342734 29187585
stats: connected -256 3745
stats: 404 91 428
stats: connect 0 0 0 22.309 0.372 1.4535996765062666 4946
# stats: dump at 1733886094
stats: users 3322 4930
stats: {load,"tsung_controller@ip-172-31-12-74"} 1 0.0703125 0.0 0.16015625 0.01953125 0.0744140625 20
stats: {freemem,"tsung_controller@ip-172-31-12-74"} 1 6081.6484375 0.0 7460.65625 6081.6484375 6737.0732421875 20
stats: {cpu,"tsung_controller@ip-172-31-12-74"} 1 10.116337885685383 0.0 23.073097961213325 0.4 8.173072001836733 20
stats: session 420 161614.6375523811 7119.087522629958 193775.486 19039.557 115074.60460066555 1202
stats: users_count 0 4944
stats: finish_users_count 420 1622
stats: connect 0 0 0 22.309 0.372 1.4535996765062666 4946
stats: request 5091 6067.207813592593 2874.283547703487 115762.404 0.415 9426.079377235512 62905
stats: page 4782 6570.797846089505 3534.802061050937 115762.404 0.507 10078.847339599492 58675
stats: 302 4238 28046
stats: 504 0 1307
stats: 200 745 7255
stats: size_rcv 11887485 96360254
stats: newphase 0 9
stats: 502 6 30856
stats: size_sent 2403578 31591163
stats: connected -421 3324
stats: 404 102 530
# stats: dump at 1733886104
stats: users 2789 4930
stats: {load,"tsung_controller@ip-172-31-12-74"} 1 0.05859375 0.0 0.16015625 0.01953125 0.07421875 21
stats: {freemem,"tsung_controller@ip-172-31-12-74"} 1 6020.80078125 0.0 7460.65625 6020.80078125 6705.862537202381 21
stats: {cpu,"tsung_controller@ip-172-31-12-74"} 1 12.831858407079647 0.0 23.073097961213325 0.4 8.265608472496192 21
stats: session 533 170468.43028517833 6628.499048975262 193775.486 19039.557 127125.66122194823 1622
stats: users_count 0 4944
stats: finish_users_count 533 2155
stats: request 4578 5162.820511577128 2363.606721961253 115762.404 0.415 9174.59377322195 67996
stats: 302 3771 31817
stats: connect 0 0 0 22.309 0.372 1.4535996765062666 4946
stats: page 4412 5433.824622620151 2918.9760542372455 115762.404 0.507 9814.487337110173 63457
stats: 504 0 1307
stats: 200 665 7920
stats: size_rcv 10909236 107269490
stats: newphase 0 9
stats: 502 0 30856
stats: size_sent 2340375 33931538
stats: connected -534 2790
stats: 404 142 672
# stats: dump at 1733886114
stats: users 2111 4930
stats: {load,"tsung_controller@ip-172-31-12-74"} 1 0.05078125 0.0 0.16015625 0.01953125 0.07350852272727272 22
stats: {freemem,"tsung_controller@ip-172-31-12-74"} 1 5990.8828125 0.0 7460.65625 5990.8828125 6674.723366477273 22
stats: {cpu,"tsung_controller@ip-172-31-12-74"} 1 11.21031746031746 0.0 23.073097961213325 0.4 8.47316528770453 22
stats: session 678 180855.1748790561 6568.548833358384 210072.845 19039.557 137845.7057280743 2155
stats: users_count 0 4944
stats: finish_users_count 678 2833
stats: page 3809 5441.090044368616 3111.9740093088026 115762.404 0.507 9529.711019552378 67869
stats: 302 3178 34995
stats: request 3972 5178.351777945648 2640.221175254894 115762.404 0.415 8921.529342546915 72574
stats: 504 0 1307
stats: connect 0 0 0 22.309 0.372 1.4535996765062666 4946
stats: 200 616 8536
stats: size_rcv 10204825 117474315
stats: newphase 0 9
stats: 502 0 30856
stats: size_sent 1871561 35803099
stats: connected -679 2111
stats: 404 178 850
# stats: dump at 1733886124
stats: users 1272 4930
stats: {load,"tsung_controller@ip-172-31-12-74"} 1 0.109375 0.0 0.16015625 0.01953125 0.0725203804347826 23
stats: {freemem,"tsung_controller@ip-172-31-12-74"} 1 5992.4375 0.0 7460.65625 5990.8828125 6644.991168478261 23
stats: {cpu,"tsung_controller@ip-172-31-12-74"} 1 10.124688279301745 0.0 23.073097961213325 0.4 8.592171903905093 23
stats: session 839 190633.34400357582 6180.283850891525 214720.524 19039.557 148138.82965478298 2833
stats: users_count 0 4944
stats: finish_users_count 839 3672
stats: page 3189 4679.999147068062 3121.09208388389 115762.404 0.507 9312.439928081147 71678
stats: 302 2424 37419
stats: request 3257 4455.465480503536 2666.3151546081667 115762.404 0.415 8727.2944865571 76546
stats: connect 0 0 0 22.309 0.372 1.4535996765062666 4946
stats: 504 0 1307
stats: 200 719 9255
stats: size_rcv 10178505 127652820
stats: newphase 0 9
stats: 502 0 30856
stats: size_sent 1503410 37306509
stats: connected -800 1311
stats: 404 114 964
# stats: dump at 1733886134
stats: users 524 4930
stats: {load,"tsung_controller@ip-172-31-12-74"} 1 0.1796875 0.0 0.1796875 0.01953125 0.07405598958333331 24
stats: {freemem,"tsung_controller@ip-172-31-12-74"} 1 6063.5625 0.0 7460.65625 5990.8828125 6617.801432291667 24
stats: {cpu,"tsung_controller@ip-172-31-12-74"} 1 9.698169223156853 0.0 23.073097961213325 0.4 8.656026752879955 24
stats: session 748 199647.8667165777 6073.569394176843 223701.17 19039.557 157848.22440931379 3672
stats: users_count 0 4944
stats: finish_users_count 748 4420
stats: request 2719 2429.721765354909 2194.910023482808 115762.404 0.415 8552.948320714759 79803
stats: 302 1804 39223
stats: connect 0 0 0 22.309 0.372 1.4535996765062666 4946
stats: page 2711 2484.768047583918 2335.3004497096713 115762.404 0.507 9115.118629636563 74867
stats: 504 0 1307
stats: 200 893 10148
stats: size_rcv 10915857 138568677
stats: newphase 0 9
stats: 502 0 30856
stats: size_sent 1384692 38691201
stats: connected -763 548
stats: 404 22 986
# stats: dump at 1733886144
stats: users 92 4930
stats: {load,"tsung_controller@ip-172-31-12-74"} 1 0.1484375 0.0 0.1796875 0.01953125 0.07828124999999998 25
stats: {freemem,"tsung_controller@ip-172-31-12-74"} 1 6559.2421875 0.0 7460.65625 5990.8828125 6595.631875 25
stats: {cpu,"tsung_controller@ip-172-31-12-74"} 1 9.095378564405113 0.0 23.073097961213325 0.4 8.697712451691032 25
stats: session 432 208655.50024999995 4807.372016402844 229316.374 19039.557 164922.01003054308 4420
stats: users_count 0 4944
stats: finish_users_count 432 4852
stats: connect 0 0 0 22.309 0.372 1.4535996765062666 4946
stats: page 1341 874.1114891871748 1237.2273521531383 115762.404 0.507 8883.41788421976 77578
stats: 302 767 39990
stats: 504 0 1307
stats: 200 574 10722
stats: size_rcv 6950605 145519282
stats: newphase 0 9
stats: 502 0 30856
stats: size_sent 844402 39535603
stats: connected -440 108
stats: 404 0 986
stats: request 1341 874.1114891871748 1237.2273521531383 115762.404 0.415 8351.195418409636 82522
# stats: dump at 1733886154
stats: users 5 4930
stats: {load,"tsung_controller@ip-172-31-12-74"} 1 0.19921875 0.0 0.19921875 0.01953125 0.08097956730769229 26
stats: {freemem,"tsung_controller@ip-172-31-12-74"} 1 7202.69140625 0.0 7460.65625 5990.8828125 6594.232271634615 26
stats: {cpu,"tsung_controller@ip-172-31-12-74"} 1 3.8596491228070176 0.0 23.073097961213325 0.4 8.713007302180035 26
stats: session 87 215577.05574712646 3031.4325871754445 229316.374 19039.557 168815.84098165712 4852
stats: users_count 0 4944
stats: finish_users_count 87 4939
stats: request 179 29.44830726256982 34.66120610702775 115762.404 0.415 8231.634115462122 83863
stats: page 179 29.44830726256982 34.66120610702775 115762.404 0.507 8747.322902330245 78919
stats: connect 0 0 0 22.309 0.372 1.4535996765062666 4946
stats: 302 124 40114
stats: 504 0 1307
stats: 200 55 10777
stats: size_rcv 733925 146253207
stats: newphase 0 9
stats: 502 0 30856
stats: size_sent 132318 39667921
stats: connected -103 5
stats: 404 0 986
# stats: dump at 1733886164
stats: users 0 4930
stats: {load,"tsung_controller@ip-172-31-12-74"} 1 0.171875 0.0 0.19921875 0.01953125 0.08535879629629628 27
stats: {freemem,"tsung_controller@ip-172-31-12-74"} 1 7322.921875 0.0 7460.65625 5990.8828125 6616.767795138889 27
stats: {cpu,"tsung_controller@ip-172-31-12-74"} 1 0.45158053186151526 0.0 23.073097961213325 0.4 8.53325329553659 27
stats: session 5 224918.0684 5117.671021164955 234475.891 19039.557 169639.53518789235 4939
stats: users_count 0 4944
stats: finish_users_count 5 4944
stats: request 6 43.69766666666666 83.05784563918223 115762.404 0.415 8214.16438295138 84042
stats: connect 0 0 0 22.309 0.372 1.4535996765062666 4946
stats: page 6 43.69766666666666 83.05784563918223 115762.404 0.507 8727.594216996644 79098
stats: 302 5 40119
stats: 504 0 1307
stats: 200 1 10778
stats: size_rcv 16487 146269694
stats: newphase 0 9
stats: 502 0 30856
stats: size_sent 4497 39672418
stats: connected -5 0
stats: 404 0 986
# stats: dump at 1733886174
stats: users 0 4930
stats: {load,"tsung_controller@ip-172-31-12-74"} 1 0.140625 0.0 0.19921875 0.01953125 0.0884486607142857 28
stats: {freemem,"tsung_controller@ip-172-31-12-74"} 1 7330.3515625 0.0 7460.65625 5990.8828125 6641.987583705357 28
stats: {cpu,"tsung_controller@ip-172-31-12-74"} 1 0.09995002498750624 0.0 23.073097961213325 0.09995002498750624 8.244622125405337 28
stats: session 0 0 0 234475.891 19039.557 169695.43985335768 4944
stats: users_count 0 4944
stats: finish_users_count 0 4944
stats: request 0 0 0 115762.404 0.415 8213.58111148391 84048
stats: connect 0 0 0 22.309 0.372 1.4535996765062666 4946
stats: page 0 0 0 115762.404 0.507 8726.935547658784 79104
stats: 302 0 40119
stats: 504 0 1307
stats: 200 0 10778
stats: size_rcv 0 146269694
stats: newphase 0 9
stats: 502 0 30856
stats: size_sent 0 39672418
stats: connected 0 0
stats: 404 0 986
# stats: dump at 1733886176
stats: users 0 4930
stats: {load,"tsung_controller@ip-172-31-12-74"} 1 0.12109375 0.0 0.19921875 0.01953125 0.09024784482758619 29
stats: {freemem,"tsung_controller@ip-172-31-12-74"} 1 7333.953125 0.0 7460.65625 5990.8828125 6665.724272629311 29
stats: {cpu,"tsung_controller@ip-172-31-12-74"} 1 0.09995002498750624 0.0 23.073097961213325 0.09995002498750624 7.963771363321964 29
stats: session 0 0 0 234475.891 19039.557 169695.43985335768 4944
stats: users_count 0 4944
stats: finish_users_count 0 4944
stats: 302 0 40119
stats: request 0 0 0 115762.404 0.415 8213.58111148391 84048
stats: 504 0 1307
stats: 200 0 10778
stats: connect 0 0 0 22.309 0.372 1.4535996765062666 4946
stats: size_rcv 0 146269694
stats: newphase 0 9
stats: page 0 0 0 115762.404 0.507 8726.935547658784 79104
stats: 502 0 30856
stats: size_sent 0 39672418
stats: connected 0 0
stats: 404 0 986
EndMonitor:{1733,886176,773835}
